Copyright 1986-2022 Xilinx, Inc. All Rights Reserved. Copyright 2022-2024 Advanced Micro Devices, Inc. All Rights Reserved.
---------------------------------------------------------------------------------------------------------------------------------------------
| Tool Version : Vivado v.2024.2 (win64) Build 5239630 Fri Nov 08 22:35:27 MST 2024
| Date         : Wed May 14 10:02:10 2025
| Host         : Yehoh running 64-bit major release  (build 9200)
| Command      : report_timing_summary -file ./report/train_step_timing_routed.rpt
| Design       : bd_0_wrapper
| Device       : 7a100t-csg324
| Speed File   : -1  PRODUCTION 1.23 2018-06-13
| Design State : Routed
---------------------------------------------------------------------------------------------------------------------------------------------

Timing Summary Report

------------------------------------------------------------------------------------------------
| Timer Settings
| --------------
------------------------------------------------------------------------------------------------

  Enable Multi Corner Analysis               :  Yes
  Enable Pessimism Removal                   :  Yes
  Pessimism Removal Resolution               :  Nearest Common Node
  Enable Input Delay Default Clock           :  No
  Enable Preset / Clear Arcs                 :  No
  Disable Flight Delays                      :  No
  Ignore I/O Paths                           :  No
  Timing Early Launch at Borrowing Latches   :  No
  Borrow Time for Max Delay Exceptions       :  Yes
  Merge Timing Exceptions                    :  Yes
  Inter-SLR Compensation                     :  Conservative

  Corner  Analyze    Analyze    
  Name    Max Paths  Min Paths  
  ------  ---------  ---------  
  Slow    Yes        Yes        
  Fast    Yes        Yes        


------------------------------------------------------------------------------------------------
| Report Methodology
| ------------------
------------------------------------------------------------------------------------------------

Rule       Severity  Description                    Violations  
---------  --------  -----------------------------  ----------  
TIMING-18  Warning   Missing input or output delay  135         

Note: This report is based on the most recent report_methodology run and may not be up-to-date. Run report_methodology on the current design for the latest report.



check_timing report

Table of Contents
-----------------
1. checking no_clock (0)
2. checking constant_clock (0)
3. checking pulse_width_clock (0)
4. checking unconstrained_internal_endpoints (0)
5. checking no_input_delay (56)
6. checking no_output_delay (75)
7. checking multiple_clock (0)
8. checking generated_clocks (0)
9. checking loops (0)
10. checking partial_input_delay (0)
11. checking partial_output_delay (0)
12. checking latch_loops (0)

1. checking no_clock (0)
------------------------
 There are 0 register/latch pins with no clock.


2. checking constant_clock (0)
------------------------------
 There are 0 register/latch pins with constant_clock.


3. checking pulse_width_clock (0)
---------------------------------
 There are 0 register/latch pins which need pulse_width check


4. checking unconstrained_internal_endpoints (0)
------------------------------------------------
 There are 0 pins that are not constrained for maximum delay.

 There are 0 pins that are not constrained for maximum delay due to constant clock.


5. checking no_input_delay (56)
-------------------------------
 There are 56 input ports with no input delay specified. (HIGH)

 There are 0 input ports with no input delay but user has a false path constraint.


6. checking no_output_delay (75)
--------------------------------
 There are 75 ports with no output delay specified. (HIGH)

 There are 0 ports with no output delay but user has a false path constraint

 There are 0 ports with no output delay but with a timing clock defined on it or propagating through it


7. checking multiple_clock (0)
------------------------------
 There are 0 register/latch pins with multiple clocks.


8. checking generated_clocks (0)
--------------------------------
 There are 0 generated clocks that are not connected to a clock source.


9. checking loops (0)
---------------------
 There are 0 combinational loops in the design.


10. checking partial_input_delay (0)
------------------------------------
 There are 0 input ports with partial input delay specified.


11. checking partial_output_delay (0)
-------------------------------------
 There are 0 ports with partial output delay specified.


12. checking latch_loops (0)
----------------------------
 There are 0 combinational latch loops in the design through latch input



------------------------------------------------------------------------------------------------
| Design Timing Summary
| ---------------------
------------------------------------------------------------------------------------------------

    WNS(ns)      TNS(ns)  TNS Failing Endpoints  TNS Total Endpoints      WHS(ns)      THS(ns)  THS Failing Endpoints  THS Total Endpoints     WPWS(ns)     TPWS(ns)  TPWS Failing Endpoints  TPWS Total Endpoints  
    -------      -------  ---------------------  -------------------      -------      -------  ---------------------  -------------------     --------     --------  ----------------------  --------------------  
      3.007        0.000                      0                 5293        0.106        0.000                      0                 5293        4.020        0.000                       0                  1718  


All user specified timing constraints are met.


------------------------------------------------------------------------------------------------
| Clock Summary
| -------------
------------------------------------------------------------------------------------------------

Clock   Waveform(ns)       Period(ns)      Frequency(MHz)
-----   ------------       ----------      --------------
ap_clk  {0.000 5.000}      10.000          100.000         


------------------------------------------------------------------------------------------------
| Intra Clock Table
| -----------------
------------------------------------------------------------------------------------------------

Clock             WNS(ns)      TNS(ns)  TNS Failing Endpoints  TNS Total Endpoints      WHS(ns)      THS(ns)  THS Failing Endpoints  THS Total Endpoints     WPWS(ns)     TPWS(ns)  TPWS Failing Endpoints  TPWS Total Endpoints  
-----             -------      -------  ---------------------  -------------------      -------      -------  ---------------------  -------------------     --------     --------  ----------------------  --------------------  
ap_clk              3.007        0.000                      0                 5293        0.106        0.000                      0                 5293        4.020        0.000                       0                  1718  


------------------------------------------------------------------------------------------------
| Inter Clock Table
| -----------------
------------------------------------------------------------------------------------------------

From Clock    To Clock          WNS(ns)      TNS(ns)  TNS Failing Endpoints  TNS Total Endpoints      WHS(ns)      THS(ns)  THS Failing Endpoints  THS Total Endpoints  
----------    --------          -------      -------  ---------------------  -------------------      -------      -------  ---------------------  -------------------  


------------------------------------------------------------------------------------------------
| Other Path Groups Table
| -----------------------
------------------------------------------------------------------------------------------------

Path Group    From Clock    To Clock          WNS(ns)      TNS(ns)  TNS Failing Endpoints  TNS Total Endpoints      WHS(ns)      THS(ns)  THS Failing Endpoints  THS Total Endpoints  
----------    ----------    --------          -------      -------  ---------------------  -------------------      -------      -------  ---------------------  -------------------  


------------------------------------------------------------------------------------------------
| Timing Details
| --------------
------------------------------------------------------------------------------------------------


---------------------------------------------------------------------------------------------------
From Clock:  ap_clk
  To Clock:  ap_clk

Setup :            0  Failing Endpoints,  Worst Slack        3.007ns,  Total Violation        0.000ns
Hold  :            0  Failing Endpoints,  Worst Slack        0.106ns,  Total Violation        0.000ns
PW    :            0  Failing Endpoints,  Worst Slack        4.020ns,  Total Violation        0.000ns
---------------------------------------------------------------------------------------------------


Max Delay Paths
--------------------------------------------------------------------------------------
Slack (MET) :             3.007ns  (required time - arrival time)
  Source:                 bd_0_i/hls_inst/inst/train_step_ap_fixed_const_ap_fixed_const_int_int_ap_uint_volatile_ap_fixed_6_reg[6]/C
                            (rising edge-triggered cell FDRE clocked by ap_clk  {rise@0.000ns fall@5.000ns period=10.000ns})
  Destination:            bd_0_i/hls_inst/inst/grp_updateHidden_fu_493/mac_muladd_8s_8s_2s_12_4_1_U87/train_step_mac_muladd_8s_8s_2s_12_4_1_DSP48_0_U/p_reg_reg/A[23]
                            (rising edge-triggered cell DSP48E1 clocked by ap_clk  {rise@0.000ns fall@5.000ns period=10.000ns})
  Path Group:             ap_clk
  Path Type:              Setup (Max at Slow Process Corner)
  Requirement:            10.000ns  (ap_clk rise@10.000ns - ap_clk rise@0.000ns)
  Data Path Delay:        6.369ns  (logic 1.217ns (19.108%)  route 5.152ns (80.892%))
  Logic Levels:           3  (CARRY4=2 LUT2=1)
  Clock Path Skew:        -0.049ns (DCD - SCD + CPR)
    Destination Clock Delay (DCD):    0.924ns = ( 10.924 - 10.000 ) 
    Source Clock Delay      (SCD):    0.973ns
    Clock Pessimism Removal (CPR):    0.000ns
  Clock Uncertainty:      0.035ns  ((TSJ^2 + TIJ^2)^1/2 + DJ) / 2 + PE
    Total System Jitter     (TSJ):    0.071ns
    Total Input Jitter      (TIJ):    0.000ns
    Discrete Jitter          (DJ):    0.000ns
    Phase Error              (PE):    0.000ns

    Location             Delay type                Incr(ns)  Path(ns)    Netlist Resource(s)
  -------------------------------------------------------------------    -------------------
                         (clock ap_clk rise edge)     0.000     0.000 r  
                                                      0.000     0.000 r  ap_clk (IN)
                         net (fo=1719, unset)         0.973     0.973    bd_0_i/hls_inst/inst/ap_clk
    SLICE_X61Y83         FDRE                                         r  bd_0_i/hls_inst/inst/train_step_ap_fixed_const_ap_fixed_const_int_int_ap_uint_volatile_ap_fixed_6_reg[6]/C
  -------------------------------------------------------------------    -------------------
    SLICE_X61Y83         FDRE (Prop_fdre_C_Q)         0.456     1.429 r  bd_0_i/hls_inst/inst/train_step_ap_fixed_const_ap_fixed_const_int_int_ap_uint_volatile_ap_fixed_6_reg[6]/Q
                         net (fo=7, routed)           1.062     2.491    bd_0_i/hls_inst/inst/grp_updateHidden_fu_493/mac_muladd_8s_8s_2s_12_4_1_U90/train_step_mac_muladd_8s_8s_2s_12_4_1_DSP48_0_U/train_step_ap_fixed_const_ap_fixed_const_int_int_ap_uint_volatile_ap_fixed_6[0]
    SLICE_X69Y79         LUT2 (Prop_lut2_I1_O)        0.124     2.615 r  bd_0_i/hls_inst/inst/grp_updateHidden_fu_493/mac_muladd_8s_8s_2s_12_4_1_U90/train_step_mac_muladd_8s_8s_2s_12_4_1_DSP48_0_U/p_reg_reg_i_9__0/O
                         net (fo=1, routed)           0.000     2.615    bd_0_i/hls_inst/inst/grp_updateHidden_fu_493/mac_muladd_8s_8s_2s_12_4_1_U90/train_step_mac_muladd_8s_8s_2s_12_4_1_DSP48_0_U/p_reg_reg_i_9__0_n_0
    SLICE_X69Y79         CARRY4 (Prop_carry4_S[2]_CO[3])
                                                      0.398     3.013 r  bd_0_i/hls_inst/inst/grp_updateHidden_fu_493/mac_muladd_8s_8s_2s_12_4_1_U90/train_step_mac_muladd_8s_8s_2s_12_4_1_DSP48_0_U/p_reg_reg_i_2__0/CO[3]
                         net (fo=1, routed)           0.000     3.013    bd_0_i/hls_inst/inst/grp_updateHidden_fu_493/mac_muladd_8s_8s_2s_12_4_1_U90/train_step_mac_muladd_8s_8s_2s_12_4_1_DSP48_0_U/p_reg_reg_i_2__0_n_0
    SLICE_X69Y80         CARRY4 (Prop_carry4_CI_O[2])
                                                      0.239     3.252 r  bd_0_i/hls_inst/inst/grp_updateHidden_fu_493/mac_muladd_8s_8s_2s_12_4_1_U90/train_step_mac_muladd_8s_8s_2s_12_4_1_DSP48_0_U/p_reg_reg_i_1__0/O[2]
                         net (fo=184, routed)         4.090     7.342    bd_0_i/hls_inst/inst/grp_updateHidden_fu_493/mac_muladd_8s_8s_2s_12_4_1_U87/train_step_mac_muladd_8s_8s_2s_12_4_1_DSP48_0_U/A[6]
    DSP48_X1Y19          DSP48E1                                      r  bd_0_i/hls_inst/inst/grp_updateHidden_fu_493/mac_muladd_8s_8s_2s_12_4_1_U87/train_step_mac_muladd_8s_8s_2s_12_4_1_DSP48_0_U/p_reg_reg/A[23]
  -------------------------------------------------------------------    -------------------

                         (clock ap_clk rise edge)    10.000    10.000 r  
                                                      0.000    10.000 r  ap_clk (IN)
                         net (fo=1719, unset)         0.924    10.924    bd_0_i/hls_inst/inst/grp_updateHidden_fu_493/mac_muladd_8s_8s_2s_12_4_1_U87/train_step_mac_muladd_8s_8s_2s_12_4_1_DSP48_0_U/ap_clk
    DSP48_X1Y19          DSP48E1                                      r  bd_0_i/hls_inst/inst/grp_updateHidden_fu_493/mac_muladd_8s_8s_2s_12_4_1_U87/train_step_mac_muladd_8s_8s_2s_12_4_1_DSP48_0_U/p_reg_reg/CLK
                         clock pessimism              0.000    10.924    
                         clock uncertainty           -0.035    10.889    
    DSP48_X1Y19          DSP48E1 (Setup_dsp48e1_CLK_A[23])
                                                     -0.540    10.349    bd_0_i/hls_inst/inst/grp_updateHidden_fu_493/mac_muladd_8s_8s_2s_12_4_1_U87/train_step_mac_muladd_8s_8s_2s_12_4_1_DSP48_0_U/p_reg_reg
  -------------------------------------------------------------------
                         required time                         10.349    
                         arrival time                          -7.342    
  -------------------------------------------------------------------
                         slack                                  3.007    





Min Delay Paths
--------------------------------------------------------------------------------------
Slack (MET) :             0.106ns  (arrival time - required time)
  Source:                 bd_0_i/hls_inst/inst/grp_forwardHidden_fu_325/W1_7_3_int_reg_reg[0]/C
                            (rising edge-triggered cell FDRE clocked by ap_clk  {rise@0.000ns fall@5.000ns period=10.000ns})
  Destination:            bd_0_i/hls_inst/inst/grp_forwardHidden_fu_325/mac_muladd_8s_2s_10s_11_4_1_U32/train_step_mac_muladd_8s_2s_10s_11_4_1_DSP48_0_U/b_reg_reg[0]/D
                            (rising edge-triggered cell FDRE clocked by ap_clk  {rise@0.000ns fall@5.000ns period=10.000ns})
  Path Group:             ap_clk
  Path Type:              Hold (Min at Fast Process Corner)
  Requirement:            0.000ns  (ap_clk rise@0.000ns - ap_clk rise@0.000ns)
  Data Path Delay:        0.199ns  (logic 0.141ns (70.953%)  route 0.058ns (29.047%))
  Logic Levels:           0  
  Clock Path Skew:        0.022ns (DCD - SCD - CPR)
    Destination Clock Delay (DCD):    0.432ns
    Source Clock Delay      (SCD):    0.410ns
    Clock Pessimism Removal (CPR):    -0.000ns

    Location             Delay type                Incr(ns)  Path(ns)    Netlist Resource(s)
  -------------------------------------------------------------------    -------------------
                         (clock ap_clk rise edge)     0.000     0.000 r  
                                                      0.000     0.000 r  ap_clk (IN)
                         net (fo=1719, unset)         0.410     0.410    bd_0_i/hls_inst/inst/grp_forwardHidden_fu_325/ap_clk
    SLICE_X64Y70         FDRE                                         r  bd_0_i/hls_inst/inst/grp_forwardHidden_fu_325/W1_7_3_int_reg_reg[0]/C
  -------------------------------------------------------------------    -------------------
    SLICE_X64Y70         FDRE (Prop_fdre_C_Q)         0.141     0.551 r  bd_0_i/hls_inst/inst/grp_forwardHidden_fu_325/W1_7_3_int_reg_reg[0]/Q
                         net (fo=1, routed)           0.058     0.609    bd_0_i/hls_inst/inst/grp_forwardHidden_fu_325/mac_muladd_8s_2s_10s_11_4_1_U32/train_step_mac_muladd_8s_2s_10s_11_4_1_DSP48_0_U/W1_7_3_int_reg[0]
    SLICE_X64Y70         FDRE                                         r  bd_0_i/hls_inst/inst/grp_forwardHidden_fu_325/mac_muladd_8s_2s_10s_11_4_1_U32/train_step_mac_muladd_8s_2s_10s_11_4_1_DSP48_0_U/b_reg_reg[0]/D
  -------------------------------------------------------------------    -------------------

                         (clock ap_clk rise edge)     0.000     0.000 r  
                                                      0.000     0.000 r  ap_clk (IN)
                         net (fo=1719, unset)         0.432     0.432    bd_0_i/hls_inst/inst/grp_forwardHidden_fu_325/mac_muladd_8s_2s_10s_11_4_1_U32/train_step_mac_muladd_8s_2s_10s_11_4_1_DSP48_0_U/ap_clk
    SLICE_X64Y70         FDRE                                         r  bd_0_i/hls_inst/inst/grp_forwardHidden_fu_325/mac_muladd_8s_2s_10s_11_4_1_U32/train_step_mac_muladd_8s_2s_10s_11_4_1_DSP48_0_U/b_reg_reg[0]/C
                         clock pessimism              0.000     0.432    
    SLICE_X64Y70         FDRE (Hold_fdre_C_D)         0.071     0.503    bd_0_i/hls_inst/inst/grp_forwardHidden_fu_325/mac_muladd_8s_2s_10s_11_4_1_U32/train_step_mac_muladd_8s_2s_10s_11_4_1_DSP48_0_U/b_reg_reg[0]
  -------------------------------------------------------------------
                         required time                         -0.503    
                         arrival time                           0.609    
  -------------------------------------------------------------------
                         slack                                  0.106    





Pulse Width Checks
--------------------------------------------------------------------------------------
Clock Name:         ap_clk
Waveform(ns):       { 0.000 5.000 }
Period(ns):         10.000
Sources:            { ap_clk }

Check Type        Corner  Lib Pin      Reference Pin  Required(ns)  Actual(ns)  Slack(ns)  Location      Pin
Min Period        n/a     DSP48E1/CLK  n/a            3.884         10.000      6.116      DSP48_X1Y34   bd_0_i/hls_inst/inst/mul_32ns_34ns_42_2_1_U199/buff0_reg__0/CLK
Low Pulse Width   Slow    SRL16E/CLK   n/a            0.980         5.000       4.020      SLICE_X74Y70  bd_0_i/hls_inst/inst/grp_forwardHidden_fu_325/input_1_val_read_reg_947_reg[0]_srl2/CLK
High Pulse Width  Slow    SRL16E/CLK   n/a            0.980         5.000       4.020      SLICE_X74Y70  bd_0_i/hls_inst/inst/grp_forwardHidden_fu_325/input_1_val_read_reg_947_reg[0]_srl2/CLK



