Copyright 1986-2022 Xilinx, Inc. All Rights Reserved. Copyright 2022-2024 Advanced Micro Devices, Inc. All Rights Reserved.
---------------------------------------------------------------------------------------------------------------------------------------------
| Tool Version : Vivado v.2024.2 (win64) Build 5239630 Fri Nov 08 22:35:27 MST 2024
| Date         : Wed May 14 10:00:12 2025
| Host         : Yehoh running 64-bit major release  (build 9200)
| Command      : report_drc -file bd_0_wrapper_drc_opted.rpt -pb bd_0_wrapper_drc_opted.pb -rpx bd_0_wrapper_drc_opted.rpx
| Design       : bd_0_wrapper
| Device       : xc7a100tcsg324-1
| Speed File   : -1
| Design State : Synthesized
---------------------------------------------------------------------------------------------------------------------------------------------

Report DRC

Table of Contents
-----------------
1. REPORT SUMMARY
2. REPORT DETAILS

1. REPORT SUMMARY
-----------------
            Netlist: netlist
          Floorplan: checkpoint_bd_0_wrapper
      Design limits: <entire design considered>
           Ruledeck: default
             Max checks: <unlimited>
             Checks found: 39
+----------+----------+-----------------------------------------------------+--------+
| Rule     | Severity | Description                                         | Checks |
+----------+----------+-----------------------------------------------------+--------+
| CFGBVS-1 | Warning  | Missing CFGBVS and CONFIG_VOLTAGE Design Properties | 1      |
| DPIP-1   | Warning  | Input pipelining                                    | 32     |
| DPOP-1   | Warning  | PREG Output pipelining                              | 2      |
| DPOP-2   | Warning  | MREG Output pipelining                              | 4      |
+----------+----------+-----------------------------------------------------+--------+

2. REPORT DETAILS
-----------------
CFGBVS-1#1 Warning
Missing CFGBVS and CONFIG_VOLTAGE Design Properties  
Neither the CFGBVS nor CONFIG_VOLTAGE voltage property is set in the current_design.  Configuration bank voltage select (CFGBVS) must be set to VCCO or GND, and CONFIG_VOLTAGE must be set to the correct configuration voltage, in order to determine the I/O voltage support for the pins in bank 0.  It is suggested to specify these either using the 'Edit Device Properties' function in the GUI or directly in the XDC file using the following syntax:

 set_property CFGBVS value1 [current_design]
 #where value1 is either VCCO or GND

 set_property CONFIG_VOLTAGE value2 [current_design]
 #where value2 is the voltage provided to configuration bank 0

Refer to the device configuration user guide for more information.
Related violations: <none>

DPIP-1#1 Warning
Input pipelining  
DSP bd_0_i/hls_inst/inst/grp_updateHidden_fu_493/mac_muladd_8s_8s_2s_12_4_1_U100/train_step_mac_muladd_8s_8s_2s_12_4_1_DSP48_0_U/p_reg_reg input bd_0_i/hls_inst/inst/grp_updateHidden_fu_493/mac_muladd_8s_8s_2s_12_4_1_U100/train_step_mac_muladd_8s_8s_2s_12_4_1_DSP48_0_U/p_reg_reg/C[47:0] is not pipelined. Pipelining DSP48 input will improve performance.
Related violations: <none>

DPIP-1#2 Warning
Input pipelining  
DSP bd_0_i/hls_inst/inst/grp_updateHidden_fu_493/mac_muladd_8s_8s_2s_12_4_1_U101/train_step_mac_muladd_8s_8s_2s_12_4_1_DSP48_0_U/p_reg_reg input bd_0_i/hls_inst/inst/grp_updateHidden_fu_493/mac_muladd_8s_8s_2s_12_4_1_U101/train_step_mac_muladd_8s_8s_2s_12_4_1_DSP48_0_U/p_reg_reg/C[47:0] is not pipelined. Pipelining DSP48 input will improve performance.
Related violations: <none>

DPIP-1#3 Warning
Input pipelining  
DSP bd_0_i/hls_inst/inst/grp_updateHidden_fu_493/mac_muladd_8s_8s_2s_12_4_1_U102/train_step_mac_muladd_8s_8s_2s_12_4_1_DSP48_0_U/p_reg_reg input bd_0_i/hls_inst/inst/grp_updateHidden_fu_493/mac_muladd_8s_8s_2s_12_4_1_U102/train_step_mac_muladd_8s_8s_2s_12_4_1_DSP48_0_U/p_reg_reg/C[47:0] is not pipelined. Pipelining DSP48 input will improve performance.
Related violations: <none>

DPIP-1#4 Warning
Input pipelining  
DSP bd_0_i/hls_inst/inst/grp_updateHidden_fu_493/mac_muladd_8s_8s_2s_12_4_1_U103/train_step_mac_muladd_8s_8s_2s_12_4_1_DSP48_0_U/p_reg_reg input bd_0_i/hls_inst/inst/grp_updateHidden_fu_493/mac_muladd_8s_8s_2s_12_4_1_U103/train_step_mac_muladd_8s_8s_2s_12_4_1_DSP48_0_U/p_reg_reg/C[47:0] is not pipelined. Pipelining DSP48 input will improve performance.
Related violations: <none>

DPIP-1#5 Warning
Input pipelining  
DSP bd_0_i/hls_inst/inst/grp_updateHidden_fu_493/mac_muladd_8s_8s_2s_12_4_1_U104/train_step_mac_muladd_8s_8s_2s_12_4_1_DSP48_0_U/p_reg_reg input bd_0_i/hls_inst/inst/grp_updateHidden_fu_493/mac_muladd_8s_8s_2s_12_4_1_U104/train_step_mac_muladd_8s_8s_2s_12_4_1_DSP48_0_U/p_reg_reg/C[47:0] is not pipelined. Pipelining DSP48 input will improve performance.
Related violations: <none>

DPIP-1#6 Warning
Input pipelining  
DSP bd_0_i/hls_inst/inst/grp_updateHidden_fu_493/mac_muladd_8s_8s_2s_12_4_1_U105/train_step_mac_muladd_8s_8s_2s_12_4_1_DSP48_0_U/p_reg_reg input bd_0_i/hls_inst/inst/grp_updateHidden_fu_493/mac_muladd_8s_8s_2s_12_4_1_U105/train_step_mac_muladd_8s_8s_2s_12_4_1_DSP48_0_U/p_reg_reg/C[47:0] is not pipelined. Pipelining DSP48 input will improve performance.
Related violations: <none>

DPIP-1#7 Warning
Input pipelining  
DSP bd_0_i/hls_inst/inst/grp_updateHidden_fu_493/mac_muladd_8s_8s_2s_12_4_1_U106/train_step_mac_muladd_8s_8s_2s_12_4_1_DSP48_0_U/p_reg_reg input bd_0_i/hls_inst/inst/grp_updateHidden_fu_493/mac_muladd_8s_8s_2s_12_4_1_U106/train_step_mac_muladd_8s_8s_2s_12_4_1_DSP48_0_U/p_reg_reg/C[47:0] is not pipelined. Pipelining DSP48 input will improve performance.
Related violations: <none>

DPIP-1#8 Warning
Input pipelining  
DSP bd_0_i/hls_inst/inst/grp_updateHidden_fu_493/mac_muladd_8s_8s_2s_12_4_1_U75/train_step_mac_muladd_8s_8s_2s_12_4_1_DSP48_0_U/p_reg_reg input bd_0_i/hls_inst/inst/grp_updateHidden_fu_493/mac_muladd_8s_8s_2s_12_4_1_U75/train_step_mac_muladd_8s_8s_2s_12_4_1_DSP48_0_U/p_reg_reg/C[47:0] is not pipelined. Pipelining DSP48 input will improve performance.
Related violations: <none>

DPIP-1#9 Warning
Input pipelining  
DSP bd_0_i/hls_inst/inst/grp_updateHidden_fu_493/mac_muladd_8s_8s_2s_12_4_1_U76/train_step_mac_muladd_8s_8s_2s_12_4_1_DSP48_0_U/p_reg_reg input bd_0_i/hls_inst/inst/grp_updateHidden_fu_493/mac_muladd_8s_8s_2s_12_4_1_U76/train_step_mac_muladd_8s_8s_2s_12_4_1_DSP48_0_U/p_reg_reg/C[47:0] is not pipelined. Pipelining DSP48 input will improve performance.
Related violations: <none>

DPIP-1#10 Warning
Input pipelining  
DSP bd_0_i/hls_inst/inst/grp_updateHidden_fu_493/mac_muladd_8s_8s_2s_12_4_1_U77/train_step_mac_muladd_8s_8s_2s_12_4_1_DSP48_0_U/p_reg_reg input bd_0_i/hls_inst/inst/grp_updateHidden_fu_493/mac_muladd_8s_8s_2s_12_4_1_U77/train_step_mac_muladd_8s_8s_2s_12_4_1_DSP48_0_U/p_reg_reg/C[47:0] is not pipelined. Pipelining DSP48 input will improve performance.
Related violations: <none>

DPIP-1#11 Warning
Input pipelining  
DSP bd_0_i/hls_inst/inst/grp_updateHidden_fu_493/mac_muladd_8s_8s_2s_12_4_1_U78/train_step_mac_muladd_8s_8s_2s_12_4_1_DSP48_0_U/p_reg_reg input bd_0_i/hls_inst/inst/grp_updateHidden_fu_493/mac_muladd_8s_8s_2s_12_4_1_U78/train_step_mac_muladd_8s_8s_2s_12_4_1_DSP48_0_U/p_reg_reg/C[47:0] is not pipelined. Pipelining DSP48 input will improve performance.
Related violations: <none>

DPIP-1#12 Warning
Input pipelining  
DSP bd_0_i/hls_inst/inst/grp_updateHidden_fu_493/mac_muladd_8s_8s_2s_12_4_1_U79/train_step_mac_muladd_8s_8s_2s_12_4_1_DSP48_0_U/p_reg_reg input bd_0_i/hls_inst/inst/grp_updateHidden_fu_493/mac_muladd_8s_8s_2s_12_4_1_U79/train_step_mac_muladd_8s_8s_2s_12_4_1_DSP48_0_U/p_reg_reg/C[47:0] is not pipelined. Pipelining DSP48 input will improve performance.
Related violations: <none>

DPIP-1#13 Warning
Input pipelining  
DSP bd_0_i/hls_inst/inst/grp_updateHidden_fu_493/mac_muladd_8s_8s_2s_12_4_1_U80/train_step_mac_muladd_8s_8s_2s_12_4_1_DSP48_0_U/p_reg_reg input bd_0_i/hls_inst/inst/grp_updateHidden_fu_493/mac_muladd_8s_8s_2s_12_4_1_U80/train_step_mac_muladd_8s_8s_2s_12_4_1_DSP48_0_U/p_reg_reg/C[47:0] is not pipelined. Pipelining DSP48 input will improve performance.
Related violations: <none>

DPIP-1#14 Warning
Input pipelining  
DSP bd_0_i/hls_inst/inst/grp_updateHidden_fu_493/mac_muladd_8s_8s_2s_12_4_1_U81/train_step_mac_muladd_8s_8s_2s_12_4_1_DSP48_0_U/p_reg_reg input bd_0_i/hls_inst/inst/grp_updateHidden_fu_493/mac_muladd_8s_8s_2s_12_4_1_U81/train_step_mac_muladd_8s_8s_2s_12_4_1_DSP48_0_U/p_reg_reg/C[47:0] is not pipelined. Pipelining DSP48 input will improve performance.
Related violations: <none>

DPIP-1#15 Warning
Input pipelining  
DSP bd_0_i/hls_inst/inst/grp_updateHidden_fu_493/mac_muladd_8s_8s_2s_12_4_1_U82/train_step_mac_muladd_8s_8s_2s_12_4_1_DSP48_0_U/p_reg_reg input bd_0_i/hls_inst/inst/grp_updateHidden_fu_493/mac_muladd_8s_8s_2s_12_4_1_U82/train_step_mac_muladd_8s_8s_2s_12_4_1_DSP48_0_U/p_reg_reg/C[47:0] is not pipelined. Pipelining DSP48 input will improve performance.
Related violations: <none>

DPIP-1#16 Warning
Input pipelining  
DSP bd_0_i/hls_inst/inst/grp_updateHidden_fu_493/mac_muladd_8s_8s_2s_12_4_1_U83/train_step_mac_muladd_8s_8s_2s_12_4_1_DSP48_0_U/p_reg_reg input bd_0_i/hls_inst/inst/grp_updateHidden_fu_493/mac_muladd_8s_8s_2s_12_4_1_U83/train_step_mac_muladd_8s_8s_2s_12_4_1_DSP48_0_U/p_reg_reg/C[47:0] is not pipelined. Pipelining DSP48 input will improve performance.
Related violations: <none>

DPIP-1#17 Warning
Input pipelining  
DSP bd_0_i/hls_inst/inst/grp_updateHidden_fu_493/mac_muladd_8s_8s_2s_12_4_1_U84/train_step_mac_muladd_8s_8s_2s_12_4_1_DSP48_0_U/p_reg_reg input bd_0_i/hls_inst/inst/grp_updateHidden_fu_493/mac_muladd_8s_8s_2s_12_4_1_U84/train_step_mac_muladd_8s_8s_2s_12_4_1_DSP48_0_U/p_reg_reg/C[47:0] is not pipelined. Pipelining DSP48 input will improve performance.
Related violations: <none>

DPIP-1#18 Warning
Input pipelining  
DSP bd_0_i/hls_inst/inst/grp_updateHidden_fu_493/mac_muladd_8s_8s_2s_12_4_1_U85/train_step_mac_muladd_8s_8s_2s_12_4_1_DSP48_0_U/p_reg_reg input bd_0_i/hls_inst/inst/grp_updateHidden_fu_493/mac_muladd_8s_8s_2s_12_4_1_U85/train_step_mac_muladd_8s_8s_2s_12_4_1_DSP48_0_U/p_reg_reg/C[47:0] is not pipelined. Pipelining DSP48 input will improve performance.
Related violations: <none>

DPIP-1#19 Warning
Input pipelining  
DSP bd_0_i/hls_inst/inst/grp_updateHidden_fu_493/mac_muladd_8s_8s_2s_12_4_1_U86/train_step_mac_muladd_8s_8s_2s_12_4_1_DSP48_0_U/p_reg_reg input bd_0_i/hls_inst/inst/grp_updateHidden_fu_493/mac_muladd_8s_8s_2s_12_4_1_U86/train_step_mac_muladd_8s_8s_2s_12_4_1_DSP48_0_U/p_reg_reg/C[47:0] is not pipelined. Pipelining DSP48 input will improve performance.
Related violations: <none>

DPIP-1#20 Warning
Input pipelining  
DSP bd_0_i/hls_inst/inst/grp_updateHidden_fu_493/mac_muladd_8s_8s_2s_12_4_1_U87/train_step_mac_muladd_8s_8s_2s_12_4_1_DSP48_0_U/p_reg_reg input bd_0_i/hls_inst/inst/grp_updateHidden_fu_493/mac_muladd_8s_8s_2s_12_4_1_U87/train_step_mac_muladd_8s_8s_2s_12_4_1_DSP48_0_U/p_reg_reg/C[47:0] is not pipelined. Pipelining DSP48 input will improve performance.
Related violations: <none>

DPIP-1#21 Warning
Input pipelining  
DSP bd_0_i/hls_inst/inst/grp_updateHidden_fu_493/mac_muladd_8s_8s_2s_12_4_1_U88/train_step_mac_muladd_8s_8s_2s_12_4_1_DSP48_0_U/p_reg_reg input bd_0_i/hls_inst/inst/grp_updateHidden_fu_493/mac_muladd_8s_8s_2s_12_4_1_U88/train_step_mac_muladd_8s_8s_2s_12_4_1_DSP48_0_U/p_reg_reg/C[47:0] is not pipelined. Pipelining DSP48 input will improve performance.
Related violations: <none>

DPIP-1#22 Warning
Input pipelining  
DSP bd_0_i/hls_inst/inst/grp_updateHidden_fu_493/mac_muladd_8s_8s_2s_12_4_1_U89/train_step_mac_muladd_8s_8s_2s_12_4_1_DSP48_0_U/p_reg_reg input bd_0_i/hls_inst/inst/grp_updateHidden_fu_493/mac_muladd_8s_8s_2s_12_4_1_U89/train_step_mac_muladd_8s_8s_2s_12_4_1_DSP48_0_U/p_reg_reg/C[47:0] is not pipelined. Pipelining DSP48 input will improve performance.
Related violations: <none>

DPIP-1#23 Warning
Input pipelining  
DSP bd_0_i/hls_inst/inst/grp_updateHidden_fu_493/mac_muladd_8s_8s_2s_12_4_1_U90/train_step_mac_muladd_8s_8s_2s_12_4_1_DSP48_0_U/p_reg_reg input bd_0_i/hls_inst/inst/grp_updateHidden_fu_493/mac_muladd_8s_8s_2s_12_4_1_U90/train_step_mac_muladd_8s_8s_2s_12_4_1_DSP48_0_U/p_reg_reg/C[47:0] is not pipelined. Pipelining DSP48 input will improve performance.
Related violations: <none>

DPIP-1#24 Warning
Input pipelining  
DSP bd_0_i/hls_inst/inst/grp_updateHidden_fu_493/mac_muladd_8s_8s_2s_12_4_1_U91/train_step_mac_muladd_8s_8s_2s_12_4_1_DSP48_0_U/p_reg_reg input bd_0_i/hls_inst/inst/grp_updateHidden_fu_493/mac_muladd_8s_8s_2s_12_4_1_U91/train_step_mac_muladd_8s_8s_2s_12_4_1_DSP48_0_U/p_reg_reg/C[47:0] is not pipelined. Pipelining DSP48 input will improve performance.
Related violations: <none>

DPIP-1#25 Warning
Input pipelining  
DSP bd_0_i/hls_inst/inst/grp_updateHidden_fu_493/mac_muladd_8s_8s_2s_12_4_1_U92/train_step_mac_muladd_8s_8s_2s_12_4_1_DSP48_0_U/p_reg_reg input bd_0_i/hls_inst/inst/grp_updateHidden_fu_493/mac_muladd_8s_8s_2s_12_4_1_U92/train_step_mac_muladd_8s_8s_2s_12_4_1_DSP48_0_U/p_reg_reg/C[47:0] is not pipelined. Pipelining DSP48 input will improve performance.
Related violations: <none>

DPIP-1#26 Warning
Input pipelining  
DSP bd_0_i/hls_inst/inst/grp_updateHidden_fu_493/mac_muladd_8s_8s_2s_12_4_1_U93/train_step_mac_muladd_8s_8s_2s_12_4_1_DSP48_0_U/p_reg_reg input bd_0_i/hls_inst/inst/grp_updateHidden_fu_493/mac_muladd_8s_8s_2s_12_4_1_U93/train_step_mac_muladd_8s_8s_2s_12_4_1_DSP48_0_U/p_reg_reg/C[47:0] is not pipelined. Pipelining DSP48 input will improve performance.
Related violations: <none>

DPIP-1#27 Warning
Input pipelining  
DSP bd_0_i/hls_inst/inst/grp_updateHidden_fu_493/mac_muladd_8s_8s_2s_12_4_1_U94/train_step_mac_muladd_8s_8s_2s_12_4_1_DSP48_0_U/p_reg_reg input bd_0_i/hls_inst/inst/grp_updateHidden_fu_493/mac_muladd_8s_8s_2s_12_4_1_U94/train_step_mac_muladd_8s_8s_2s_12_4_1_DSP48_0_U/p_reg_reg/C[47:0] is not pipelined. Pipelining DSP48 input will improve performance.
Related violations: <none>

DPIP-1#28 Warning
Input pipelining  
DSP bd_0_i/hls_inst/inst/grp_updateHidden_fu_493/mac_muladd_8s_8s_2s_12_4_1_U95/train_step_mac_muladd_8s_8s_2s_12_4_1_DSP48_0_U/p_reg_reg input bd_0_i/hls_inst/inst/grp_updateHidden_fu_493/mac_muladd_8s_8s_2s_12_4_1_U95/train_step_mac_muladd_8s_8s_2s_12_4_1_DSP48_0_U/p_reg_reg/C[47:0] is not pipelined. Pipelining DSP48 input will improve performance.
Related violations: <none>

DPIP-1#29 Warning
Input pipelining  
DSP bd_0_i/hls_inst/inst/grp_updateHidden_fu_493/mac_muladd_8s_8s_2s_12_4_1_U96/train_step_mac_muladd_8s_8s_2s_12_4_1_DSP48_0_U/p_reg_reg input bd_0_i/hls_inst/inst/grp_updateHidden_fu_493/mac_muladd_8s_8s_2s_12_4_1_U96/train_step_mac_muladd_8s_8s_2s_12_4_1_DSP48_0_U/p_reg_reg/C[47:0] is not pipelined. Pipelining DSP48 input will improve performance.
Related violations: <none>

DPIP-1#30 Warning
Input pipelining  
DSP bd_0_i/hls_inst/inst/grp_updateHidden_fu_493/mac_muladd_8s_8s_2s_12_4_1_U97/train_step_mac_muladd_8s_8s_2s_12_4_1_DSP48_0_U/p_reg_reg input bd_0_i/hls_inst/inst/grp_updateHidden_fu_493/mac_muladd_8s_8s_2s_12_4_1_U97/train_step_mac_muladd_8s_8s_2s_12_4_1_DSP48_0_U/p_reg_reg/C[47:0] is not pipelined. Pipelining DSP48 input will improve performance.
Related violations: <none>

DPIP-1#31 Warning
Input pipelining  
DSP bd_0_i/hls_inst/inst/grp_updateHidden_fu_493/mac_muladd_8s_8s_2s_12_4_1_U98/train_step_mac_muladd_8s_8s_2s_12_4_1_DSP48_0_U/p_reg_reg input bd_0_i/hls_inst/inst/grp_updateHidden_fu_493/mac_muladd_8s_8s_2s_12_4_1_U98/train_step_mac_muladd_8s_8s_2s_12_4_1_DSP48_0_U/p_reg_reg/C[47:0] is not pipelined. Pipelining DSP48 input will improve performance.
Related violations: <none>

DPIP-1#32 Warning
Input pipelining  
DSP bd_0_i/hls_inst/inst/grp_updateHidden_fu_493/mac_muladd_8s_8s_2s_12_4_1_U99/train_step_mac_muladd_8s_8s_2s_12_4_1_DSP48_0_U/p_reg_reg input bd_0_i/hls_inst/inst/grp_updateHidden_fu_493/mac_muladd_8s_8s_2s_12_4_1_U99/train_step_mac_muladd_8s_8s_2s_12_4_1_DSP48_0_U/p_reg_reg/C[47:0] is not pipelined. Pipelining DSP48 input will improve performance.
Related violations: <none>

DPOP-1#1 Warning
PREG Output pipelining  
DSP bd_0_i/hls_inst/inst/mul_32ns_34ns_42_2_1_U199/tmp_product output bd_0_i/hls_inst/inst/mul_32ns_34ns_42_2_1_U199/tmp_product/P[47:0] is not pipelined (PREG=0). Pipelining the DSP48 output will improve performance and often saves power so it is suggested whenever possible to fully pipeline this function.  If this DSP48 function was inferred, it is suggested to describe an additional register stage after this function.  If the DSP48 was instantiated in the design, it is suggested to set the PREG attribute to 1.
Related violations: <none>

DPOP-1#2 Warning
PREG Output pipelining  
DSP bd_0_i/hls_inst/inst/mul_32ns_34ns_42_2_1_U199/tmp_product__0 output bd_0_i/hls_inst/inst/mul_32ns_34ns_42_2_1_U199/tmp_product__0/P[47:0] is not pipelined (PREG=0). Pipelining the DSP48 output will improve performance and often saves power so it is suggested whenever possible to fully pipeline this function.  If this DSP48 function was inferred, it is suggested to describe an additional register stage after this function.  If the DSP48 was instantiated in the design, it is suggested to set the PREG attribute to 1.
Related violations: <none>

DPOP-2#1 Warning
MREG Output pipelining  
DSP bd_0_i/hls_inst/inst/mul_32ns_34ns_42_2_1_U199/buff0_reg multiplier stage bd_0_i/hls_inst/inst/mul_32ns_34ns_42_2_1_U199/buff0_reg/P[47:0] is not pipelined (MREG=0). Pipelining the multiplier function will improve performance and will save significant power so it is suggested whenever possible to fully pipeline this function.  If this multiplier was inferred, it is suggested to describe an additional register stage after this function.  If there is no registered adder/accumulator following the multiply function, two pipeline stages are suggested to allow both the MREG and PREG registers to be used.  If the DSP48 was instantiated in the design, it is suggested to set both the MREG and PREG attributes to 1 when performing multiply functions.
Related violations: <none>

DPOP-2#2 Warning
MREG Output pipelining  
DSP bd_0_i/hls_inst/inst/mul_32ns_34ns_42_2_1_U199/buff0_reg__0 multiplier stage bd_0_i/hls_inst/inst/mul_32ns_34ns_42_2_1_U199/buff0_reg__0/P[47:0] is not pipelined (MREG=0). Pipelining the multiplier function will improve performance and will save significant power so it is suggested whenever possible to fully pipeline this function.  If this multiplier was inferred, it is suggested to describe an additional register stage after this function.  If there is no registered adder/accumulator following the multiply function, two pipeline stages are suggested to allow both the MREG and PREG registers to be used.  If the DSP48 was instantiated in the design, it is suggested to set both the MREG and PREG attributes to 1 when performing multiply functions.
Related violations: <none>

DPOP-2#3 Warning
MREG Output pipelining  
DSP bd_0_i/hls_inst/inst/mul_32ns_34ns_42_2_1_U199/tmp_product multiplier stage bd_0_i/hls_inst/inst/mul_32ns_34ns_42_2_1_U199/tmp_product/P[47:0] is not pipelined (MREG=0). Pipelining the multiplier function will improve performance and will save significant power so it is suggested whenever possible to fully pipeline this function.  If this multiplier was inferred, it is suggested to describe an additional register stage after this function.  If there is no registered adder/accumulator following the multiply function, two pipeline stages are suggested to allow both the MREG and PREG registers to be used.  If the DSP48 was instantiated in the design, it is suggested to set both the MREG and PREG attributes to 1 when performing multiply functions.
Related violations: <none>

DPOP-2#4 Warning
MREG Output pipelining  
DSP bd_0_i/hls_inst/inst/mul_32ns_34ns_42_2_1_U199/tmp_product__0 multiplier stage bd_0_i/hls_inst/inst/mul_32ns_34ns_42_2_1_U199/tmp_product__0/P[47:0] is not pipelined (MREG=0). Pipelining the multiplier function will improve performance and will save significant power so it is suggested whenever possible to fully pipeline this function.  If this multiplier was inferred, it is suggested to describe an additional register stage after this function.  If there is no registered adder/accumulator following the multiply function, two pipeline stages are suggested to allow both the MREG and PREG registers to be used.  If the DSP48 was instantiated in the design, it is suggested to set both the MREG and PREG attributes to 1 when performing multiply functions.
Related violations: <none>


