

================================================================
== Vitis HLS Report for 'forwardOutput_Pipeline_VITIS_LOOP_54_1'
================================================================
* Date:           Wed May 21 10:33:40 2025

* Version:        2024.2 (Build 5238294 on Nov  8 2024)
* Project:        train_step
* Solution:       hls (Vivado IP Flow Target)
* Product family: artix7
* Target device:  xc7a100t-csg324-1


================================================================
== Performance Estimates
================================================================
+ Timing: 
    * Summary: 
    +--------+----------+----------+------------+
    |  Clock |  Target  | Estimated| Uncertainty|
    +--------+----------+----------+------------+
    |ap_clk  |  10.00 ns|  7.300 ns|     2.70 ns|
    +--------+----------+----------+------------+

+ Latency: 
    * Summary: 
    +---------+---------+----------+----------+-----+-----+------------------------------------------------+
    |  Latency (cycles) |  Latency (absolute) |  Interval |                    Pipeline                    |
    |   min   |   max   |    min   |    max   | min | max |                      Type                      |
    +---------+---------+----------+----------+-----+-----+------------------------------------------------+
    |      329|      329|  3.290 us|  3.290 us|  328|  328|  loop auto-rewind stp (delay=0 clock cycles(s))|
    +---------+---------+----------+----------+-----+-----+------------------------------------------------+

    + Detail: 
        * Instance: 
        N/A

        * Loop: 
        +-------------------+---------+---------+----------+-----------+-----------+------+----------+
        |                   |  Latency (cycles) | Iteration|  Initiation Interval  | Trip |          |
        |     Loop Name     |   min   |   max   |  Latency |  achieved |   target  | Count| Pipelined|
        +-------------------+---------+---------+----------+-----------+-----------+------+----------+
        |- VITIS_LOOP_54_1  |      327|      327|        40|         32|          1|    10|       yes|
        +-------------------+---------+---------+----------+-----------+-----------+------+----------+



================================================================
== Utilization Estimates
================================================================
* Summary: 
+-----------------+---------+-----+--------+-------+-----+
|       Name      | BRAM_18K| DSP |   FF   |  LUT  | URAM|
+-----------------+---------+-----+--------+-------+-----+
|DSP              |        -|   16|       -|      -|    -|
|Expression       |        -|    -|       0|    311|    -|
|FIFO             |        -|    -|       -|      -|    -|
|Instance         |        -|    0|       0|    672|    -|
|Memory           |        -|    -|       -|      -|    -|
|Multiplexer      |        -|    -|       0|    215|    -|
|Register         |        -|    -|     769|      -|    -|
+-----------------+---------+-----+--------+-------+-----+
|Total            |        0|   16|     769|   1198|    0|
+-----------------+---------+-----+--------+-------+-----+
|Available        |      270|  240|  126800|  63400|    0|
+-----------------+---------+-----+--------+-------+-----+
|Utilization (%)  |        0|    6|      ~0|      1|    0|
+-----------------+---------+-----+--------+-------+-----+

+ Detail: 
    * Instance: 
    +-----------------------+------------------+---------+----+---+----+-----+
    |        Instance       |      Module      | BRAM_18K| DSP| FF| LUT| URAM|
    +-----------------------+------------------+---------+----+---+----+-----+
    |mul_8s_2s_10_1_1_U263  |mul_8s_2s_10_1_1  |        0|   0|  0|  42|    0|
    |mul_8s_2s_10_1_1_U264  |mul_8s_2s_10_1_1  |        0|   0|  0|  42|    0|
    |mul_8s_2s_10_1_1_U265  |mul_8s_2s_10_1_1  |        0|   0|  0|  42|    0|
    |mul_8s_2s_10_1_1_U266  |mul_8s_2s_10_1_1  |        0|   0|  0|  42|    0|
    |mul_8s_2s_10_1_1_U267  |mul_8s_2s_10_1_1  |        0|   0|  0|  42|    0|
    |mul_8s_2s_10_1_1_U268  |mul_8s_2s_10_1_1  |        0|   0|  0|  42|    0|
    |mul_8s_2s_10_1_1_U269  |mul_8s_2s_10_1_1  |        0|   0|  0|  42|    0|
    |mul_8s_2s_10_1_1_U270  |mul_8s_2s_10_1_1  |        0|   0|  0|  42|    0|
    |mul_8s_2s_10_1_1_U271  |mul_8s_2s_10_1_1  |        0|   0|  0|  42|    0|
    |mul_8s_2s_10_1_1_U272  |mul_8s_2s_10_1_1  |        0|   0|  0|  42|    0|
    |mul_8s_2s_10_1_1_U273  |mul_8s_2s_10_1_1  |        0|   0|  0|  42|    0|
    |mul_8s_2s_10_1_1_U274  |mul_8s_2s_10_1_1  |        0|   0|  0|  42|    0|
    |mul_8s_2s_10_1_1_U275  |mul_8s_2s_10_1_1  |        0|   0|  0|  42|    0|
    |mul_8s_2s_10_1_1_U276  |mul_8s_2s_10_1_1  |        0|   0|  0|  42|    0|
    |mul_8s_2s_10_1_1_U277  |mul_8s_2s_10_1_1  |        0|   0|  0|  42|    0|
    |mul_8s_2s_10_1_1_U278  |mul_8s_2s_10_1_1  |        0|   0|  0|  42|    0|
    +-----------------------+------------------+---------+----+---+----+-----+
    |Total                  |                  |        0|   0|  0| 672|    0|
    +-----------------------+------------------+---------+----+---+----+-----+

    * DSP: 
    +----------------------------------+-----------------------------+--------------+
    |             Instance             |            Module           |  Expression  |
    +----------------------------------+-----------------------------+--------------+
    |mac_muladd_8s_2s_10s_11_4_1_U279  |mac_muladd_8s_2s_10s_11_4_1  |  i0 + i1 * i2|
    |mac_muladd_8s_2s_10s_11_4_1_U280  |mac_muladd_8s_2s_10s_11_4_1  |  i0 + i1 * i2|
    |mac_muladd_8s_2s_10s_11_4_1_U281  |mac_muladd_8s_2s_10s_11_4_1  |  i0 + i1 * i2|
    |mac_muladd_8s_2s_10s_11_4_1_U282  |mac_muladd_8s_2s_10s_11_4_1  |  i0 + i1 * i2|
    |mac_muladd_8s_2s_10s_11_4_1_U283  |mac_muladd_8s_2s_10s_11_4_1  |  i0 + i1 * i2|
    |mac_muladd_8s_2s_10s_11_4_1_U284  |mac_muladd_8s_2s_10s_11_4_1  |  i0 + i1 * i2|
    |mac_muladd_8s_2s_10s_11_4_1_U285  |mac_muladd_8s_2s_10s_11_4_1  |  i0 + i1 * i2|
    |mac_muladd_8s_2s_10s_11_4_1_U286  |mac_muladd_8s_2s_10s_11_4_1  |  i0 + i1 * i2|
    |mac_muladd_8s_2s_10s_11_4_1_U287  |mac_muladd_8s_2s_10s_11_4_1  |  i0 + i1 * i2|
    |mac_muladd_8s_2s_10s_11_4_1_U288  |mac_muladd_8s_2s_10s_11_4_1  |  i0 + i1 * i2|
    |mac_muladd_8s_2s_10s_11_4_1_U289  |mac_muladd_8s_2s_10s_11_4_1  |  i0 + i1 * i2|
    |mac_muladd_8s_2s_10s_11_4_1_U290  |mac_muladd_8s_2s_10s_11_4_1  |  i0 + i1 * i2|
    |mac_muladd_8s_2s_10s_11_4_1_U291  |mac_muladd_8s_2s_10s_11_4_1  |  i0 + i1 * i2|
    |mac_muladd_8s_2s_10s_11_4_1_U292  |mac_muladd_8s_2s_10s_11_4_1  |  i0 + i1 * i2|
    |mac_muladd_8s_2s_10s_11_4_1_U293  |mac_muladd_8s_2s_10s_11_4_1  |  i0 + i1 * i2|
    |mac_muladd_8s_2s_10s_11_4_1_U294  |mac_muladd_8s_2s_10s_11_4_1  |  i0 + i1 * i2|
    +----------------------------------+-----------------------------+--------------+

    * Memory: 
    N/A

    * FIFO: 
    N/A

    * Expression: 
    +-----------------------------------+----------+----+---+----+------------+------------+
    |           Variable Name           | Operation| DSP| FF| LUT| Bitwidth P0| Bitwidth P1|
    +-----------------------------------+----------+----+---+----+------------+------------+
    |add_ln54_fu_577_p2                 |         +|   0|  0|  13|           4|           1|
    |add_ln58_12_fu_778_p2              |         +|   0|  0|  19|          12|          12|
    |add_ln58_13_fu_803_p2              |         +|   0|  0|  12|          12|          12|
    |add_ln58_14_fu_969_p2              |         +|   0|  0|  12|          12|          12|
    |add_ln58_17_fu_839_p2              |         +|   0|  0|  19|          12|          12|
    |add_ln58_20_fu_883_p2              |         +|   0|  0|  19|          12|          12|
    |add_ln58_21_fu_960_p2              |         +|   0|  0|  12|          12|          12|
    |add_ln58_24_fu_949_p2              |         +|   0|  0|  12|          12|          12|
    |add_ln58_27_fu_937_p2              |         +|   0|  0|  19|          12|          12|
    |add_ln58_28_fu_955_p2              |         +|   0|  0|  12|          12|          12|
    |add_ln58_29_fu_964_p2              |         +|   0|  0|  12|          12|          12|
    |add_ln58_2_fu_704_p2               |         +|   0|  0|  12|          12|          12|
    |add_ln58_5_fu_685_p2               |         +|   0|  0|  19|          12|          12|
    |add_ln58_6_fu_710_p2               |         +|   0|  0|  12|          12|          12|
    |add_ln58_9_fu_797_p2               |         +|   0|  0|  12|          12|          12|
    |x_fu_973_p2                        |         +|   0|  0|  12|          12|          12|
    |ap_block_pp0_stage0_11001          |       and|   0|  0|   2|           1|           1|
    |ap_block_pp0_stage10_11001         |       and|   0|  0|   2|           1|           1|
    |ap_block_pp0_stage11_11001         |       and|   0|  0|   2|           1|           1|
    |ap_block_pp0_stage12_11001         |       and|   0|  0|   2|           1|           1|
    |ap_block_pp0_stage13_11001         |       and|   0|  0|   2|           1|           1|
    |ap_block_pp0_stage14_11001         |       and|   0|  0|   2|           1|           1|
    |ap_block_pp0_stage15_11001         |       and|   0|  0|   2|           1|           1|
    |ap_block_pp0_stage16_11001         |       and|   0|  0|   2|           1|           1|
    |ap_block_pp0_stage17_11001         |       and|   0|  0|   2|           1|           1|
    |ap_block_pp0_stage18_11001         |       and|   0|  0|   2|           1|           1|
    |ap_block_pp0_stage19_11001         |       and|   0|  0|   2|           1|           1|
    |ap_block_pp0_stage1_11001          |       and|   0|  0|   2|           1|           1|
    |ap_block_pp0_stage20_11001         |       and|   0|  0|   2|           1|           1|
    |ap_block_pp0_stage21_11001         |       and|   0|  0|   2|           1|           1|
    |ap_block_pp0_stage22_11001         |       and|   0|  0|   2|           1|           1|
    |ap_block_pp0_stage23_11001         |       and|   0|  0|   2|           1|           1|
    |ap_block_pp0_stage24_11001         |       and|   0|  0|   2|           1|           1|
    |ap_block_pp0_stage25_11001         |       and|   0|  0|   2|           1|           1|
    |ap_block_pp0_stage26_11001         |       and|   0|  0|   2|           1|           1|
    |ap_block_pp0_stage27_11001         |       and|   0|  0|   2|           1|           1|
    |ap_block_pp0_stage28_11001         |       and|   0|  0|   2|           1|           1|
    |ap_block_pp0_stage29_11001         |       and|   0|  0|   2|           1|           1|
    |ap_block_pp0_stage2_11001          |       and|   0|  0|   2|           1|           1|
    |ap_block_pp0_stage30_11001         |       and|   0|  0|   2|           1|           1|
    |ap_block_pp0_stage31_11001         |       and|   0|  0|   2|           1|           1|
    |ap_block_pp0_stage3_11001          |       and|   0|  0|   2|           1|           1|
    |ap_block_pp0_stage4_11001          |       and|   0|  0|   2|           1|           1|
    |ap_block_pp0_stage5_11001          |       and|   0|  0|   2|           1|           1|
    |ap_block_pp0_stage6_11001          |       and|   0|  0|   2|           1|           1|
    |ap_block_pp0_stage7_01001          |       and|   0|  0|   2|           1|           1|
    |ap_block_pp0_stage8_11001          |       and|   0|  0|   2|           1|           1|
    |ap_block_pp0_stage9_11001          |       and|   0|  0|   2|           1|           1|
    |ap_block_state10_pp0_stage9_iter0  |       and|   0|  0|   2|           1|           1|
    |icmp_ln54_fu_571_p2                |      icmp|   0|  0|  13|           4|           4|
    |select_ln13_fu_986_p3              |    select|   0|  0|   2|           1|           2|
    |ap_enable_pp0                      |       xor|   0|  0|   2|           1|           2|
    +-----------------------------------+----------+----+---+----+------------+------------+
    |Total                              |          |   0|  0| 311|         223|         222|
    +-----------------------------------+----------+----+---+----+------------+------------+

    * Multiplexer: 
    +-----------------------------+-----+-----------+-----+-----------+
    |             Name            | LUT | Input Size| Bits| Total Bits|
    +-----------------------------+-----+-----------+-----+-----------+
    |WEIGHTS_blk_n_R              |    9|          2|    1|          2|
    |ap_NS_fsm                    |  152|         33|    1|         33|
    |ap_done_int                  |    9|          2|    1|          2|
    |ap_enable_reg_pp0_iter0      |    9|          2|    1|          2|
    |ap_enable_reg_pp0_iter0_reg  |    9|          2|    1|          2|
    |ap_enable_reg_pp0_iter1      |    9|          2|    1|          2|
    |ap_sig_allocacmp_k_2         |    9|          2|    4|          8|
    |k_fu_154                     |    9|          2|    4|          8|
    +-----------------------------+-----+-----------+-----+-----------+
    |Total                        |  215|         47|   14|         59|
    +-----------------------------+-----+-----------+-----+-----------+

    * Register: 
    +-----------------------------+----+----+-----+-----------+
    |             Name            | FF | LUT| Bits| Const Bits|
    +-----------------------------+----+----+-----+-----------+
    |add_ln54_reg_1296            |   4|   0|    4|          0|
    |add_ln58_10_reg_1461         |  11|   0|   11|          0|
    |add_ln58_12_reg_1481         |  12|   0|   12|          0|
    |add_ln58_13_reg_1496         |  12|   0|   12|          0|
    |add_ln58_15_reg_1506         |  11|   0|   11|          0|
    |add_ln58_17_reg_1526         |  12|   0|   12|          0|
    |add_ln58_18_reg_1546         |  11|   0|   11|          0|
    |add_ln58_1_reg_1356          |  11|   0|   11|          0|
    |add_ln58_20_reg_1566         |  12|   0|   12|          0|
    |add_ln58_22_reg_1586         |  11|   0|   11|          0|
    |add_ln58_23_reg_1606         |  11|   0|   11|          0|
    |add_ln58_25_reg_1621         |  11|   0|   11|          0|
    |add_ln58_27_reg_1631         |  12|   0|   12|          0|
    |add_ln58_28_reg_1636         |  12|   0|   12|          0|
    |add_ln58_29_reg_1641         |  12|   0|   12|          0|
    |add_ln58_3_reg_1376          |  11|   0|   11|          0|
    |add_ln58_5_reg_1396          |  12|   0|   12|          0|
    |add_ln58_6_reg_1411          |  12|   0|   12|          0|
    |add_ln58_7_reg_1421          |  11|   0|   11|          0|
    |add_ln58_8_reg_1441          |  11|   0|   11|          0|
    |add_ln58_reg_1331            |  11|   0|   11|          0|
    |ap_CS_fsm                    |  32|   0|   32|          0|
    |ap_done_reg                  |   1|   0|    1|          0|
    |ap_enable_reg_pp0_iter0_reg  |   1|   0|    1|          0|
    |ap_enable_reg_pp0_iter1      |   1|   0|    1|          0|
    |icmp_ln54_reg_1292           |   1|   0|    1|          0|
    |k_2_reg_1288                 |   4|   0|    4|          0|
    |k_2_reg_1288_pp0_iter1_reg   |   4|   0|    4|          0|
    |k_fu_154                     |   4|   0|    4|          0|
    |mul_ln58_11_reg_1416         |  10|   0|   10|          0|
    |mul_ln58_13_reg_1436         |  10|   0|   10|          0|
    |mul_ln58_15_reg_1456         |  10|   0|   10|          0|
    |mul_ln58_17_reg_1476         |  10|   0|   10|          0|
    |mul_ln58_19_reg_1501         |  10|   0|   10|          0|
    |mul_ln58_1_reg_1321          |  10|   0|   10|          0|
    |mul_ln58_21_reg_1521         |  10|   0|   10|          0|
    |mul_ln58_23_reg_1541         |  10|   0|   10|          0|
    |mul_ln58_25_reg_1561         |  10|   0|   10|          0|
    |mul_ln58_27_reg_1581         |  10|   0|   10|          0|
    |mul_ln58_29_reg_1601         |  10|   0|   10|          0|
    |mul_ln58_3_reg_1336          |  10|   0|   10|          0|
    |mul_ln58_5_reg_1351          |  10|   0|   10|          0|
    |mul_ln58_7_reg_1371          |  10|   0|   10|          0|
    |mul_ln58_9_reg_1391          |  10|   0|   10|          0|
    |mul_ln58_reg_1311            |  10|   0|   10|          0|
    |reg_431                      |   8|   0|    8|          0|
    |sext_ln54_cast_reg_1128      |  10|   0|   10|          0|
    |sext_ln58_10_cast_reg_1233   |  10|   0|   10|          0|
    |sext_ln58_11_cast_reg_1228   |  10|   0|   10|          0|
    |sext_ln58_12_cast_reg_1223   |  10|   0|   10|          0|
    |sext_ln58_13_cast_reg_1218   |  10|   0|   10|          0|
    |sext_ln58_14_cast_reg_1213   |  10|   0|   10|          0|
    |sext_ln58_15_cast_reg_1208   |  10|   0|   10|          0|
    |sext_ln58_16_cast_reg_1203   |  10|   0|   10|          0|
    |sext_ln58_17_cast_reg_1198   |  10|   0|   10|          0|
    |sext_ln58_18_cast_reg_1193   |  10|   0|   10|          0|
    |sext_ln58_19_cast_reg_1188   |  10|   0|   10|          0|
    |sext_ln58_1_cast_reg_1278    |  10|   0|   10|          0|
    |sext_ln58_20_cast_reg_1183   |  10|   0|   10|          0|
    |sext_ln58_21_cast_reg_1178   |  10|   0|   10|          0|
    |sext_ln58_22_cast_reg_1173   |  10|   0|   10|          0|
    |sext_ln58_23_cast_reg_1168   |  10|   0|   10|          0|
    |sext_ln58_24_cast_reg_1163   |  10|   0|   10|          0|
    |sext_ln58_25_cast_reg_1158   |  10|   0|   10|          0|
    |sext_ln58_26_cast_reg_1153   |  10|   0|   10|          0|
    |sext_ln58_27_cast_reg_1148   |  10|   0|   10|          0|
    |sext_ln58_28_cast_reg_1143   |  10|   0|   10|          0|
    |sext_ln58_29_cast_reg_1138   |  10|   0|   10|          0|
    |sext_ln58_2_cast_reg_1273    |  10|   0|   10|          0|
    |sext_ln58_30_cast_reg_1133   |  10|   0|   10|          0|
    |sext_ln58_3_cast_reg_1268    |  10|   0|   10|          0|
    |sext_ln58_4_cast_reg_1263    |  10|   0|   10|          0|
    |sext_ln58_5_cast_reg_1258    |  10|   0|   10|          0|
    |sext_ln58_6_cast_reg_1253    |  10|   0|   10|          0|
    |sext_ln58_7_cast_reg_1248    |  10|   0|   10|          0|
    |sext_ln58_8_cast_reg_1243    |  10|   0|   10|          0|
    |sext_ln58_9_cast_reg_1238    |  10|   0|   10|          0|
    |sext_ln58_cast_reg_1283      |  10|   0|   10|          0|
    +-----------------------------+----+----+-----+-----------+
    |Total                        | 769|   0|  769|          0|
    +-----------------------------+----+----+-----+-----------+



================================================================
== Interface
================================================================
* Summary: 
+--------------------------+-----+-----+------------+----------------------------------------+--------------+
|         RTL Ports        | Dir | Bits|  Protocol  |              Source Object             |    C Type    |
+--------------------------+-----+-----+------------+----------------------------------------+--------------+
|ap_clk                    |   in|    1|  ap_ctrl_hs|  forwardOutput_Pipeline_VITIS_LOOP_54_1|  return value|
|ap_rst                    |   in|    1|  ap_ctrl_hs|  forwardOutput_Pipeline_VITIS_LOOP_54_1|  return value|
|ap_start                  |   in|    1|  ap_ctrl_hs|  forwardOutput_Pipeline_VITIS_LOOP_54_1|  return value|
|ap_done                   |  out|    1|  ap_ctrl_hs|  forwardOutput_Pipeline_VITIS_LOOP_54_1|  return value|
|ap_idle                   |  out|    1|  ap_ctrl_hs|  forwardOutput_Pipeline_VITIS_LOOP_54_1|  return value|
|ap_ready                  |  out|    1|  ap_ctrl_hs|  forwardOutput_Pipeline_VITIS_LOOP_54_1|  return value|
|m_axi_WEIGHTS_0_AWVALID   |  out|    1|       m_axi|                                 WEIGHTS|       pointer|
|m_axi_WEIGHTS_0_AWREADY   |   in|    1|       m_axi|                                 WEIGHTS|       pointer|
|m_axi_WEIGHTS_0_AWADDR    |  out|   64|       m_axi|                                 WEIGHTS|       pointer|
|m_axi_WEIGHTS_0_AWID      |  out|    1|       m_axi|                                 WEIGHTS|       pointer|
|m_axi_WEIGHTS_0_AWLEN     |  out|   32|       m_axi|                                 WEIGHTS|       pointer|
|m_axi_WEIGHTS_0_AWSIZE    |  out|    3|       m_axi|                                 WEIGHTS|       pointer|
|m_axi_WEIGHTS_0_AWBURST   |  out|    2|       m_axi|                                 WEIGHTS|       pointer|
|m_axi_WEIGHTS_0_AWLOCK    |  out|    2|       m_axi|                                 WEIGHTS|       pointer|
|m_axi_WEIGHTS_0_AWCACHE   |  out|    4|       m_axi|                                 WEIGHTS|       pointer|
|m_axi_WEIGHTS_0_AWPROT    |  out|    3|       m_axi|                                 WEIGHTS|       pointer|
|m_axi_WEIGHTS_0_AWQOS     |  out|    4|       m_axi|                                 WEIGHTS|       pointer|
|m_axi_WEIGHTS_0_AWREGION  |  out|    4|       m_axi|                                 WEIGHTS|       pointer|
|m_axi_WEIGHTS_0_AWUSER    |  out|    1|       m_axi|                                 WEIGHTS|       pointer|
|m_axi_WEIGHTS_0_WVALID    |  out|    1|       m_axi|                                 WEIGHTS|       pointer|
|m_axi_WEIGHTS_0_WREADY    |   in|    1|       m_axi|                                 WEIGHTS|       pointer|
|m_axi_WEIGHTS_0_WDATA     |  out|    8|       m_axi|                                 WEIGHTS|       pointer|
|m_axi_WEIGHTS_0_WSTRB     |  out|    1|       m_axi|                                 WEIGHTS|       pointer|
|m_axi_WEIGHTS_0_WLAST     |  out|    1|       m_axi|                                 WEIGHTS|       pointer|
|m_axi_WEIGHTS_0_WID       |  out|    1|       m_axi|                                 WEIGHTS|       pointer|
|m_axi_WEIGHTS_0_WUSER     |  out|    1|       m_axi|                                 WEIGHTS|       pointer|
|m_axi_WEIGHTS_0_ARVALID   |  out|    1|       m_axi|                                 WEIGHTS|       pointer|
|m_axi_WEIGHTS_0_ARREADY   |   in|    1|       m_axi|                                 WEIGHTS|       pointer|
|m_axi_WEIGHTS_0_ARADDR    |  out|   64|       m_axi|                                 WEIGHTS|       pointer|
|m_axi_WEIGHTS_0_ARID      |  out|    1|       m_axi|                                 WEIGHTS|       pointer|
|m_axi_WEIGHTS_0_ARLEN     |  out|   32|       m_axi|                                 WEIGHTS|       pointer|
|m_axi_WEIGHTS_0_ARSIZE    |  out|    3|       m_axi|                                 WEIGHTS|       pointer|
|m_axi_WEIGHTS_0_ARBURST   |  out|    2|       m_axi|                                 WEIGHTS|       pointer|
|m_axi_WEIGHTS_0_ARLOCK    |  out|    2|       m_axi|                                 WEIGHTS|       pointer|
|m_axi_WEIGHTS_0_ARCACHE   |  out|    4|       m_axi|                                 WEIGHTS|       pointer|
|m_axi_WEIGHTS_0_ARPROT    |  out|    3|       m_axi|                                 WEIGHTS|       pointer|
|m_axi_WEIGHTS_0_ARQOS     |  out|    4|       m_axi|                                 WEIGHTS|       pointer|
|m_axi_WEIGHTS_0_ARREGION  |  out|    4|       m_axi|                                 WEIGHTS|       pointer|
|m_axi_WEIGHTS_0_ARUSER    |  out|    1|       m_axi|                                 WEIGHTS|       pointer|
|m_axi_WEIGHTS_0_RVALID    |   in|    1|       m_axi|                                 WEIGHTS|       pointer|
|m_axi_WEIGHTS_0_RREADY    |  out|    1|       m_axi|                                 WEIGHTS|       pointer|
|m_axi_WEIGHTS_0_RDATA     |   in|    8|       m_axi|                                 WEIGHTS|       pointer|
|m_axi_WEIGHTS_0_RLAST     |   in|    1|       m_axi|                                 WEIGHTS|       pointer|
|m_axi_WEIGHTS_0_RID       |   in|    1|       m_axi|                                 WEIGHTS|       pointer|
|m_axi_WEIGHTS_0_RFIFONUM  |   in|   11|       m_axi|                                 WEIGHTS|       pointer|
|m_axi_WEIGHTS_0_RUSER     |   in|    1|       m_axi|                                 WEIGHTS|       pointer|
|m_axi_WEIGHTS_0_RRESP     |   in|    2|       m_axi|                                 WEIGHTS|       pointer|
|m_axi_WEIGHTS_0_BVALID    |   in|    1|       m_axi|                                 WEIGHTS|       pointer|
|m_axi_WEIGHTS_0_BREADY    |  out|    1|       m_axi|                                 WEIGHTS|       pointer|
|m_axi_WEIGHTS_0_BRESP     |   in|    2|       m_axi|                                 WEIGHTS|       pointer|
|m_axi_WEIGHTS_0_BID       |   in|    1|       m_axi|                                 WEIGHTS|       pointer|
|m_axi_WEIGHTS_0_BUSER     |   in|    1|       m_axi|                                 WEIGHTS|       pointer|
|output_0                  |  out|    2|      ap_vld|                                output_0|       pointer|
|output_0_ap_vld           |  out|    1|      ap_vld|                                output_0|       pointer|
|W2                        |   in|   64|     ap_none|                                      W2|        scalar|
|output_9                  |  out|    2|      ap_vld|                                output_9|       pointer|
|output_9_ap_vld           |  out|    1|      ap_vld|                                output_9|       pointer|
|output_8                  |  out|    2|      ap_vld|                                output_8|       pointer|
|output_8_ap_vld           |  out|    1|      ap_vld|                                output_8|       pointer|
|output_7                  |  out|    2|      ap_vld|                                output_7|       pointer|
|output_7_ap_vld           |  out|    1|      ap_vld|                                output_7|       pointer|
|output_6                  |  out|    2|      ap_vld|                                output_6|       pointer|
|output_6_ap_vld           |  out|    1|      ap_vld|                                output_6|       pointer|
|output_5                  |  out|    2|      ap_vld|                                output_5|       pointer|
|output_5_ap_vld           |  out|    1|      ap_vld|                                output_5|       pointer|
|output_4                  |  out|    2|      ap_vld|                                output_4|       pointer|
|output_4_ap_vld           |  out|    1|      ap_vld|                                output_4|       pointer|
|output_3                  |  out|    2|      ap_vld|                                output_3|       pointer|
|output_3_ap_vld           |  out|    1|      ap_vld|                                output_3|       pointer|
|output_2                  |  out|    2|      ap_vld|                                output_2|       pointer|
|output_2_ap_vld           |  out|    1|      ap_vld|                                output_2|       pointer|
|output_1                  |  out|    2|      ap_vld|                                output_1|       pointer|
|output_1_ap_vld           |  out|    1|      ap_vld|                                output_1|       pointer|
|sext_ln58                 |   in|    2|     ap_none|                               sext_ln58|        scalar|
|sext_ln58_1               |   in|    2|     ap_none|                             sext_ln58_1|        scalar|
|sext_ln58_2               |   in|    2|     ap_none|                             sext_ln58_2|        scalar|
|sext_ln58_3               |   in|    2|     ap_none|                             sext_ln58_3|        scalar|
|sext_ln58_4               |   in|    2|     ap_none|                             sext_ln58_4|        scalar|
|sext_ln58_5               |   in|    2|     ap_none|                             sext_ln58_5|        scalar|
|sext_ln58_6               |   in|    2|     ap_none|                             sext_ln58_6|        scalar|
|sext_ln58_7               |   in|    2|     ap_none|                             sext_ln58_7|        scalar|
|sext_ln58_8               |   in|    2|     ap_none|                             sext_ln58_8|        scalar|
|sext_ln58_9               |   in|    2|     ap_none|                             sext_ln58_9|        scalar|
|sext_ln58_10              |   in|    2|     ap_none|                            sext_ln58_10|        scalar|
|sext_ln58_11              |   in|    2|     ap_none|                            sext_ln58_11|        scalar|
|sext_ln58_12              |   in|    2|     ap_none|                            sext_ln58_12|        scalar|
|sext_ln58_13              |   in|    2|     ap_none|                            sext_ln58_13|        scalar|
|sext_ln58_14              |   in|    2|     ap_none|                            sext_ln58_14|        scalar|
|sext_ln58_15              |   in|    2|     ap_none|                            sext_ln58_15|        scalar|
|sext_ln58_16              |   in|    2|     ap_none|                            sext_ln58_16|        scalar|
|sext_ln58_17              |   in|    2|     ap_none|                            sext_ln58_17|        scalar|
|sext_ln58_18              |   in|    2|     ap_none|                            sext_ln58_18|        scalar|
|sext_ln58_19              |   in|    2|     ap_none|                            sext_ln58_19|        scalar|
|sext_ln58_20              |   in|    2|     ap_none|                            sext_ln58_20|        scalar|
|sext_ln58_21              |   in|    2|     ap_none|                            sext_ln58_21|        scalar|
|sext_ln58_22              |   in|    2|     ap_none|                            sext_ln58_22|        scalar|
|sext_ln58_23              |   in|    2|     ap_none|                            sext_ln58_23|        scalar|
|sext_ln58_24              |   in|    2|     ap_none|                            sext_ln58_24|        scalar|
|sext_ln58_25              |   in|    2|     ap_none|                            sext_ln58_25|        scalar|
|sext_ln58_26              |   in|    2|     ap_none|                            sext_ln58_26|        scalar|
|sext_ln58_27              |   in|    2|     ap_none|                            sext_ln58_27|        scalar|
|sext_ln58_28              |   in|    2|     ap_none|                            sext_ln58_28|        scalar|
|sext_ln58_29              |   in|    2|     ap_none|                            sext_ln58_29|        scalar|
|sext_ln58_30              |   in|    2|     ap_none|                            sext_ln58_30|        scalar|
|sext_ln54                 |   in|    2|     ap_none|                               sext_ln54|        scalar|
+--------------------------+-----+-----+------------+----------------------------------------+--------------+

