

================================================================
== Vitis HLS Report for 'train_step_Pipeline_VITIS_LOOP_73_1_VITIS_LOOP_75_2'
================================================================
* Date:           Wed May 21 10:33:41 2025

* Version:        2024.2 (Build 5238294 on Nov  8 2024)
* Project:        train_step
* Solution:       hls (Vivado IP Flow Target)
* Product family: artix7
* Target device:  xc7a100t-csg324-1


================================================================
== Performance Estimates
================================================================
+ Timing: 
    * Summary: 
    +--------+----------+----------+------------+
    |  Clock |  Target  | Estimated| Uncertainty|
    +--------+----------+----------+------------+
    |ap_clk  |  10.00 ns|  7.300 ns|     2.70 ns|
    +--------+----------+----------+------------+

+ Latency: 
    * Summary: 
    +---------+---------+-----------+-----------+------+------+------------------------------------------------+
    |  Latency (cycles) |   Latency (absolute)  |   Interval  |                    Pipeline                    |
    |   min   |   max   |    min    |    max    |  min |  max |                      Type                      |
    +---------+---------+-----------+-----------+------+------+------------------------------------------------+
    |     2067|     2067|  20.670 us|  20.670 us|  2049|  2049|  loop auto-rewind stp (delay=0 clock cycles(s))|
    +---------+---------+-----------+-----------+------+------+------------------------------------------------+

    + Detail: 
        * Instance: 
        N/A

        * Loop: 
        +-----------------------------------+---------+---------+----------+-----------+-----------+------+----------+
        |                                   |  Latency (cycles) | Iteration|  Initiation Interval  | Trip |          |
        |             Loop Name             |   min   |   max   |  Latency |  achieved |   target  | Count| Pipelined|
        +-----------------------------------+---------+---------+----------+-----------+-----------+------+----------+
        |- VITIS_LOOP_73_1_VITIS_LOOP_75_2  |     2065|     2065|        19|          1|          1|  2048|       yes|
        +-----------------------------------+---------+---------+----------+-----------+-----------+------+----------+



================================================================
== Utilization Estimates
================================================================
* Summary: 
+-----------------+---------+-----+--------+-------+-----+
|       Name      | BRAM_18K| DSP |   FF   |  LUT  | URAM|
+-----------------+---------+-----+--------+-------+-----+
|DSP              |        -|    -|       -|      -|    -|
|Expression       |        -|    -|       0|    258|    -|
|FIFO             |        -|    -|       -|      -|    -|
|Instance         |        -|    0|       0|    364|    -|
|Memory           |        -|    -|       -|      -|    -|
|Multiplexer      |        -|    -|       0|     99|    -|
|Register         |        -|    -|     290|     64|    -|
+-----------------+---------+-----+--------+-------+-----+
|Total            |        0|    0|     290|    785|    0|
+-----------------+---------+-----+--------+-------+-----+
|Available        |      270|  240|  126800|  63400|    0|
+-----------------+---------+-----+--------+-------+-----+
|Utilization (%)  |        0|    0|      ~0|      1|    0|
+-----------------+---------+-----+--------+-------+-----+

+ Detail: 
    * Instance: 
    +----------------------------+-----------------------+---------+----+---+-----+-----+
    |          Instance          |         Module        | BRAM_18K| DSP| FF| LUT | URAM|
    +----------------------------+-----------------------+---------+----+---+-----+-----+
    |mul_2s_3s_4_1_1_U387        |mul_2s_3s_4_1_1        |        0|   0|  0|    9|    0|
    |sparsemux_129_6_2_1_1_U386  |sparsemux_129_6_2_1_1  |        0|   0|  0|  273|    0|
    |sparsemux_21_4_2_1_1_U384   |sparsemux_21_4_2_1_1   |        0|   0|  0|   41|    0|
    |sparsemux_21_4_2_1_1_U385   |sparsemux_21_4_2_1_1   |        0|   0|  0|   41|    0|
    +----------------------------+-----------------------+---------+----+---+-----+-----+
    |Total                       |                       |        0|   0|  0|  364|    0|
    +----------------------------+-----------------------+---------+----+---+-----+-----+

    * DSP: 
    N/A

    * Memory: 
    N/A

    * FIFO: 
    N/A

    * Expression: 
    +--------------------------------+----------+----+---+----+------------+------------+
    |          Variable Name         | Operation| DSP| FF| LUT| Bitwidth P0| Bitwidth P1|
    +--------------------------------+----------+----+---+----+------------+------------+
    |add_ln73_1_fu_997_p2            |         +|   0|  0|  14|           6|           1|
    |add_ln73_fu_966_p2              |         +|   0|  0|  19|          12|           1|
    |add_ln75_fu_1313_p2             |         +|   0|  0|  14|           7|           1|
    |add_ln76_1_fu_1346_p2           |         +|   0|  0|  64|          64|          64|
    |add_ln76_fu_1351_p2             |         +|   0|  0|  64|          64|          64|
    |w_new_fu_1378_p2                |         +|   0|  0|  16|           9|           9|
    |delta_fu_1099_p2                |         -|   0|  0|  11|           3|           3|
    |icmp_ln73_fu_960_p2             |      icmp|   0|  0|  20|          12|          13|
    |icmp_ln75_fu_983_p2             |      icmp|   0|  0|  15|           7|           8|
    |ap_block_pp0_stage0_01001_grp1  |        or|   0|  0|   2|           1|           1|
    |ap_block_pp0_stage0_11001       |        or|   0|  0|   2|           1|           1|
    |select_ln73_1_fu_1003_p3        |    select|   0|  0|   6|           1|           6|
    |select_ln73_fu_989_p3           |    select|   0|  0|   7|           1|           1|
    |select_ln78_fu_1392_p3          |    select|   0|  0|   2|           1|           2|
    |ap_enable_pp0                   |       xor|   0|  0|   2|           1|           2|
    +--------------------------------+----------+----+---+----+------------+------------+
    |Total                           |          |   0|  0| 258|         190|         177|
    +--------------------------------+----------+----+---+----+------------+------------+

    * Multiplexer: 
    +--------------------------------------+----+-----------+-----+-----------+
    |                 Name                 | LUT| Input Size| Bits| Total Bits|
    +--------------------------------------+----+-----------+-----+-----------+
    |WEIGHTS_blk_n_AR                      |   9|          2|    1|          2|
    |WEIGHTS_blk_n_AW                      |   9|          2|    1|          2|
    |WEIGHTS_blk_n_B                       |   9|          2|    1|          2|
    |WEIGHTS_blk_n_R                       |   9|          2|    1|          2|
    |WEIGHTS_blk_n_W                       |   9|          2|    1|          2|
    |ap_done_int                           |   9|          2|    1|          2|
    |ap_enable_reg_pp0_iter1               |   9|          2|    1|          2|
    |ap_sig_allocacmp_indvar_flatten_load  |   9|          2|   12|         24|
    |i_fu_398                              |   9|          2|    7|         14|
    |indvar_flatten_fu_406                 |   9|          2|   12|         24|
    |j_fu_402                              |   9|          2|    6|         12|
    +--------------------------------------+----+-----------+-----+-----------+
    |Total                                 |  99|         22|   44|         88|
    +--------------------------------------+----+-----------+-----+-----------+

    * Register: 
    +-----------------------------------+----+----+-----+-----------+
    |                Name               | FF | LUT| Bits| Const Bits|
    +-----------------------------------+----+----+-----+-----------+
    |WEIGHTS_addr_read_reg_1882         |   8|   0|    8|          0|
    |WEIGHTS_addr_reg_1870              |  64|   0|   64|          0|
    |ap_CS_fsm                          |   1|   0|    1|          0|
    |ap_done_reg                        |   1|   0|    1|          0|
    |ap_enable_reg_pp0_iter1            |   1|   0|    1|          0|
    |ap_enable_reg_pp0_iter10           |   1|   0|    1|          0|
    |ap_enable_reg_pp0_iter11           |   1|   0|    1|          0|
    |ap_enable_reg_pp0_iter12           |   1|   0|    1|          0|
    |ap_enable_reg_pp0_iter13           |   1|   0|    1|          0|
    |ap_enable_reg_pp0_iter14           |   1|   0|    1|          0|
    |ap_enable_reg_pp0_iter15           |   1|   0|    1|          0|
    |ap_enable_reg_pp0_iter16           |   1|   0|    1|          0|
    |ap_enable_reg_pp0_iter17           |   1|   0|    1|          0|
    |ap_enable_reg_pp0_iter18           |   1|   0|    1|          0|
    |ap_enable_reg_pp0_iter2            |   1|   0|    1|          0|
    |ap_enable_reg_pp0_iter3            |   1|   0|    1|          0|
    |ap_enable_reg_pp0_iter4            |   1|   0|    1|          0|
    |ap_enable_reg_pp0_iter5            |   1|   0|    1|          0|
    |ap_enable_reg_pp0_iter6            |   1|   0|    1|          0|
    |ap_enable_reg_pp0_iter7            |   1|   0|    1|          0|
    |ap_enable_reg_pp0_iter8            |   1|   0|    1|          0|
    |ap_enable_reg_pp0_iter9            |   1|   0|    1|          0|
    |ap_loop_exit_ready_pp0_iter10_reg  |   1|   0|    1|          0|
    |ap_loop_exit_ready_pp0_iter11_reg  |   1|   0|    1|          0|
    |ap_loop_exit_ready_pp0_iter12_reg  |   1|   0|    1|          0|
    |ap_loop_exit_ready_pp0_iter13_reg  |   1|   0|    1|          0|
    |ap_loop_exit_ready_pp0_iter14_reg  |   1|   0|    1|          0|
    |ap_loop_exit_ready_pp0_iter15_reg  |   1|   0|    1|          0|
    |ap_loop_exit_ready_pp0_iter16_reg  |   1|   0|    1|          0|
    |ap_loop_exit_ready_pp0_iter17_reg  |   1|   0|    1|          0|
    |ap_loop_exit_ready_pp0_iter1_reg   |   1|   0|    1|          0|
    |ap_loop_exit_ready_pp0_iter2_reg   |   1|   0|    1|          0|
    |ap_loop_exit_ready_pp0_iter3_reg   |   1|   0|    1|          0|
    |ap_loop_exit_ready_pp0_iter4_reg   |   1|   0|    1|          0|
    |ap_loop_exit_ready_pp0_iter5_reg   |   1|   0|    1|          0|
    |ap_loop_exit_ready_pp0_iter6_reg   |   1|   0|    1|          0|
    |ap_loop_exit_ready_pp0_iter7_reg   |   1|   0|    1|          0|
    |ap_loop_exit_ready_pp0_iter8_reg   |   1|   0|    1|          0|
    |ap_loop_exit_ready_pp0_iter9_reg   |   1|   0|    1|          0|
    |delta_reg_1855                     |   3|   0|    3|          0|
    |empty_reg_1860                     |   5|   0|    5|          0|
    |i_fu_398                           |   7|   0|    7|          0|
    |indvar_flatten_fu_406              |  12|   0|   12|          0|
    |j_fu_402                           |   6|   0|    6|          0|
    |mul_ln76_reg_1877                  |   4|   0|    4|          0|
    |select_ln73_reg_1850               |   7|   0|    7|          0|
    |select_ln78_reg_1887               |   7|   0|    8|          1|
    |tmp_3_reg_1865                     |   2|   0|    2|          0|
    |WEIGHTS_addr_reg_1870              |  64|  32|   64|          0|
    |mul_ln76_reg_1877                  |  64|  32|    4|          0|
    +-----------------------------------+----+----+-----+-----------+
    |Total                              | 290|  64|  231|          1|
    +-----------------------------------+----+----+-----+-----------+



================================================================
== Interface
================================================================
* Summary: 
+--------------------------+-----+-----+------------+-----------------------------------------------------+--------------+
|         RTL Ports        | Dir | Bits|  Protocol  |                    Source Object                    |    C Type    |
+--------------------------+-----+-----+------------+-----------------------------------------------------+--------------+
|ap_clk                    |   in|    1|  ap_ctrl_hs|  train_step_Pipeline_VITIS_LOOP_73_1_VITIS_LOOP_75_2|  return value|
|ap_rst                    |   in|    1|  ap_ctrl_hs|  train_step_Pipeline_VITIS_LOOP_73_1_VITIS_LOOP_75_2|  return value|
|ap_start                  |   in|    1|  ap_ctrl_hs|  train_step_Pipeline_VITIS_LOOP_73_1_VITIS_LOOP_75_2|  return value|
|ap_done                   |  out|    1|  ap_ctrl_hs|  train_step_Pipeline_VITIS_LOOP_73_1_VITIS_LOOP_75_2|  return value|
|ap_idle                   |  out|    1|  ap_ctrl_hs|  train_step_Pipeline_VITIS_LOOP_73_1_VITIS_LOOP_75_2|  return value|
|ap_ready                  |  out|    1|  ap_ctrl_hs|  train_step_Pipeline_VITIS_LOOP_73_1_VITIS_LOOP_75_2|  return value|
|m_axi_WEIGHTS_0_AWVALID   |  out|    1|       m_axi|                                              WEIGHTS|       pointer|
|m_axi_WEIGHTS_0_AWREADY   |   in|    1|       m_axi|                                              WEIGHTS|       pointer|
|m_axi_WEIGHTS_0_AWADDR    |  out|   64|       m_axi|                                              WEIGHTS|       pointer|
|m_axi_WEIGHTS_0_AWID      |  out|    1|       m_axi|                                              WEIGHTS|       pointer|
|m_axi_WEIGHTS_0_AWLEN     |  out|   32|       m_axi|                                              WEIGHTS|       pointer|
|m_axi_WEIGHTS_0_AWSIZE    |  out|    3|       m_axi|                                              WEIGHTS|       pointer|
|m_axi_WEIGHTS_0_AWBURST   |  out|    2|       m_axi|                                              WEIGHTS|       pointer|
|m_axi_WEIGHTS_0_AWLOCK    |  out|    2|       m_axi|                                              WEIGHTS|       pointer|
|m_axi_WEIGHTS_0_AWCACHE   |  out|    4|       m_axi|                                              WEIGHTS|       pointer|
|m_axi_WEIGHTS_0_AWPROT    |  out|    3|       m_axi|                                              WEIGHTS|       pointer|
|m_axi_WEIGHTS_0_AWQOS     |  out|    4|       m_axi|                                              WEIGHTS|       pointer|
|m_axi_WEIGHTS_0_AWREGION  |  out|    4|       m_axi|                                              WEIGHTS|       pointer|
|m_axi_WEIGHTS_0_AWUSER    |  out|    1|       m_axi|                                              WEIGHTS|       pointer|
|m_axi_WEIGHTS_0_WVALID    |  out|    1|       m_axi|                                              WEIGHTS|       pointer|
|m_axi_WEIGHTS_0_WREADY    |   in|    1|       m_axi|                                              WEIGHTS|       pointer|
|m_axi_WEIGHTS_0_WDATA     |  out|    8|       m_axi|                                              WEIGHTS|       pointer|
|m_axi_WEIGHTS_0_WSTRB     |  out|    1|       m_axi|                                              WEIGHTS|       pointer|
|m_axi_WEIGHTS_0_WLAST     |  out|    1|       m_axi|                                              WEIGHTS|       pointer|
|m_axi_WEIGHTS_0_WID       |  out|    1|       m_axi|                                              WEIGHTS|       pointer|
|m_axi_WEIGHTS_0_WUSER     |  out|    1|       m_axi|                                              WEIGHTS|       pointer|
|m_axi_WEIGHTS_0_ARVALID   |  out|    1|       m_axi|                                              WEIGHTS|       pointer|
|m_axi_WEIGHTS_0_ARREADY   |   in|    1|       m_axi|                                              WEIGHTS|       pointer|
|m_axi_WEIGHTS_0_ARADDR    |  out|   64|       m_axi|                                              WEIGHTS|       pointer|
|m_axi_WEIGHTS_0_ARID      |  out|    1|       m_axi|                                              WEIGHTS|       pointer|
|m_axi_WEIGHTS_0_ARLEN     |  out|   32|       m_axi|                                              WEIGHTS|       pointer|
|m_axi_WEIGHTS_0_ARSIZE    |  out|    3|       m_axi|                                              WEIGHTS|       pointer|
|m_axi_WEIGHTS_0_ARBURST   |  out|    2|       m_axi|                                              WEIGHTS|       pointer|
|m_axi_WEIGHTS_0_ARLOCK    |  out|    2|       m_axi|                                              WEIGHTS|       pointer|
|m_axi_WEIGHTS_0_ARCACHE   |  out|    4|       m_axi|                                              WEIGHTS|       pointer|
|m_axi_WEIGHTS_0_ARPROT    |  out|    3|       m_axi|                                              WEIGHTS|       pointer|
|m_axi_WEIGHTS_0_ARQOS     |  out|    4|       m_axi|                                              WEIGHTS|       pointer|
|m_axi_WEIGHTS_0_ARREGION  |  out|    4|       m_axi|                                              WEIGHTS|       pointer|
|m_axi_WEIGHTS_0_ARUSER    |  out|    1|       m_axi|                                              WEIGHTS|       pointer|
|m_axi_WEIGHTS_0_RVALID    |   in|    1|       m_axi|                                              WEIGHTS|       pointer|
|m_axi_WEIGHTS_0_RREADY    |  out|    1|       m_axi|                                              WEIGHTS|       pointer|
|m_axi_WEIGHTS_0_RDATA     |   in|    8|       m_axi|                                              WEIGHTS|       pointer|
|m_axi_WEIGHTS_0_RLAST     |   in|    1|       m_axi|                                              WEIGHTS|       pointer|
|m_axi_WEIGHTS_0_RID       |   in|    1|       m_axi|                                              WEIGHTS|       pointer|
|m_axi_WEIGHTS_0_RFIFONUM  |   in|   11|       m_axi|                                              WEIGHTS|       pointer|
|m_axi_WEIGHTS_0_RUSER     |   in|    1|       m_axi|                                              WEIGHTS|       pointer|
|m_axi_WEIGHTS_0_RRESP     |   in|    2|       m_axi|                                              WEIGHTS|       pointer|
|m_axi_WEIGHTS_0_BVALID    |   in|    1|       m_axi|                                              WEIGHTS|       pointer|
|m_axi_WEIGHTS_0_BREADY    |  out|    1|       m_axi|                                              WEIGHTS|       pointer|
|m_axi_WEIGHTS_0_BRESP     |   in|    2|       m_axi|                                              WEIGHTS|       pointer|
|m_axi_WEIGHTS_0_BID       |   in|    1|       m_axi|                                              WEIGHTS|       pointer|
|m_axi_WEIGHTS_0_BUSER     |   in|    1|       m_axi|                                              WEIGHTS|       pointer|
|out_pos_load              |   in|    2|     ap_none|                                         out_pos_load|        scalar|
|out_pos_1_load            |   in|    2|     ap_none|                                       out_pos_1_load|        scalar|
|out_pos_2_load            |   in|    2|     ap_none|                                       out_pos_2_load|        scalar|
|out_pos_3_load            |   in|    2|     ap_none|                                       out_pos_3_load|        scalar|
|out_pos_4_load            |   in|    2|     ap_none|                                       out_pos_4_load|        scalar|
|out_pos_5_load            |   in|    2|     ap_none|                                       out_pos_5_load|        scalar|
|out_pos_6_load            |   in|    2|     ap_none|                                       out_pos_6_load|        scalar|
|out_pos_7_load            |   in|    2|     ap_none|                                       out_pos_7_load|        scalar|
|out_pos_8_load            |   in|    2|     ap_none|                                       out_pos_8_load|        scalar|
|out_pos_9_load            |   in|    2|     ap_none|                                       out_pos_9_load|        scalar|
|out_neg_load              |   in|    2|     ap_none|                                         out_neg_load|        scalar|
|out_neg_1_load            |   in|    2|     ap_none|                                       out_neg_1_load|        scalar|
|out_neg_2_load            |   in|    2|     ap_none|                                       out_neg_2_load|        scalar|
|out_neg_3_load            |   in|    2|     ap_none|                                       out_neg_3_load|        scalar|
|out_neg_4_load            |   in|    2|     ap_none|                                       out_neg_4_load|        scalar|
|out_neg_5_load            |   in|    2|     ap_none|                                       out_neg_5_load|        scalar|
|out_neg_6_load            |   in|    2|     ap_none|                                       out_neg_6_load|        scalar|
|out_neg_7_load            |   in|    2|     ap_none|                                       out_neg_7_load|        scalar|
|out_neg_8_load            |   in|    2|     ap_none|                                       out_neg_8_load|        scalar|
|out_neg_9_load            |   in|    2|     ap_none|                                       out_neg_9_load|        scalar|
|W1                        |   in|   64|     ap_none|                                                   W1|        scalar|
|in_pos                    |   in|    2|     ap_none|                                               in_pos|        scalar|
|in_pos_1                  |   in|    2|     ap_none|                                             in_pos_1|        scalar|
|in_pos_2                  |   in|    2|     ap_none|                                             in_pos_2|        scalar|
|in_pos_3                  |   in|    2|     ap_none|                                             in_pos_3|        scalar|
|in_pos_4                  |   in|    2|     ap_none|                                             in_pos_4|        scalar|
|in_pos_5                  |   in|    2|     ap_none|                                             in_pos_5|        scalar|
|in_pos_6                  |   in|    2|     ap_none|                                             in_pos_6|        scalar|
|in_pos_7                  |   in|    2|     ap_none|                                             in_pos_7|        scalar|
|in_pos_8                  |   in|    2|     ap_none|                                             in_pos_8|        scalar|
|in_pos_9                  |   in|    2|     ap_none|                                             in_pos_9|        scalar|
|in_pos_10                 |   in|    2|     ap_none|                                            in_pos_10|        scalar|
|in_pos_11                 |   in|    2|     ap_none|                                            in_pos_11|        scalar|
|in_pos_12                 |   in|    2|     ap_none|                                            in_pos_12|        scalar|
|in_pos_13                 |   in|    2|     ap_none|                                            in_pos_13|        scalar|
|in_pos_14                 |   in|    2|     ap_none|                                            in_pos_14|        scalar|
|in_pos_15                 |   in|    2|     ap_none|                                            in_pos_15|        scalar|
|in_pos_16                 |   in|    2|     ap_none|                                            in_pos_16|        scalar|
|in_pos_17                 |   in|    2|     ap_none|                                            in_pos_17|        scalar|
|in_pos_18                 |   in|    2|     ap_none|                                            in_pos_18|        scalar|
|in_pos_19                 |   in|    2|     ap_none|                                            in_pos_19|        scalar|
|in_pos_20                 |   in|    2|     ap_none|                                            in_pos_20|        scalar|
|in_pos_21                 |   in|    2|     ap_none|                                            in_pos_21|        scalar|
|in_pos_22                 |   in|    2|     ap_none|                                            in_pos_22|        scalar|
|in_pos_23                 |   in|    2|     ap_none|                                            in_pos_23|        scalar|
|in_pos_24                 |   in|    2|     ap_none|                                            in_pos_24|        scalar|
|in_pos_25                 |   in|    2|     ap_none|                                            in_pos_25|        scalar|
|in_pos_26                 |   in|    2|     ap_none|                                            in_pos_26|        scalar|
|in_pos_27                 |   in|    2|     ap_none|                                            in_pos_27|        scalar|
|in_pos_28                 |   in|    2|     ap_none|                                            in_pos_28|        scalar|
|in_pos_29                 |   in|    2|     ap_none|                                            in_pos_29|        scalar|
|in_pos_30                 |   in|    2|     ap_none|                                            in_pos_30|        scalar|
|in_pos_31                 |   in|    2|     ap_none|                                            in_pos_31|        scalar|
|in_pos_32                 |   in|    2|     ap_none|                                            in_pos_32|        scalar|
|in_pos_33                 |   in|    2|     ap_none|                                            in_pos_33|        scalar|
|in_pos_34                 |   in|    2|     ap_none|                                            in_pos_34|        scalar|
|in_pos_35                 |   in|    2|     ap_none|                                            in_pos_35|        scalar|
|in_pos_36                 |   in|    2|     ap_none|                                            in_pos_36|        scalar|
|in_pos_37                 |   in|    2|     ap_none|                                            in_pos_37|        scalar|
|in_pos_38                 |   in|    2|     ap_none|                                            in_pos_38|        scalar|
|in_pos_39                 |   in|    2|     ap_none|                                            in_pos_39|        scalar|
|in_pos_40                 |   in|    2|     ap_none|                                            in_pos_40|        scalar|
|in_pos_41                 |   in|    2|     ap_none|                                            in_pos_41|        scalar|
|in_pos_42                 |   in|    2|     ap_none|                                            in_pos_42|        scalar|
|in_pos_43                 |   in|    2|     ap_none|                                            in_pos_43|        scalar|
|in_pos_44                 |   in|    2|     ap_none|                                            in_pos_44|        scalar|
|in_pos_45                 |   in|    2|     ap_none|                                            in_pos_45|        scalar|
|in_pos_46                 |   in|    2|     ap_none|                                            in_pos_46|        scalar|
|in_pos_47                 |   in|    2|     ap_none|                                            in_pos_47|        scalar|
|in_pos_48                 |   in|    2|     ap_none|                                            in_pos_48|        scalar|
|in_pos_49                 |   in|    2|     ap_none|                                            in_pos_49|        scalar|
|in_pos_50                 |   in|    2|     ap_none|                                            in_pos_50|        scalar|
|in_pos_51                 |   in|    2|     ap_none|                                            in_pos_51|        scalar|
|in_pos_52                 |   in|    2|     ap_none|                                            in_pos_52|        scalar|
|in_pos_53                 |   in|    2|     ap_none|                                            in_pos_53|        scalar|
|in_pos_54                 |   in|    2|     ap_none|                                            in_pos_54|        scalar|
|in_pos_55                 |   in|    2|     ap_none|                                            in_pos_55|        scalar|
|in_pos_56                 |   in|    2|     ap_none|                                            in_pos_56|        scalar|
|in_pos_57                 |   in|    2|     ap_none|                                            in_pos_57|        scalar|
|in_pos_58                 |   in|    2|     ap_none|                                            in_pos_58|        scalar|
|in_pos_59                 |   in|    2|     ap_none|                                            in_pos_59|        scalar|
|in_pos_60                 |   in|    2|     ap_none|                                            in_pos_60|        scalar|
|in_pos_61                 |   in|    2|     ap_none|                                            in_pos_61|        scalar|
|in_pos_62                 |   in|    2|     ap_none|                                            in_pos_62|        scalar|
|in_pos_63                 |   in|    2|     ap_none|                                            in_pos_63|        scalar|
+--------------------------+-----+-----+------------+-----------------------------------------------------+--------------+

