INFO: [SIM 2] *************** CSIM start ***************
INFO: [SIM 4] CSIM will launch CLANG as the compiler.
   Compiling ../../../../../tb/train_tb.cpp in debug mode
   Generating csim.exe
 W1[0]: -76 1 0 0 0 0 0 0 -125 1 0 -126 0 0 0 0 -1 3 0 0 0 0 0 0 112 58 15 0 0 0 0 0 116 70 93 64 0 0 0 0 -82 5 0 -85 0 0 0 0 112 58 15 0 0 0 0 0 -32 119 15 0 0 0 0 0
 W1[1]: 0 0 14 0 0 0 0 0 0 0 14 0 0 0 0 0 16 0 0 0 0 0 0 0 100 0 0 0 0 0 0 0 16 36 1 0 0 0 0 0 0 0 0 0 0 0 0 0 0 0 0 0 0 0 0 0 -82 5 0 -85 0 0 0 0
 W1[2]: 1 1 0 0 0 0 0 0 -82 5 0 -85 0 0 0 0 80 1 14 0 0 0 0 0 127 6 0 0 127 3 0 0 1 0 0 0 0 0 0 0 -82 5 0 -85 0 0 0 0 0 0 0 0 0 0 0 0 -128 0 0 0 0 0 0 0
 W1[3]: 0 0 0 0 0 0 0 0 0 0 0 0 0 0 0 0 16 0 0 0 0 0 0 0 103 0 0 0 0 0 0 0 -76 1 0 0 0 0 0 0 8 0 0 0 0 0 0 0 0 0 0 0 0 0 0 0 -82 5 0 -85 0 0 0 0
 W1[4]: 0 0 93 64 0 0 0 0 114 1 0 115 0 0 0 0 -64 -40 11 125 -6 127 0 0 108 -18 63 64 0 0 0 0 -64 -40 11 125 -6 127 0 0 35 -12 6 125 -6 127 0 0 82 0 0 0 0 0 0 0 -14 0 0 0 0 0 0 0
 W1[5]: 48 -17 63 64 0 0 0 0 1 0 0 0 0 0 0 0 32 0 0 0 0 0 0 0 -39 -13 6 125 -6 127 0 0 -64 -40 11 125 -6 127 0 0 -63 -40 11 125 -6 127 0 0 32 0 0 0 0 0 0 0 16 36 1 0 0 0 0 0
 W1[6]: 0 0 93 64 0 0 0 0 65 18 0 0 0 0 0 0 33 0 0 0 0 0 0 0 -1 -1 -1 -1 82 0 0 0 1 0 0 0 0 0 0 0 2 0 0 0 -6 127 0 0 0 0 0 0 0 0 0 0 -104 -12 63 64 0 0 0 0
 W1[7]: 0 0 0 0 0 0 0 0 64 -13 63 64 0 0 0 0 39 0 0 0 0 0 0 0 122 -45 11 125 -6 127 0 0 0 0 0 0 0 0 0 0 0 0 0 0 0 0 0 0 0 0 0 0 0 0 0 0 0 0 0 0 0 0 0 0
 W1[8]: 0 0 0 0 0 0 0 0 0 0 0 0 0 0 0 0 0 0 0 0 0 0 0 0 0 0 0 0 0 0 0 0 0 0 0 0 0 0 0 0 0 0 0 0 0 0 0 0 0 0 0 0 0 0 0 0 0 0 0 0 0 0 0 0
 W1[9]: 0 0 0 0 0 0 0 0 0 0 0 0 0 0 0 0 0 0 0 0 0 0 0 0 0 0 0 0 0 0 0 0 0 0 0 0 0 0 0 0 0 0 0 0 0 0 0 0 0 0 0 0 0 0 0 0 0 0 0 0 0 0 0 0
 W1[10]: 0 0 0 0 0 0 0 0 0 0 0 0 0 0 0 0 0 0 0 0 0 0 0 0 0 0 0 0 0 0 0 0 0 0 0 0 0 0 0 0 0 0 0 0 0 0 0 0 0 0 0 0 0 0 0 0 0 0 0 0 0 0 0 0
 W1[11]: 0 0 0 0 0 0 0 0 0 0 0 0 0 0 0 0 0 0 0 0 0 0 0 0 0 0 0 0 0 0 0 0 0 0 0 0 0 0 0 0 0 0 0 0 0 0 0 0 0 0 0 0 0 0 0 0 0 0 0 0 0 0 0 0
 W1[12]: 0 0 0 0 0 0 0 0 0 0 0 0 0 0 0 0 0 0 0 0 0 0 0 0 0 0 0 0 0 0 0 0 0 0 0 0 0 0 0 0 0 0 0 0 0 0 0 0 0 0 0 0 0 0 0 0 0 0 0 0 0 0 0 0
 W1[13]: 0 0 0 0 0 0 0 0 0 0 0 0 0 0 0 0 0 0 0 0 0 0 0 0 0 0 0 0 0 0 0 0 0 0 0 0 0 0 0 0 0 0 0 0 0 0 0 0 0 0 0 0 0 0 0 0 0 0 0 0 0 0 0 0
 W1[14]: 0 0 0 0 0 0 0 0 0 0 0 0 0 0 0 0 0 0 0 0 0 0 0 0 0 0 0 0 0 0 0 0 0 0 0 0 0 0 0 0 0 0 0 0 0 0 0 0 0 0 0 0 0 0 0 0 0 0 0 0 0 0 0 0
 W1[15]: 0 0 0 0 0 0 0 0 0 0 0 0 0 0 0 0 0 0 0 0 0 0 0 0 -89 -22 6 125 -6 127 0 0 0 0 0 0 0 0 0 0 0 0 0 0 55 52 49 99 0 0 0 0 0 0 0 0 0 0 0 0 0 0 0 0
 W1[16]: -64 -40 11 125 -6 127 0 0 92 -15 63 64 0 0 0 0 -64 -40 11 125 -6 127 0 0 35 -12 6 125 -6 127 0 0 82 0 0 0 0 0 0 0 0 0 0 0 0 0 0 0 32 -14 63 64 0 0 0 0 1 0 0 0 0 0 0 0
 W1[17]: 32 0 0 0 0 0 0 0 -39 -13 6 125 -6 127 0 0 -64 -40 11 125 -6 127 0 0 -63 -40 11 125 -6 127 0 0 32 0 0 0 0 0 0 0 0 0 0 0 39 0 0 0 -48 -13 63 64 0 0 0 0 0 0 0 0 0 0 0 0
 W1[18]: 25 0 0 0 0 0 0 0 -1 -1 -1 -1 82 0 0 0 1 0 0 0 0 0 0 0 0 0 0 0 0 0 0 0 0 0 0 0 0 0 0 0 -120 -9 63 64 0 0 0 0 0 0 0 0 0 0 0 0 48 -10 63 64 0 0 0 0
 W1[19]: 39 0 0 0 0 0 0 0 122 -45 11 125 -6 127 0 0 0 0 0 0 0 0 0 0 0 0 0 0 0 0 0 0 0 0 0 0 0 0 0 0 0 0 0 0 0 0 0 0 0 0 0 0 0 0 0 0 0 0 0 0 0 0 0 0
 W1[20]: 0 0 0 0 0 0 0 0 0 0 0 0 0 0 0 0 0 0 0 0 0 0 0 0 0 0 0 0 0 0 0 0 0 0 0 0 0 0 0 0 0 0 0 0 0 0 0 0 0 0 0 0 0 0 0 0 0 0 0 0 0 0 0 0
 W1[21]: 0 0 0 0 0 0 0 0 0 0 0 0 0 0 0 0 0 0 0 0 0 0 0 0 0 0 0 0 0 0 0 0 0 0 0 0 0 0 0 0 0 0 0 0 0 0 0 0 0 0 0 0 0 0 0 0 0 0 0 0 0 0 0 0
 W1[22]: 0 0 0 0 0 0 0 0 0 0 0 0 0 0 0 0 0 0 0 0 0 0 0 0 0 0 0 0 0 0 0 0 0 0 0 0 0 0 0 0 0 0 0 0 0 0 0 0 0 0 0 0 0 0 0 0 0 0 0 0 0 0 0 0
 W1[23]: 0 0 0 0 0 0 0 0 0 0 0 0 0 0 0 0 0 0 0 0 0 0 0 0 0 0 0 0 0 0 0 0 0 0 0 0 0 0 0 0 0 0 0 0 0 0 0 0 0 0 0 0 0 0 0 0 0 0 0 0 0 0 0 0
 W1[24]: 0 0 0 0 0 0 0 0 0 0 0 0 0 0 0 0 0 0 0 0 0 0 0 0 0 0 0 0 0 0 0 0 0 0 0 0 0 0 0 0 0 0 0 0 0 0 0 0 0 0 0 0 0 0 0 0 0 0 0 0 0 0 0 0
 W1[25]: 0 0 0 0 0 0 0 0 0 0 0 0 0 0 0 0 0 0 0 0 0 0 0 0 0 0 0 0 0 0 0 0 0 0 0 0 0 0 0 0 0 0 0 0 0 0 0 0 0 0 0 0 0 0 0 0 0 0 0 0 0 0 0 0
 W1[26]: 0 0 0 0 0 0 0 0 0 0 0 0 0 0 0 0 0 0 0 0 0 0 0 0 0 0 0 0 0 0 0 0 0 0 0 0 0 0 0 0 0 0 0 0 0 0 0 0 0 0 0 0 0 0 0 0 0 0 0 0 0 0 0 0
 W1[27]: 0 0 0 0 0 0 0 0 -89 -22 6 125 -6 127 0 0 0 0 0 0 0 0 0 0 0 0 0 0 55 52 49 99 0 0 0 0 0 0 0 0 0 0 0 0 0 0 0 0 56 -10 63 64 0 0 0 0 -107 -23 6 125 -6 127 0 0
 W1[28]: 56 -10 63 64 0 0 0 0 -8 -1 -1 -1 0 0 0 0 8 0 0 0 0 0 0 0 0 0 0 0 0 0 0 0 0 0 0 0 0 0 0 0 0 0 0 0 0 0 0 0 0 0 0 0 9 0 0 0 0 0 0 0 8 0 0 0
 W1[29]: 0 0 0 0 0 0 0 0 0 0 0 0 0 0 0 0 96 -4 63 64 0 0 0 0 0 0 0 0 39 0 0 0 -64 -10 63 64 0 0 0 0 0 0 0 0 0 0 0 0 0 0 0 0 0 0 0 0 0 0 0 0 0 0 0 0
 W1[30]: 0 0 0 0 0 0 0 0 0 0 0 0 0 0 0 0 0 0 0 0 0 0 0 0 0 0 0 0 0 0 0 0 0 0 0 0 0 0 0 0 0 0 0 0 0 0 0 0 0 0 0 0 0 0 0 0 0 0 0 0 0 0 0 0
 W1[31]: 0 0 0 0 0 0 0 0 0 0 0 0 0 0 0 0 0 0 0 0 0 0 0 0 0 0 0 0 0 0 0 0 0 0 0 0 0 0 0 0 0 0 0 0 0 0 0 0 64 43 93 64 0 0 0 0 5 0 0 0 0 0 0 0
 W2[0]: -8 -6 63 64 0 0 0 0 0 0 0 0 0 0 0 0 0 64 102 64 0 0 0 0 -1 0 0 0 0 0 0 0
 W2[1]: 0 48 1 0 0 0 0 0 80 1 93 64 0 0 0 0 80 1 93 64 0 0 0 0 -2 -6 63 64 0 0 0 0
 W2[2]: 112 0 101 64 0 0 0 0 20 0 0 0 0 0 0 0 16 36 1 0 0 0 0 0 0 36 1 0 0 0 0 0
 W2[3]: 1 0 0 0 0 0 0 0 125 71 -8 124 -6 127 0 0 0 0 93 64 0 0 0 0 0 0 16 0 0 0 0 0
 W2[4]: 0 0 93 64 0 0 0 0 0 0 93 64 0 0 0 0 -1 3 0 0 0 0 0 0 -11 19 0 0 0 0 0 0
 W2[5]: -4 -6 63 64 0 0 0 0 80 1 93 64 0 0 0 0 0 3 0 0 0 0 0 0 0 0 0 0 0 0 0 0
 W2[6]: -128 0 101 64 0 0 0 0 1 0 0 0 0 0 0 0 112 0 101 64 0 0 0 0 1 0 0 0 0 0 0 0
 W2[7]: -76 1 0 0 0 0 0 0 0 0 0 0 127 3 0 0 0 0 0 0 0 0 0 0 0 0 0 0 0 0 0 0
 W2[8]: 0 0 0 0 0 0 0 0 -76 1 0 0 0 0 0 0 0 0 0 0 0 0 0 0 0 0 0 0 0 0 0 0
 W2[9]: -76 1 0 0 0 0 0 0 80 1 93 64 0 0 0 0 0 0 0 0 0 0 0 0 2 0 0 0 0 0 0 0
== Epoca 1 ==
Hidden -> Good Pos:32, Neg:32, Margin: 4, Diff: 0 | Output -> Good Pos:10, Neg:10, Margin: 4, Diff: 0
Hidden -> Good Pos:32, Neg:32, Margin: 4, Diff: 0 | Output -> Good Pos:10, Neg:10, Margin: 4, Diff: 0
Hidden -> Good Pos:32, Neg:32, Margin: 4, Diff: 0 | Output -> Good Pos:10, Neg:10, Margin: 4, Diff: 0
Hidden -> Good Pos:32, Neg:32, Margin: 4, Diff: 0 | Output -> Good Pos:10, Neg:10, Margin: 4, Diff: 0
Hidden -> Good Pos:32, Neg:32, Margin: 4, Diff: 0 | Output -> Good Pos:10, Neg:10, Margin: 4, Diff: 0
Hidden -> Good Pos:32, Neg:32, Margin: 4, Diff: 0 | Output -> Good Pos:10, Neg:10, Margin: 4, Diff: 0
Hidden -> Good Pos:32, Neg:32, Margin: 4, Diff: 0 | Output -> Good Pos:10, Neg:10, Margin: 4, Diff: 0
Hidden -> Good Pos:32, Neg:32, Margin: 4, Diff: 0 | Output -> Good Pos:10, Neg:10, Margin: 4, Diff: 0
Hidden -> Good Pos:32, Neg:32, Margin: 4, Diff: 0 | Output -> Good Pos:10, Neg:10, Margin: 4, Diff: 0
Hidden -> Good Pos:32, Neg:32, Margin: 4, Diff: 0 | Output -> Good Pos:10, Neg:10, Margin: 4, Diff: 0
Hidden -> Good Pos:32, Neg:32, Margin: 4, Diff: 0 | Output -> Good Pos:10, Neg:10, Margin: 4, Diff: 0
Hidden -> Good Pos:32, Neg:32, Margin: 4, Diff: 0 | Output -> Good Pos:10, Neg:10, Margin: 4, Diff: 0
Hidden -> Good Pos:32, Neg:32, Margin: 4, Diff: 0 | Output -> Good Pos:10, Neg:10, Margin: 4, Diff: 0
Hidden -> Good Pos:32, Neg:32, Margin: 4, Diff: 0 | Output -> Good Pos:10, Neg:10, Margin: 4, Diff: 0
Hidden -> Good Pos:32, Neg:32, Margin: 4, Diff: 0 | Output -> Good Pos:10, Neg:10, Margin: 4, Diff: 0
Hidden -> Good Pos:32, Neg:32, Margin: 4, Diff: 0 | Output -> Good Pos:10, Neg:10, Margin: 4, Diff: 0
Hidden -> Good Pos:32, Neg:32, Margin: 4, Diff: 0 | Output -> Good Pos:10, Neg:10, Margin: 4, Diff: 0
Hidden -> Good Pos:32, Neg:32, Margin: 4, Diff: 0 | Output -> Good Pos:10, Neg:10, Margin: 4, Diff: 0
Hidden -> Good Pos:32, Neg:32, Margin: 4, Diff: 0 | Output -> Good Pos:10, Neg:10, Margin: 4, Diff: 0
Hidden -> Good Pos:32, Neg:32, Margin: 4, Diff: 0 | Output -> Good Pos:10, Neg:10, Margin: 4, Diff: 0
Hidden -> Good Pos:32, Neg:32, Margin: 4, Diff: 0 | Output -> Good Pos:10, Neg:10, Margin: 4, Diff: 0
Hidden -> Good Pos:32, Neg:32, Margin: 4, Diff: 0 | Output -> Good Pos:10, Neg:10, Margin: 4, Diff: 0
Hidden -> Good Pos:32, Neg:32, Margin: 4, Diff: 0 | Output -> Good Pos:10, Neg:10, Margin: 4, Diff: 0
Hidden -> Good Pos:32, Neg:32, Margin: 4, Diff: 0 | Output -> Good Pos:10, Neg:10, Margin: 4, Diff: 0
Hidden -> Good Pos:32, Neg:32, Margin: 4, Diff: 0 | Output -> Good Pos:10, Neg:10, Margin: 4, Diff: 0
Hidden -> Good Pos:32, Neg:32, Margin: 4, Diff: 0 | Output -> Good Pos:10, Neg:10, Margin: 4, Diff: 0
Hidden -> Good Pos:32, Neg:32, Margin: 4, Diff: 0 | Output -> Good Pos:10, Neg:10, Margin: 4, Diff: 0
Hidden -> Good Pos:32, Neg:32, Margin: 4, Diff: 0 | Output -> Good Pos:10, Neg:10, Margin: 4, Diff: 0
Hidden -> Good Pos:32, Neg:32, Margin: 4, Diff: 0 | Output -> Good Pos:10, Neg:10, Margin: 4, Diff: 0
Hidden -> Good Pos:32, Neg:32, Margin: 4, Diff: 0 | Output -> Good Pos:10, Neg:10, Margin: 4, Diff: 0
Hidden -> Good Pos:32, Neg:32, Margin: 4, Diff: 0 | Output -> Good Pos:10, Neg:10, Margin: 4, Diff: 0
Hidden -> Good Pos:32, Neg:32, Margin: 4, Diff: 0 | Output -> Good Pos:10, Neg:10, Margin: 4, Diff: 0
Hidden -> Good Pos:32, Neg:32, Margin: 4, Diff: 0 | Output -> Good Pos:10, Neg:10, Margin: 4, Diff: 0
Hidden -> Good Pos:32, Neg:32, Margin: 4, Diff: 0 | Output -> Good Pos:10, Neg:10, Margin: 4, Diff: 0
Hidden -> Good Pos:32, Neg:32, Margin: 4, Diff: 0 | Output -> Good Pos:10, Neg:10, Margin: 4, Diff: 0
Hidden -> Good Pos:32, Neg:32, Margin: 4, Diff: 0 | Output -> Good Pos:10, Neg:10, Margin: 4, Diff: 0
Hidden -> Good Pos:32, Neg:32, Margin: 4, Diff: 0 | Output -> Good Pos:10, Neg:10, Margin: 4, Diff: 0
Hidden -> Good Pos:32, Neg:32, Margin: 4, Diff: 0 | Output -> Good Pos:10, Neg:10, Margin: 4, Diff: 0
Hidden -> Good Pos:32, Neg:32, Margin: 4, Diff: 0 | Output -> Good Pos:10, Neg:10, Margin: 4, Diff: 0
Hidden -> Good Pos:32, Neg:32, Margin: 4, Diff: 0 | Output -> Good Pos:10, Neg:10, Margin: 4, Diff: 0
Hidden -> Good Pos:32, Neg:32, Margin: 4, Diff: 0 | Output -> Good Pos:10, Neg:10, Margin: 4, Diff: 0
Hidden -> Good Pos:32, Neg:32, Margin: 4, Diff: 0 | Output -> Good Pos:10, Neg:10, Margin: 4, Diff: 0
Hidden -> Good Pos:32, Neg:32, Margin: 4, Diff: 0 | Output -> Good Pos:10, Neg:10, Margin: 4, Diff: 0
Hidden -> Good Pos:32, Neg:32, Margin: 4, Diff: 0 | Output -> Good Pos:10, Neg:10, Margin: 4, Diff: 0
Hidden -> Good Pos:32, Neg:32, Margin: 4, Diff: 0 | Output -> Good Pos:10, Neg:10, Margin: 4, Diff: 0
Hidden -> Good Pos:32, Neg:32, Margin: 4, Diff: 0 | Output -> Good Pos:10, Neg:10, Margin: 4, Diff: 0
Hidden -> Good Pos:32, Neg:32, Margin: 4, Diff: 0 | Output -> Good Pos:10, Neg:10, Margin: 4, Diff: 0
Hidden -> Good Pos:32, Neg:32, Margin: 4, Diff: 0 | Output -> Good Pos:10, Neg:10, Margin: 4, Diff: 0
Hidden -> Good Pos:32, Neg:32, Margin: 4, Diff: 0 | Output -> Good Pos:10, Neg:10, Margin: 4, Diff: 0
Hidden -> Good Pos:32, Neg:32, Margin: 4, Diff: 0 | Output -> Good Pos:10, Neg:10, Margin: 4, Diff: 0
Hidden -> Good Pos:32, Neg:32, Margin: 4, Diff: 0 | Output -> Good Pos:10, Neg:10, Margin: 4, Diff: 0
Hidden -> Good Pos:32, Neg:32, Margin: 4, Diff: 0 | Output -> Good Pos:10, Neg:10, Margin: 4, Diff: 0
Hidden -> Good Pos:32, Neg:32, Margin: 4, Diff: 0 | Output -> Good Pos:10, Neg:10, Margin: 4, Diff: 0
Hidden -> Good Pos:32, Neg:32, Margin: 4, Diff: 0 | Output -> Good Pos:10, Neg:10, Margin: 4, Diff: 0
Hidden -> Good Pos:32, Neg:32, Margin: 4, Diff: 0 | Output -> Good Pos:10, Neg:10, Margin: 4, Diff: 0
Hidden -> Good Pos:32, Neg:32, Margin: 4, Diff: 0 | Output -> Good Pos:10, Neg:10, Margin: 4, Diff: 0
Hidden -> Good Pos:32, Neg:32, Margin: 4, Diff: 0 | Output -> Good Pos:10, Neg:10, Margin: 4, Diff: 0
Hidden -> Good Pos:32, Neg:32, Margin: 4, Diff: 0 | Output -> Good Pos:10, Neg:10, Margin: 4, Diff: 0
Hidden -> Good Pos:32, Neg:32, Margin: 4, Diff: 0 | Output -> Good Pos:10, Neg:10, Margin: 4, Diff: 0
Hidden -> Good Pos:32, Neg:32, Margin: 4, Diff: 0 | Output -> Good Pos:10, Neg:10, Margin: 4, Diff: 0
Hidden -> Good Pos:32, Neg:32, Margin: 4, Diff: 0 | Output -> Good Pos:10, Neg:10, Margin: 4, Diff: 0
Hidden -> Good Pos:32, Neg:32, Margin: 4, Diff: 0 | Output -> Good Pos:10, Neg:10, Margin: 4, Diff: 0
Hidden -> Good Pos:32, Neg:32, Margin: 4, Diff: 0 | Output -> Good Pos:10, Neg:10, Margin: 4, Diff: 0
Hidden -> Good Pos:32, Neg:32, Margin: 4, Diff: 0 | Output -> Good Pos:10, Neg:10, Margin: 4, Diff: 0
Hidden -> Good Pos:32, Neg:32, Margin: 4, Diff: 0 | Output -> Good Pos:10, Neg:10, Margin: 4, Diff: 0
Hidden -> Good Pos:32, Neg:32, Margin: 4, Diff: 0 | Output -> Good Pos:10, Neg:10, Margin: 4, Diff: 0
Hidden -> Good Pos:32, Neg:32, Margin: 4, Diff: 0 | Output -> Good Pos:10, Neg:10, Margin: 4, Diff: 0
Hidden -> Good Pos:32, Neg:32, Margin: 4, Diff: 0 | Output -> Good Pos:10, Neg:10, Margin: 4, Diff: 0
Hidden -> Good Pos:32, Neg:32, Margin: 4, Diff: 0 | Output -> Good Pos:10, Neg:10, Margin: 4, Diff: 0
Hidden -> Good Pos:32, Neg:32, Margin: 4, Diff: 0 | Output -> Good Pos:10, Neg:10, Margin: 4, Diff: 0
Hidden -> Good Pos:32, Neg:32, Margin: 4, Diff: 0 | Output -> Good Pos:10, Neg:10, Margin: 4, Diff: 0
Hidden -> Good Pos:32, Neg:32, Margin: 4, Diff: 0 | Output -> Good Pos:10, Neg:10, Margin: 4, Diff: 0
Hidden -> Good Pos:32, Neg:32, Margin: 4, Diff: 0 | Output -> Good Pos:10, Neg:10, Margin: 4, Diff: 0
Hidden -> Good Pos:32, Neg:32, Margin: 4, Diff: 0 | Output -> Good Pos:10, Neg:10, Margin: 4, Diff: 0
Hidden -> Good Pos:32, Neg:32, Margin: 4, Diff: 0 | Output -> Good Pos:10, Neg:10, Margin: 4, Diff: 0
Hidden -> Good Pos:32, Neg:32, Margin: 4, Diff: 0 | Output -> Good Pos:10, Neg:10, Margin: 4, Diff: 0
Hidden -> Good Pos:32, Neg:32, Margin: 4, Diff: 0 | Output -> Good Pos:10, Neg:10, Margin: 4, Diff: 0
Hidden -> Good Pos:32, Neg:32, Margin: 4, Diff: 0 | Output -> Good Pos:10, Neg:10, Margin: 4, Diff: 0
Hidden -> Good Pos:32, Neg:32, Margin: 4, Diff: 0 | Output -> Good Pos:10, Neg:10, Margin: 4, Diff: 0
Hidden -> Good Pos:32, Neg:32, Margin: 4, Diff: 0 | Output -> Good Pos:10, Neg:10, Margin: 4, Diff: 0
Hidden -> Good Pos:32, Neg:32, Margin: 4, Diff: 0 | Output -> Good Pos:10, Neg:10, Margin: 4, Diff: 0
Hidden -> Good Pos:32, Neg:32, Margin: 4, Diff: 0 | Output -> Good Pos:10, Neg:10, Margin: 4, Diff: 0
Hidden -> Good Pos:32, Neg:32, Margin: 4, Diff: 0 | Output -> Good Pos:10, Neg:10, Margin: 4, Diff: 0
Hidden -> Good Pos:32, Neg:32, Margin: 4, Diff: 0 | Output -> Good Pos:10, Neg:10, Margin: 4, Diff: 0
Hidden -> Good Pos:32, Neg:32, Margin: 4, Diff: 0 | Output -> Good Pos:10, Neg:10, Margin: 4, Diff: 0
Hidden -> Good Pos:32, Neg:32, Margin: 4, Diff: 0 | Output -> Good Pos:10, Neg:10, Margin: 4, Diff: 0
Hidden -> Good Pos:32, Neg:32, Margin: 4, Diff: 0 | Output -> Good Pos:10, Neg:10, Margin: 4, Diff: 0
Hidden -> Good Pos:32, Neg:32, Margin: 4, Diff: 0 | Output -> Good Pos:10, Neg:10, Margin: 4, Diff: 0
Hidden -> Good Pos:32, Neg:32, Margin: 4, Diff: 0 | Output -> Good Pos:10, Neg:10, Margin: 4, Diff: 0
Hidden -> Good Pos:32, Neg:32, Margin: 4, Diff: 0 | Output -> Good Pos:10, Neg:10, Margin: 4, Diff: 0
Hidden -> Good Pos:32, Neg:32, Margin: 4, Diff: 0 | Output -> Good Pos:10, Neg:10, Margin: 4, Diff: 0
Hidden -> Good Pos:32, Neg:32, Margin: 4, Diff: 0 | Output -> Good Pos:10, Neg:10, Margin: 4, Diff: 0
Hidden -> Good Pos:32, Neg:32, Margin: 4, Diff: 0 | Output -> Good Pos:10, Neg:10, Margin: 4, Diff: 0
Hidden -> Good Pos:32, Neg:32, Margin: 4, Diff: 0 | Output -> Good Pos:10, Neg:10, Margin: 4, Diff: 0
Hidden -> Good Pos:32, Neg:32, Margin: 4, Diff: 0 | Output -> Good Pos:10, Neg:10, Margin: 4, Diff: 0
Hidden -> Good Pos:32, Neg:32, Margin: 4, Diff: 0 | Output -> Good Pos:10, Neg:10, Margin: 4, Diff: 0
Hidden -> Good Pos:32, Neg:32, Margin: 4, Diff: 0 | Output -> Good Pos:10, Neg:10, Margin: 4, Diff: 0
Hidden -> Good Pos:32, Neg:32, Margin: 4, Diff: 0 | Output -> Good Pos:10, Neg:10, Margin: 4, Diff: 0
Hidden -> Good Pos:32, Neg:32, Margin: 4, Diff: 0 | Output -> Good Pos:10, Neg:10, Margin: 4, Diff: 0
Hidden -> Good Pos:32, Neg:32, Margin: 4, Diff: 0 | Output -> Good Pos:10, Neg:10, Margin: 4, Diff: 0
Hidden -> Good Pos:32, Neg:32, Margin: 4, Diff: 0 | Output -> Good Pos:10, Neg:10, Margin: 4, Diff: 0
Hidden -> Good Pos:32, Neg:32, Margin: 4, Diff: 0 | Output -> Good Pos:10, Neg:10, Margin: 4, Diff: 0
Hidden -> Good Pos:32, Neg:32, Margin: 4, Diff: 0 | Output -> Good Pos:10, Neg:10, Margin: 4, Diff: 0
Hidden -> Good Pos:32, Neg:32, Margin: 4, Diff: 0 | Output -> Good Pos:10, Neg:10, Margin: 4, Diff: 0
Hidden -> Good Pos:32, Neg:32, Margin: 4, Diff: 0 | Output -> Good Pos:10, Neg:10, Margin: 4, Diff: 0
Hidden -> Good Pos:32, Neg:32, Margin: 4, Diff: 0 | Output -> Good Pos:10, Neg:10, Margin: 4, Diff: 0
Hidden -> Good Pos:32, Neg:32, Margin: 4, Diff: 0 | Output -> Good Pos:10, Neg:10, Margin: 4, Diff: 0
Hidden -> Good Pos:32, Neg:32, Margin: 4, Diff: 0 | Output -> Good Pos:10, Neg:10, Margin: 4, Diff: 0
Hidden -> Good Pos:32, Neg:32, Margin: 4, Diff: 0 | Output -> Good Pos:10, Neg:10, Margin: 4, Diff: 0
Hidden -> Good Pos:32, Neg:32, Margin: 4, Diff: 0 | Output -> Good Pos:10, Neg:10, Margin: 4, Diff: 0
Hidden -> Good Pos:32, Neg:32, Margin: 4, Diff: 0 | Output -> Good Pos:10, Neg:10, Margin: 4, Diff: 0
Hidden -> Good Pos:32, Neg:32, Margin: 4, Diff: 0 | Output -> Good Pos:10, Neg:10, Margin: 4, Diff: 0
Hidden -> Good Pos:32, Neg:32, Margin: 4, Diff: 0 | Output -> Good Pos:10, Neg:10, Margin: 4, Diff: 0
Hidden -> Good Pos:32, Neg:32, Margin: 4, Diff: 0 | Output -> Good Pos:10, Neg:10, Margin: 4, Diff: 0
Hidden -> Good Pos:32, Neg:32, Margin: 4, Diff: 0 | Output -> Good Pos:10, Neg:10, Margin: 4, Diff: 0
Hidden -> Good Pos:32, Neg:32, Margin: 4, Diff: 0 | Output -> Good Pos:10, Neg:10, Margin: 4, Diff: 0
Hidden -> Good Pos:32, Neg:32, Margin: 4, Diff: 0 | Output -> Good Pos:10, Neg:10, Margin: 4, Diff: 0
Hidden -> Good Pos:32, Neg:32, Margin: 4, Diff: 0 | Output -> Good Pos:10, Neg:10, Margin: 4, Diff: 0
Hidden -> Good Pos:32, Neg:32, Margin: 4, Diff: 0 | Output -> Good Pos:10, Neg:10, Margin: 4, Diff: 0
Hidden -> Good Pos:32, Neg:32, Margin: 4, Diff: 0 | Output -> Good Pos:10, Neg:10, Margin: 4, Diff: 0
Hidden -> Good Pos:32, Neg:32, Margin: 4, Diff: 0 | Output -> Good Pos:10, Neg:10, Margin: 4, Diff: 0
Hidden -> Good Pos:32, Neg:32, Margin: 4, Diff: 0 | Output -> Good Pos:10, Neg:10, Margin: 4, Diff: 0
Hidden -> Good Pos:32, Neg:32, Margin: 4, Diff: 0 | Output -> Good Pos:10, Neg:10, Margin: 4, Diff: 0
Hidden -> Good Pos:32, Neg:32, Margin: 4, Diff: 0 | Output -> Good Pos:10, Neg:10, Margin: 4, Diff: 0
Hidden -> Good Pos:32, Neg:32, Margin: 4, Diff: 0 | Output -> Good Pos:10, Neg:10, Margin: 4, Diff: 0
Hidden -> Good Pos:32, Neg:32, Margin: 4, Diff: 0 | Output -> Good Pos:10, Neg:10, Margin: 4, Diff: 0
Hidden -> Good Pos:32, Neg:32, Margin: 4, Diff: 0 | Output -> Good Pos:10, Neg:10, Margin: 4, Diff: 0
Hidden -> Good Pos:32, Neg:32, Margin: 4, Diff: 0 | Output -> Good Pos:10, Neg:10, Margin: 4, Diff: 0
Hidden -> Good Pos:32, Neg:32, Margin: 4, Diff: 0 | Output -> Good Pos:10, Neg:10, Margin: 4, Diff: 0
Hidden -> Good Pos:32, Neg:32, Margin: 4, Diff: 0 | Output -> Good Pos:10, Neg:10, Margin: 4, Diff: 0
Hidden -> Good Pos:32, Neg:32, Margin: 4, Diff: 0 | Output -> Good Pos:10, Neg:10, Margin: 4, Diff: 0
Hidden -> Good Pos:32, Neg:32, Margin: 4, Diff: 0 | Output -> Good Pos:10, Neg:10, Margin: 4, Diff: 0
Hidden -> Good Pos:32, Neg:32, Margin: 4, Diff: 0 | Output -> Good Pos:10, Neg:10, Margin: 4, Diff: 0
Hidden -> Good Pos:32, Neg:32, Margin: 4, Diff: 0 | Output -> Good Pos:10, Neg:10, Margin: 4, Diff: 0
Hidden -> Good Pos:32, Neg:32, Margin: 4, Diff: 0 | Output -> Good Pos:10, Neg:10, Margin: 4, Diff: 0
Hidden -> Good Pos:32, Neg:32, Margin: 4, Diff: 0 | Output -> Good Pos:10, Neg:10, Margin: 4, Diff: 0
Hidden -> Good Pos:32, Neg:32, Margin: 4, Diff: 0 | Output -> Good Pos:10, Neg:10, Margin: 4, Diff: 0
Hidden -> Good Pos:32, Neg:32, Margin: 4, Diff: 0 | Output -> Good Pos:10, Neg:10, Margin: 4, Diff: 0
Hidden -> Good Pos:32, Neg:32, Margin: 4, Diff: 0 | Output -> Good Pos:10, Neg:10, Margin: 4, Diff: 0
Hidden -> Good Pos:32, Neg:32, Margin: 4, Diff: 0 | Output -> Good Pos:10, Neg:10, Margin: 4, Diff: 0
Hidden -> Good Pos:32, Neg:32, Margin: 4, Diff: 0 | Output -> Good Pos:10, Neg:10, Margin: 4, Diff: 0
Hidden -> Good Pos:32, Neg:32, Margin: 4, Diff: 0 | Output -> Good Pos:10, Neg:10, Margin: 4, Diff: 0
Hidden -> Good Pos:32, Neg:32, Margin: 4, Diff: 0 | Output -> Good Pos:10, Neg:10, Margin: 4, Diff: 0
Hidden -> Good Pos:32, Neg:32, Margin: 4, Diff: 0 | Output -> Good Pos:10, Neg:10, Margin: 4, Diff: 0
Hidden -> Good Pos:32, Neg:32, Margin: 4, Diff: 0 | Output -> Good Pos:10, Neg:10, Margin: 4, Diff: 0
Hidden -> Good Pos:32, Neg:32, Margin: 4, Diff: 0 | Output -> Good Pos:10, Neg:10, Margin: 4, Diff: 0
Hidden -> Good Pos:32, Neg:32, Margin: 4, Diff: 0 | Output -> Good Pos:10, Neg:10, Margin: 4, Diff: 0
Hidden -> Good Pos:32, Neg:32, Margin: 4, Diff: 0 | Output -> Good Pos:10, Neg:10, Margin: 4, Diff: 0
Hidden -> Good Pos:32, Neg:32, Margin: 4, Diff: 0 | Output -> Good Pos:10, Neg:10, Margin: 4, Diff: 0
Hidden -> Good Pos:32, Neg:32, Margin: 4, Diff: 0 | Output -> Good Pos:10, Neg:10, Margin: 4, Diff: 0
Hidden -> Good Pos:32, Neg:32, Margin: 4, Diff: 0 | Output -> Good Pos:10, Neg:10, Margin: 4, Diff: 0
Hidden -> Good Pos:32, Neg:32, Margin: 4, Diff: 0 | Output -> Good Pos:10, Neg:10, Margin: 4, Diff: 0
Hidden -> Good Pos:32, Neg:32, Margin: 4, Diff: 0 | Output -> Good Pos:10, Neg:10, Margin: 4, Diff: 0
Hidden -> Good Pos:32, Neg:32, Margin: 4, Diff: 0 | Output -> Good Pos:10, Neg:10, Margin: 4, Diff: 0
Hidden -> Good Pos:32, Neg:32, Margin: 4, Diff: 0 | Output -> Good Pos:10, Neg:10, Margin: 4, Diff: 0
Hidden -> Good Pos:32, Neg:32, Margin: 4, Diff: 0 | Output -> Good Pos:10, Neg:10, Margin: 4, Diff: 0
Hidden -> Good Pos:32, Neg:32, Margin: 4, Diff: 0 | Output -> Good Pos:10, Neg:10, Margin: 4, Diff: 0
Hidden -> Good Pos:32, Neg:32, Margin: 4, Diff: 0 | Output -> Good Pos:10, Neg:10, Margin: 4, Diff: 0
Hidden -> Good Pos:32, Neg:32, Margin: 4, Diff: 0 | Output -> Good Pos:10, Neg:10, Margin: 4, Diff: 0
Hidden -> Good Pos:32, Neg:32, Margin: 4, Diff: 0 | Output -> Good Pos:10, Neg:10, Margin: 4, Diff: 0
Hidden -> Good Pos:32, Neg:32, Margin: 4, Diff: 0 | Output -> Good Pos:10, Neg:10, Margin: 4, Diff: 0
Hidden -> Good Pos:32, Neg:32, Margin: 4, Diff: 0 | Output -> Good Pos:10, Neg:10, Margin: 4, Diff: 0
Hidden -> Good Pos:32, Neg:32, Margin: 4, Diff: 0 | Output -> Good Pos:10, Neg:10, Margin: 4, Diff: 0
Hidden -> Good Pos:32, Neg:32, Margin: 4, Diff: 0 | Output -> Good Pos:10, Neg:10, Margin: 4, Diff: 0
Hidden -> Good Pos:32, Neg:32, Margin: 4, Diff: 0 | Output -> Good Pos:10, Neg:10, Margin: 4, Diff: 0
Hidden -> Good Pos:32, Neg:32, Margin: 4, Diff: 0 | Output -> Good Pos:10, Neg:10, Margin: 4, Diff: 0
Hidden -> Good Pos:32, Neg:32, Margin: 4, Diff: 0 | Output -> Good Pos:10, Neg:10, Margin: 4, Diff: 0
Hidden -> Good Pos:32, Neg:32, Margin: 4, Diff: 0 | Output -> Good Pos:10, Neg:10, Margin: 4, Diff: 0
Hidden -> Good Pos:32, Neg:32, Margin: 4, Diff: 0 | Output -> Good Pos:10, Neg:10, Margin: 4, Diff: 0
Hidden -> Good Pos:32, Neg:32, Margin: 4, Diff: 0 | Output -> Good Pos:10, Neg:10, Margin: 4, Diff: 0
Hidden -> Good Pos:32, Neg:32, Margin: 4, Diff: 0 | Output -> Good Pos:10, Neg:10, Margin: 4, Diff: 0
Hidden -> Good Pos:32, Neg:32, Margin: 4, Diff: 0 | Output -> Good Pos:10, Neg:10, Margin: 4, Diff: 0
Hidden -> Good Pos:32, Neg:32, Margin: 4, Diff: 0 | Output -> Good Pos:10, Neg:10, Margin: 4, Diff: 0
Hidden -> Good Pos:32, Neg:32, Margin: 4, Diff: 0 | Output -> Good Pos:10, Neg:10, Margin: 4, Diff: 0
Hidden -> Good Pos:32, Neg:32, Margin: 4, Diff: 0 | Output -> Good Pos:10, Neg:10, Margin: 4, Diff: 0
Hidden -> Good Pos:32, Neg:32, Margin: 4, Diff: 0 | Output -> Good Pos:10, Neg:10, Margin: 4, Diff: 0
Hidden -> Good Pos:32, Neg:32, Margin: 4, Diff: 0 | Output -> Good Pos:10, Neg:10, Margin: 4, Diff: 0
Hidden -> Good Pos:32, Neg:32, Margin: 4, Diff: 0 | Output -> Good Pos:10, Neg:10, Margin: 4, Diff: 0
Hidden -> Good Pos:32, Neg:32, Margin: 4, Diff: 0 | Output -> Good Pos:10, Neg:10, Margin: 4, Diff: 0
Hidden -> Good Pos:32, Neg:32, Margin: 4, Diff: 0 | Output -> Good Pos:10, Neg:10, Margin: 4, Diff: 0
Hidden -> Good Pos:32, Neg:32, Margin: 4, Diff: 0 | Output -> Good Pos:10, Neg:10, Margin: 4, Diff: 0
Hidden -> Good Pos:32, Neg:32, Margin: 4, Diff: 0 | Output -> Good Pos:10, Neg:10, Margin: 4, Diff: 0
Hidden -> Good Pos:32, Neg:32, Margin: 4, Diff: 0 | Output -> Good Pos:10, Neg:10, Margin: 4, Diff: 0
Hidden -> Good Pos:32, Neg:32, Margin: 4, Diff: 0 | Output -> Good Pos:10, Neg:10, Margin: 4, Diff: 0
Hidden -> Good Pos:32, Neg:32, Margin: 4, Diff: 0 | Output -> Good Pos:10, Neg:10, Margin: 4, Diff: 0
Hidden -> Good Pos:32, Neg:32, Margin: 4, Diff: 0 | Output -> Good Pos:10, Neg:10, Margin: 4, Diff: 0
Hidden -> Good Pos:32, Neg:32, Margin: 4, Diff: 0 | Output -> Good Pos:10, Neg:10, Margin: 4, Diff: 0
Hidden -> Good Pos:32, Neg:32, Margin: 4, Diff: 0 | Output -> Good Pos:10, Neg:10, Margin: 4, Diff: 0
Hidden -> Good Pos:32, Neg:32, Margin: 4, Diff: 0 | Output -> Good Pos:10, Neg:10, Margin: 4, Diff: 0
Hidden -> Good Pos:32, Neg:32, Margin: 4, Diff: 0 | Output -> Good Pos:10, Neg:10, Margin: 4, Diff: 0
Hidden -> Good Pos:32, Neg:32, Margin: 4, Diff: 0 | Output -> Good Pos:10, Neg:10, Margin: 4, Diff: 0
Hidden -> Good Pos:32, Neg:32, Margin: 4, Diff: 0 | Output -> Good Pos:10, Neg:10, Margin: 4, Diff: 0
Hidden -> Good Pos:32, Neg:32, Margin: 4, Diff: 0 | Output -> Good Pos:10, Neg:10, Margin: 4, Diff: 0
Hidden -> Good Pos:32, Neg:32, Margin: 4, Diff: 0 | Output -> Good Pos:10, Neg:10, Margin: 4, Diff: 0
Hidden -> Good Pos:32, Neg:32, Margin: 4, Diff: 0 | Output -> Good Pos:10, Neg:10, Margin: 4, Diff: 0
Hidden -> Good Pos:32, Neg:32, Margin: 4, Diff: 0 | Output -> Good Pos:10, Neg:10, Margin: 4, Diff: 0
Hidden -> Good Pos:32, Neg:32, Margin: 4, Diff: 0 | Output -> Good Pos:10, Neg:10, Margin: 4, Diff: 0
Hidden -> Good Pos:32, Neg:32, Margin: 4, Diff: 0 | Output -> Good Pos:10, Neg:10, Margin: 4, Diff: 0
Hidden -> Good Pos:32, Neg:32, Margin: 4, Diff: 0 | Output -> Good Pos:10, Neg:10, Margin: 4, Diff: 0
Hidden -> Good Pos:32, Neg:32, Margin: 4, Diff: 0 | Output -> Good Pos:10, Neg:10, Margin: 4, Diff: 0

Pesos finales tras la epoca:
 W1[0]: -1 -1 -1 -1 -1 -1 -1 -1 -1 -1 -1 -1 -1 -1 -1 -1 -1 -1 -1 -1 1 1 -1 -1 -1 -1 -1 1 -1 1 -1 -1 -1 -1 -1 1 1 -1 -1 -1 -1 -1 -1 -1 1 -1 -1 -1 -1 -1 -1 1 -1 -1 -1 -1 -1 -1 -1 -1 -1 -1 -1 -1
 W1[1]: 1 1 1 1 1 1 1 1 1 1 1 1 1 1 1 1 1 1 1 1 -1 -1 1 1 1 1 1 -1 1 -1 1 1 1 1 1 -1 -1 1 1 1 1 1 1 1 -1 1 1 1 1 1 1 -1 1 1 1 1 1 1 1 1 1 1 1 1
 W1[2]: 1 1 1 1 1 1 1 1 1 1 1 1 1 1 1 1 1 1 1 1 -1 -1 1 1 1 1 1 -1 1 -1 1 1 1 1 1 -1 -1 1 1 1 1 1 1 1 -1 1 1 1 1 1 1 -1 1 1 1 1 1 1 1 1 1 1 1 1
 W1[3]: 1 1 1 1 1 1 1 1 1 1 1 1 1 1 1 1 1 1 1 1 -1 -1 1 1 1 1 1 -1 1 -1 1 1 1 1 1 -1 -1 1 1 1 1 1 1 1 -1 1 1 1 1 1 1 -1 1 1 1 1 1 1 1 1 1 1 1 1
 W1[4]: -1 -1 -1 -1 -1 -1 -1 -1 -1 -1 -1 -1 -1 -1 -1 -1 -1 -1 -1 -1 1 1 -1 -1 -1 -1 -1 1 -1 1 -1 -1 -1 -1 -1 1 1 -1 -1 -1 -1 -1 -1 -1 1 -1 -1 -1 -1 -1 -1 1 -1 -1 -1 -1 -1 -1 -1 -1 -1 -1 -1 -1
 W1[5]: -1 -1 -1 -1 -1 -1 -1 -1 -1 -1 -1 -1 -1 -1 -1 -1 -1 -1 -1 -1 1 1 -1 -1 -1 -1 -1 1 -1 1 -1 -1 -1 -1 -1 1 1 -1 -1 -1 -1 -1 -1 -1 1 -1 -1 -1 -1 -1 -1 1 -1 -1 -1 -1 -1 -1 -1 -1 -1 -1 -1 -1
 W1[6]: 1 1 1 1 1 1 1 1 1 1 1 1 1 1 1 1 1 1 1 1 -1 -1 1 1 1 1 1 -1 1 -1 1 1 1 1 1 -1 -1 1 1 1 1 1 1 1 -1 1 1 1 1 1 1 -1 1 1 1 1 1 1 1 1 1 1 1 1
 W1[7]: -1 -1 -1 -1 -1 -1 -1 -1 -1 -1 -1 -1 -1 -1 -1 -1 -1 -1 -1 -1 1 1 -1 -1 -1 -1 -1 1 -1 1 -1 -1 -1 -1 -1 1 1 -1 -1 -1 -1 -1 -1 -1 1 -1 -1 -1 -1 -1 -1 1 -1 -1 -1 -1 -1 -1 -1 -1 -1 -1 -1 -1
 W1[8]: -1 -1 -1 -1 -1 -1 -1 -1 -1 -1 -1 -1 -1 -1 -1 -1 -1 -1 -1 -1 1 1 -1 -1 -1 -1 -1 1 -1 1 -1 -1 -1 -1 -1 1 1 -1 -1 -1 -1 -1 -1 -1 1 -1 -1 -1 -1 -1 -1 1 -1 -1 -1 -1 -1 -1 -1 -1 -1 -1 -1 -1
 W1[9]: 1 1 1 1 1 1 1 1 1 1 1 1 1 1 1 1 1 1 1 1 -1 -1 1 1 1 1 1 -1 1 -1 1 1 1 1 1 -1 -1 1 1 1 1 1 1 1 -1 1 1 1 1 1 1 -1 1 1 1 1 1 1 1 1 1 1 1 1
 W1[10]: -1 -1 -1 -1 -1 -1 -1 -1 -1 -1 -1 -1 -1 -1 -1 -1 -1 -1 -1 -1 -1 1 -1 -1 -1 -1 1 1 1 1 -1 -1 -1 -1 -1 -1 -1 -1 -1 -1 -1 -1 -1 -1 1 -1 -1 -1 -1 -1 -1 -1 -1 -1 -1 -1 -1 -1 -1 -1 -1 -1 -1 -1
 W1[11]: -1 -1 -1 -1 -1 -1 -1 -1 -1 -1 -1 -1 -1 -1 -1 -1 -1 -1 -1 -1 -1 1 -1 -1 -1 -1 1 1 1 1 -1 -1 -1 -1 -1 -1 -1 -1 -1 -1 -1 -1 -1 -1 1 -1 -1 -1 -1 -1 -1 -1 -1 -1 -1 -1 -1 -1 -1 -1 -1 -1 -1 -1
 W1[12]: -1 1 1 -1 1 1 -1 -1 -1 -1 -1 1 1 -1 1 1 -1 -1 -1 -1 1 1 -1 1 1 1 1 1 -1 -1 1 -1 1 1 -1 1 -1 1 1 -1 1 -1 -1 -1 -1 1 1 -1 1 1 -1 -1 -1 -1 -1 1 1 1 -1 1 -1 -1 -1 -1
 W1[13]: 1 1 1 -1 -1 -1 1 1 1 1 -1 1 1 -1 1 1 -1 -1 1 -1 1 1 -1 1 1 1 1 1 -1 -1 -1 1 -1 -1 1 -1 -1 -1 1 1 -1 -1 -1 -1 1 1 1 1 -1 1 -1 -1 -1 -1 -1 1 -1 -1 -1 1 -1 1 1 -1
 W1[14]: -1 1 -1 -1 -1 -1 -1 1 1 1 1 -1 1 -1 -1 -1 -1 1 -1 1 1 1 1 1 1 1 -1 1 1 -1 1 -1 1 -1 1 -1 -1 -1 1 -1 -1 -1 -1 -1 -1 -1 1 -1 -1 1 1 1 -1 -1 1 1 -1 1 1 -1 -1 -1 -1 1
 W1[15]: -1 1 -1 -1 -1 -1 -1 1 -1 -1 -1 1 1 1 -1 1 1 -1 1 1 -1 -1 -1 -1 1 1 -1 1 -1 1 -1 1 1 -1 -1 -1 1 -1 1 1 1 -1 1 1 -1 -1 -1 1 -1 1 1 1 1 1 1 -1 1 1 1 -1 -1 1 -1 1
 W1[16]: 1 1 1 1 1 1 1 1 1 1 1 1 1 1 1 1 1 1 1 1 -1 -1 1 1 1 1 1 -1 1 -1 1 1 1 1 1 -1 -1 1 1 1 1 1 1 1 -1 1 1 1 1 1 1 -1 1 1 1 1 1 1 1 1 1 1 1 1
 W1[17]: -1 -1 -1 -1 -1 -1 -1 -1 -1 -1 -1 -1 -1 -1 -1 -1 -1 -1 -1 -1 -1 1 -1 -1 -1 -1 1 1 1 1 -1 -1 -1 -1 -1 -1 -1 -1 -1 -1 -1 -1 -1 -1 1 -1 -1 -1 -1 -1 -1 -1 -1 -1 -1 -1 -1 -1 -1 -1 -1 -1 -1 -1
 W1[18]: -1 -1 -1 -1 -1 -1 -1 -1 -1 -1 -1 -1 -1 -1 -1 -1 -1 -1 -1 -1 -1 1 -1 -1 -1 -1 1 1 1 1 -1 -1 -1 -1 -1 -1 -1 -1 -1 -1 -1 -1 -1 -1 1 -1 -1 -1 -1 -1 -1 -1 -1 -1 -1 -1 -1 -1 -1 -1 -1 -1 -1 -1
 W1[19]: -1 -1 -1 -1 -1 -1 -1 -1 -1 -1 -1 -1 -1 -1 -1 -1 -1 -1 -1 -1 -1 1 -1 -1 -1 -1 1 1 1 1 -1 -1 -1 -1 -1 -1 -1 -1 -1 -1 -1 -1 -1 -1 1 -1 -1 -1 -1 -1 -1 -1 -1 -1 -1 -1 -1 -1 -1 -1 -1 -1 -1 -1
 W1[20]: 1 1 1 1 1 1 1 1 1 1 1 1 1 1 1 1 1 1 1 1 -1 -1 1 1 1 1 1 -1 1 -1 1 1 1 1 1 -1 -1 1 1 1 1 1 1 1 -1 1 1 1 1 1 1 -1 1 1 1 1 1 1 1 1 1 1 1 1
 W1[21]: 1 1 1 1 1 1 1 1 1 1 1 1 1 1 1 1 1 1 1 1 -1 -1 1 1 1 1 1 -1 1 -1 1 1 1 1 1 -1 -1 1 1 1 1 1 1 1 -1 1 1 1 1 1 1 -1 1 1 1 1 1 1 1 1 1 1 1 1
 W1[22]: -1 -1 -1 -1 -1 -1 -1 -1 -1 -1 -1 -1 -1 -1 -1 -1 -1 -1 -1 -1 -1 1 -1 -1 -1 -1 1 1 1 1 -1 -1 -1 -1 -1 -1 -1 -1 -1 -1 -1 -1 -1 -1 1 -1 -1 -1 -1 -1 -1 -1 -1 -1 -1 -1 -1 -1 -1 -1 -1 -1 -1 -1
 W1[23]: 1 1 1 1 1 1 1 1 1 1 1 1 1 1 1 1 1 1 1 1 -1 -1 1 1 1 1 1 -1 1 -1 1 1 1 1 1 -1 -1 1 1 1 1 1 1 1 -1 1 1 1 1 1 1 -1 1 1 1 1 1 1 1 1 1 1 1 1
 W1[24]: 1 1 1 1 1 1 1 1 1 1 1 1 1 1 1 1 1 1 1 1 -1 -1 1 1 1 1 1 -1 1 -1 1 1 1 1 1 -1 -1 1 1 1 1 1 1 1 -1 1 1 1 1 1 1 -1 1 1 1 1 1 1 1 1 1 1 1 1
 W1[25]: -1 -1 -1 -1 -1 -1 -1 -1 -1 -1 -1 -1 -1 -1 -1 -1 -1 -1 -1 -1 -1 1 -1 -1 -1 -1 1 1 1 1 -1 -1 -1 -1 -1 -1 -1 -1 -1 -1 -1 -1 -1 -1 1 -1 -1 -1 -1 -1 -1 -1 -1 -1 -1 -1 -1 -1 -1 -1 -1 -1 -1 -1
 W1[26]: 1 1 1 1 1 1 1 1 1 1 1 1 1 1 1 1 1 1 1 1 1 -1 1 1 1 1 -1 -1 -1 -1 1 1 1 1 1 1 1 1 1 1 1 1 1 1 -1 1 1 1 1 1 1 1 1 1 1 1 1 1 1 1 1 1 1 1
 W1[27]: 1 1 1 1 1 1 1 1 1 1 1 1 1 1 1 1 1 1 1 1 1 -1 1 1 1 1 -1 -1 -1 -1 1 1 1 1 1 1 1 1 1 1 1 1 1 1 -1 1 1 1 1 1 1 1 1 1 1 1 1 1 1 1 1 1 1 1
 W1[28]: 1 1 1 1 1 1 1 1 1 1 1 1 1 1 1 1 1 1 1 1 1 1 1 1 1 1 1 1 1 1 1 1 1 1 1 1 1 1 1 1 1 1 1 1 1 1 1 1 1 1 1 1 1 1 1 1 1 1 1 1 1 1 1 1
 W1[29]: 1 1 1 1 1 1 1 1 1 1 1 1 1 1 1 1 1 1 1 1 1 1 1 1 1 1 1 1 1 1 1 1 1 1 1 1 1 1 1 1 1 1 1 1 1 1 1 1 1 1 1 1 1 1 1 1 1 1 1 1 1 1 1 1
 W1[30]: 1 1 1 1 1 1 1 1 1 1 1 1 1 1 1 1 1 1 1 1 1 1 1 1 1 1 1 1 1 1 1 1 1 1 1 1 1 1 1 1 1 1 1 1 1 1 1 1 1 1 1 1 1 1 1 1 1 1 1 1 1 1 1 1
 W1[31]: 1 1 1 1 1 1 1 1 1 1 1 1 1 1 1 1 1 1 1 1 1 1 1 1 1 1 1 1 1 1 1 1 1 1 1 1 1 1 1 1 1 1 1 1 1 1 1 1 1 1 1 1 1 1 1 1 1 1 1 1 1 1 1 1
 W2[0]: 1 -1 -1 -1 1 1 -1 1 1 -1 1 1 1 1 1 -1 -1 1 1 1 -1 -1 1 -1 -1 1 -1 -1 -1 -1 -1 -1
 W2[1]: -1 1 1 1 -1 -1 1 -1 -1 1 -1 -1 -1 -1 -1 1 1 -1 -1 -1 1 1 -1 1 1 -1 1 1 1 1 1 1
 W2[2]: -1 1 1 1 -1 -1 1 -1 -1 1 -1 -1 -1 -1 -1 1 1 -1 -1 -1 1 1 -1 1 1 -1 1 1 1 1 1 1
 W2[3]: -1 1 1 1 -1 -1 1 -1 -1 1 -1 -1 -1 -1 -1 1 1 -1 -1 -1 1 1 -1 1 1 -1 1 1 1 1 1 1
 W2[4]: 1 -1 -1 -1 1 1 -1 1 1 -1 1 1 1 1 1 -1 -1 1 1 1 -1 -1 1 -1 -1 1 -1 -1 -1 -1 -1 -1
 W2[5]: 1 -1 -1 -1 1 1 -1 1 1 -1 1 1 1 1 1 -1 -1 1 1 1 -1 -1 1 -1 -1 1 -1 -1 -1 -1 -1 -1
 W2[6]: -1 1 1 1 -1 -1 1 -1 -1 1 -1 -1 -1 -1 -1 1 1 -1 -1 -1 1 1 -1 1 1 -1 1 1 1 1 1 1
 W2[7]: 1 -1 -1 -1 1 1 -1 1 1 -1 1 1 1 1 1 -1 -1 1 1 1 -1 -1 1 -1 -1 1 -1 -1 -1 -1 -1 -1
 W2[8]: 1 -1 -1 -1 1 1 -1 1 1 -1 1 1 1 1 1 -1 -1 1 1 1 -1 -1 1 -1 -1 1 -1 -1 -1 -1 -1 -1
 W2[9]: -1 1 1 1 -1 -1 1 -1 -1 1 -1 -1 -1 -1 -1 1 1 -1 -1 -1 1 1 -1 1 1 -1 1 1 1 1 1 1
Simulacion finalizada OK. Pesos actualizados correctamente.
INFO: [SIM 1] CSim done with 0 errors.
INFO: [SIM 3] *************** CSIM finish ***************
