

================================================================
== Vitis HLS Report for 'forwardOutput'
================================================================
* Date:           Wed May 21 10:33:29 2025

* Version:        2024.2 (Build 5238294 on Nov  8 2024)
* Project:        train_step
* Solution:       hls (Vivado IP Flow Target)
* Product family: artix7
* Target device:  xc7a100t-csg324-1


================================================================
== Performance Estimates
================================================================
+ Timing: 
    * Summary: 
    +--------+----------+----------+------------+
    |  Clock |  Target  | Estimated| Uncertainty|
    +--------+----------+----------+------------+
    |ap_clk  |  10.00 ns|  7.300 ns|     2.70 ns|
    +--------+----------+----------+------------+

+ Latency: 
    * Summary: 
    +---------+---------+----------+----------+-----+-----+---------+
    |  Latency (cycles) |  Latency (absolute) |  Interval | Pipeline|
    |   min   |   max   |    min   |    max   | min | max |   Type  |
    +---------+---------+----------+----------+-----+-----+---------+
    |      338|      338|  3.380 us|  3.380 us|  338|  338|       no|
    +---------+---------+----------+----------+-----+-----+---------+

    + Detail: 
        * Instance: 
        +---------------------------------------------------+----------------------------------------+---------+---------+----------+----------+-----+-----+------------------------------------------------+
        |                                                   |                                        |  Latency (cycles) |  Latency (absolute) |  Interval |                    Pipeline                    |
        |                      Instance                     |                 Module                 |   min   |   max   |    min   |    max   | min | max |                      Type                      |
        +---------------------------------------------------+----------------------------------------+---------+---------+----------+----------+-----+-----+------------------------------------------------+
        |grp_forwardOutput_Pipeline_VITIS_LOOP_54_1_fu_321  |forwardOutput_Pipeline_VITIS_LOOP_54_1  |      329|      329|  3.290 us|  3.290 us|  328|  328|  loop auto-rewind stp (delay=0 clock cycles(s))|
        +---------------------------------------------------+----------------------------------------+---------+---------+----------+----------+-----+-----+------------------------------------------------+

        * Loop: 
        N/A

============================================================
+ Verbose Summary: Synthesis Manager
============================================================
InlineROM: 1
ExposeGlobal: 0
============================================================
+ Verbose Summary: CDFG Model
============================================================
IsTopModel: 0
ResetActiveHigh: 1
IsCombinational: 0
IsDatapathOnly: 0
HasWiredReturn: 1
HasMFsm: 0
HasVarLatency: 1
IsPipeline: 0
IsRtlPipelined: 0
IsInstanceOverlapped: 0
IsDontTouch: 0
HasImplIP: 0
IsGatedGlobalClock: 0


============================================================
+ Verbose Summary: Schedule
============================================================
* Number of FSM states : 10
* Pipeline : 0
* Dataflow Pipeline: 0

* FSM state transitions: 
1 --> 2 
2 --> 3 
3 --> 4 
4 --> 5 
5 --> 6 
6 --> 7 
7 --> 8 
8 --> 9 
9 --> 10 
10 --> 

* FSM state operations: 

State 1 <SV = 0> <Delay = 7.30>
ST_1 : Operation 11 [1/1] (0.00ns)   --->   "%W2_read = read i64 @_ssdm_op_Read.ap_auto.i64, i64 %W2" [../src/forward_fw.cpp:52]   --->   Operation 11 'read' 'W2_read' <Predicate = true> <Delay = 0.00>
ST_1 : Operation 12 [1/1] (0.00ns)   --->   "%WEIGHTS_addr = getelementptr i8 %WEIGHTS, i64 %W2_read" [../src/forward_fw.cpp:54]   --->   Operation 12 'getelementptr' 'WEIGHTS_addr' <Predicate = true> <Delay = 0.00>
ST_1 : Operation 13 [8/8] (7.30ns)   --->   "%empty = readreq i1 @_ssdm_op_ReadReq.m_axi.p1i8, i8 %WEIGHTS_addr, i64 320" [../src/forward_fw.cpp:54]   --->   Operation 13 'readreq' 'empty' <Predicate = true> <Delay = 7.30> <CoreInst = "m_axi">   --->   Core 111 'm_axi' <Latency = 6> <II = 1> <Delay = 1.00> <Adapter> <Opcode : 'read' 'write' 'readreq' 'writereq' 'writeresp'>

State 2 <SV = 1> <Delay = 7.30>
ST_2 : Operation 14 [7/8] (7.30ns)   --->   "%empty = readreq i1 @_ssdm_op_ReadReq.m_axi.p1i8, i8 %WEIGHTS_addr, i64 320" [../src/forward_fw.cpp:54]   --->   Operation 14 'readreq' 'empty' <Predicate = true> <Delay = 7.30> <CoreInst = "m_axi">   --->   Core 111 'm_axi' <Latency = 6> <II = 1> <Delay = 1.00> <Adapter> <Opcode : 'read' 'write' 'readreq' 'writereq' 'writeresp'>

State 3 <SV = 2> <Delay = 7.30>
ST_3 : Operation 15 [6/8] (7.30ns)   --->   "%empty = readreq i1 @_ssdm_op_ReadReq.m_axi.p1i8, i8 %WEIGHTS_addr, i64 320" [../src/forward_fw.cpp:54]   --->   Operation 15 'readreq' 'empty' <Predicate = true> <Delay = 7.30> <CoreInst = "m_axi">   --->   Core 111 'm_axi' <Latency = 6> <II = 1> <Delay = 1.00> <Adapter> <Opcode : 'read' 'write' 'readreq' 'writereq' 'writeresp'>

State 4 <SV = 3> <Delay = 7.30>
ST_4 : Operation 16 [5/8] (7.30ns)   --->   "%empty = readreq i1 @_ssdm_op_ReadReq.m_axi.p1i8, i8 %WEIGHTS_addr, i64 320" [../src/forward_fw.cpp:54]   --->   Operation 16 'readreq' 'empty' <Predicate = true> <Delay = 7.30> <CoreInst = "m_axi">   --->   Core 111 'm_axi' <Latency = 6> <II = 1> <Delay = 1.00> <Adapter> <Opcode : 'read' 'write' 'readreq' 'writereq' 'writeresp'>

State 5 <SV = 4> <Delay = 7.30>
ST_5 : Operation 17 [4/8] (7.30ns)   --->   "%empty = readreq i1 @_ssdm_op_ReadReq.m_axi.p1i8, i8 %WEIGHTS_addr, i64 320" [../src/forward_fw.cpp:54]   --->   Operation 17 'readreq' 'empty' <Predicate = true> <Delay = 7.30> <CoreInst = "m_axi">   --->   Core 111 'm_axi' <Latency = 6> <II = 1> <Delay = 1.00> <Adapter> <Opcode : 'read' 'write' 'readreq' 'writereq' 'writeresp'>

State 6 <SV = 5> <Delay = 7.30>
ST_6 : Operation 18 [3/8] (7.30ns)   --->   "%empty = readreq i1 @_ssdm_op_ReadReq.m_axi.p1i8, i8 %WEIGHTS_addr, i64 320" [../src/forward_fw.cpp:54]   --->   Operation 18 'readreq' 'empty' <Predicate = true> <Delay = 7.30> <CoreInst = "m_axi">   --->   Core 111 'm_axi' <Latency = 6> <II = 1> <Delay = 1.00> <Adapter> <Opcode : 'read' 'write' 'readreq' 'writereq' 'writeresp'>

State 7 <SV = 6> <Delay = 7.30>
ST_7 : Operation 19 [2/8] (7.30ns)   --->   "%empty = readreq i1 @_ssdm_op_ReadReq.m_axi.p1i8, i8 %WEIGHTS_addr, i64 320" [../src/forward_fw.cpp:54]   --->   Operation 19 'readreq' 'empty' <Predicate = true> <Delay = 7.30> <CoreInst = "m_axi">   --->   Core 111 'm_axi' <Latency = 6> <II = 1> <Delay = 1.00> <Adapter> <Opcode : 'read' 'write' 'readreq' 'writereq' 'writeresp'>

State 8 <SV = 7> <Delay = 7.30>
ST_8 : Operation 20 [1/8] (7.30ns)   --->   "%empty = readreq i1 @_ssdm_op_ReadReq.m_axi.p1i8, i8 %WEIGHTS_addr, i64 320" [../src/forward_fw.cpp:54]   --->   Operation 20 'readreq' 'empty' <Predicate = true> <Delay = 7.30> <CoreInst = "m_axi">   --->   Core 111 'm_axi' <Latency = 6> <II = 1> <Delay = 1.00> <Adapter> <Opcode : 'read' 'write' 'readreq' 'writereq' 'writeresp'>

State 9 <SV = 8> <Delay = 0.00>
ST_9 : Operation 21 [1/1] (0.00ns)   --->   "%hidden_31_val_read = read i2 @_ssdm_op_Read.ap_auto.i2, i2 %hidden_31_val" [../src/forward_fw.cpp:52]   --->   Operation 21 'read' 'hidden_31_val_read' <Predicate = true> <Delay = 0.00>
ST_9 : Operation 22 [1/1] (0.00ns)   --->   "%hidden_30_val_read = read i2 @_ssdm_op_Read.ap_auto.i2, i2 %hidden_30_val" [../src/forward_fw.cpp:52]   --->   Operation 22 'read' 'hidden_30_val_read' <Predicate = true> <Delay = 0.00>
ST_9 : Operation 23 [1/1] (0.00ns)   --->   "%hidden_29_val_read = read i2 @_ssdm_op_Read.ap_auto.i2, i2 %hidden_29_val" [../src/forward_fw.cpp:52]   --->   Operation 23 'read' 'hidden_29_val_read' <Predicate = true> <Delay = 0.00>
ST_9 : Operation 24 [1/1] (0.00ns)   --->   "%hidden_28_val_read = read i2 @_ssdm_op_Read.ap_auto.i2, i2 %hidden_28_val" [../src/forward_fw.cpp:52]   --->   Operation 24 'read' 'hidden_28_val_read' <Predicate = true> <Delay = 0.00>
ST_9 : Operation 25 [1/1] (0.00ns)   --->   "%hidden_27_val_read = read i2 @_ssdm_op_Read.ap_auto.i2, i2 %hidden_27_val" [../src/forward_fw.cpp:52]   --->   Operation 25 'read' 'hidden_27_val_read' <Predicate = true> <Delay = 0.00>
ST_9 : Operation 26 [1/1] (0.00ns)   --->   "%hidden_26_val_read = read i2 @_ssdm_op_Read.ap_auto.i2, i2 %hidden_26_val" [../src/forward_fw.cpp:52]   --->   Operation 26 'read' 'hidden_26_val_read' <Predicate = true> <Delay = 0.00>
ST_9 : Operation 27 [1/1] (0.00ns)   --->   "%hidden_25_val_read = read i2 @_ssdm_op_Read.ap_auto.i2, i2 %hidden_25_val" [../src/forward_fw.cpp:52]   --->   Operation 27 'read' 'hidden_25_val_read' <Predicate = true> <Delay = 0.00>
ST_9 : Operation 28 [1/1] (0.00ns)   --->   "%hidden_24_val_read = read i2 @_ssdm_op_Read.ap_auto.i2, i2 %hidden_24_val" [../src/forward_fw.cpp:52]   --->   Operation 28 'read' 'hidden_24_val_read' <Predicate = true> <Delay = 0.00>
ST_9 : Operation 29 [1/1] (0.00ns)   --->   "%hidden_23_val_read = read i2 @_ssdm_op_Read.ap_auto.i2, i2 %hidden_23_val" [../src/forward_fw.cpp:52]   --->   Operation 29 'read' 'hidden_23_val_read' <Predicate = true> <Delay = 0.00>
ST_9 : Operation 30 [1/1] (0.00ns)   --->   "%hidden_22_val_read = read i2 @_ssdm_op_Read.ap_auto.i2, i2 %hidden_22_val" [../src/forward_fw.cpp:52]   --->   Operation 30 'read' 'hidden_22_val_read' <Predicate = true> <Delay = 0.00>
ST_9 : Operation 31 [1/1] (0.00ns)   --->   "%hidden_21_val_read = read i2 @_ssdm_op_Read.ap_auto.i2, i2 %hidden_21_val" [../src/forward_fw.cpp:52]   --->   Operation 31 'read' 'hidden_21_val_read' <Predicate = true> <Delay = 0.00>
ST_9 : Operation 32 [1/1] (0.00ns)   --->   "%hidden_20_val_read = read i2 @_ssdm_op_Read.ap_auto.i2, i2 %hidden_20_val" [../src/forward_fw.cpp:52]   --->   Operation 32 'read' 'hidden_20_val_read' <Predicate = true> <Delay = 0.00>
ST_9 : Operation 33 [1/1] (0.00ns)   --->   "%hidden_19_val_read = read i2 @_ssdm_op_Read.ap_auto.i2, i2 %hidden_19_val" [../src/forward_fw.cpp:52]   --->   Operation 33 'read' 'hidden_19_val_read' <Predicate = true> <Delay = 0.00>
ST_9 : Operation 34 [1/1] (0.00ns)   --->   "%hidden_18_val_read = read i2 @_ssdm_op_Read.ap_auto.i2, i2 %hidden_18_val" [../src/forward_fw.cpp:52]   --->   Operation 34 'read' 'hidden_18_val_read' <Predicate = true> <Delay = 0.00>
ST_9 : Operation 35 [1/1] (0.00ns)   --->   "%hidden_17_val_read = read i2 @_ssdm_op_Read.ap_auto.i2, i2 %hidden_17_val" [../src/forward_fw.cpp:52]   --->   Operation 35 'read' 'hidden_17_val_read' <Predicate = true> <Delay = 0.00>
ST_9 : Operation 36 [1/1] (0.00ns)   --->   "%hidden_16_val_read = read i2 @_ssdm_op_Read.ap_auto.i2, i2 %hidden_16_val" [../src/forward_fw.cpp:52]   --->   Operation 36 'read' 'hidden_16_val_read' <Predicate = true> <Delay = 0.00>
ST_9 : Operation 37 [1/1] (0.00ns)   --->   "%hidden_15_val_read = read i2 @_ssdm_op_Read.ap_auto.i2, i2 %hidden_15_val" [../src/forward_fw.cpp:52]   --->   Operation 37 'read' 'hidden_15_val_read' <Predicate = true> <Delay = 0.00>
ST_9 : Operation 38 [1/1] (0.00ns)   --->   "%hidden_14_val_read = read i2 @_ssdm_op_Read.ap_auto.i2, i2 %hidden_14_val" [../src/forward_fw.cpp:52]   --->   Operation 38 'read' 'hidden_14_val_read' <Predicate = true> <Delay = 0.00>
ST_9 : Operation 39 [1/1] (0.00ns)   --->   "%hidden_13_val_read = read i2 @_ssdm_op_Read.ap_auto.i2, i2 %hidden_13_val" [../src/forward_fw.cpp:52]   --->   Operation 39 'read' 'hidden_13_val_read' <Predicate = true> <Delay = 0.00>
ST_9 : Operation 40 [1/1] (0.00ns)   --->   "%hidden_12_val_read = read i2 @_ssdm_op_Read.ap_auto.i2, i2 %hidden_12_val" [../src/forward_fw.cpp:52]   --->   Operation 40 'read' 'hidden_12_val_read' <Predicate = true> <Delay = 0.00>
ST_9 : Operation 41 [1/1] (0.00ns)   --->   "%hidden_11_val_read = read i2 @_ssdm_op_Read.ap_auto.i2, i2 %hidden_11_val" [../src/forward_fw.cpp:52]   --->   Operation 41 'read' 'hidden_11_val_read' <Predicate = true> <Delay = 0.00>
ST_9 : Operation 42 [1/1] (0.00ns)   --->   "%hidden_10_val_read = read i2 @_ssdm_op_Read.ap_auto.i2, i2 %hidden_10_val" [../src/forward_fw.cpp:52]   --->   Operation 42 'read' 'hidden_10_val_read' <Predicate = true> <Delay = 0.00>
ST_9 : Operation 43 [1/1] (0.00ns)   --->   "%hidden_9_val_read = read i2 @_ssdm_op_Read.ap_auto.i2, i2 %hidden_9_val" [../src/forward_fw.cpp:52]   --->   Operation 43 'read' 'hidden_9_val_read' <Predicate = true> <Delay = 0.00>
ST_9 : Operation 44 [1/1] (0.00ns)   --->   "%hidden_8_val_read = read i2 @_ssdm_op_Read.ap_auto.i2, i2 %hidden_8_val" [../src/forward_fw.cpp:52]   --->   Operation 44 'read' 'hidden_8_val_read' <Predicate = true> <Delay = 0.00>
ST_9 : Operation 45 [1/1] (0.00ns)   --->   "%hidden_7_val_read = read i2 @_ssdm_op_Read.ap_auto.i2, i2 %hidden_7_val" [../src/forward_fw.cpp:52]   --->   Operation 45 'read' 'hidden_7_val_read' <Predicate = true> <Delay = 0.00>
ST_9 : Operation 46 [1/1] (0.00ns)   --->   "%hidden_6_val_read = read i2 @_ssdm_op_Read.ap_auto.i2, i2 %hidden_6_val" [../src/forward_fw.cpp:52]   --->   Operation 46 'read' 'hidden_6_val_read' <Predicate = true> <Delay = 0.00>
ST_9 : Operation 47 [1/1] (0.00ns)   --->   "%hidden_5_val_read = read i2 @_ssdm_op_Read.ap_auto.i2, i2 %hidden_5_val" [../src/forward_fw.cpp:52]   --->   Operation 47 'read' 'hidden_5_val_read' <Predicate = true> <Delay = 0.00>
ST_9 : Operation 48 [1/1] (0.00ns)   --->   "%hidden_4_val_read = read i2 @_ssdm_op_Read.ap_auto.i2, i2 %hidden_4_val" [../src/forward_fw.cpp:52]   --->   Operation 48 'read' 'hidden_4_val_read' <Predicate = true> <Delay = 0.00>
ST_9 : Operation 49 [1/1] (0.00ns)   --->   "%hidden_3_val_read = read i2 @_ssdm_op_Read.ap_auto.i2, i2 %hidden_3_val" [../src/forward_fw.cpp:52]   --->   Operation 49 'read' 'hidden_3_val_read' <Predicate = true> <Delay = 0.00>
ST_9 : Operation 50 [1/1] (0.00ns)   --->   "%hidden_2_val_read = read i2 @_ssdm_op_Read.ap_auto.i2, i2 %hidden_2_val" [../src/forward_fw.cpp:52]   --->   Operation 50 'read' 'hidden_2_val_read' <Predicate = true> <Delay = 0.00>
ST_9 : Operation 51 [1/1] (0.00ns)   --->   "%hidden_1_val_read = read i2 @_ssdm_op_Read.ap_auto.i2, i2 %hidden_1_val" [../src/forward_fw.cpp:52]   --->   Operation 51 'read' 'hidden_1_val_read' <Predicate = true> <Delay = 0.00>
ST_9 : Operation 52 [1/1] (0.00ns)   --->   "%hidden_0_val_read = read i2 @_ssdm_op_Read.ap_auto.i2, i2 %hidden_0_val" [../src/forward_fw.cpp:52]   --->   Operation 52 'read' 'hidden_0_val_read' <Predicate = true> <Delay = 0.00>
ST_9 : Operation 53 [2/2] (0.00ns)   --->   "%call_ln52 = call void @forwardOutput_Pipeline_VITIS_LOOP_54_1, i2 %output_0, i8 %WEIGHTS, i64 %W2_read, i2 %output_9, i2 %output_8, i2 %output_7, i2 %output_6, i2 %output_5, i2 %output_4, i2 %output_3, i2 %output_2, i2 %output_1, i2 %hidden_0_val_read, i2 %hidden_1_val_read, i2 %hidden_2_val_read, i2 %hidden_3_val_read, i2 %hidden_4_val_read, i2 %hidden_5_val_read, i2 %hidden_6_val_read, i2 %hidden_7_val_read, i2 %hidden_8_val_read, i2 %hidden_9_val_read, i2 %hidden_10_val_read, i2 %hidden_11_val_read, i2 %hidden_12_val_read, i2 %hidden_13_val_read, i2 %hidden_14_val_read, i2 %hidden_15_val_read, i2 %hidden_16_val_read, i2 %hidden_17_val_read, i2 %hidden_18_val_read, i2 %hidden_19_val_read, i2 %hidden_20_val_read, i2 %hidden_21_val_read, i2 %hidden_22_val_read, i2 %hidden_23_val_read, i2 %hidden_24_val_read, i2 %hidden_25_val_read, i2 %hidden_26_val_read, i2 %hidden_27_val_read, i2 %hidden_28_val_read, i2 %hidden_29_val_read, i2 %hidden_30_val_read, i2 %hidden_31_val_read" [../src/forward_fw.cpp:52]   --->   Operation 53 'call' 'call_ln52' <Predicate = true> <Delay = 0.00> <CoreType = "Generic">   --->   Generic Core

State 10 <SV = 9> <Delay = 4.85>
ST_10 : Operation 54 [1/1] (0.00ns)   --->   "%specinterface_ln0 = specinterface void @_ssdm_op_SpecInterface, i8 %WEIGHTS, void @empty, i32 0, i32 0, void @empty_0, i32 0, i32 2048, void @empty_1, void @empty_2, void @empty_0, i32 16, i32 16, i32 16, i32 16, void @empty_0, void @empty_0, i32 4294967295, i32 0, i32 0"   --->   Operation 54 'specinterface' 'specinterface_ln0' <Predicate = true> <Delay = 0.00>
ST_10 : Operation 55 [1/2] (4.85ns)   --->   "%call_ln52 = call void @forwardOutput_Pipeline_VITIS_LOOP_54_1, i2 %output_0, i8 %WEIGHTS, i64 %W2_read, i2 %output_9, i2 %output_8, i2 %output_7, i2 %output_6, i2 %output_5, i2 %output_4, i2 %output_3, i2 %output_2, i2 %output_1, i2 %hidden_0_val_read, i2 %hidden_1_val_read, i2 %hidden_2_val_read, i2 %hidden_3_val_read, i2 %hidden_4_val_read, i2 %hidden_5_val_read, i2 %hidden_6_val_read, i2 %hidden_7_val_read, i2 %hidden_8_val_read, i2 %hidden_9_val_read, i2 %hidden_10_val_read, i2 %hidden_11_val_read, i2 %hidden_12_val_read, i2 %hidden_13_val_read, i2 %hidden_14_val_read, i2 %hidden_15_val_read, i2 %hidden_16_val_read, i2 %hidden_17_val_read, i2 %hidden_18_val_read, i2 %hidden_19_val_read, i2 %hidden_20_val_read, i2 %hidden_21_val_read, i2 %hidden_22_val_read, i2 %hidden_23_val_read, i2 %hidden_24_val_read, i2 %hidden_25_val_read, i2 %hidden_26_val_read, i2 %hidden_27_val_read, i2 %hidden_28_val_read, i2 %hidden_29_val_read, i2 %hidden_30_val_read, i2 %hidden_31_val_read" [../src/forward_fw.cpp:52]   --->   Operation 55 'call' 'call_ln52' <Predicate = true> <Delay = 4.85> <CoreType = "Generic">   --->   Generic Core
ST_10 : Operation 56 [1/1] (0.00ns)   --->   "%ret_ln62 = ret" [../src/forward_fw.cpp:62]   --->   Operation 56 'ret' 'ret_ln62' <Predicate = true> <Delay = 0.00>


============================================================
+ Verbose Summary: Binding
============================================================
STG Binding: 
---------------- STG Properties BEGIN ----------------
- Is combinational: 0
- Is one-state seq: 0
- Is datapath-only: 0
- Is pipelined: 0
- Is top level: 0
Port [ Return ] is wired: 1; IO mode=ap_ctrl_hs:ce=0
Port [ hidden_0_val]:  wired=1; compound=0; hidden=0; nouse=0; global=0; static=0; extern=0; dir=0; type=0; pingpong=0; private_global=0; IO mode=ap_none:ce=0
Port [ hidden_1_val]:  wired=1; compound=0; hidden=0; nouse=0; global=0; static=0; extern=0; dir=0; type=0; pingpong=0; private_global=0; IO mode=ap_none:ce=0
Port [ hidden_2_val]:  wired=1; compound=0; hidden=0; nouse=0; global=0; static=0; extern=0; dir=0; type=0; pingpong=0; private_global=0; IO mode=ap_none:ce=0
Port [ hidden_3_val]:  wired=1; compound=0; hidden=0; nouse=0; global=0; static=0; extern=0; dir=0; type=0; pingpong=0; private_global=0; IO mode=ap_none:ce=0
Port [ hidden_4_val]:  wired=1; compound=0; hidden=0; nouse=0; global=0; static=0; extern=0; dir=0; type=0; pingpong=0; private_global=0; IO mode=ap_none:ce=0
Port [ hidden_5_val]:  wired=1; compound=0; hidden=0; nouse=0; global=0; static=0; extern=0; dir=0; type=0; pingpong=0; private_global=0; IO mode=ap_none:ce=0
Port [ hidden_6_val]:  wired=1; compound=0; hidden=0; nouse=0; global=0; static=0; extern=0; dir=0; type=0; pingpong=0; private_global=0; IO mode=ap_none:ce=0
Port [ hidden_7_val]:  wired=1; compound=0; hidden=0; nouse=0; global=0; static=0; extern=0; dir=0; type=0; pingpong=0; private_global=0; IO mode=ap_none:ce=0
Port [ hidden_8_val]:  wired=1; compound=0; hidden=0; nouse=0; global=0; static=0; extern=0; dir=0; type=0; pingpong=0; private_global=0; IO mode=ap_none:ce=0
Port [ hidden_9_val]:  wired=1; compound=0; hidden=0; nouse=0; global=0; static=0; extern=0; dir=0; type=0; pingpong=0; private_global=0; IO mode=ap_none:ce=0
Port [ hidden_10_val]:  wired=1; compound=0; hidden=0; nouse=0; global=0; static=0; extern=0; dir=0; type=0; pingpong=0; private_global=0; IO mode=ap_none:ce=0
Port [ hidden_11_val]:  wired=1; compound=0; hidden=0; nouse=0; global=0; static=0; extern=0; dir=0; type=0; pingpong=0; private_global=0; IO mode=ap_none:ce=0
Port [ hidden_12_val]:  wired=1; compound=0; hidden=0; nouse=0; global=0; static=0; extern=0; dir=0; type=0; pingpong=0; private_global=0; IO mode=ap_none:ce=0
Port [ hidden_13_val]:  wired=1; compound=0; hidden=0; nouse=0; global=0; static=0; extern=0; dir=0; type=0; pingpong=0; private_global=0; IO mode=ap_none:ce=0
Port [ hidden_14_val]:  wired=1; compound=0; hidden=0; nouse=0; global=0; static=0; extern=0; dir=0; type=0; pingpong=0; private_global=0; IO mode=ap_none:ce=0
Port [ hidden_15_val]:  wired=1; compound=0; hidden=0; nouse=0; global=0; static=0; extern=0; dir=0; type=0; pingpong=0; private_global=0; IO mode=ap_none:ce=0
Port [ hidden_16_val]:  wired=1; compound=0; hidden=0; nouse=0; global=0; static=0; extern=0; dir=0; type=0; pingpong=0; private_global=0; IO mode=ap_none:ce=0
Port [ hidden_17_val]:  wired=1; compound=0; hidden=0; nouse=0; global=0; static=0; extern=0; dir=0; type=0; pingpong=0; private_global=0; IO mode=ap_none:ce=0
Port [ hidden_18_val]:  wired=1; compound=0; hidden=0; nouse=0; global=0; static=0; extern=0; dir=0; type=0; pingpong=0; private_global=0; IO mode=ap_none:ce=0
Port [ hidden_19_val]:  wired=1; compound=0; hidden=0; nouse=0; global=0; static=0; extern=0; dir=0; type=0; pingpong=0; private_global=0; IO mode=ap_none:ce=0
Port [ hidden_20_val]:  wired=1; compound=0; hidden=0; nouse=0; global=0; static=0; extern=0; dir=0; type=0; pingpong=0; private_global=0; IO mode=ap_none:ce=0
Port [ hidden_21_val]:  wired=1; compound=0; hidden=0; nouse=0; global=0; static=0; extern=0; dir=0; type=0; pingpong=0; private_global=0; IO mode=ap_none:ce=0
Port [ hidden_22_val]:  wired=1; compound=0; hidden=0; nouse=0; global=0; static=0; extern=0; dir=0; type=0; pingpong=0; private_global=0; IO mode=ap_none:ce=0
Port [ hidden_23_val]:  wired=1; compound=0; hidden=0; nouse=0; global=0; static=0; extern=0; dir=0; type=0; pingpong=0; private_global=0; IO mode=ap_none:ce=0
Port [ hidden_24_val]:  wired=1; compound=0; hidden=0; nouse=0; global=0; static=0; extern=0; dir=0; type=0; pingpong=0; private_global=0; IO mode=ap_none:ce=0
Port [ hidden_25_val]:  wired=1; compound=0; hidden=0; nouse=0; global=0; static=0; extern=0; dir=0; type=0; pingpong=0; private_global=0; IO mode=ap_none:ce=0
Port [ hidden_26_val]:  wired=1; compound=0; hidden=0; nouse=0; global=0; static=0; extern=0; dir=0; type=0; pingpong=0; private_global=0; IO mode=ap_none:ce=0
Port [ hidden_27_val]:  wired=1; compound=0; hidden=0; nouse=0; global=0; static=0; extern=0; dir=0; type=0; pingpong=0; private_global=0; IO mode=ap_none:ce=0
Port [ hidden_28_val]:  wired=1; compound=0; hidden=0; nouse=0; global=0; static=0; extern=0; dir=0; type=0; pingpong=0; private_global=0; IO mode=ap_none:ce=0
Port [ hidden_29_val]:  wired=1; compound=0; hidden=0; nouse=0; global=0; static=0; extern=0; dir=0; type=0; pingpong=0; private_global=0; IO mode=ap_none:ce=0
Port [ hidden_30_val]:  wired=1; compound=0; hidden=0; nouse=0; global=0; static=0; extern=0; dir=0; type=0; pingpong=0; private_global=0; IO mode=ap_none:ce=0
Port [ hidden_31_val]:  wired=1; compound=0; hidden=0; nouse=0; global=0; static=0; extern=0; dir=0; type=0; pingpong=0; private_global=0; IO mode=ap_none:ce=0
Port [ output_0]:  wired=1; compound=0; hidden=0; nouse=0; global=0; static=0; extern=0; dir=1; type=0; pingpong=0; private_global=0; IO mode=ap_vld:ce=0
Port [ output_1]:  wired=1; compound=0; hidden=0; nouse=0; global=0; static=0; extern=0; dir=1; type=0; pingpong=0; private_global=0; IO mode=ap_vld:ce=0
Port [ output_2]:  wired=1; compound=0; hidden=0; nouse=0; global=0; static=0; extern=0; dir=1; type=0; pingpong=0; private_global=0; IO mode=ap_vld:ce=0
Port [ output_3]:  wired=1; compound=0; hidden=0; nouse=0; global=0; static=0; extern=0; dir=1; type=0; pingpong=0; private_global=0; IO mode=ap_vld:ce=0
Port [ output_4]:  wired=1; compound=0; hidden=0; nouse=0; global=0; static=0; extern=0; dir=1; type=0; pingpong=0; private_global=0; IO mode=ap_vld:ce=0
Port [ output_5]:  wired=1; compound=0; hidden=0; nouse=0; global=0; static=0; extern=0; dir=1; type=0; pingpong=0; private_global=0; IO mode=ap_vld:ce=0
Port [ output_6]:  wired=1; compound=0; hidden=0; nouse=0; global=0; static=0; extern=0; dir=1; type=0; pingpong=0; private_global=0; IO mode=ap_vld:ce=0
Port [ output_7]:  wired=1; compound=0; hidden=0; nouse=0; global=0; static=0; extern=0; dir=1; type=0; pingpong=0; private_global=0; IO mode=ap_vld:ce=0
Port [ output_8]:  wired=1; compound=0; hidden=0; nouse=0; global=0; static=0; extern=0; dir=1; type=0; pingpong=0; private_global=0; IO mode=ap_vld:ce=0
Port [ output_9]:  wired=1; compound=0; hidden=0; nouse=0; global=0; static=0; extern=0; dir=1; type=0; pingpong=0; private_global=0; IO mode=ap_vld:ce=0
Port [ WEIGHTS]:  wired=1; compound=1; hidden=0; nouse=0; global=0; static=0; extern=0; dir=0; type=4; pingpong=0; private_global=0; IO mode=m_axi:ce=0
Port [ W2]:  wired=1; compound=0; hidden=0; nouse=0; global=0; static=0; extern=0; dir=0; type=0; pingpong=0; private_global=0; IO mode=ap_none:ce=0
---------------- STG Properties END ------------------

---------------- Datapath Model BEGIN ----------------

<LifeTime>
<method=bitvector/>
W2_read            (read         ) [ 00111111111]
WEIGHTS_addr       (getelementptr) [ 00111111100]
empty              (readreq      ) [ 00000000000]
hidden_31_val_read (read         ) [ 00000000001]
hidden_30_val_read (read         ) [ 00000000001]
hidden_29_val_read (read         ) [ 00000000001]
hidden_28_val_read (read         ) [ 00000000001]
hidden_27_val_read (read         ) [ 00000000001]
hidden_26_val_read (read         ) [ 00000000001]
hidden_25_val_read (read         ) [ 00000000001]
hidden_24_val_read (read         ) [ 00000000001]
hidden_23_val_read (read         ) [ 00000000001]
hidden_22_val_read (read         ) [ 00000000001]
hidden_21_val_read (read         ) [ 00000000001]
hidden_20_val_read (read         ) [ 00000000001]
hidden_19_val_read (read         ) [ 00000000001]
hidden_18_val_read (read         ) [ 00000000001]
hidden_17_val_read (read         ) [ 00000000001]
hidden_16_val_read (read         ) [ 00000000001]
hidden_15_val_read (read         ) [ 00000000001]
hidden_14_val_read (read         ) [ 00000000001]
hidden_13_val_read (read         ) [ 00000000001]
hidden_12_val_read (read         ) [ 00000000001]
hidden_11_val_read (read         ) [ 00000000001]
hidden_10_val_read (read         ) [ 00000000001]
hidden_9_val_read  (read         ) [ 00000000001]
hidden_8_val_read  (read         ) [ 00000000001]
hidden_7_val_read  (read         ) [ 00000000001]
hidden_6_val_read  (read         ) [ 00000000001]
hidden_5_val_read  (read         ) [ 00000000001]
hidden_4_val_read  (read         ) [ 00000000001]
hidden_3_val_read  (read         ) [ 00000000001]
hidden_2_val_read  (read         ) [ 00000000001]
hidden_1_val_read  (read         ) [ 00000000001]
hidden_0_val_read  (read         ) [ 00000000001]
specinterface_ln0  (specinterface) [ 00000000000]
call_ln52          (call         ) [ 00000000000]
ret_ln62           (ret          ) [ 00000000000]
</LifeTime>

<model>

<comp_list>
<comp id="0" class="1000" name="hidden_0_val">
<pin_list>
<pin id="1" dir="1" index="0" bw="1" slack="0"/>
</pin_list>
<bind>
<StgValue><ssdm name="hidden_0_val"/></StgValue>
</bind>
</comp>

<comp id="2" class="1000" name="hidden_1_val">
<pin_list>
<pin id="3" dir="1" index="0" bw="1" slack="0"/>
</pin_list>
<bind>
<StgValue><ssdm name="hidden_1_val"/></StgValue>
</bind>
</comp>

<comp id="4" class="1000" name="hidden_2_val">
<pin_list>
<pin id="5" dir="1" index="0" bw="1" slack="0"/>
</pin_list>
<bind>
<StgValue><ssdm name="hidden_2_val"/></StgValue>
</bind>
</comp>

<comp id="6" class="1000" name="hidden_3_val">
<pin_list>
<pin id="7" dir="1" index="0" bw="1" slack="0"/>
</pin_list>
<bind>
<StgValue><ssdm name="hidden_3_val"/></StgValue>
</bind>
</comp>

<comp id="8" class="1000" name="hidden_4_val">
<pin_list>
<pin id="9" dir="1" index="0" bw="1" slack="0"/>
</pin_list>
<bind>
<StgValue><ssdm name="hidden_4_val"/></StgValue>
</bind>
</comp>

<comp id="10" class="1000" name="hidden_5_val">
<pin_list>
<pin id="11" dir="1" index="0" bw="1" slack="0"/>
</pin_list>
<bind>
<StgValue><ssdm name="hidden_5_val"/></StgValue>
</bind>
</comp>

<comp id="12" class="1000" name="hidden_6_val">
<pin_list>
<pin id="13" dir="1" index="0" bw="1" slack="0"/>
</pin_list>
<bind>
<StgValue><ssdm name="hidden_6_val"/></StgValue>
</bind>
</comp>

<comp id="14" class="1000" name="hidden_7_val">
<pin_list>
<pin id="15" dir="1" index="0" bw="1" slack="0"/>
</pin_list>
<bind>
<StgValue><ssdm name="hidden_7_val"/></StgValue>
</bind>
</comp>

<comp id="16" class="1000" name="hidden_8_val">
<pin_list>
<pin id="17" dir="1" index="0" bw="1" slack="0"/>
</pin_list>
<bind>
<StgValue><ssdm name="hidden_8_val"/></StgValue>
</bind>
</comp>

<comp id="18" class="1000" name="hidden_9_val">
<pin_list>
<pin id="19" dir="1" index="0" bw="1" slack="0"/>
</pin_list>
<bind>
<StgValue><ssdm name="hidden_9_val"/></StgValue>
</bind>
</comp>

<comp id="20" class="1000" name="hidden_10_val">
<pin_list>
<pin id="21" dir="1" index="0" bw="1" slack="0"/>
</pin_list>
<bind>
<StgValue><ssdm name="hidden_10_val"/></StgValue>
</bind>
</comp>

<comp id="22" class="1000" name="hidden_11_val">
<pin_list>
<pin id="23" dir="1" index="0" bw="1" slack="0"/>
</pin_list>
<bind>
<StgValue><ssdm name="hidden_11_val"/></StgValue>
</bind>
</comp>

<comp id="24" class="1000" name="hidden_12_val">
<pin_list>
<pin id="25" dir="1" index="0" bw="1" slack="0"/>
</pin_list>
<bind>
<StgValue><ssdm name="hidden_12_val"/></StgValue>
</bind>
</comp>

<comp id="26" class="1000" name="hidden_13_val">
<pin_list>
<pin id="27" dir="1" index="0" bw="1" slack="0"/>
</pin_list>
<bind>
<StgValue><ssdm name="hidden_13_val"/></StgValue>
</bind>
</comp>

<comp id="28" class="1000" name="hidden_14_val">
<pin_list>
<pin id="29" dir="1" index="0" bw="1" slack="0"/>
</pin_list>
<bind>
<StgValue><ssdm name="hidden_14_val"/></StgValue>
</bind>
</comp>

<comp id="30" class="1000" name="hidden_15_val">
<pin_list>
<pin id="31" dir="1" index="0" bw="1" slack="0"/>
</pin_list>
<bind>
<StgValue><ssdm name="hidden_15_val"/></StgValue>
</bind>
</comp>

<comp id="32" class="1000" name="hidden_16_val">
<pin_list>
<pin id="33" dir="1" index="0" bw="1" slack="0"/>
</pin_list>
<bind>
<StgValue><ssdm name="hidden_16_val"/></StgValue>
</bind>
</comp>

<comp id="34" class="1000" name="hidden_17_val">
<pin_list>
<pin id="35" dir="1" index="0" bw="1" slack="0"/>
</pin_list>
<bind>
<StgValue><ssdm name="hidden_17_val"/></StgValue>
</bind>
</comp>

<comp id="36" class="1000" name="hidden_18_val">
<pin_list>
<pin id="37" dir="1" index="0" bw="1" slack="0"/>
</pin_list>
<bind>
<StgValue><ssdm name="hidden_18_val"/></StgValue>
</bind>
</comp>

<comp id="38" class="1000" name="hidden_19_val">
<pin_list>
<pin id="39" dir="1" index="0" bw="1" slack="0"/>
</pin_list>
<bind>
<StgValue><ssdm name="hidden_19_val"/></StgValue>
</bind>
</comp>

<comp id="40" class="1000" name="hidden_20_val">
<pin_list>
<pin id="41" dir="1" index="0" bw="1" slack="0"/>
</pin_list>
<bind>
<StgValue><ssdm name="hidden_20_val"/></StgValue>
</bind>
</comp>

<comp id="42" class="1000" name="hidden_21_val">
<pin_list>
<pin id="43" dir="1" index="0" bw="1" slack="0"/>
</pin_list>
<bind>
<StgValue><ssdm name="hidden_21_val"/></StgValue>
</bind>
</comp>

<comp id="44" class="1000" name="hidden_22_val">
<pin_list>
<pin id="45" dir="1" index="0" bw="1" slack="0"/>
</pin_list>
<bind>
<StgValue><ssdm name="hidden_22_val"/></StgValue>
</bind>
</comp>

<comp id="46" class="1000" name="hidden_23_val">
<pin_list>
<pin id="47" dir="1" index="0" bw="1" slack="0"/>
</pin_list>
<bind>
<StgValue><ssdm name="hidden_23_val"/></StgValue>
</bind>
</comp>

<comp id="48" class="1000" name="hidden_24_val">
<pin_list>
<pin id="49" dir="1" index="0" bw="1" slack="0"/>
</pin_list>
<bind>
<StgValue><ssdm name="hidden_24_val"/></StgValue>
</bind>
</comp>

<comp id="50" class="1000" name="hidden_25_val">
<pin_list>
<pin id="51" dir="1" index="0" bw="1" slack="0"/>
</pin_list>
<bind>
<StgValue><ssdm name="hidden_25_val"/></StgValue>
</bind>
</comp>

<comp id="52" class="1000" name="hidden_26_val">
<pin_list>
<pin id="53" dir="1" index="0" bw="1" slack="0"/>
</pin_list>
<bind>
<StgValue><ssdm name="hidden_26_val"/></StgValue>
</bind>
</comp>

<comp id="54" class="1000" name="hidden_27_val">
<pin_list>
<pin id="55" dir="1" index="0" bw="1" slack="0"/>
</pin_list>
<bind>
<StgValue><ssdm name="hidden_27_val"/></StgValue>
</bind>
</comp>

<comp id="56" class="1000" name="hidden_28_val">
<pin_list>
<pin id="57" dir="1" index="0" bw="1" slack="0"/>
</pin_list>
<bind>
<StgValue><ssdm name="hidden_28_val"/></StgValue>
</bind>
</comp>

<comp id="58" class="1000" name="hidden_29_val">
<pin_list>
<pin id="59" dir="1" index="0" bw="1" slack="0"/>
</pin_list>
<bind>
<StgValue><ssdm name="hidden_29_val"/></StgValue>
</bind>
</comp>

<comp id="60" class="1000" name="hidden_30_val">
<pin_list>
<pin id="61" dir="1" index="0" bw="1" slack="0"/>
</pin_list>
<bind>
<StgValue><ssdm name="hidden_30_val"/></StgValue>
</bind>
</comp>

<comp id="62" class="1000" name="hidden_31_val">
<pin_list>
<pin id="63" dir="1" index="0" bw="1" slack="0"/>
</pin_list>
<bind>
<StgValue><ssdm name="hidden_31_val"/></StgValue>
</bind>
</comp>

<comp id="64" class="1000" name="output_0">
<pin_list>
<pin id="65" dir="1" index="0" bw="1" slack="0"/>
</pin_list>
<bind>
<StgValue><ssdm name="output_0"/></StgValue>
</bind>
</comp>

<comp id="66" class="1000" name="output_1">
<pin_list>
<pin id="67" dir="1" index="0" bw="1" slack="0"/>
</pin_list>
<bind>
<StgValue><ssdm name="output_1"/></StgValue>
</bind>
</comp>

<comp id="68" class="1000" name="output_2">
<pin_list>
<pin id="69" dir="1" index="0" bw="1" slack="0"/>
</pin_list>
<bind>
<StgValue><ssdm name="output_2"/></StgValue>
</bind>
</comp>

<comp id="70" class="1000" name="output_3">
<pin_list>
<pin id="71" dir="1" index="0" bw="1" slack="0"/>
</pin_list>
<bind>
<StgValue><ssdm name="output_3"/></StgValue>
</bind>
</comp>

<comp id="72" class="1000" name="output_4">
<pin_list>
<pin id="73" dir="1" index="0" bw="1" slack="0"/>
</pin_list>
<bind>
<StgValue><ssdm name="output_4"/></StgValue>
</bind>
</comp>

<comp id="74" class="1000" name="output_5">
<pin_list>
<pin id="75" dir="1" index="0" bw="1" slack="0"/>
</pin_list>
<bind>
<StgValue><ssdm name="output_5"/></StgValue>
</bind>
</comp>

<comp id="76" class="1000" name="output_6">
<pin_list>
<pin id="77" dir="1" index="0" bw="1" slack="0"/>
</pin_list>
<bind>
<StgValue><ssdm name="output_6"/></StgValue>
</bind>
</comp>

<comp id="78" class="1000" name="output_7">
<pin_list>
<pin id="79" dir="1" index="0" bw="1" slack="0"/>
</pin_list>
<bind>
<StgValue><ssdm name="output_7"/></StgValue>
</bind>
</comp>

<comp id="80" class="1000" name="output_8">
<pin_list>
<pin id="81" dir="1" index="0" bw="1" slack="0"/>
</pin_list>
<bind>
<StgValue><ssdm name="output_8"/></StgValue>
</bind>
</comp>

<comp id="82" class="1000" name="output_9">
<pin_list>
<pin id="83" dir="1" index="0" bw="1" slack="0"/>
</pin_list>
<bind>
<StgValue><ssdm name="output_9"/></StgValue>
</bind>
</comp>

<comp id="84" class="1000" name="WEIGHTS">
<pin_list>
<pin id="85" dir="1" index="0" bw="1" slack="0"/>
</pin_list>
<bind>
<StgValue><ssdm name="WEIGHTS"/><MemPortTyVec>0 </MemPortTyVec>
</StgValue>
</bind>
</comp>

<comp id="86" class="1000" name="W2">
<pin_list>
<pin id="87" dir="1" index="0" bw="1" slack="0"/>
</pin_list>
<bind>
<StgValue><ssdm name="W2"/></StgValue>
</bind>
</comp>

<comp id="88" class="1001" name="const_88">
<pin_list>
<pin id="89" dir="1" index="0" bw="1" slack="0"/>
</pin_list>
<bind>
<StgValue><ssdm name="_ssdm_op_Read.ap_auto.i64"/></StgValue>
</bind>
</comp>

<comp id="90" class="1001" name="const_90">
<pin_list>
<pin id="91" dir="1" index="0" bw="1" slack="0"/>
</pin_list>
<bind>
<StgValue><ssdm name="_ssdm_op_ReadReq.m_axi.p1i8"/></StgValue>
</bind>
</comp>

<comp id="92" class="1001" name="const_92">
<pin_list>
<pin id="93" dir="1" index="0" bw="1" slack="0"/>
</pin_list>
<bind>
<StgValue><ssdm name=""/></StgValue>
</bind>
</comp>

<comp id="94" class="1001" name="const_94">
<pin_list>
<pin id="95" dir="1" index="0" bw="1" slack="0"/>
</pin_list>
<bind>
<StgValue><ssdm name="_ssdm_op_Read.ap_auto.i2"/></StgValue>
</bind>
</comp>

<comp id="96" class="1001" name="const_96">
<pin_list>
<pin id="97" dir="1" index="0" bw="1" slack="0"/>
</pin_list>
<bind>
<StgValue><ssdm name="forwardOutput_Pipeline_VITIS_LOOP_54_1"/></StgValue>
</bind>
</comp>

<comp id="98" class="1001" name="const_98">
<pin_list>
<pin id="99" dir="1" index="0" bw="1" slack="2147483647"/>
</pin_list>
<bind>
<StgValue><ssdm name="_ssdm_op_SpecInterface"/></StgValue>
</bind>
</comp>

<comp id="100" class="1001" name="const_100">
<pin_list>
<pin id="101" dir="1" index="0" bw="1" slack="2147483647"/>
</pin_list>
<bind>
<StgValue><ssdm name="empty"/></StgValue>
</bind>
</comp>

<comp id="102" class="1001" name="const_102">
<pin_list>
<pin id="103" dir="1" index="0" bw="1" slack="2147483647"/>
</pin_list>
<bind>
<StgValue><ssdm name=""/></StgValue>
</bind>
</comp>

<comp id="104" class="1001" name="const_104">
<pin_list>
<pin id="105" dir="1" index="0" bw="1" slack="2147483647"/>
</pin_list>
<bind>
<StgValue><ssdm name="empty_0"/></StgValue>
</bind>
</comp>

<comp id="106" class="1001" name="const_106">
<pin_list>
<pin id="107" dir="1" index="0" bw="1" slack="2147483647"/>
</pin_list>
<bind>
<StgValue><ssdm name=""/></StgValue>
</bind>
</comp>

<comp id="108" class="1001" name="const_108">
<pin_list>
<pin id="109" dir="1" index="0" bw="1" slack="2147483647"/>
</pin_list>
<bind>
<StgValue><ssdm name="empty_1"/></StgValue>
</bind>
</comp>

<comp id="110" class="1001" name="const_110">
<pin_list>
<pin id="111" dir="1" index="0" bw="1" slack="2147483647"/>
</pin_list>
<bind>
<StgValue><ssdm name="empty_2"/></StgValue>
</bind>
</comp>

<comp id="112" class="1001" name="const_112">
<pin_list>
<pin id="113" dir="1" index="0" bw="1" slack="2147483647"/>
</pin_list>
<bind>
<StgValue><ssdm name=""/></StgValue>
</bind>
</comp>

<comp id="114" class="1001" name="const_114">
<pin_list>
<pin id="115" dir="1" index="0" bw="1" slack="2147483647"/>
</pin_list>
<bind>
<StgValue><ssdm name=""/></StgValue>
</bind>
</comp>

<comp id="116" class="1004" name="W2_read_read_fu_116">
<pin_list>
<pin id="117" dir="0" index="0" bw="64" slack="0"/>
<pin id="118" dir="0" index="1" bw="64" slack="0"/>
<pin id="119" dir="1" index="2" bw="64" slack="0"/>
</pin_list>
<bind>
<opcode="read(1150) " fcode="read"/>
<opset="W2_read/1 "/>
</bind>
</comp>

<comp id="122" class="1004" name="grp_readreq_fu_122">
<pin_list>
<pin id="123" dir="0" index="0" bw="1" slack="0"/>
<pin id="124" dir="0" index="1" bw="8" slack="0"/>
<pin id="125" dir="0" index="2" bw="10" slack="0"/>
<pin id="126" dir="1" index="3" bw="1" slack="2147483647"/>
</pin_list>
<bind>
<opcode="readreq(1154) " fcode="readreq"/>
<opset="empty/1 "/>
</bind>
</comp>

<comp id="129" class="1004" name="hidden_31_val_read_read_fu_129">
<pin_list>
<pin id="130" dir="0" index="0" bw="2" slack="0"/>
<pin id="131" dir="0" index="1" bw="2" slack="0"/>
<pin id="132" dir="1" index="2" bw="2" slack="0"/>
</pin_list>
<bind>
<opcode="read(1150) " fcode="read"/>
<opset="hidden_31_val_read/9 "/>
</bind>
</comp>

<comp id="135" class="1004" name="hidden_30_val_read_read_fu_135">
<pin_list>
<pin id="136" dir="0" index="0" bw="2" slack="0"/>
<pin id="137" dir="0" index="1" bw="2" slack="0"/>
<pin id="138" dir="1" index="2" bw="2" slack="0"/>
</pin_list>
<bind>
<opcode="read(1150) " fcode="read"/>
<opset="hidden_30_val_read/9 "/>
</bind>
</comp>

<comp id="141" class="1004" name="hidden_29_val_read_read_fu_141">
<pin_list>
<pin id="142" dir="0" index="0" bw="2" slack="0"/>
<pin id="143" dir="0" index="1" bw="2" slack="0"/>
<pin id="144" dir="1" index="2" bw="2" slack="0"/>
</pin_list>
<bind>
<opcode="read(1150) " fcode="read"/>
<opset="hidden_29_val_read/9 "/>
</bind>
</comp>

<comp id="147" class="1004" name="hidden_28_val_read_read_fu_147">
<pin_list>
<pin id="148" dir="0" index="0" bw="2" slack="0"/>
<pin id="149" dir="0" index="1" bw="2" slack="0"/>
<pin id="150" dir="1" index="2" bw="2" slack="0"/>
</pin_list>
<bind>
<opcode="read(1150) " fcode="read"/>
<opset="hidden_28_val_read/9 "/>
</bind>
</comp>

<comp id="153" class="1004" name="hidden_27_val_read_read_fu_153">
<pin_list>
<pin id="154" dir="0" index="0" bw="2" slack="0"/>
<pin id="155" dir="0" index="1" bw="2" slack="0"/>
<pin id="156" dir="1" index="2" bw="2" slack="0"/>
</pin_list>
<bind>
<opcode="read(1150) " fcode="read"/>
<opset="hidden_27_val_read/9 "/>
</bind>
</comp>

<comp id="159" class="1004" name="hidden_26_val_read_read_fu_159">
<pin_list>
<pin id="160" dir="0" index="0" bw="2" slack="0"/>
<pin id="161" dir="0" index="1" bw="2" slack="0"/>
<pin id="162" dir="1" index="2" bw="2" slack="0"/>
</pin_list>
<bind>
<opcode="read(1150) " fcode="read"/>
<opset="hidden_26_val_read/9 "/>
</bind>
</comp>

<comp id="165" class="1004" name="hidden_25_val_read_read_fu_165">
<pin_list>
<pin id="166" dir="0" index="0" bw="2" slack="0"/>
<pin id="167" dir="0" index="1" bw="2" slack="0"/>
<pin id="168" dir="1" index="2" bw="2" slack="0"/>
</pin_list>
<bind>
<opcode="read(1150) " fcode="read"/>
<opset="hidden_25_val_read/9 "/>
</bind>
</comp>

<comp id="171" class="1004" name="hidden_24_val_read_read_fu_171">
<pin_list>
<pin id="172" dir="0" index="0" bw="2" slack="0"/>
<pin id="173" dir="0" index="1" bw="2" slack="0"/>
<pin id="174" dir="1" index="2" bw="2" slack="0"/>
</pin_list>
<bind>
<opcode="read(1150) " fcode="read"/>
<opset="hidden_24_val_read/9 "/>
</bind>
</comp>

<comp id="177" class="1004" name="hidden_23_val_read_read_fu_177">
<pin_list>
<pin id="178" dir="0" index="0" bw="2" slack="0"/>
<pin id="179" dir="0" index="1" bw="2" slack="0"/>
<pin id="180" dir="1" index="2" bw="2" slack="0"/>
</pin_list>
<bind>
<opcode="read(1150) " fcode="read"/>
<opset="hidden_23_val_read/9 "/>
</bind>
</comp>

<comp id="183" class="1004" name="hidden_22_val_read_read_fu_183">
<pin_list>
<pin id="184" dir="0" index="0" bw="2" slack="0"/>
<pin id="185" dir="0" index="1" bw="2" slack="0"/>
<pin id="186" dir="1" index="2" bw="2" slack="0"/>
</pin_list>
<bind>
<opcode="read(1150) " fcode="read"/>
<opset="hidden_22_val_read/9 "/>
</bind>
</comp>

<comp id="189" class="1004" name="hidden_21_val_read_read_fu_189">
<pin_list>
<pin id="190" dir="0" index="0" bw="2" slack="0"/>
<pin id="191" dir="0" index="1" bw="2" slack="0"/>
<pin id="192" dir="1" index="2" bw="2" slack="0"/>
</pin_list>
<bind>
<opcode="read(1150) " fcode="read"/>
<opset="hidden_21_val_read/9 "/>
</bind>
</comp>

<comp id="195" class="1004" name="hidden_20_val_read_read_fu_195">
<pin_list>
<pin id="196" dir="0" index="0" bw="2" slack="0"/>
<pin id="197" dir="0" index="1" bw="2" slack="0"/>
<pin id="198" dir="1" index="2" bw="2" slack="0"/>
</pin_list>
<bind>
<opcode="read(1150) " fcode="read"/>
<opset="hidden_20_val_read/9 "/>
</bind>
</comp>

<comp id="201" class="1004" name="hidden_19_val_read_read_fu_201">
<pin_list>
<pin id="202" dir="0" index="0" bw="2" slack="0"/>
<pin id="203" dir="0" index="1" bw="2" slack="0"/>
<pin id="204" dir="1" index="2" bw="2" slack="0"/>
</pin_list>
<bind>
<opcode="read(1150) " fcode="read"/>
<opset="hidden_19_val_read/9 "/>
</bind>
</comp>

<comp id="207" class="1004" name="hidden_18_val_read_read_fu_207">
<pin_list>
<pin id="208" dir="0" index="0" bw="2" slack="0"/>
<pin id="209" dir="0" index="1" bw="2" slack="0"/>
<pin id="210" dir="1" index="2" bw="2" slack="0"/>
</pin_list>
<bind>
<opcode="read(1150) " fcode="read"/>
<opset="hidden_18_val_read/9 "/>
</bind>
</comp>

<comp id="213" class="1004" name="hidden_17_val_read_read_fu_213">
<pin_list>
<pin id="214" dir="0" index="0" bw="2" slack="0"/>
<pin id="215" dir="0" index="1" bw="2" slack="0"/>
<pin id="216" dir="1" index="2" bw="2" slack="0"/>
</pin_list>
<bind>
<opcode="read(1150) " fcode="read"/>
<opset="hidden_17_val_read/9 "/>
</bind>
</comp>

<comp id="219" class="1004" name="hidden_16_val_read_read_fu_219">
<pin_list>
<pin id="220" dir="0" index="0" bw="2" slack="0"/>
<pin id="221" dir="0" index="1" bw="2" slack="0"/>
<pin id="222" dir="1" index="2" bw="2" slack="0"/>
</pin_list>
<bind>
<opcode="read(1150) " fcode="read"/>
<opset="hidden_16_val_read/9 "/>
</bind>
</comp>

<comp id="225" class="1004" name="hidden_15_val_read_read_fu_225">
<pin_list>
<pin id="226" dir="0" index="0" bw="2" slack="0"/>
<pin id="227" dir="0" index="1" bw="2" slack="0"/>
<pin id="228" dir="1" index="2" bw="2" slack="0"/>
</pin_list>
<bind>
<opcode="read(1150) " fcode="read"/>
<opset="hidden_15_val_read/9 "/>
</bind>
</comp>

<comp id="231" class="1004" name="hidden_14_val_read_read_fu_231">
<pin_list>
<pin id="232" dir="0" index="0" bw="2" slack="0"/>
<pin id="233" dir="0" index="1" bw="2" slack="0"/>
<pin id="234" dir="1" index="2" bw="2" slack="0"/>
</pin_list>
<bind>
<opcode="read(1150) " fcode="read"/>
<opset="hidden_14_val_read/9 "/>
</bind>
</comp>

<comp id="237" class="1004" name="hidden_13_val_read_read_fu_237">
<pin_list>
<pin id="238" dir="0" index="0" bw="2" slack="0"/>
<pin id="239" dir="0" index="1" bw="2" slack="0"/>
<pin id="240" dir="1" index="2" bw="2" slack="0"/>
</pin_list>
<bind>
<opcode="read(1150) " fcode="read"/>
<opset="hidden_13_val_read/9 "/>
</bind>
</comp>

<comp id="243" class="1004" name="hidden_12_val_read_read_fu_243">
<pin_list>
<pin id="244" dir="0" index="0" bw="2" slack="0"/>
<pin id="245" dir="0" index="1" bw="2" slack="0"/>
<pin id="246" dir="1" index="2" bw="2" slack="0"/>
</pin_list>
<bind>
<opcode="read(1150) " fcode="read"/>
<opset="hidden_12_val_read/9 "/>
</bind>
</comp>

<comp id="249" class="1004" name="hidden_11_val_read_read_fu_249">
<pin_list>
<pin id="250" dir="0" index="0" bw="2" slack="0"/>
<pin id="251" dir="0" index="1" bw="2" slack="0"/>
<pin id="252" dir="1" index="2" bw="2" slack="0"/>
</pin_list>
<bind>
<opcode="read(1150) " fcode="read"/>
<opset="hidden_11_val_read/9 "/>
</bind>
</comp>

<comp id="255" class="1004" name="hidden_10_val_read_read_fu_255">
<pin_list>
<pin id="256" dir="0" index="0" bw="2" slack="0"/>
<pin id="257" dir="0" index="1" bw="2" slack="0"/>
<pin id="258" dir="1" index="2" bw="2" slack="0"/>
</pin_list>
<bind>
<opcode="read(1150) " fcode="read"/>
<opset="hidden_10_val_read/9 "/>
</bind>
</comp>

<comp id="261" class="1004" name="hidden_9_val_read_read_fu_261">
<pin_list>
<pin id="262" dir="0" index="0" bw="2" slack="0"/>
<pin id="263" dir="0" index="1" bw="2" slack="0"/>
<pin id="264" dir="1" index="2" bw="2" slack="0"/>
</pin_list>
<bind>
<opcode="read(1150) " fcode="read"/>
<opset="hidden_9_val_read/9 "/>
</bind>
</comp>

<comp id="267" class="1004" name="hidden_8_val_read_read_fu_267">
<pin_list>
<pin id="268" dir="0" index="0" bw="2" slack="0"/>
<pin id="269" dir="0" index="1" bw="2" slack="0"/>
<pin id="270" dir="1" index="2" bw="2" slack="0"/>
</pin_list>
<bind>
<opcode="read(1150) " fcode="read"/>
<opset="hidden_8_val_read/9 "/>
</bind>
</comp>

<comp id="273" class="1004" name="hidden_7_val_read_read_fu_273">
<pin_list>
<pin id="274" dir="0" index="0" bw="2" slack="0"/>
<pin id="275" dir="0" index="1" bw="2" slack="0"/>
<pin id="276" dir="1" index="2" bw="2" slack="0"/>
</pin_list>
<bind>
<opcode="read(1150) " fcode="read"/>
<opset="hidden_7_val_read/9 "/>
</bind>
</comp>

<comp id="279" class="1004" name="hidden_6_val_read_read_fu_279">
<pin_list>
<pin id="280" dir="0" index="0" bw="2" slack="0"/>
<pin id="281" dir="0" index="1" bw="2" slack="0"/>
<pin id="282" dir="1" index="2" bw="2" slack="0"/>
</pin_list>
<bind>
<opcode="read(1150) " fcode="read"/>
<opset="hidden_6_val_read/9 "/>
</bind>
</comp>

<comp id="285" class="1004" name="hidden_5_val_read_read_fu_285">
<pin_list>
<pin id="286" dir="0" index="0" bw="2" slack="0"/>
<pin id="287" dir="0" index="1" bw="2" slack="0"/>
<pin id="288" dir="1" index="2" bw="2" slack="0"/>
</pin_list>
<bind>
<opcode="read(1150) " fcode="read"/>
<opset="hidden_5_val_read/9 "/>
</bind>
</comp>

<comp id="291" class="1004" name="hidden_4_val_read_read_fu_291">
<pin_list>
<pin id="292" dir="0" index="0" bw="2" slack="0"/>
<pin id="293" dir="0" index="1" bw="2" slack="0"/>
<pin id="294" dir="1" index="2" bw="2" slack="0"/>
</pin_list>
<bind>
<opcode="read(1150) " fcode="read"/>
<opset="hidden_4_val_read/9 "/>
</bind>
</comp>

<comp id="297" class="1004" name="hidden_3_val_read_read_fu_297">
<pin_list>
<pin id="298" dir="0" index="0" bw="2" slack="0"/>
<pin id="299" dir="0" index="1" bw="2" slack="0"/>
<pin id="300" dir="1" index="2" bw="2" slack="0"/>
</pin_list>
<bind>
<opcode="read(1150) " fcode="read"/>
<opset="hidden_3_val_read/9 "/>
</bind>
</comp>

<comp id="303" class="1004" name="hidden_2_val_read_read_fu_303">
<pin_list>
<pin id="304" dir="0" index="0" bw="2" slack="0"/>
<pin id="305" dir="0" index="1" bw="2" slack="0"/>
<pin id="306" dir="1" index="2" bw="2" slack="0"/>
</pin_list>
<bind>
<opcode="read(1150) " fcode="read"/>
<opset="hidden_2_val_read/9 "/>
</bind>
</comp>

<comp id="309" class="1004" name="hidden_1_val_read_read_fu_309">
<pin_list>
<pin id="310" dir="0" index="0" bw="2" slack="0"/>
<pin id="311" dir="0" index="1" bw="2" slack="0"/>
<pin id="312" dir="1" index="2" bw="2" slack="0"/>
</pin_list>
<bind>
<opcode="read(1150) " fcode="read"/>
<opset="hidden_1_val_read/9 "/>
</bind>
</comp>

<comp id="315" class="1004" name="hidden_0_val_read_read_fu_315">
<pin_list>
<pin id="316" dir="0" index="0" bw="2" slack="0"/>
<pin id="317" dir="0" index="1" bw="2" slack="0"/>
<pin id="318" dir="1" index="2" bw="2" slack="0"/>
</pin_list>
<bind>
<opcode="read(1150) " fcode="read"/>
<opset="hidden_0_val_read/9 "/>
</bind>
</comp>

<comp id="321" class="1004" name="grp_forwardOutput_Pipeline_VITIS_LOOP_54_1_fu_321">
<pin_list>
<pin id="322" dir="0" index="0" bw="0" slack="0"/>
<pin id="323" dir="0" index="1" bw="2" slack="0"/>
<pin id="324" dir="0" index="2" bw="8" slack="0"/>
<pin id="325" dir="0" index="3" bw="64" slack="8"/>
<pin id="326" dir="0" index="4" bw="2" slack="0"/>
<pin id="327" dir="0" index="5" bw="2" slack="0"/>
<pin id="328" dir="0" index="6" bw="2" slack="0"/>
<pin id="329" dir="0" index="7" bw="2" slack="0"/>
<pin id="330" dir="0" index="8" bw="2" slack="0"/>
<pin id="331" dir="0" index="9" bw="2" slack="0"/>
<pin id="332" dir="0" index="10" bw="2" slack="0"/>
<pin id="333" dir="0" index="11" bw="2" slack="0"/>
<pin id="334" dir="0" index="12" bw="2" slack="0"/>
<pin id="335" dir="0" index="13" bw="2" slack="0"/>
<pin id="336" dir="0" index="14" bw="2" slack="0"/>
<pin id="337" dir="0" index="15" bw="2" slack="0"/>
<pin id="338" dir="0" index="16" bw="2" slack="0"/>
<pin id="339" dir="0" index="17" bw="2" slack="0"/>
<pin id="340" dir="0" index="18" bw="2" slack="0"/>
<pin id="341" dir="0" index="19" bw="2" slack="0"/>
<pin id="342" dir="0" index="20" bw="2" slack="0"/>
<pin id="343" dir="0" index="21" bw="2" slack="0"/>
<pin id="344" dir="0" index="22" bw="2" slack="0"/>
<pin id="345" dir="0" index="23" bw="2" slack="0"/>
<pin id="346" dir="0" index="24" bw="2" slack="0"/>
<pin id="347" dir="0" index="25" bw="2" slack="0"/>
<pin id="348" dir="0" index="26" bw="2" slack="0"/>
<pin id="349" dir="0" index="27" bw="2" slack="0"/>
<pin id="350" dir="0" index="28" bw="2" slack="0"/>
<pin id="351" dir="0" index="29" bw="2" slack="0"/>
<pin id="352" dir="0" index="30" bw="2" slack="0"/>
<pin id="353" dir="0" index="31" bw="2" slack="0"/>
<pin id="354" dir="0" index="32" bw="2" slack="0"/>
<pin id="355" dir="0" index="33" bw="2" slack="0"/>
<pin id="356" dir="0" index="34" bw="2" slack="0"/>
<pin id="357" dir="0" index="35" bw="2" slack="0"/>
<pin id="358" dir="0" index="36" bw="2" slack="0"/>
<pin id="359" dir="0" index="37" bw="2" slack="0"/>
<pin id="360" dir="0" index="38" bw="2" slack="0"/>
<pin id="361" dir="0" index="39" bw="2" slack="0"/>
<pin id="362" dir="0" index="40" bw="2" slack="0"/>
<pin id="363" dir="0" index="41" bw="2" slack="0"/>
<pin id="364" dir="0" index="42" bw="2" slack="0"/>
<pin id="365" dir="0" index="43" bw="2" slack="0"/>
<pin id="366" dir="0" index="44" bw="2" slack="0"/>
<pin id="367" dir="1" index="45" bw="0" slack="2147483647"/>
</pin_list>
<bind>
<opcode="call(48) " fcode="call"/>
<opset="call_ln52/9 "/>
</bind>
</comp>

<comp id="412" class="1004" name="WEIGHTS_addr_fu_412">
<pin_list>
<pin id="413" dir="0" index="0" bw="8" slack="0"/>
<pin id="414" dir="0" index="1" bw="64" slack="0"/>
<pin id="415" dir="1" index="2" bw="8" slack="0"/>
</pin_list>
<bind>
<opcode="getelementptr(29) " fcode="getelementptr"/>
<opset="WEIGHTS_addr/1 "/>
</bind>
</comp>

<comp id="419" class="1005" name="W2_read_reg_419">
<pin_list>
<pin id="420" dir="0" index="0" bw="64" slack="8"/>
<pin id="421" dir="1" index="1" bw="64" slack="8"/>
</pin_list>
<bind>
<opset="W2_read "/>
</bind>
</comp>

<comp id="424" class="1005" name="WEIGHTS_addr_reg_424">
<pin_list>
<pin id="425" dir="0" index="0" bw="8" slack="1"/>
<pin id="426" dir="1" index="1" bw="8" slack="1"/>
</pin_list>
<bind>
<opset="WEIGHTS_addr "/>
</bind>
</comp>

<comp id="429" class="1005" name="hidden_31_val_read_reg_429">
<pin_list>
<pin id="430" dir="0" index="0" bw="2" slack="1"/>
<pin id="431" dir="1" index="1" bw="2" slack="1"/>
</pin_list>
<bind>
<opset="hidden_31_val_read "/>
</bind>
</comp>

<comp id="434" class="1005" name="hidden_30_val_read_reg_434">
<pin_list>
<pin id="435" dir="0" index="0" bw="2" slack="1"/>
<pin id="436" dir="1" index="1" bw="2" slack="1"/>
</pin_list>
<bind>
<opset="hidden_30_val_read "/>
</bind>
</comp>

<comp id="439" class="1005" name="hidden_29_val_read_reg_439">
<pin_list>
<pin id="440" dir="0" index="0" bw="2" slack="1"/>
<pin id="441" dir="1" index="1" bw="2" slack="1"/>
</pin_list>
<bind>
<opset="hidden_29_val_read "/>
</bind>
</comp>

<comp id="444" class="1005" name="hidden_28_val_read_reg_444">
<pin_list>
<pin id="445" dir="0" index="0" bw="2" slack="1"/>
<pin id="446" dir="1" index="1" bw="2" slack="1"/>
</pin_list>
<bind>
<opset="hidden_28_val_read "/>
</bind>
</comp>

<comp id="449" class="1005" name="hidden_27_val_read_reg_449">
<pin_list>
<pin id="450" dir="0" index="0" bw="2" slack="1"/>
<pin id="451" dir="1" index="1" bw="2" slack="1"/>
</pin_list>
<bind>
<opset="hidden_27_val_read "/>
</bind>
</comp>

<comp id="454" class="1005" name="hidden_26_val_read_reg_454">
<pin_list>
<pin id="455" dir="0" index="0" bw="2" slack="1"/>
<pin id="456" dir="1" index="1" bw="2" slack="1"/>
</pin_list>
<bind>
<opset="hidden_26_val_read "/>
</bind>
</comp>

<comp id="459" class="1005" name="hidden_25_val_read_reg_459">
<pin_list>
<pin id="460" dir="0" index="0" bw="2" slack="1"/>
<pin id="461" dir="1" index="1" bw="2" slack="1"/>
</pin_list>
<bind>
<opset="hidden_25_val_read "/>
</bind>
</comp>

<comp id="464" class="1005" name="hidden_24_val_read_reg_464">
<pin_list>
<pin id="465" dir="0" index="0" bw="2" slack="1"/>
<pin id="466" dir="1" index="1" bw="2" slack="1"/>
</pin_list>
<bind>
<opset="hidden_24_val_read "/>
</bind>
</comp>

<comp id="469" class="1005" name="hidden_23_val_read_reg_469">
<pin_list>
<pin id="470" dir="0" index="0" bw="2" slack="1"/>
<pin id="471" dir="1" index="1" bw="2" slack="1"/>
</pin_list>
<bind>
<opset="hidden_23_val_read "/>
</bind>
</comp>

<comp id="474" class="1005" name="hidden_22_val_read_reg_474">
<pin_list>
<pin id="475" dir="0" index="0" bw="2" slack="1"/>
<pin id="476" dir="1" index="1" bw="2" slack="1"/>
</pin_list>
<bind>
<opset="hidden_22_val_read "/>
</bind>
</comp>

<comp id="479" class="1005" name="hidden_21_val_read_reg_479">
<pin_list>
<pin id="480" dir="0" index="0" bw="2" slack="1"/>
<pin id="481" dir="1" index="1" bw="2" slack="1"/>
</pin_list>
<bind>
<opset="hidden_21_val_read "/>
</bind>
</comp>

<comp id="484" class="1005" name="hidden_20_val_read_reg_484">
<pin_list>
<pin id="485" dir="0" index="0" bw="2" slack="1"/>
<pin id="486" dir="1" index="1" bw="2" slack="1"/>
</pin_list>
<bind>
<opset="hidden_20_val_read "/>
</bind>
</comp>

<comp id="489" class="1005" name="hidden_19_val_read_reg_489">
<pin_list>
<pin id="490" dir="0" index="0" bw="2" slack="1"/>
<pin id="491" dir="1" index="1" bw="2" slack="1"/>
</pin_list>
<bind>
<opset="hidden_19_val_read "/>
</bind>
</comp>

<comp id="494" class="1005" name="hidden_18_val_read_reg_494">
<pin_list>
<pin id="495" dir="0" index="0" bw="2" slack="1"/>
<pin id="496" dir="1" index="1" bw="2" slack="1"/>
</pin_list>
<bind>
<opset="hidden_18_val_read "/>
</bind>
</comp>

<comp id="499" class="1005" name="hidden_17_val_read_reg_499">
<pin_list>
<pin id="500" dir="0" index="0" bw="2" slack="1"/>
<pin id="501" dir="1" index="1" bw="2" slack="1"/>
</pin_list>
<bind>
<opset="hidden_17_val_read "/>
</bind>
</comp>

<comp id="504" class="1005" name="hidden_16_val_read_reg_504">
<pin_list>
<pin id="505" dir="0" index="0" bw="2" slack="1"/>
<pin id="506" dir="1" index="1" bw="2" slack="1"/>
</pin_list>
<bind>
<opset="hidden_16_val_read "/>
</bind>
</comp>

<comp id="509" class="1005" name="hidden_15_val_read_reg_509">
<pin_list>
<pin id="510" dir="0" index="0" bw="2" slack="1"/>
<pin id="511" dir="1" index="1" bw="2" slack="1"/>
</pin_list>
<bind>
<opset="hidden_15_val_read "/>
</bind>
</comp>

<comp id="514" class="1005" name="hidden_14_val_read_reg_514">
<pin_list>
<pin id="515" dir="0" index="0" bw="2" slack="1"/>
<pin id="516" dir="1" index="1" bw="2" slack="1"/>
</pin_list>
<bind>
<opset="hidden_14_val_read "/>
</bind>
</comp>

<comp id="519" class="1005" name="hidden_13_val_read_reg_519">
<pin_list>
<pin id="520" dir="0" index="0" bw="2" slack="1"/>
<pin id="521" dir="1" index="1" bw="2" slack="1"/>
</pin_list>
<bind>
<opset="hidden_13_val_read "/>
</bind>
</comp>

<comp id="524" class="1005" name="hidden_12_val_read_reg_524">
<pin_list>
<pin id="525" dir="0" index="0" bw="2" slack="1"/>
<pin id="526" dir="1" index="1" bw="2" slack="1"/>
</pin_list>
<bind>
<opset="hidden_12_val_read "/>
</bind>
</comp>

<comp id="529" class="1005" name="hidden_11_val_read_reg_529">
<pin_list>
<pin id="530" dir="0" index="0" bw="2" slack="1"/>
<pin id="531" dir="1" index="1" bw="2" slack="1"/>
</pin_list>
<bind>
<opset="hidden_11_val_read "/>
</bind>
</comp>

<comp id="534" class="1005" name="hidden_10_val_read_reg_534">
<pin_list>
<pin id="535" dir="0" index="0" bw="2" slack="1"/>
<pin id="536" dir="1" index="1" bw="2" slack="1"/>
</pin_list>
<bind>
<opset="hidden_10_val_read "/>
</bind>
</comp>

<comp id="539" class="1005" name="hidden_9_val_read_reg_539">
<pin_list>
<pin id="540" dir="0" index="0" bw="2" slack="1"/>
<pin id="541" dir="1" index="1" bw="2" slack="1"/>
</pin_list>
<bind>
<opset="hidden_9_val_read "/>
</bind>
</comp>

<comp id="544" class="1005" name="hidden_8_val_read_reg_544">
<pin_list>
<pin id="545" dir="0" index="0" bw="2" slack="1"/>
<pin id="546" dir="1" index="1" bw="2" slack="1"/>
</pin_list>
<bind>
<opset="hidden_8_val_read "/>
</bind>
</comp>

<comp id="549" class="1005" name="hidden_7_val_read_reg_549">
<pin_list>
<pin id="550" dir="0" index="0" bw="2" slack="1"/>
<pin id="551" dir="1" index="1" bw="2" slack="1"/>
</pin_list>
<bind>
<opset="hidden_7_val_read "/>
</bind>
</comp>

<comp id="554" class="1005" name="hidden_6_val_read_reg_554">
<pin_list>
<pin id="555" dir="0" index="0" bw="2" slack="1"/>
<pin id="556" dir="1" index="1" bw="2" slack="1"/>
</pin_list>
<bind>
<opset="hidden_6_val_read "/>
</bind>
</comp>

<comp id="559" class="1005" name="hidden_5_val_read_reg_559">
<pin_list>
<pin id="560" dir="0" index="0" bw="2" slack="1"/>
<pin id="561" dir="1" index="1" bw="2" slack="1"/>
</pin_list>
<bind>
<opset="hidden_5_val_read "/>
</bind>
</comp>

<comp id="564" class="1005" name="hidden_4_val_read_reg_564">
<pin_list>
<pin id="565" dir="0" index="0" bw="2" slack="1"/>
<pin id="566" dir="1" index="1" bw="2" slack="1"/>
</pin_list>
<bind>
<opset="hidden_4_val_read "/>
</bind>
</comp>

<comp id="569" class="1005" name="hidden_3_val_read_reg_569">
<pin_list>
<pin id="570" dir="0" index="0" bw="2" slack="1"/>
<pin id="571" dir="1" index="1" bw="2" slack="1"/>
</pin_list>
<bind>
<opset="hidden_3_val_read "/>
</bind>
</comp>

<comp id="574" class="1005" name="hidden_2_val_read_reg_574">
<pin_list>
<pin id="575" dir="0" index="0" bw="2" slack="1"/>
<pin id="576" dir="1" index="1" bw="2" slack="1"/>
</pin_list>
<bind>
<opset="hidden_2_val_read "/>
</bind>
</comp>

<comp id="579" class="1005" name="hidden_1_val_read_reg_579">
<pin_list>
<pin id="580" dir="0" index="0" bw="2" slack="1"/>
<pin id="581" dir="1" index="1" bw="2" slack="1"/>
</pin_list>
<bind>
<opset="hidden_1_val_read "/>
</bind>
</comp>

<comp id="584" class="1005" name="hidden_0_val_read_reg_584">
<pin_list>
<pin id="585" dir="0" index="0" bw="2" slack="1"/>
<pin id="586" dir="1" index="1" bw="2" slack="1"/>
</pin_list>
<bind>
<opset="hidden_0_val_read "/>
</bind>
</comp>

</comp_list>

<net_list>
<net id="120"><net_src comp="88" pin="0"/><net_sink comp="116" pin=0"/></net>

<net id="121"><net_src comp="86" pin="0"/><net_sink comp="116" pin=1"/></net>

<net id="127"><net_src comp="90" pin="0"/><net_sink comp="122" pin=0"/></net>

<net id="128"><net_src comp="92" pin="0"/><net_sink comp="122" pin=2"/></net>

<net id="133"><net_src comp="94" pin="0"/><net_sink comp="129" pin=0"/></net>

<net id="134"><net_src comp="62" pin="0"/><net_sink comp="129" pin=1"/></net>

<net id="139"><net_src comp="94" pin="0"/><net_sink comp="135" pin=0"/></net>

<net id="140"><net_src comp="60" pin="0"/><net_sink comp="135" pin=1"/></net>

<net id="145"><net_src comp="94" pin="0"/><net_sink comp="141" pin=0"/></net>

<net id="146"><net_src comp="58" pin="0"/><net_sink comp="141" pin=1"/></net>

<net id="151"><net_src comp="94" pin="0"/><net_sink comp="147" pin=0"/></net>

<net id="152"><net_src comp="56" pin="0"/><net_sink comp="147" pin=1"/></net>

<net id="157"><net_src comp="94" pin="0"/><net_sink comp="153" pin=0"/></net>

<net id="158"><net_src comp="54" pin="0"/><net_sink comp="153" pin=1"/></net>

<net id="163"><net_src comp="94" pin="0"/><net_sink comp="159" pin=0"/></net>

<net id="164"><net_src comp="52" pin="0"/><net_sink comp="159" pin=1"/></net>

<net id="169"><net_src comp="94" pin="0"/><net_sink comp="165" pin=0"/></net>

<net id="170"><net_src comp="50" pin="0"/><net_sink comp="165" pin=1"/></net>

<net id="175"><net_src comp="94" pin="0"/><net_sink comp="171" pin=0"/></net>

<net id="176"><net_src comp="48" pin="0"/><net_sink comp="171" pin=1"/></net>

<net id="181"><net_src comp="94" pin="0"/><net_sink comp="177" pin=0"/></net>

<net id="182"><net_src comp="46" pin="0"/><net_sink comp="177" pin=1"/></net>

<net id="187"><net_src comp="94" pin="0"/><net_sink comp="183" pin=0"/></net>

<net id="188"><net_src comp="44" pin="0"/><net_sink comp="183" pin=1"/></net>

<net id="193"><net_src comp="94" pin="0"/><net_sink comp="189" pin=0"/></net>

<net id="194"><net_src comp="42" pin="0"/><net_sink comp="189" pin=1"/></net>

<net id="199"><net_src comp="94" pin="0"/><net_sink comp="195" pin=0"/></net>

<net id="200"><net_src comp="40" pin="0"/><net_sink comp="195" pin=1"/></net>

<net id="205"><net_src comp="94" pin="0"/><net_sink comp="201" pin=0"/></net>

<net id="206"><net_src comp="38" pin="0"/><net_sink comp="201" pin=1"/></net>

<net id="211"><net_src comp="94" pin="0"/><net_sink comp="207" pin=0"/></net>

<net id="212"><net_src comp="36" pin="0"/><net_sink comp="207" pin=1"/></net>

<net id="217"><net_src comp="94" pin="0"/><net_sink comp="213" pin=0"/></net>

<net id="218"><net_src comp="34" pin="0"/><net_sink comp="213" pin=1"/></net>

<net id="223"><net_src comp="94" pin="0"/><net_sink comp="219" pin=0"/></net>

<net id="224"><net_src comp="32" pin="0"/><net_sink comp="219" pin=1"/></net>

<net id="229"><net_src comp="94" pin="0"/><net_sink comp="225" pin=0"/></net>

<net id="230"><net_src comp="30" pin="0"/><net_sink comp="225" pin=1"/></net>

<net id="235"><net_src comp="94" pin="0"/><net_sink comp="231" pin=0"/></net>

<net id="236"><net_src comp="28" pin="0"/><net_sink comp="231" pin=1"/></net>

<net id="241"><net_src comp="94" pin="0"/><net_sink comp="237" pin=0"/></net>

<net id="242"><net_src comp="26" pin="0"/><net_sink comp="237" pin=1"/></net>

<net id="247"><net_src comp="94" pin="0"/><net_sink comp="243" pin=0"/></net>

<net id="248"><net_src comp="24" pin="0"/><net_sink comp="243" pin=1"/></net>

<net id="253"><net_src comp="94" pin="0"/><net_sink comp="249" pin=0"/></net>

<net id="254"><net_src comp="22" pin="0"/><net_sink comp="249" pin=1"/></net>

<net id="259"><net_src comp="94" pin="0"/><net_sink comp="255" pin=0"/></net>

<net id="260"><net_src comp="20" pin="0"/><net_sink comp="255" pin=1"/></net>

<net id="265"><net_src comp="94" pin="0"/><net_sink comp="261" pin=0"/></net>

<net id="266"><net_src comp="18" pin="0"/><net_sink comp="261" pin=1"/></net>

<net id="271"><net_src comp="94" pin="0"/><net_sink comp="267" pin=0"/></net>

<net id="272"><net_src comp="16" pin="0"/><net_sink comp="267" pin=1"/></net>

<net id="277"><net_src comp="94" pin="0"/><net_sink comp="273" pin=0"/></net>

<net id="278"><net_src comp="14" pin="0"/><net_sink comp="273" pin=1"/></net>

<net id="283"><net_src comp="94" pin="0"/><net_sink comp="279" pin=0"/></net>

<net id="284"><net_src comp="12" pin="0"/><net_sink comp="279" pin=1"/></net>

<net id="289"><net_src comp="94" pin="0"/><net_sink comp="285" pin=0"/></net>

<net id="290"><net_src comp="10" pin="0"/><net_sink comp="285" pin=1"/></net>

<net id="295"><net_src comp="94" pin="0"/><net_sink comp="291" pin=0"/></net>

<net id="296"><net_src comp="8" pin="0"/><net_sink comp="291" pin=1"/></net>

<net id="301"><net_src comp="94" pin="0"/><net_sink comp="297" pin=0"/></net>

<net id="302"><net_src comp="6" pin="0"/><net_sink comp="297" pin=1"/></net>

<net id="307"><net_src comp="94" pin="0"/><net_sink comp="303" pin=0"/></net>

<net id="308"><net_src comp="4" pin="0"/><net_sink comp="303" pin=1"/></net>

<net id="313"><net_src comp="94" pin="0"/><net_sink comp="309" pin=0"/></net>

<net id="314"><net_src comp="2" pin="0"/><net_sink comp="309" pin=1"/></net>

<net id="319"><net_src comp="94" pin="0"/><net_sink comp="315" pin=0"/></net>

<net id="320"><net_src comp="0" pin="0"/><net_sink comp="315" pin=1"/></net>

<net id="368"><net_src comp="96" pin="0"/><net_sink comp="321" pin=0"/></net>

<net id="369"><net_src comp="64" pin="0"/><net_sink comp="321" pin=1"/></net>

<net id="370"><net_src comp="84" pin="0"/><net_sink comp="321" pin=2"/></net>

<net id="371"><net_src comp="82" pin="0"/><net_sink comp="321" pin=4"/></net>

<net id="372"><net_src comp="80" pin="0"/><net_sink comp="321" pin=5"/></net>

<net id="373"><net_src comp="78" pin="0"/><net_sink comp="321" pin=6"/></net>

<net id="374"><net_src comp="76" pin="0"/><net_sink comp="321" pin=7"/></net>

<net id="375"><net_src comp="74" pin="0"/><net_sink comp="321" pin=8"/></net>

<net id="376"><net_src comp="72" pin="0"/><net_sink comp="321" pin=9"/></net>

<net id="377"><net_src comp="70" pin="0"/><net_sink comp="321" pin=10"/></net>

<net id="378"><net_src comp="68" pin="0"/><net_sink comp="321" pin=11"/></net>

<net id="379"><net_src comp="66" pin="0"/><net_sink comp="321" pin=12"/></net>

<net id="380"><net_src comp="315" pin="2"/><net_sink comp="321" pin=13"/></net>

<net id="381"><net_src comp="309" pin="2"/><net_sink comp="321" pin=14"/></net>

<net id="382"><net_src comp="303" pin="2"/><net_sink comp="321" pin=15"/></net>

<net id="383"><net_src comp="297" pin="2"/><net_sink comp="321" pin=16"/></net>

<net id="384"><net_src comp="291" pin="2"/><net_sink comp="321" pin=17"/></net>

<net id="385"><net_src comp="285" pin="2"/><net_sink comp="321" pin=18"/></net>

<net id="386"><net_src comp="279" pin="2"/><net_sink comp="321" pin=19"/></net>

<net id="387"><net_src comp="273" pin="2"/><net_sink comp="321" pin=20"/></net>

<net id="388"><net_src comp="267" pin="2"/><net_sink comp="321" pin=21"/></net>

<net id="389"><net_src comp="261" pin="2"/><net_sink comp="321" pin=22"/></net>

<net id="390"><net_src comp="255" pin="2"/><net_sink comp="321" pin=23"/></net>

<net id="391"><net_src comp="249" pin="2"/><net_sink comp="321" pin=24"/></net>

<net id="392"><net_src comp="243" pin="2"/><net_sink comp="321" pin=25"/></net>

<net id="393"><net_src comp="237" pin="2"/><net_sink comp="321" pin=26"/></net>

<net id="394"><net_src comp="231" pin="2"/><net_sink comp="321" pin=27"/></net>

<net id="395"><net_src comp="225" pin="2"/><net_sink comp="321" pin=28"/></net>

<net id="396"><net_src comp="219" pin="2"/><net_sink comp="321" pin=29"/></net>

<net id="397"><net_src comp="213" pin="2"/><net_sink comp="321" pin=30"/></net>

<net id="398"><net_src comp="207" pin="2"/><net_sink comp="321" pin=31"/></net>

<net id="399"><net_src comp="201" pin="2"/><net_sink comp="321" pin=32"/></net>

<net id="400"><net_src comp="195" pin="2"/><net_sink comp="321" pin=33"/></net>

<net id="401"><net_src comp="189" pin="2"/><net_sink comp="321" pin=34"/></net>

<net id="402"><net_src comp="183" pin="2"/><net_sink comp="321" pin=35"/></net>

<net id="403"><net_src comp="177" pin="2"/><net_sink comp="321" pin=36"/></net>

<net id="404"><net_src comp="171" pin="2"/><net_sink comp="321" pin=37"/></net>

<net id="405"><net_src comp="165" pin="2"/><net_sink comp="321" pin=38"/></net>

<net id="406"><net_src comp="159" pin="2"/><net_sink comp="321" pin=39"/></net>

<net id="407"><net_src comp="153" pin="2"/><net_sink comp="321" pin=40"/></net>

<net id="408"><net_src comp="147" pin="2"/><net_sink comp="321" pin=41"/></net>

<net id="409"><net_src comp="141" pin="2"/><net_sink comp="321" pin=42"/></net>

<net id="410"><net_src comp="135" pin="2"/><net_sink comp="321" pin=43"/></net>

<net id="411"><net_src comp="129" pin="2"/><net_sink comp="321" pin=44"/></net>

<net id="416"><net_src comp="84" pin="0"/><net_sink comp="412" pin=0"/></net>

<net id="417"><net_src comp="116" pin="2"/><net_sink comp="412" pin=1"/></net>

<net id="418"><net_src comp="412" pin="2"/><net_sink comp="122" pin=1"/></net>

<net id="422"><net_src comp="116" pin="2"/><net_sink comp="419" pin=0"/></net>

<net id="423"><net_src comp="419" pin="1"/><net_sink comp="321" pin=3"/></net>

<net id="427"><net_src comp="412" pin="2"/><net_sink comp="424" pin=0"/></net>

<net id="428"><net_src comp="424" pin="1"/><net_sink comp="122" pin=1"/></net>

<net id="432"><net_src comp="129" pin="2"/><net_sink comp="429" pin=0"/></net>

<net id="433"><net_src comp="429" pin="1"/><net_sink comp="321" pin=44"/></net>

<net id="437"><net_src comp="135" pin="2"/><net_sink comp="434" pin=0"/></net>

<net id="438"><net_src comp="434" pin="1"/><net_sink comp="321" pin=43"/></net>

<net id="442"><net_src comp="141" pin="2"/><net_sink comp="439" pin=0"/></net>

<net id="443"><net_src comp="439" pin="1"/><net_sink comp="321" pin=42"/></net>

<net id="447"><net_src comp="147" pin="2"/><net_sink comp="444" pin=0"/></net>

<net id="448"><net_src comp="444" pin="1"/><net_sink comp="321" pin=41"/></net>

<net id="452"><net_src comp="153" pin="2"/><net_sink comp="449" pin=0"/></net>

<net id="453"><net_src comp="449" pin="1"/><net_sink comp="321" pin=40"/></net>

<net id="457"><net_src comp="159" pin="2"/><net_sink comp="454" pin=0"/></net>

<net id="458"><net_src comp="454" pin="1"/><net_sink comp="321" pin=39"/></net>

<net id="462"><net_src comp="165" pin="2"/><net_sink comp="459" pin=0"/></net>

<net id="463"><net_src comp="459" pin="1"/><net_sink comp="321" pin=38"/></net>

<net id="467"><net_src comp="171" pin="2"/><net_sink comp="464" pin=0"/></net>

<net id="468"><net_src comp="464" pin="1"/><net_sink comp="321" pin=37"/></net>

<net id="472"><net_src comp="177" pin="2"/><net_sink comp="469" pin=0"/></net>

<net id="473"><net_src comp="469" pin="1"/><net_sink comp="321" pin=36"/></net>

<net id="477"><net_src comp="183" pin="2"/><net_sink comp="474" pin=0"/></net>

<net id="478"><net_src comp="474" pin="1"/><net_sink comp="321" pin=35"/></net>

<net id="482"><net_src comp="189" pin="2"/><net_sink comp="479" pin=0"/></net>

<net id="483"><net_src comp="479" pin="1"/><net_sink comp="321" pin=34"/></net>

<net id="487"><net_src comp="195" pin="2"/><net_sink comp="484" pin=0"/></net>

<net id="488"><net_src comp="484" pin="1"/><net_sink comp="321" pin=33"/></net>

<net id="492"><net_src comp="201" pin="2"/><net_sink comp="489" pin=0"/></net>

<net id="493"><net_src comp="489" pin="1"/><net_sink comp="321" pin=32"/></net>

<net id="497"><net_src comp="207" pin="2"/><net_sink comp="494" pin=0"/></net>

<net id="498"><net_src comp="494" pin="1"/><net_sink comp="321" pin=31"/></net>

<net id="502"><net_src comp="213" pin="2"/><net_sink comp="499" pin=0"/></net>

<net id="503"><net_src comp="499" pin="1"/><net_sink comp="321" pin=30"/></net>

<net id="507"><net_src comp="219" pin="2"/><net_sink comp="504" pin=0"/></net>

<net id="508"><net_src comp="504" pin="1"/><net_sink comp="321" pin=29"/></net>

<net id="512"><net_src comp="225" pin="2"/><net_sink comp="509" pin=0"/></net>

<net id="513"><net_src comp="509" pin="1"/><net_sink comp="321" pin=28"/></net>

<net id="517"><net_src comp="231" pin="2"/><net_sink comp="514" pin=0"/></net>

<net id="518"><net_src comp="514" pin="1"/><net_sink comp="321" pin=27"/></net>

<net id="522"><net_src comp="237" pin="2"/><net_sink comp="519" pin=0"/></net>

<net id="523"><net_src comp="519" pin="1"/><net_sink comp="321" pin=26"/></net>

<net id="527"><net_src comp="243" pin="2"/><net_sink comp="524" pin=0"/></net>

<net id="528"><net_src comp="524" pin="1"/><net_sink comp="321" pin=25"/></net>

<net id="532"><net_src comp="249" pin="2"/><net_sink comp="529" pin=0"/></net>

<net id="533"><net_src comp="529" pin="1"/><net_sink comp="321" pin=24"/></net>

<net id="537"><net_src comp="255" pin="2"/><net_sink comp="534" pin=0"/></net>

<net id="538"><net_src comp="534" pin="1"/><net_sink comp="321" pin=23"/></net>

<net id="542"><net_src comp="261" pin="2"/><net_sink comp="539" pin=0"/></net>

<net id="543"><net_src comp="539" pin="1"/><net_sink comp="321" pin=22"/></net>

<net id="547"><net_src comp="267" pin="2"/><net_sink comp="544" pin=0"/></net>

<net id="548"><net_src comp="544" pin="1"/><net_sink comp="321" pin=21"/></net>

<net id="552"><net_src comp="273" pin="2"/><net_sink comp="549" pin=0"/></net>

<net id="553"><net_src comp="549" pin="1"/><net_sink comp="321" pin=20"/></net>

<net id="557"><net_src comp="279" pin="2"/><net_sink comp="554" pin=0"/></net>

<net id="558"><net_src comp="554" pin="1"/><net_sink comp="321" pin=19"/></net>

<net id="562"><net_src comp="285" pin="2"/><net_sink comp="559" pin=0"/></net>

<net id="563"><net_src comp="559" pin="1"/><net_sink comp="321" pin=18"/></net>

<net id="567"><net_src comp="291" pin="2"/><net_sink comp="564" pin=0"/></net>

<net id="568"><net_src comp="564" pin="1"/><net_sink comp="321" pin=17"/></net>

<net id="572"><net_src comp="297" pin="2"/><net_sink comp="569" pin=0"/></net>

<net id="573"><net_src comp="569" pin="1"/><net_sink comp="321" pin=16"/></net>

<net id="577"><net_src comp="303" pin="2"/><net_sink comp="574" pin=0"/></net>

<net id="578"><net_src comp="574" pin="1"/><net_sink comp="321" pin=15"/></net>

<net id="582"><net_src comp="309" pin="2"/><net_sink comp="579" pin=0"/></net>

<net id="583"><net_src comp="579" pin="1"/><net_sink comp="321" pin=14"/></net>

<net id="587"><net_src comp="315" pin="2"/><net_sink comp="584" pin=0"/></net>

<net id="588"><net_src comp="584" pin="1"/><net_sink comp="321" pin=13"/></net>

</net_list>

</model> 
---------------- Datapath Model END ------------------

* FSMD analyzer results:
  - Output states:
	Port: output_0 | {9 10 }
	Port: output_1 | {9 10 }
	Port: output_2 | {9 10 }
	Port: output_3 | {9 10 }
	Port: output_4 | {9 10 }
	Port: output_5 | {9 10 }
	Port: output_6 | {9 10 }
	Port: output_7 | {9 10 }
	Port: output_8 | {9 10 }
	Port: output_9 | {9 10 }
 - Input state : 
	Port: forwardOutput : hidden_0_val | {9 }
	Port: forwardOutput : hidden_1_val | {9 }
	Port: forwardOutput : hidden_2_val | {9 }
	Port: forwardOutput : hidden_3_val | {9 }
	Port: forwardOutput : hidden_4_val | {9 }
	Port: forwardOutput : hidden_5_val | {9 }
	Port: forwardOutput : hidden_6_val | {9 }
	Port: forwardOutput : hidden_7_val | {9 }
	Port: forwardOutput : hidden_8_val | {9 }
	Port: forwardOutput : hidden_9_val | {9 }
	Port: forwardOutput : hidden_10_val | {9 }
	Port: forwardOutput : hidden_11_val | {9 }
	Port: forwardOutput : hidden_12_val | {9 }
	Port: forwardOutput : hidden_13_val | {9 }
	Port: forwardOutput : hidden_14_val | {9 }
	Port: forwardOutput : hidden_15_val | {9 }
	Port: forwardOutput : hidden_16_val | {9 }
	Port: forwardOutput : hidden_17_val | {9 }
	Port: forwardOutput : hidden_18_val | {9 }
	Port: forwardOutput : hidden_19_val | {9 }
	Port: forwardOutput : hidden_20_val | {9 }
	Port: forwardOutput : hidden_21_val | {9 }
	Port: forwardOutput : hidden_22_val | {9 }
	Port: forwardOutput : hidden_23_val | {9 }
	Port: forwardOutput : hidden_24_val | {9 }
	Port: forwardOutput : hidden_25_val | {9 }
	Port: forwardOutput : hidden_26_val | {9 }
	Port: forwardOutput : hidden_27_val | {9 }
	Port: forwardOutput : hidden_28_val | {9 }
	Port: forwardOutput : hidden_29_val | {9 }
	Port: forwardOutput : hidden_30_val | {9 }
	Port: forwardOutput : hidden_31_val | {9 }
	Port: forwardOutput : WEIGHTS | {1 2 3 4 5 6 7 8 9 10 }
	Port: forwardOutput : W2 | {1 }
  - Chain level:
	State 1
		empty : 1
	State 2
	State 3
	State 4
	State 5
	State 6
	State 7
	State 8
	State 9
	State 10


============================================================
+ Verbose Summary: Datapath Resource usage 
============================================================

* Functional unit list:
|----------|---------------------------------------------------|---------|---------|---------|---------|
| Operation|                  Functional Unit                  |   DSP   |  Delay  |    FF   |   LUT   |
|----------|---------------------------------------------------|---------|---------|---------|---------|
|   call   | grp_forwardOutput_Pipeline_VITIS_LOOP_54_1_fu_321 |    16   | 26.2789 |   1074  |   1115  |
|----------|---------------------------------------------------|---------|---------|---------|---------|
|          |                W2_read_read_fu_116                |    0    |    0    |    0    |    0    |
|          |           hidden_31_val_read_read_fu_129          |    0    |    0    |    0    |    0    |
|          |           hidden_30_val_read_read_fu_135          |    0    |    0    |    0    |    0    |
|          |           hidden_29_val_read_read_fu_141          |    0    |    0    |    0    |    0    |
|          |           hidden_28_val_read_read_fu_147          |    0    |    0    |    0    |    0    |
|          |           hidden_27_val_read_read_fu_153          |    0    |    0    |    0    |    0    |
|          |           hidden_26_val_read_read_fu_159          |    0    |    0    |    0    |    0    |
|          |           hidden_25_val_read_read_fu_165          |    0    |    0    |    0    |    0    |
|          |           hidden_24_val_read_read_fu_171          |    0    |    0    |    0    |    0    |
|          |           hidden_23_val_read_read_fu_177          |    0    |    0    |    0    |    0    |
|          |           hidden_22_val_read_read_fu_183          |    0    |    0    |    0    |    0    |
|          |           hidden_21_val_read_read_fu_189          |    0    |    0    |    0    |    0    |
|          |           hidden_20_val_read_read_fu_195          |    0    |    0    |    0    |    0    |
|          |           hidden_19_val_read_read_fu_201          |    0    |    0    |    0    |    0    |
|          |           hidden_18_val_read_read_fu_207          |    0    |    0    |    0    |    0    |
|          |           hidden_17_val_read_read_fu_213          |    0    |    0    |    0    |    0    |
|   read   |           hidden_16_val_read_read_fu_219          |    0    |    0    |    0    |    0    |
|          |           hidden_15_val_read_read_fu_225          |    0    |    0    |    0    |    0    |
|          |           hidden_14_val_read_read_fu_231          |    0    |    0    |    0    |    0    |
|          |           hidden_13_val_read_read_fu_237          |    0    |    0    |    0    |    0    |
|          |           hidden_12_val_read_read_fu_243          |    0    |    0    |    0    |    0    |
|          |           hidden_11_val_read_read_fu_249          |    0    |    0    |    0    |    0    |
|          |           hidden_10_val_read_read_fu_255          |    0    |    0    |    0    |    0    |
|          |           hidden_9_val_read_read_fu_261           |    0    |    0    |    0    |    0    |
|          |           hidden_8_val_read_read_fu_267           |    0    |    0    |    0    |    0    |
|          |           hidden_7_val_read_read_fu_273           |    0    |    0    |    0    |    0    |
|          |           hidden_6_val_read_read_fu_279           |    0    |    0    |    0    |    0    |
|          |           hidden_5_val_read_read_fu_285           |    0    |    0    |    0    |    0    |
|          |           hidden_4_val_read_read_fu_291           |    0    |    0    |    0    |    0    |
|          |           hidden_3_val_read_read_fu_297           |    0    |    0    |    0    |    0    |
|          |           hidden_2_val_read_read_fu_303           |    0    |    0    |    0    |    0    |
|          |           hidden_1_val_read_read_fu_309           |    0    |    0    |    0    |    0    |
|          |           hidden_0_val_read_read_fu_315           |    0    |    0    |    0    |    0    |
|----------|---------------------------------------------------|---------|---------|---------|---------|
|  readreq |                 grp_readreq_fu_122                |    0    |    0    |    0    |    0    |
|----------|---------------------------------------------------|---------|---------|---------|---------|
|   Total  |                                                   |    16   | 26.2789 |   1074  |   1115  |
|----------|---------------------------------------------------|---------|---------|---------|---------|

Memories:
N/A

* Register list:
+--------------------------+--------+
|                          |   FF   |
+--------------------------+--------+
|      W2_read_reg_419     |   64   |
|   WEIGHTS_addr_reg_424   |    8   |
| hidden_0_val_read_reg_584|    2   |
|hidden_10_val_read_reg_534|    2   |
|hidden_11_val_read_reg_529|    2   |
|hidden_12_val_read_reg_524|    2   |
|hidden_13_val_read_reg_519|    2   |
|hidden_14_val_read_reg_514|    2   |
|hidden_15_val_read_reg_509|    2   |
|hidden_16_val_read_reg_504|    2   |
|hidden_17_val_read_reg_499|    2   |
|hidden_18_val_read_reg_494|    2   |
|hidden_19_val_read_reg_489|    2   |
| hidden_1_val_read_reg_579|    2   |
|hidden_20_val_read_reg_484|    2   |
|hidden_21_val_read_reg_479|    2   |
|hidden_22_val_read_reg_474|    2   |
|hidden_23_val_read_reg_469|    2   |
|hidden_24_val_read_reg_464|    2   |
|hidden_25_val_read_reg_459|    2   |
|hidden_26_val_read_reg_454|    2   |
|hidden_27_val_read_reg_449|    2   |
|hidden_28_val_read_reg_444|    2   |
|hidden_29_val_read_reg_439|    2   |
| hidden_2_val_read_reg_574|    2   |
|hidden_30_val_read_reg_434|    2   |
|hidden_31_val_read_reg_429|    2   |
| hidden_3_val_read_reg_569|    2   |
| hidden_4_val_read_reg_564|    2   |
| hidden_5_val_read_reg_559|    2   |
| hidden_6_val_read_reg_554|    2   |
| hidden_7_val_read_reg_549|    2   |
| hidden_8_val_read_reg_544|    2   |
| hidden_9_val_read_reg_539|    2   |
+--------------------------+--------+
|           Total          |   136  |
+--------------------------+--------+

* Multiplexer (MUX) list: 
|---------------------------------------------------|------|------|------|--------||---------||---------||---------|
|                        Comp                       |  Pin | Size |  BW  | S x BW ||  Delay  ||    FF   ||   LUT   |
|---------------------------------------------------|------|------|------|--------||---------||---------||---------|
|                 grp_readreq_fu_122                |  p1  |   2  |   8  |   16   ||    0    ||    9    |
| grp_forwardOutput_Pipeline_VITIS_LOOP_54_1_fu_321 |  p13 |   2  |   2  |    4   ||    0    ||    9    |
| grp_forwardOutput_Pipeline_VITIS_LOOP_54_1_fu_321 |  p14 |   2  |   2  |    4   ||    0    ||    9    |
| grp_forwardOutput_Pipeline_VITIS_LOOP_54_1_fu_321 |  p15 |   2  |   2  |    4   ||    0    ||    9    |
| grp_forwardOutput_Pipeline_VITIS_LOOP_54_1_fu_321 |  p16 |   2  |   2  |    4   ||    0    ||    9    |
| grp_forwardOutput_Pipeline_VITIS_LOOP_54_1_fu_321 |  p17 |   2  |   2  |    4   ||    0    ||    9    |
| grp_forwardOutput_Pipeline_VITIS_LOOP_54_1_fu_321 |  p18 |   2  |   2  |    4   ||    0    ||    9    |
| grp_forwardOutput_Pipeline_VITIS_LOOP_54_1_fu_321 |  p19 |   2  |   2  |    4   ||    0    ||    9    |
| grp_forwardOutput_Pipeline_VITIS_LOOP_54_1_fu_321 |  p20 |   2  |   2  |    4   ||    0    ||    9    |
| grp_forwardOutput_Pipeline_VITIS_LOOP_54_1_fu_321 |  p21 |   2  |   2  |    4   ||    0    ||    9    |
| grp_forwardOutput_Pipeline_VITIS_LOOP_54_1_fu_321 |  p22 |   2  |   2  |    4   ||    0    ||    9    |
| grp_forwardOutput_Pipeline_VITIS_LOOP_54_1_fu_321 |  p23 |   2  |   2  |    4   ||    0    ||    9    |
| grp_forwardOutput_Pipeline_VITIS_LOOP_54_1_fu_321 |  p24 |   2  |   2  |    4   ||    0    ||    9    |
| grp_forwardOutput_Pipeline_VITIS_LOOP_54_1_fu_321 |  p25 |   2  |   2  |    4   ||    0    ||    9    |
| grp_forwardOutput_Pipeline_VITIS_LOOP_54_1_fu_321 |  p26 |   2  |   2  |    4   ||    0    ||    9    |
| grp_forwardOutput_Pipeline_VITIS_LOOP_54_1_fu_321 |  p27 |   2  |   2  |    4   ||    0    ||    9    |
| grp_forwardOutput_Pipeline_VITIS_LOOP_54_1_fu_321 |  p28 |   2  |   2  |    4   ||    0    ||    9    |
| grp_forwardOutput_Pipeline_VITIS_LOOP_54_1_fu_321 |  p29 |   2  |   2  |    4   ||    0    ||    9    |
| grp_forwardOutput_Pipeline_VITIS_LOOP_54_1_fu_321 |  p30 |   2  |   2  |    4   ||    0    ||    9    |
| grp_forwardOutput_Pipeline_VITIS_LOOP_54_1_fu_321 |  p31 |   2  |   2  |    4   ||    0    ||    9    |
| grp_forwardOutput_Pipeline_VITIS_LOOP_54_1_fu_321 |  p32 |   2  |   2  |    4   ||    0    ||    9    |
| grp_forwardOutput_Pipeline_VITIS_LOOP_54_1_fu_321 |  p33 |   2  |   2  |    4   ||    0    ||    9    |
| grp_forwardOutput_Pipeline_VITIS_LOOP_54_1_fu_321 |  p34 |   2  |   2  |    4   ||    0    ||    9    |
| grp_forwardOutput_Pipeline_VITIS_LOOP_54_1_fu_321 |  p35 |   2  |   2  |    4   ||    0    ||    9    |
| grp_forwardOutput_Pipeline_VITIS_LOOP_54_1_fu_321 |  p36 |   2  |   2  |    4   ||    0    ||    9    |
| grp_forwardOutput_Pipeline_VITIS_LOOP_54_1_fu_321 |  p37 |   2  |   2  |    4   ||    0    ||    9    |
| grp_forwardOutput_Pipeline_VITIS_LOOP_54_1_fu_321 |  p38 |   2  |   2  |    4   ||    0    ||    9    |
| grp_forwardOutput_Pipeline_VITIS_LOOP_54_1_fu_321 |  p39 |   2  |   2  |    4   ||    0    ||    9    |
| grp_forwardOutput_Pipeline_VITIS_LOOP_54_1_fu_321 |  p40 |   2  |   2  |    4   ||    0    ||    9    |
| grp_forwardOutput_Pipeline_VITIS_LOOP_54_1_fu_321 |  p41 |   2  |   2  |    4   ||    0    ||    9    |
| grp_forwardOutput_Pipeline_VITIS_LOOP_54_1_fu_321 |  p42 |   2  |   2  |    4   ||    0    ||    9    |
| grp_forwardOutput_Pipeline_VITIS_LOOP_54_1_fu_321 |  p43 |   2  |   2  |    4   ||    0    ||    9    |
| grp_forwardOutput_Pipeline_VITIS_LOOP_54_1_fu_321 |  p44 |   2  |   2  |    4   ||    0    ||    9    |
|---------------------------------------------------|------|------|------|--------||---------||---------||---------|
|                       Total                       |      |      |      |   144  ||  53.13  ||    0    ||   297   |
|---------------------------------------------------|------|------|------|--------||---------||---------||---------|



* Summary:
+-----------+--------+--------+--------+--------+
|           |   DSP  |  Delay |   FF   |   LUT  |
+-----------+--------+--------+--------+--------+
|  Function |   16   |   26   |  1074  |  1115  |
|   Memory  |    -   |    -   |    -   |    -   |
|Multiplexer|    -   |   53   |    0   |   297  |
|  Register |    -   |    -   |   136  |    -   |
+-----------+--------+--------+--------+--------+
|   Total   |   16   |   79   |  1210  |  1412  |
+-----------+--------+--------+--------+--------+
