directive:1:9: warning: HLS pragma dump _XLX_SEP_ PragmaIsValid=1_XLX_SEP_ PragmaType=top_XLX_SEP_ PragmaContext=directive_XLX_SEP_ PragmaFunction=train_step_XLX_SEP_ PragmaOptions=name=train_step_XLX_SEP_ [-Wdump-hls-pragmas]
#pragma HLSDIRECTIVE TOP name=train_step
        ^
../src/forward_fw.cpp:107:9: warning: HLS pragma dump _XLX_SEP_ PragmaIsValid=1_XLX_SEP_ PragmaType=interface_XLX_SEP_ PragmaContext=_XLX_SEP_ PragmaFunction=train_step_XLX_SEP_ PragmaOptions=m_axi port=W1 offset=slave bundle=WEIGHTS depth=N_HIDDEN*N_INPUT_XLX_SEP_ [-Wdump-hls-pragmas]
#pragma HLS INTERFACE m_axi port=W1 offset=slave bundle=WEIGHTS depth=N_HIDDEN*N_INPUT
        ^
../src/forward_fw.cpp:108:9: warning: HLS pragma dump _XLX_SEP_ PragmaIsValid=1_XLX_SEP_ PragmaType=interface_XLX_SEP_ PragmaContext=_XLX_SEP_ PragmaFunction=train_step_XLX_SEP_ PragmaOptions=m_axi port=W2 offset=slave bundle=WEIGHTS depth=N_OUTPUT*N_HIDDEN_XLX_SEP_ [-Wdump-hls-pragmas]
#pragma HLS INTERFACE m_axi port=W2 offset=slave bundle=WEIGHTS depth=N_OUTPUT*N_HIDDEN
        ^
In file included from ../src/forward_fw.cpp:1:
In file included from ../src/forward_fw.hpp:9:
d:/Proyectos/tfg_hardware_accelerator/data/mnist_train_data.hpp:8:32: warning: unexpected pragma parameter 'depth' [-Winvalid-hls-pragmas]
static constexpr int N_INPUT = 64;
                               ^
../src/forward_fw.cpp:111:9: warning: HLS pragma dump _XLX_SEP_ PragmaIsValid=0_XLX_SEP_ PragmaType=interface_XLX_SEP_ PragmaContext=_XLX_SEP_ PragmaFunction=train_step_XLX_SEP_ PragmaOptions=s_axilite port=img_pos bundle=CTRL depth=N_INPUT_XLX_SEP_ [-Wdump-hls-pragmas]
#pragma HLS INTERFACE s_axilite port=img_pos bundle=CTRL depth=N_INPUT
        ^
In file included from ../src/forward_fw.cpp:1:
In file included from ../src/forward_fw.hpp:9:
d:/Proyectos/tfg_hardware_accelerator/data/mnist_train_data.hpp:8:32: warning: unexpected pragma parameter 'depth' [-Winvalid-hls-pragmas]
static constexpr int N_INPUT = 64;
                               ^
../src/forward_fw.cpp:112:9: warning: HLS pragma dump _XLX_SEP_ PragmaIsValid=0_XLX_SEP_ PragmaType=interface_XLX_SEP_ PragmaContext=_XLX_SEP_ PragmaFunction=train_step_XLX_SEP_ PragmaOptions=s_axilite port=img_neg bundle=CTRL depth=N_INPUT_XLX_SEP_ [-Wdump-hls-pragmas]
#pragma HLS INTERFACE s_axilite port=img_neg bundle=CTRL depth=N_INPUT
        ^
../src/forward_fw.cpp:113:9: warning: HLS pragma dump _XLX_SEP_ PragmaIsValid=1_XLX_SEP_ PragmaType=interface_XLX_SEP_ PragmaContext=_XLX_SEP_ PragmaFunction=train_step_XLX_SEP_ PragmaOptions=s_axilite port=sample_idx bundle=CTRL_XLX_SEP_ [-Wdump-hls-pragmas]
#pragma HLS INTERFACE s_axilite port=sample_idx bundle=CTRL
        ^
../src/forward_fw.cpp:114:9: warning: HLS pragma dump _XLX_SEP_ PragmaIsValid=1_XLX_SEP_ PragmaType=interface_XLX_SEP_ PragmaContext=_XLX_SEP_ PragmaFunction=train_step_XLX_SEP_ PragmaOptions=s_axilite port=return bundle=CTRL_XLX_SEP_ [-Wdump-hls-pragmas]
#pragma HLS INTERFACE s_axilite port=return bundle=CTRL
        ^
9 warnings generated.
