  **** HLS Build v2024.2 5238294
INFO: [HLS 200-2005] Using work_dir D:/Proyectos/tfg_hardware_accelerator/hls_tfg_bnn/train_step 
INFO: [HLS 200-1505] Using default flow_target 'vivado'
Resolution: For help on HLS 200-1505 see docs.xilinx.com/access/sources/dita/topic?Doc_Version=2024.2%20English&url=ug1448-hls-guidance&resourceid=200-1505.html
INFO: [HLS 200-1465] Applying ini 'syn.file=D:/Proyectos/tfg_hardware_accelerator/src/forward_fw.cpp' from D:/Proyectos/tfg_hardware_accelerator/hls_tfg_bnn/hls_config.cfg(11)
INFO: [HLS 200-10] Adding design file 'D:/Proyectos/tfg_hardware_accelerator/src/forward_fw.cpp' to the project
INFO: [HLS 200-1465] Applying ini 'syn.file=D:/Proyectos/tfg_hardware_accelerator/src/forward_fw.hpp' from D:/Proyectos/tfg_hardware_accelerator/hls_tfg_bnn/hls_config.cfg(12)
INFO: [HLS 200-10] Adding design file 'D:/Proyectos/tfg_hardware_accelerator/src/forward_fw.hpp' to the project
INFO: [HLS 200-1465] Applying ini 'tb.file=D:/Proyectos/tfg_hardware_accelerator/tb/train_tb.cpp' from D:/Proyectos/tfg_hardware_accelerator/hls_tfg_bnn/hls_config.cfg(8)
INFO: [HLS 200-10] Adding test bench file 'D:/Proyectos/tfg_hardware_accelerator/tb/train_tb.cpp' to the project
INFO: [HLS 200-1465] Applying ini 'tb.file=D:/Proyectos/tfg_hardware_accelerator/data/mnist_test_data.hpp' from D:/Proyectos/tfg_hardware_accelerator/hls_tfg_bnn/hls_config.cfg(9)
INFO: [HLS 200-10] Adding test bench file 'D:/Proyectos/tfg_hardware_accelerator/data/mnist_test_data.hpp' to the project
INFO: [HLS 200-1465] Applying ini 'tb.file=D:/Proyectos/tfg_hardware_accelerator/data/mnist_train_data.hpp' from D:/Proyectos/tfg_hardware_accelerator/hls_tfg_bnn/hls_config.cfg(10)
INFO: [HLS 200-10] Adding test bench file 'D:/Proyectos/tfg_hardware_accelerator/data/mnist_train_data.hpp' to the project
INFO: [HLS 200-1465] Applying ini 'syn.top=train_step' from D:/Proyectos/tfg_hardware_accelerator/hls_tfg_bnn/hls_config.cfg(7)
INFO: [HLS 200-1465] Applying ini 'flow_target=vivado' from D:/Proyectos/tfg_hardware_accelerator/hls_tfg_bnn/hls_config.cfg(4)
INFO: [HLS 200-1505] Using flow_target 'vivado'
Resolution: For help on HLS 200-1505 see docs.xilinx.com/access/sources/dita/topic?Doc_Version=2024.2%20English&url=ug1448-hls-guidance&resourceid=200-1505.html
INFO: [HLS 200-1465] Applying ini 'part=xc7a100tcsg324-1' from D:/Proyectos/tfg_hardware_accelerator/hls_tfg_bnn/hls_config.cfg(1)
INFO: [HLS 200-1611] Setting target device to 'xc7a100t-csg324-1'
INFO: [HLS 200-1465] Applying ini 'package.output.format=ip_catalog' from D:/Proyectos/tfg_hardware_accelerator/hls_tfg_bnn/hls_config.cfg(5)
INFO: [SIM 211-2] *************** CSIM start ***************
INFO: [SIM 211-4] CSIM will launch CLANG as the compiler.
INFO: [HLS 200-2036] Building debug C Simulation binaries
   Compiling ../../../../../src/forward_fw.cpp in debug mode
   Generating csim.exe
In file included from ../../../../../src/forward_fw.cpp:1:
In file included from ../../../../../src/forward_fw.hpp:2:
In file included from C:/Xilinx/Vitis/2024.2/include/ap_fixed.h:9:
In file included from C:/Xilinx/Vitis/2024.2/include/etc/ap_common.h:658:
In file included from C:/Xilinx/Vitis/2024.2/include/etc/ap_private.h:68:
In file included from C:/Xilinx/Vitis/2024.2/include/hls_half.h:26:
In file included from C:/Xilinx/Vitis/2024.2/include/etc/hls_half_fpo.h:19:
In file included from C:/Xilinx/Vitis/2024.2/include/hls_fpo.h:140:
In file included from C:/Xilinx/Vitis/2024.2/include/floating_point_v7_1_bitacc_cmodel.h:150:
C:/Xilinx/Vitis/2024.2/include/gmp.h:58:9: warning: '__GMP_LIBGMP_DLL' macro redefined [-Wmacro-redefined]
#define __GMP_LIBGMP_DLL  0
        ^
C:/Xilinx/Vitis/2024.2/include/floating_point_v7_1_bitacc_cmodel.h:142:9: note: previous definition is here
#define __GMP_LIBGMP_DLL 1
        ^
1 warning generated.

== Epoca 1 ==
Hidden -> Good Pos: 0, Neg: 9, Margin: 4, Diff:-9 | Output -> Good Pos: 0, Neg: 0, Margin: 4, Diff: 0
Hidden -> Good Pos: 0, Neg:11, Margin: 4, Diff:-11 | Output -> Good Pos: 0, Neg: 0, Margin: 4, Diff: 0
Hidden -> Good Pos: 0, Neg: 9, Margin: 4, Diff:-9 | Output -> Good Pos: 0, Neg: 0, Margin: 4, Diff: 0
Hidden -> Good Pos: 0, Neg: 8, Margin: 4, Diff:-8 | Output -> Good Pos: 0, Neg: 0, Margin: 4, Diff: 0
Hidden -> Good Pos: 0, Neg:24, Margin: 4, Diff:-24 | Output -> Good Pos: 0, Neg: 0, Margin: 4, Diff: 0
Hidden -> Good Pos: 0, Neg:23, Margin: 4, Diff:-23 | Output -> Good Pos: 0, Neg: 1, Margin: 4, Diff:-1
Hidden -> Good Pos: 0, Neg:11, Margin: 4, Diff:-11 | Output -> Good Pos: 0, Neg: 0, Margin: 4, Diff: 0
Hidden -> Good Pos: 0, Neg:14, Margin: 4, Diff:-14 | Output -> Good Pos: 0, Neg: 0, Margin: 4, Diff: 0
Hidden -> Good Pos: 0, Neg:18, Margin: 4, Diff:-18 | Output -> Good Pos: 0, Neg: 0, Margin: 4, Diff: 0
Hidden -> Good Pos: 0, Neg:25, Margin: 4, Diff:-25 | Output -> Good Pos: 0, Neg: 2, Margin: 4, Diff:-2
Hidden -> Good Pos: 0, Neg:23, Margin: 4, Diff:-23 | Output -> Good Pos: 0, Neg: 1, Margin: 4, Diff:-1
Hidden -> Good Pos: 0, Neg:22, Margin: 4, Diff:-22 | Output -> Good Pos: 0, Neg: 0, Margin: 4, Diff: 0
Hidden -> Good Pos: 0, Neg:21, Margin: 4, Diff:-21 | Output -> Good Pos: 0, Neg: 1, Margin: 4, Diff:-1
Hidden -> Good Pos: 0, Neg:22, Margin: 4, Diff:-22 | Output -> Good Pos: 0, Neg: 1, Margin: 4, Diff:-1
Hidden -> Good Pos: 0, Neg:21, Margin: 4, Diff:-21 | Output -> Good Pos: 0, Neg: 0, Margin: 4, Diff: 0
Hidden -> Good Pos: 0, Neg:14, Margin: 4, Diff:-14 | Output -> Good Pos: 0, Neg: 0, Margin: 4, Diff: 0
Hidden -> Good Pos: 0, Neg:20, Margin: 4, Diff:-20 | Output -> Good Pos: 0, Neg: 1, Margin: 4, Diff:-1
Hidden -> Good Pos: 0, Neg:24, Margin: 4, Diff:-24 | Output -> Good Pos: 0, Neg: 2, Margin: 4, Diff:-2
Hidden -> Good Pos: 0, Neg:20, Margin: 4, Diff:-20 | Output -> Good Pos: 0, Neg: 0, Margin: 4, Diff: 0
Hidden -> Good Pos: 0, Neg:22, Margin: 4, Diff:-22 | Output -> Good Pos: 0, Neg: 1, Margin: 4, Diff:-1
Hidden -> Good Pos: 0, Neg:23, Margin: 4, Diff:-23 | Output -> Good Pos: 0, Neg: 1, Margin: 4, Diff:-1
Hidden -> Good Pos:11, Neg:17, Margin: 4, Diff:-6 | Output -> Good Pos: 0, Neg: 0, Margin: 4, Diff: 0
Hidden -> Good Pos: 0, Neg:19, Margin: 4, Diff:-19 | Output -> Good Pos: 0, Neg: 0, Margin: 4, Diff: 0
Hidden -> Good Pos: 0, Neg:17, Margin: 4, Diff:-17 | Output -> Good Pos: 0, Neg: 0, Margin: 4, Diff: 0
Hidden -> Good Pos: 0, Neg:21, Margin: 4, Diff:-21 | Output -> Good Pos: 0, Neg: 1, Margin: 4, Diff:-1
Hidden -> Good Pos: 0, Neg:22, Margin: 4, Diff:-22 | Output -> Good Pos: 0, Neg: 1, Margin: 4, Diff:-1
Hidden -> Good Pos: 0, Neg:24, Margin: 4, Diff:-24 | Output -> Good Pos: 0, Neg: 1, Margin: 4, Diff:-1
Hidden -> Good Pos: 0, Neg:25, Margin: 4, Diff:-25 | Output -> Good Pos: 0, Neg: 1, Margin: 4, Diff:-1
Hidden -> Good Pos: 0, Neg:20, Margin: 4, Diff:-20 | Output -> Good Pos: 0, Neg: 1, Margin: 4, Diff:-1
Hidden -> Good Pos: 0, Neg:20, Margin: 4, Diff:-20 | Output -> Good Pos: 0, Neg: 1, Margin: 4, Diff:-1
Hidden -> Good Pos: 0, Neg:23, Margin: 4, Diff:-23 | Output -> Good Pos: 0, Neg: 1, Margin: 4, Diff:-1
Hidden -> Good Pos: 0, Neg:20, Margin: 4, Diff:-20 | Output -> Good Pos: 0, Neg: 1, Margin: 4, Diff:-1
Hidden -> Good Pos: 0, Neg:28, Margin: 4, Diff:-28 | Output -> Good Pos: 0, Neg: 2, Margin: 4, Diff:-2
Hidden -> Good Pos: 0, Neg:22, Margin: 4, Diff:-22 | Output -> Good Pos: 0, Neg: 1, Margin: 4, Diff:-1
Hidden -> Good Pos: 0, Neg:17, Margin: 4, Diff:-17 | Output -> Good Pos: 0, Neg: 0, Margin: 4, Diff: 0
Hidden -> Good Pos: 0, Neg:22, Margin: 4, Diff:-22 | Output -> Good Pos: 0, Neg: 1, Margin: 4, Diff:-1
Hidden -> Good Pos: 0, Neg:28, Margin: 4, Diff:-28 | Output -> Good Pos: 0, Neg: 4, Margin: 4, Diff:-4
Hidden -> Good Pos: 0, Neg:22, Margin: 4, Diff:-22 | Output -> Good Pos: 0, Neg: 1, Margin: 4, Diff:-1
Hidden -> Good Pos: 0, Neg:28, Margin: 4, Diff:-28 | Output -> Good Pos: 0, Neg: 4, Margin: 4, Diff:-4
Hidden -> Good Pos: 0, Neg:22, Margin: 4, Diff:-22 | Output -> Good Pos: 0, Neg: 1, Margin: 4, Diff:-1
Hidden -> Good Pos: 0, Neg:23, Margin: 4, Diff:-23 | Output -> Good Pos: 0, Neg: 1, Margin: 4, Diff:-1
Hidden -> Good Pos: 0, Neg:24, Margin: 4, Diff:-24 | Output -> Good Pos: 0, Neg: 1, Margin: 4, Diff:-1
Hidden -> Good Pos: 0, Neg:22, Margin: 4, Diff:-22 | Output -> Good Pos: 0, Neg: 1, Margin: 4, Diff:-1
Hidden -> Good Pos: 0, Neg:20, Margin: 4, Diff:-20 | Output -> Good Pos: 0, Neg: 1, Margin: 4, Diff:-1
Hidden -> Good Pos: 0, Neg:20, Margin: 4, Diff:-20 | Output -> Good Pos: 0, Neg: 1, Margin: 4, Diff:-1
Hidden -> Good Pos: 0, Neg:22, Margin: 4, Diff:-22 | Output -> Good Pos: 0, Neg: 1, Margin: 4, Diff:-1
Hidden -> Good Pos: 0, Neg:24, Margin: 4, Diff:-24 | Output -> Good Pos: 0, Neg: 1, Margin: 4, Diff:-1
Hidden -> Good Pos: 0, Neg:24, Margin: 4, Diff:-24 | Output -> Good Pos: 0, Neg: 1, Margin: 4, Diff:-1
Hidden -> Good Pos: 0, Neg:22, Margin: 4, Diff:-22 | Output -> Good Pos: 0, Neg: 1, Margin: 4, Diff:-1
Hidden -> Good Pos: 0, Neg:25, Margin: 4, Diff:-25 | Output -> Good Pos: 0, Neg: 1, Margin: 4, Diff:-1
Hidden -> Good Pos: 0, Neg:25, Margin: 4, Diff:-25 | Output -> Good Pos: 0, Neg: 1, Margin: 4, Diff:-1
Hidden -> Good Pos: 0, Neg:24, Margin: 4, Diff:-24 | Output -> Good Pos: 0, Neg: 1, Margin: 4, Diff:-1
Hidden -> Good Pos: 0, Neg:23, Margin: 4, Diff:-23 | Output -> Good Pos: 0, Neg: 1, Margin: 4, Diff:-1
Hidden -> Good Pos: 0, Neg:21, Margin: 4, Diff:-21 | Output -> Good Pos: 0, Neg: 1, Margin: 4, Diff:-1
Hidden -> Good Pos: 0, Neg:21, Margin: 4, Diff:-21 | Output -> Good Pos: 0, Neg: 1, Margin: 4, Diff:-1
Hidden -> Good Pos: 0, Neg:22, Margin: 4, Diff:-22 | Output -> Good Pos: 0, Neg: 1, Margin: 4, Diff:-1
Hidden -> Good Pos: 0, Neg:21, Margin: 4, Diff:-21 | Output -> Good Pos: 0, Neg: 1, Margin: 4, Diff:-1
Hidden -> Good Pos: 0, Neg:24, Margin: 4, Diff:-24 | Output -> Good Pos: 0, Neg: 1, Margin: 4, Diff:-1
Hidden -> Good Pos: 0, Neg:20, Margin: 4, Diff:-20 | Output -> Good Pos: 0, Neg: 1, Margin: 4, Diff:-1
Hidden -> Good Pos: 0, Neg:22, Margin: 4, Diff:-22 | Output -> Good Pos: 0, Neg: 1, Margin: 4, Diff:-1
Hidden -> Good Pos: 0, Neg:20, Margin: 4, Diff:-20 | Output -> Good Pos: 0, Neg: 1, Margin: 4, Diff:-1
Hidden -> Good Pos: 0, Neg:25, Margin: 4, Diff:-25 | Output -> Good Pos: 0, Neg: 1, Margin: 4, Diff:-1
Hidden -> Good Pos: 0, Neg:22, Margin: 4, Diff:-22 | Output -> Good Pos: 0, Neg: 1, Margin: 4, Diff:-1
Hidden -> Good Pos: 0, Neg:22, Margin: 4, Diff:-22 | Output -> Good Pos: 0, Neg: 1, Margin: 4, Diff:-1
Hidden -> Good Pos: 0, Neg:22, Margin: 4, Diff:-22 | Output -> Good Pos: 0, Neg: 1, Margin: 4, Diff:-1
Hidden -> Good Pos: 0, Neg:21, Margin: 4, Diff:-21 | Output -> Good Pos: 0, Neg: 1, Margin: 4, Diff:-1
Hidden -> Good Pos: 0, Neg:23, Margin: 4, Diff:-23 | Output -> Good Pos: 0, Neg: 1, Margin: 4, Diff:-1
Hidden -> Good Pos: 0, Neg:23, Margin: 4, Diff:-23 | Output -> Good Pos: 0, Neg: 1, Margin: 4, Diff:-1
Hidden -> Good Pos: 0, Neg:25, Margin: 4, Diff:-25 | Output -> Good Pos: 0, Neg: 1, Margin: 4, Diff:-1
Hidden -> Good Pos: 0, Neg:20, Margin: 4, Diff:-20 | Output -> Good Pos: 0, Neg: 1, Margin: 4, Diff:-1
Hidden -> Good Pos: 0, Neg:25, Margin: 4, Diff:-25 | Output -> Good Pos: 0, Neg: 1, Margin: 4, Diff:-1
Hidden -> Good Pos: 0, Neg:25, Margin: 4, Diff:-25 | Output -> Good Pos: 0, Neg: 2, Margin: 4, Diff:-2
Hidden -> Good Pos: 0, Neg:24, Margin: 4, Diff:-24 | Output -> Good Pos: 0, Neg: 1, Margin: 4, Diff:-1
Hidden -> Good Pos: 0, Neg:22, Margin: 4, Diff:-22 | Output -> Good Pos: 0, Neg: 1, Margin: 4, Diff:-1
Hidden -> Good Pos: 0, Neg:21, Margin: 4, Diff:-21 | Output -> Good Pos: 0, Neg: 1, Margin: 4, Diff:-1
Hidden -> Good Pos: 0, Neg:22, Margin: 4, Diff:-22 | Output -> Good Pos: 0, Neg: 1, Margin: 4, Diff:-1
Hidden -> Good Pos: 0, Neg:21, Margin: 4, Diff:-21 | Output -> Good Pos: 0, Neg: 1, Margin: 4, Diff:-1
Hidden -> Good Pos: 0, Neg:21, Margin: 4, Diff:-21 | Output -> Good Pos: 0, Neg: 1, Margin: 4, Diff:-1
Hidden -> Good Pos: 0, Neg:23, Margin: 4, Diff:-23 | Output -> Good Pos: 0, Neg: 1, Margin: 4, Diff:-1
Hidden -> Good Pos: 0, Neg:25, Margin: 4, Diff:-25 | Output -> Good Pos: 0, Neg: 1, Margin: 4, Diff:-1
Hidden -> Good Pos: 0, Neg:23, Margin: 4, Diff:-23 | Output -> Good Pos: 0, Neg: 1, Margin: 4, Diff:-1
Hidden -> Good Pos: 0, Neg:23, Margin: 4, Diff:-23 | Output -> Good Pos: 0, Neg: 1, Margin: 4, Diff:-1
Hidden -> Good Pos: 0, Neg:20, Margin: 4, Diff:-20 | Output -> Good Pos: 0, Neg: 1, Margin: 4, Diff:-1
Hidden -> Good Pos: 0, Neg:23, Margin: 4, Diff:-23 | Output -> Good Pos: 0, Neg: 1, Margin: 4, Diff:-1
Hidden -> Good Pos: 0, Neg:23, Margin: 4, Diff:-23 | Output -> Good Pos: 0, Neg: 1, Margin: 4, Diff:-1
Hidden -> Good Pos: 0, Neg:26, Margin: 4, Diff:-26 | Output -> Good Pos: 0, Neg: 2, Margin: 4, Diff:-2
Hidden -> Good Pos: 0, Neg:25, Margin: 4, Diff:-25 | Output -> Good Pos: 0, Neg: 1, Margin: 4, Diff:-1
Hidden -> Good Pos: 0, Neg:25, Margin: 4, Diff:-25 | Output -> Good Pos: 0, Neg: 1, Margin: 4, Diff:-1
Hidden -> Good Pos: 0, Neg:22, Margin: 4, Diff:-22 | Output -> Good Pos: 0, Neg: 1, Margin: 4, Diff:-1
Hidden -> Good Pos: 0, Neg:22, Margin: 4, Diff:-22 | Output -> Good Pos: 0, Neg: 1, Margin: 4, Diff:-1
Hidden -> Good Pos: 0, Neg:27, Margin: 4, Diff:-27 | Output -> Good Pos: 0, Neg: 4, Margin: 4, Diff:-4
Hidden -> Good Pos: 0, Neg:21, Margin: 4, Diff:-21 | Output -> Good Pos: 0, Neg: 1, Margin: 4, Diff:-1
Hidden -> Good Pos: 0, Neg:23, Margin: 4, Diff:-23 | Output -> Good Pos: 0, Neg: 1, Margin: 4, Diff:-1
Hidden -> Good Pos: 0, Neg:21, Margin: 4, Diff:-21 | Output -> Good Pos: 0, Neg: 1, Margin: 4, Diff:-1
Hidden -> Good Pos: 0, Neg:25, Margin: 4, Diff:-25 | Output -> Good Pos: 0, Neg: 1, Margin: 4, Diff:-1
Hidden -> Good Pos: 0, Neg:17, Margin: 4, Diff:-17 | Output -> Good Pos: 0, Neg: 0, Margin: 4, Diff: 0
Hidden -> Good Pos: 0, Neg:22, Margin: 4, Diff:-22 | Output -> Good Pos: 0, Neg: 1, Margin: 4, Diff:-1
Hidden -> Good Pos: 0, Neg:21, Margin: 4, Diff:-21 | Output -> Good Pos: 0, Neg: 1, Margin: 4, Diff:-1
Hidden -> Good Pos: 0, Neg:22, Margin: 4, Diff:-22 | Output -> Good Pos: 0, Neg: 1, Margin: 4, Diff:-1
Hidden -> Good Pos: 0, Neg:24, Margin: 4, Diff:-24 | Output -> Good Pos: 0, Neg: 1, Margin: 4, Diff:-1
Hidden -> Good Pos: 0, Neg:26, Margin: 4, Diff:-26 | Output -> Good Pos: 0, Neg: 2, Margin: 4, Diff:-2
Hidden -> Good Pos: 0, Neg:22, Margin: 4, Diff:-22 | Output -> Good Pos: 0, Neg: 1, Margin: 4, Diff:-1
Hidden -> Good Pos: 0, Neg:25, Margin: 4, Diff:-25 | Output -> Good Pos: 0, Neg: 1, Margin: 4, Diff:-1
Hidden -> Good Pos: 0, Neg:23, Margin: 4, Diff:-23 | Output -> Good Pos: 0, Neg: 1, Margin: 4, Diff:-1
Hidden -> Good Pos: 0, Neg:25, Margin: 4, Diff:-25 | Output -> Good Pos: 0, Neg: 1, Margin: 4, Diff:-1
Hidden -> Good Pos: 0, Neg:25, Margin: 4, Diff:-25 | Output -> Good Pos: 0, Neg: 1, Margin: 4, Diff:-1
Hidden -> Good Pos: 0, Neg:26, Margin: 4, Diff:-26 | Output -> Good Pos: 0, Neg: 2, Margin: 4, Diff:-2
Hidden -> Good Pos: 0, Neg:19, Margin: 4, Diff:-19 | Output -> Good Pos: 0, Neg: 1, Margin: 4, Diff:-1
Hidden -> Good Pos: 0, Neg:22, Margin: 4, Diff:-22 | Output -> Good Pos: 0, Neg: 1, Margin: 4, Diff:-1
Hidden -> Good Pos: 0, Neg:21, Margin: 4, Diff:-21 | Output -> Good Pos: 0, Neg: 1, Margin: 4, Diff:-1
Hidden -> Good Pos: 0, Neg:20, Margin: 4, Diff:-20 | Output -> Good Pos: 0, Neg: 1, Margin: 4, Diff:-1
Hidden -> Good Pos: 0, Neg:28, Margin: 4, Diff:-28 | Output -> Good Pos: 0, Neg: 4, Margin: 4, Diff:-4
Hidden -> Good Pos: 0, Neg:23, Margin: 4, Diff:-23 | Output -> Good Pos: 0, Neg: 1, Margin: 4, Diff:-1
Hidden -> Good Pos: 0, Neg:27, Margin: 4, Diff:-27 | Output -> Good Pos: 0, Neg: 2, Margin: 4, Diff:-2
Hidden -> Good Pos: 0, Neg:21, Margin: 4, Diff:-21 | Output -> Good Pos: 0, Neg: 1, Margin: 4, Diff:-1
Hidden -> Good Pos: 0, Neg:22, Margin: 4, Diff:-22 | Output -> Good Pos: 0, Neg: 1, Margin: 4, Diff:-1
Hidden -> Good Pos: 0, Neg:20, Margin: 4, Diff:-20 | Output -> Good Pos: 0, Neg: 1, Margin: 4, Diff:-1
Hidden -> Good Pos: 0, Neg:24, Margin: 4, Diff:-24 | Output -> Good Pos: 0, Neg: 1, Margin: 4, Diff:-1
Hidden -> Good Pos: 0, Neg:22, Margin: 4, Diff:-22 | Output -> Good Pos: 0, Neg: 1, Margin: 4, Diff:-1
Hidden -> Good Pos: 0, Neg:25, Margin: 4, Diff:-25 | Output -> Good Pos: 0, Neg: 1, Margin: 4, Diff:-1
Hidden -> Good Pos: 0, Neg:20, Margin: 4, Diff:-20 | Output -> Good Pos: 0, Neg: 1, Margin: 4, Diff:-1
Hidden -> Good Pos: 0, Neg:21, Margin: 4, Diff:-21 | Output -> Good Pos: 0, Neg: 1, Margin: 4, Diff:-1
Hidden -> Good Pos: 0, Neg:26, Margin: 4, Diff:-26 | Output -> Good Pos: 0, Neg: 2, Margin: 4, Diff:-2
Hidden -> Good Pos: 0, Neg:21, Margin: 4, Diff:-21 | Output -> Good Pos: 0, Neg: 1, Margin: 4, Diff:-1
Hidden -> Good Pos: 0, Neg:23, Margin: 4, Diff:-23 | Output -> Good Pos: 0, Neg: 1, Margin: 4, Diff:-1
Hidden -> Good Pos: 0, Neg:28, Margin: 4, Diff:-28 | Output -> Good Pos: 0, Neg: 4, Margin: 4, Diff:-4
Hidden -> Good Pos: 0, Neg:19, Margin: 4, Diff:-19 | Output -> Good Pos: 0, Neg: 1, Margin: 4, Diff:-1
Hidden -> Good Pos: 0, Neg:25, Margin: 4, Diff:-25 | Output -> Good Pos: 0, Neg: 1, Margin: 4, Diff:-1
Hidden -> Good Pos: 0, Neg:22, Margin: 4, Diff:-22 | Output -> Good Pos: 0, Neg: 1, Margin: 4, Diff:-1
Hidden -> Good Pos: 0, Neg:23, Margin: 4, Diff:-23 | Output -> Good Pos: 0, Neg: 1, Margin: 4, Diff:-1
Hidden -> Good Pos: 0, Neg:22, Margin: 4, Diff:-22 | Output -> Good Pos: 0, Neg: 1, Margin: 4, Diff:-1
Hidden -> Good Pos: 0, Neg:25, Margin: 4, Diff:-25 | Output -> Good Pos: 0, Neg: 1, Margin: 4, Diff:-1
Hidden -> Good Pos: 0, Neg:23, Margin: 4, Diff:-23 | Output -> Good Pos: 0, Neg: 1, Margin: 4, Diff:-1
Hidden -> Good Pos: 0, Neg:21, Margin: 4, Diff:-21 | Output -> Good Pos: 0, Neg: 1, Margin: 4, Diff:-1
Hidden -> Good Pos: 0, Neg:27, Margin: 4, Diff:-27 | Output -> Good Pos: 0, Neg: 2, Margin: 4, Diff:-2
Hidden -> Good Pos: 0, Neg:22, Margin: 4, Diff:-22 | Output -> Good Pos: 0, Neg: 1, Margin: 4, Diff:-1
Hidden -> Good Pos: 0, Neg:22, Margin: 4, Diff:-22 | Output -> Good Pos: 0, Neg: 1, Margin: 4, Diff:-1
Hidden -> Good Pos: 0, Neg:23, Margin: 4, Diff:-23 | Output -> Good Pos: 0, Neg: 1, Margin: 4, Diff:-1
Hidden -> Good Pos: 0, Neg:23, Margin: 4, Diff:-23 | Output -> Good Pos: 0, Neg: 1, Margin: 4, Diff:-1
Hidden -> Good Pos: 0, Neg:26, Margin: 4, Diff:-26 | Output -> Good Pos: 0, Neg: 2, Margin: 4, Diff:-2
Hidden -> Good Pos: 0, Neg:19, Margin: 4, Diff:-19 | Output -> Good Pos: 0, Neg: 1, Margin: 4, Diff:-1
Hidden -> Good Pos:16, Neg:24, Margin: 4, Diff:-8 | Output -> Good Pos: 0, Neg: 1, Margin: 4, Diff:-1
Hidden -> Good Pos: 0, Neg:21, Margin: 4, Diff:-21 | Output -> Good Pos: 0, Neg: 0, Margin: 4, Diff: 0
Hidden -> Good Pos: 0, Neg:24, Margin: 4, Diff:-24 | Output -> Good Pos: 0, Neg: 0, Margin: 4, Diff: 0
Hidden -> Good Pos: 0, Neg:22, Margin: 4, Diff:-22 | Output -> Good Pos: 0, Neg: 0, Margin: 4, Diff: 0
Hidden -> Good Pos: 0, Neg:22, Margin: 4, Diff:-22 | Output -> Good Pos: 0, Neg: 0, Margin: 4, Diff: 0
Hidden -> Good Pos: 0, Neg:22, Margin: 4, Diff:-22 | Output -> Good Pos: 0, Neg: 0, Margin: 4, Diff: 0
Hidden -> Good Pos: 0, Neg:21, Margin: 4, Diff:-21 | Output -> Good Pos: 0, Neg: 0, Margin: 4, Diff: 0
Hidden -> Good Pos: 0, Neg:21, Margin: 4, Diff:-21 | Output -> Good Pos: 0, Neg: 0, Margin: 4, Diff: 0
Hidden -> Good Pos: 0, Neg:24, Margin: 4, Diff:-24 | Output -> Good Pos: 0, Neg: 0, Margin: 4, Diff: 0
Hidden -> Good Pos: 0, Neg:21, Margin: 4, Diff:-21 | Output -> Good Pos: 0, Neg: 0, Margin: 4, Diff: 0
Hidden -> Good Pos: 0, Neg:23, Margin: 4, Diff:-23 | Output -> Good Pos: 0, Neg: 0, Margin: 4, Diff: 0
Hidden -> Good Pos: 0, Neg:22, Margin: 4, Diff:-22 | Output -> Good Pos: 0, Neg: 0, Margin: 4, Diff: 0
Hidden -> Good Pos: 0, Neg:25, Margin: 4, Diff:-25 | Output -> Good Pos: 0, Neg: 0, Margin: 4, Diff: 0
Hidden -> Good Pos: 0, Neg:22, Margin: 4, Diff:-22 | Output -> Good Pos: 0, Neg: 0, Margin: 4, Diff: 0
Hidden -> Good Pos: 0, Neg:25, Margin: 4, Diff:-25 | Output -> Good Pos: 0, Neg: 0, Margin: 4, Diff: 0
Hidden -> Good Pos: 0, Neg:20, Margin: 4, Diff:-20 | Output -> Good Pos: 0, Neg: 0, Margin: 4, Diff: 0
Hidden -> Good Pos: 0, Neg:21, Margin: 4, Diff:-21 | Output -> Good Pos: 0, Neg: 0, Margin: 4, Diff: 0
Hidden -> Good Pos: 0, Neg:25, Margin: 4, Diff:-25 | Output -> Good Pos: 0, Neg: 0, Margin: 4, Diff: 0
Hidden -> Good Pos: 0, Neg:22, Margin: 4, Diff:-22 | Output -> Good Pos: 0, Neg: 0, Margin: 4, Diff: 0
Hidden -> Good Pos: 0, Neg:25, Margin: 4, Diff:-25 | Output -> Good Pos: 0, Neg: 0, Margin: 4, Diff: 0
Hidden -> Good Pos: 0, Neg:21, Margin: 4, Diff:-21 | Output -> Good Pos: 0, Neg: 0, Margin: 4, Diff: 0
Hidden -> Good Pos: 0, Neg:21, Margin: 4, Diff:-21 | Output -> Good Pos: 0, Neg: 0, Margin: 4, Diff: 0
Hidden -> Good Pos: 0, Neg:21, Margin: 4, Diff:-21 | Output -> Good Pos: 0, Neg: 0, Margin: 4, Diff: 0
Hidden -> Good Pos: 0, Neg:23, Margin: 4, Diff:-23 | Output -> Good Pos: 0, Neg: 0, Margin: 4, Diff: 0
Hidden -> Good Pos: 0, Neg:25, Margin: 4, Diff:-25 | Output -> Good Pos: 0, Neg: 0, Margin: 4, Diff: 0
Hidden -> Good Pos: 0, Neg:23, Margin: 4, Diff:-23 | Output -> Good Pos: 0, Neg: 0, Margin: 4, Diff: 0
Hidden -> Good Pos: 0, Neg:21, Margin: 4, Diff:-21 | Output -> Good Pos: 0, Neg: 0, Margin: 4, Diff: 0
Hidden -> Good Pos: 0, Neg:22, Margin: 4, Diff:-22 | Output -> Good Pos: 0, Neg: 0, Margin: 4, Diff: 0
Hidden -> Good Pos: 0, Neg:23, Margin: 4, Diff:-23 | Output -> Good Pos: 0, Neg: 0, Margin: 4, Diff: 0
Hidden -> Good Pos: 0, Neg:21, Margin: 4, Diff:-21 | Output -> Good Pos: 0, Neg: 0, Margin: 4, Diff: 0
Hidden -> Good Pos: 0, Neg:23, Margin: 4, Diff:-23 | Output -> Good Pos: 0, Neg: 0, Margin: 4, Diff: 0
Hidden -> Good Pos: 0, Neg:21, Margin: 4, Diff:-21 | Output -> Good Pos: 0, Neg: 0, Margin: 4, Diff: 0
Hidden -> Good Pos: 0, Neg:24, Margin: 4, Diff:-24 | Output -> Good Pos: 0, Neg: 0, Margin: 4, Diff: 0
Hidden -> Good Pos: 0, Neg:24, Margin: 4, Diff:-24 | Output -> Good Pos: 0, Neg: 0, Margin: 4, Diff: 0
Hidden -> Good Pos: 0, Neg:22, Margin: 4, Diff:-22 | Output -> Good Pos: 0, Neg: 0, Margin: 4, Diff: 0
Hidden -> Good Pos: 0, Neg:25, Margin: 4, Diff:-25 | Output -> Good Pos: 0, Neg: 0, Margin: 4, Diff: 0
Hidden -> Good Pos: 0, Neg:21, Margin: 4, Diff:-21 | Output -> Good Pos: 0, Neg: 0, Margin: 4, Diff: 0
Hidden -> Good Pos: 0, Neg:22, Margin: 4, Diff:-22 | Output -> Good Pos: 0, Neg: 0, Margin: 4, Diff: 0
Hidden -> Good Pos: 0, Neg:21, Margin: 4, Diff:-21 | Output -> Good Pos: 0, Neg: 0, Margin: 4, Diff: 0
Hidden -> Good Pos: 0, Neg:25, Margin: 4, Diff:-25 | Output -> Good Pos: 0, Neg: 0, Margin: 4, Diff: 0
Hidden -> Good Pos: 0, Neg:21, Margin: 4, Diff:-21 | Output -> Good Pos: 0, Neg: 0, Margin: 4, Diff: 0
Hidden -> Good Pos: 0, Neg:22, Margin: 4, Diff:-22 | Output -> Good Pos: 0, Neg: 0, Margin: 4, Diff: 0
Hidden -> Good Pos: 0, Neg:22, Margin: 4, Diff:-22 | Output -> Good Pos: 0, Neg: 0, Margin: 4, Diff: 0
Hidden -> Good Pos: 0, Neg:26, Margin: 4, Diff:-26 | Output -> Good Pos: 0, Neg: 1, Margin: 4, Diff:-1
Hidden -> Good Pos: 0, Neg:19, Margin: 4, Diff:-19 | Output -> Good Pos: 0, Neg: 0, Margin: 4, Diff: 0
Hidden -> Good Pos: 0, Neg:20, Margin: 4, Diff:-20 | Output -> Good Pos: 0, Neg: 0, Margin: 4, Diff: 0
Hidden -> Good Pos: 0, Neg:20, Margin: 4, Diff:-20 | Output -> Good Pos: 0, Neg: 0, Margin: 4, Diff: 0
Hidden -> Good Pos: 0, Neg:17, Margin: 4, Diff:-17 | Output -> Good Pos: 0, Neg: 0, Margin: 4, Diff: 0
Hidden -> Good Pos: 0, Neg:22, Margin: 4, Diff:-22 | Output -> Good Pos: 0, Neg: 0, Margin: 4, Diff: 0
Hidden -> Good Pos: 0, Neg:22, Margin: 4, Diff:-22 | Output -> Good Pos: 0, Neg: 0, Margin: 4, Diff: 0
Hidden -> Good Pos: 0, Neg:23, Margin: 4, Diff:-23 | Output -> Good Pos: 0, Neg: 0, Margin: 4, Diff: 0
Hidden -> Good Pos: 0, Neg:23, Margin: 4, Diff:-23 | Output -> Good Pos: 0, Neg: 0, Margin: 4, Diff: 0
Hidden -> Good Pos: 0, Neg:25, Margin: 4, Diff:-25 | Output -> Good Pos: 0, Neg: 1, Margin: 4, Diff:-1
Hidden -> Good Pos: 0, Neg:19, Margin: 4, Diff:-19 | Output -> Good Pos: 0, Neg: 0, Margin: 4, Diff: 0
Hidden -> Good Pos: 0, Neg:24, Margin: 4, Diff:-24 | Output -> Good Pos: 0, Neg: 0, Margin: 4, Diff: 0
Hidden -> Good Pos: 0, Neg:22, Margin: 4, Diff:-22 | Output -> Good Pos: 0, Neg: 0, Margin: 4, Diff: 0
Hidden -> Good Pos: 0, Neg:20, Margin: 4, Diff:-20 | Output -> Good Pos: 0, Neg: 0, Margin: 4, Diff: 0
Hidden -> Good Pos: 0, Neg:27, Margin: 4, Diff:-27 | Output -> Good Pos: 0, Neg: 1, Margin: 4, Diff:-1
Hidden -> Good Pos: 0, Neg:23, Margin: 4, Diff:-23 | Output -> Good Pos: 0, Neg: 0, Margin: 4, Diff: 0

--- Pesos Iniciales W1 ---
W1[00]: 0 0 0 1 1 1 1 0 1 0 1 0 0 0 1 1 0 1 0 1 0 1 1 1 1 0 0 1 1 0 1 0 1 0 1 0 1 1 0 1 0 1 1 1 1 1 1 1 1 0 1 1 1 1 0 1 1 1 1 1 1 0 0 0 0 1 0 0 0 0 1 0 0 0 1 0 1 0 1 0 0 1 0 0 0 1 0 1 1 1 0 0 0 1 0 1 1 1 1 1 0 1 1 0 1 1 0 1 0 1 0 1 1 1 1 1 0 0 0 1 0 1 1 0 0 0 0 0 0 1 0 1 1 1 1 1 0 1 0 1 0 0 0 0 1 1 0 0 1 1 0 1 1 1 0 0 1 1 0 0 0 0 0 0 0 0 1 0 0 0 1 0 1 1 0 0 0 1 1 1 0 1 1 1 1 1 1 1 1 0 0 0 0 1 0 0
W1[01]: 1 0 1 0 0 0 0 1 1 1 0 0 1 1 1 0 1 1 0 1 0 0 0 0 0 1 0 1 1 1 0 1 0 0 0 1 0 1 0 1 1 1 0 0 0 0 0 0 0 1 1 0 1 0 1 1 0 0 1 1 0 0 1 1 1 0 0 0 1 0 0 0 0 0 1 0 0 0 0 1 0 1 1 1 0 0 0 1 1 1 1 0 0 1 0 0 0 1 0 1 0 0 1 0 0 0 1 1 1 1 1 0 1 0 0 0 0 1 0 1 1 0 0 0 0 1 0 0 1 1 1 0 0 0 0 0 0 0 0 0 1 1 1 0 1 1 0 0 0 1 1 1 1 1 0 0 1 0 0 1 1 1 1 1 0 1 1 1 1 1 0 1 0 1 1 0 1 0 1 1 1 1 0 1 0 1 0 0 1 1 0 0 1 1 1 1
W1[02]: 0 1 1 1 0 1 1 0 0 0 0 1 0 1 1 0 0 0 1 0 0 0 0 1 0 0 0 0 1 0 1 0 0 1 1 1 0 1 1 0 0 0 0 0 1 1 0 1 1 0 0 0 0 1 0 0 0 1 1 0 0 0 0 0 0 0 0 0 1 1 1 0 0 0 1 1 1 1 0 0 0 0 1 0 1 1 0 1 0 1 0 0 1 1 1 0 0 1 1 1 0 1 0 1 0 1 1 1 1 0 0 0 1 0 0 0 0 0 1 1 1 0 0 1 0 1 0 1 1 1 0 0 1 1 0 0 1 1 0 0 0 0 0 0 1 1 1 0 0 1 1 0 1 0 0 0 0 1 1 1 1 1 1 1 0 0 0 1 0 1 0 1 0 0 1 0 0 0 0 0 0 0 0 0 0 1 1 1 0 0 1 0 1 0 0 1
W1[03]: 1 0 0 0 0 1 1 1 1 1 1 0 0 0 0 0 0 0 1 0 1 1 0 0 1 0 0 1 0 1 1 1 1 0 1 0 1 0 1 0 1 1 1 1 1 1 0 1 1 0 1 0 1 0 0 1 0 1 1 1 1 0 1 0 0 0 0 1 1 0 0 1 1 0 0 1 1 0 0 0 1 1 0 1 0 0 1 0 0 1 1 0 1 0 1 1 0 1 0 0 1 0 1 0 0 0 1 0 0 0 1 0 1 1 1 0 0 1 0 1 1 1 1 1 0 1 1 0 1 1 1 1 1 0 0 1 1 1 0 1 1 1 0 0 0 0 1 0 1 1 0 0 0 0 0 1 1 1 1 1 0 0 0 1 1 1 1 1 0 0 1 1 0 0 0 0 1 0 1 0 1 1 0 0 1 1 0 0 1 1 1 1 0 1 0 1
W1[04]: 1 0 1 0 1 1 0 0 0 0 1 1 0 0 1 1 1 1 0 0 0 0 0 0 0 0 0 1 0 1 0 1 1 1 0 1 0 0 0 1 1 1 1 1 0 0 0 1 1 1 0 0 0 0 1 0 0 0 1 0 0 0 0 1 1 1 1 0 0 0 0 0 1 0 1 1 1 0 0 0 1 0 0 1 1 1 0 0 1 1 0 1 0 0 1 1 0 0 0 0 0 0 0 1 0 0 0 0 0 1 0 0 1 1 0 0 1 0 1 0 0 0 1 1 0 1 1 0 1 0 0 0 1 1 1 1 1 0 1 0 0 0 0 0 1 0 1 0 1 0 0 0 0 1 0 0 0 1 1 1 1 1 1 1 0 0 0 0 1 1 0 0 0 0 0 0 0 1 0 1 1 0 0 0 1 0 1 0 1 1 0 1 0 1 1 1
W1[05]: 0 0 0 0 0 1 1 0 1 0 0 0 1 0 0 1 1 0 1 0 0 1 0 1 1 0 0 0 0 1 1 1 0 1 1 1 0 1 1 0 0 0 1 0 1 0 0 1 1 0 1 1 0 1 0 1 1 0 1 1 1 0 1 0 0 0 1 0 0 0 0 0 1 1 0 1 0 1 1 1 0 0 1 0 0 0 0 0 0 1 0 0 1 0 0 0 0 1 0 1 1 0 0 1 1 0 0 1 1 0 0 1 0 1 1 0 1 0 1 0 1 1 0 0 0 1 0 1 1 1 1 0 0 1 1 0 1 1 1 1 0 0 0 1 1 1 0 1 1 1 0 1 1 0 0 0 1 1 0 0 1 0 0 0 1 0 0 0 1 0 0 0 1 0 1 1 1 0 1 0 1 1 0 1 0 0 0 1 1 0 0 1 0 1 0 0
W1[06]: 0 0 1 1 1 1 1 1 0 1 1 0 1 0 1 0 1 0 0 1 1 1 1 0 1 0 0 1 0 1 0 0 0 0 0 1 1 1 0 0 1 0 0 0 1 0 1 0 0 1 0 1 1 0 1 0 1 0 1 1 1 0 1 1 1 1 0 1 1 1 1 0 1 1 0 1 1 0 1 0 1 1 0 0 0 0 0 0 0 0 1 1 0 0 1 1 0 1 1 0 1 0 1 0 1 1 1 0 0 0 1 0 0 0 0 1 0 0 0 0 0 0 0 0 1 0 1 0 1 0 1 0 1 0 0 0 0 1 0 1 1 0 0 0 1 1 0 0 1 0 0 1 0 0 1 0 0 0 1 1 1 1 1 0 1 0 0 0 0 0 1 0 1 0 1 0 0 0 0 0 0 1 0 0 1 1 0 0 0 1 1 0 1 1 0 0
W1[07]: 0 1 0 1 1 0 0 0 0 0 1 0 0 0 1 0 0 0 1 0 1 1 1 0 1 0 1 0 0 1 0 1 1 1 1 0 0 1 0 0 1 0 1 1 0 0 1 1 0 1 1 0 1 0 1 0 1 0 0 0 0 0 0 0 0 0 0 1 1 0 1 0 1 0 0 1 0 1 0 1 1 1 0 1 0 0 1 0 0 0 0 0 1 0 1 1 0 0 1 0 1 1 1 0 0 0 1 0 1 0 0 1 1 0 0 0 0 0 0 1 1 0 1 0 0 1 1 0 0 1 1 1 1 0 1 1 1 1 1 1 0 1 0 1 1 0 1 0 0 0 0 1 1 1 0 0 0 0 0 1 1 0 0 1 0 0 1 0 1 0 0 1 1 0 0 0 0 1 0 1 1 1 1 0 0 1 0 1 1 1 0 1 0 1 1 1
W1[08]: 1 1 0 0 1 0 1 0 1 0 0 0 0 0 0 0 1 0 0 0 0 1 1 1 0 0 1 1 0 0 1 0 0 1 0 1 0 1 1 1 0 0 0 1 1 1 1 1 0 1 1 1 0 1 1 0 1 0 0 1 1 0 0 1 1 0 1 0 0 1 1 1 1 0 1 0 1 1 0 0 0 1 0 1 1 1 1 1 1 0 0 0 0 0 1 0 1 1 1 0 0 1 0 1 1 0 1 1 0 0 0 0 0 0 0 1 1 1 0 1 0 0 0 1 1 1 1 1 1 1 1 0 1 0 1 1 1 0 0 1 0 1 1 0 0 1 0 0 0 1 0 0 0 1 0 0 0 1 1 0 0 0 0 1 1 1 1 0 1 0 1 1 1 1 1 1 1 1 1 1 1 0 0 1 0 0 0 0 0 0 0 1 0 1 0 1
W1[09]: 0 0 0 0 0 0 0 1 0 1 1 0 0 1 0 0 1 1 1 1 1 1 0 0 1 0 1 0 1 0 0 0 0 0 1 0 1 0 1 1 1 1 1 0 0 0 0 0 0 0 1 1 1 0 0 1 1 0 1 1 0 1 1 1 0 1 0 1 0 1 0 0 0 1 1 0 1 0 0 1 1 1 0 0 0 0 1 1 1 0 1 0 1 1 1 0 1 0 0 0 1 0 1 1 0 1 0 0 1 1 0 0 1 0 1 1 0 0 0 0 0 0 1 0 1 0 1 1 1 1 0 1 0 0 1 0 0 1 1 0 0 0 0 1 0 0 0 0 1 0 0 1 0 0 0 1 0 0 0 1 1 0 1 0 0 1 0 0 1 1 1 1 0 0 0 1 1 0 0 0 0 1 0 1 1 0 0 0 1 1 0 1 0 1 0 0
W1[10]: 0 1 0 0 0 1 1 0 0 1 0 0 1 0 0 1 0 1 1 1 1 0 1 0 0 1 0 0 1 1 0 0 1 0 1 0 0 0 1 1 1 1 0 1 0 1 0 1 0 1 0 0 1 0 0 1 1 0 0 1 1 0 0 1 0 0 1 0 0 0 1 0 1 0 0 0 1 1 0 0 1 1 1 1 1 0 0 1 1 0 1 1 1 0 1 0 1 0 1 1 0 0 1 1 0 0 0 1 1 0 1 1 1 0 0 0 0 1 0 1 1 0 0 0 0 0 1 0 1 0 1 0 1 1 1 0 1 0 1 1 0 0 0 0 1 0 1 0 0 1 0 1 1 0 0 0 1 0 1 0 1 1 1 1 1 0 1 0 0 0 0 1 1 1 1 1 0 1 0 1 1 1 1 0 1 1 1 1 0 1 1 0 1 1 1 1
W1[11]: 0 0 1 1 0 1 0 1 0 1 1 1 0 1 1 0 1 1 0 0 0 0 0 0 0 0 1 1 0 1 0 1 1 0 0 1 0 0 0 0 0 0 1 0 0 0 0 1 0 1 0 0 1 0 0 1 1 1 1 0 0 0 1 1 1 1 1 1 1 1 0 0 1 0 1 1 1 1 1 0 1 1 1 1 0 1 0 1 1 0 0 0 0 0 0 0 0 1 0 0 1 1 1 0 0 1 1 0 1 0 0 0 1 1 0 0 0 0 0 1 0 0 1 1 0 1 1 1 1 1 0 1 0 0 0 1 0 0 1 1 0 0 0 1 1 1 1 1 0 0 0 0 0 1 1 1 1 0 1 0 1 0 1 1 0 0 0 1 0 0 0 0 0 0 0 0 0 1 1 0 0 1 1 1 1 0 0 0 1 1 1 1 0 0 1 1
W1[12]: 1 0 1 1 1 1 1 1 1 0 0 0 0 1 0 1 0 0 0 1 1 1 1 0 1 1 1 0 1 1 0 1 0 0 1 1 0 1 0 0 0 0 1 0 1 1 1 0 0 0 1 0 0 1 1 0 1 1 1 0 1 1 0 0 1 0 1 0 0 0 1 0 0 1 0 0 1 0 1 1 1 1 0 1 0 0 0 0 0 0 1 1 1 0 0 0 1 1 0 1 0 0 0 0 1 1 1 0 0 0 1 1 0 0 1 0 1 1 0 0 0 1 1 0 0 1 1 1 0 0 1 0 1 0 0 0 1 0 0 1 0 1 1 1 1 1 1 0 1 1 1 1 0 0 1 0 0 1 0 0 0 0 0 0 0 0 1 0 1 1 0 1 0 1 0 0 0 0 0 1 0 1 0 1 0 0 1 1 0 1 1 1 1 1 1 1
W1[13]: 1 1 1 0 1 0 1 1 0 1 0 1 1 1 0 1 0 1 0 1 1 1 0 1 1 1 1 1 0 0 1 1 0 0 0 1 0 1 0 0 0 0 1 0 0 0 1 0 0 1 1 1 0 0 1 0 1 0 1 1 0 0 1 0 0 0 0 1 0 1 1 1 0 1 1 1 0 0 0 1 0 1 0 0 0 1 1 1 0 0 0 0 0 0 0 0 1 1 1 1 0 0 1 0 0 0 0 1 0 1 0 1 1 0 0 1 0 0 1 0 0 0 1 1 1 1 1 1 1 0 0 1 0 1 1 1 1 1 1 1 0 1 0 1 0 1 0 1 0 1 0 0 0 0 0 0 0 0 1 1 0 1 1 0 1 1 1 1 1 1 1 0 1 1 1 0 1 0 0 0 0 1 0 0 1 0 1 0 1 0 0 0 0 1 0 1
W1[14]: 1 0 0 1 0 0 0 0 1 1 1 1 0 0 0 0 1 1 0 0 1 0 0 1 0 0 0 1 1 1 0 0 0 0 1 0 1 1 0 0 0 1 0 0 0 0 0 0 0 0 1 1 0 1 1 0 1 0 0 0 1 1 0 1 0 1 1 0 0 1 0 1 1 1 0 1 1 1 0 1 0 0 0 1 1 1 1 0 1 1 0 0 0 1 1 0 1 1 0 0 0 1 1 0 0 1 0 1 1 0 0 1 0 1 0 1 1 1 1 1 1 0 1 0 0 0 0 0 1 0 0 0 1 1 1 0 0 0 1 0 1 1 0 0 1 1 0 1 0 0 1 0 1 1 1 0 0 0 1 0 0 1 0 1 1 0 0 0 0 1 0 0 1 0 1 0 1 0 0 1 0 0 0 1 1 1 0 1 0 1 0 0 0 1 1 1
W1[15]: 1 0 0 1 0 0 0 1 1 0 0 1 0 1 1 1 1 0 1 1 1 0 1 1 1 0 0 0 0 0 0 0 1 0 1 1 0 1 0 1 0 1 0 0 0 0 0 0 0 1 1 0 0 0 0 1 1 0 1 0 1 1 1 0 1 1 0 1 1 0 1 0 0 1 0 0 0 1 1 0 0 0 0 0 0 0 1 0 0 0 0 0 0 0 0 0 0 0 1 1 0 1 1 0 1 0 1 0 0 1 1 0 1 1 1 0 0 0 0 1 0 0 1 1 1 1 0 1 1 1 1 0 0 0 0 0 0 1 1 1 0 1 0 1 0 0 0 1 1 1 0 1 1 1 1 1 0 0 0 1 0 0 1 1 0 1 1 1 1 1 0 0 1 1 0 1 0 1 0 0 0 1 0 0 1 1 0 1 1 0 1 0 0 1 0 1
W1[16]: 1 1 0 1 0 0 0 0 0 1 0 0 0 0 0 0 1 1 0 0 0 1 0 1 1 1 1 1 0 1 1 1 1 0 0 1 1 0 1 1 0 0 0 1 1 1 1 1 0 1 1 0 0 1 1 0 0 0 0 1 1 0 1 0 1 1 1 1 0 0 1 0 0 0 0 1 1 1 0 1 1 1 1 0 0 0 0 0 1 0 0 0 0 1 1 0 0 0 1 0 1 1 1 1 1 1 1 0 1 0 1 0 1 0 0 1 1 1 1 1 0 0 1 1 1 0 1 0 0 0 1 0 1 1 1 0 1 1 1 0 0 1 0 1 1 0 1 0 0 1 1 0 0 0 1 0 1 0 0 0 1 0 1 1 0 1 0 1 1 1 1 0 1 0 0 1 1 1 0 0 1 0 1 0 0 1 1 0 1 1 1 1 1 0 0 0
W1[17]: 1 1 0 1 0 0 0 0 0 0 0 0 1 1 0 0 1 1 0 0 1 1 0 0 1 1 0 1 1 1 0 0 1 1 1 1 1 0 1 1 0 1 1 0 0 0 1 1 0 0 0 0 0 0 1 1 1 0 0 1 0 0 0 0 0 1 1 1 1 0 0 1 1 0 1 0 1 0 0 0 0 1 0 0 1 0 0 0 0 1 0 1 1 0 1 0 1 1 0 0 1 1 1 0 1 1 1 0 0 1 0 1 0 1 0 1 1 0 0 0 1 1 0 0 0 1 1 1 1 1 1 0 0 1 1 1 0 0 0 0 1 1 1 0 0 0 0 0 0 0 0 1 0 0 0 0 1 1 0 1 0 1 1 1 1 1 1 0 0 0 0 0 0 0 0 1 0 0 1 0 0 1 1 0 0 1 0 1 0 1 1 1 1 1 0 0
W1[18]: 0 0 0 0 1 1 0 0 1 0 1 1 1 1 0 1 1 0 1 0 0 1 1 0 0 1 1 0 0 0 0 1 0 0 1 0 0 1 1 1 1 1 1 1 1 0 0 0 0 0 0 0 0 0 0 1 0 1 0 0 1 0 1 1 0 0 0 0 0 0 0 0 0 0 1 1 1 1 0 0 0 0 0 1 1 0 0 1 0 1 1 0 0 0 0 0 1 0 1 0 1 1 0 0 1 1 1 1 0 1 0 0 0 1 1 0 1 0 1 0 0 1 0 1 1 1 1 0 0 1 0 1 1 0 0 1 0 1 0 0 1 1 1 0 0 0 1 0 0 1 1 1 1 1 1 1 0 0 1 0 1 1 1 1 1 0 1 1 0 1 0 0 1 1 0 1 0 1 1 0 1 0 1 1 0 1 1 0 1 1 1 0 0 0 0 0
W1[19]: 1 1 1 1 1 0 0 0 0 1 1 1 0 1 0 1 0 0 1 0 0 0 1 0 0 0 0 0 0 0 0 0 1 0 0 0 0 0 1 0 1 0 0 1 1 1 1 1 1 1 0 0 0 0 0 1 0 0 0 1 0 0 1 1 0 0 0 0 1 0 1 0 0 1 0 1 0 1 0 1 1 1 0 1 1 1 1 1 0 1 1 1 1 1 1 1 0 0 1 0 0 0 0 0 1 0 1 0 0 1 1 0 0 0 0 0 0 1 0 0 1 0 1 1 0 0 0 0 0 0 0 0 1 0 0 0 0 0 1 1 1 0 1 1 0 1 1 0 0 1 0 1 1 1 0 1 0 0 0 1 0 0 1 1 0 0 1 0 1 1 1 1 1 1 1 0 0 0 1 1 1 0 0 0 1 1 0 1 0 0 0 1 1 0 0 0
W1[20]: 0 1 1 0 0 1 1 1 1 1 0 0 0 0 0 1 0 1 1 1 1 1 1 1 0 1 1 0 0 0 1 0 1 1 0 0 1 0 0 1 0 0 1 0 1 1 0 0 0 0 1 0 0 1 0 0 0 1 1 0 0 1 1 0 0 1 1 1 1 0 1 1 1 1 1 0 0 1 1 0 0 0 1 1 1 1 1 0 0 0 0 1 1 0 1 1 0 0 1 1 1 1 1 1 0 1 0 1 0 0 1 0 1 0 1 0 1 0 1 0 1 1 0 1 1 1 1 1 0 0 0 0 1 0 1 0 1 1 0 0 0 1 1 0 1 0 1 0 0 1 1 1 0 1 1 0 0 1 0 0 1 1 1 1 0 0 0 0 0 1 0 0 1 0 0 1 0 1 1 0 0 1 1 0 1 0 0 1 1 1 0 0 0 1 1 1
W1[21]: 1 0 1 1 1 1 1 1 0 0 0 1 1 0 1 1 1 0 1 1 1 0 1 1 1 0 1 0 0 0 0 1 0 1 0 0 1 1 0 0 0 0 0 1 1 0 0 1 1 0 1 0 0 1 0 0 1 0 1 0 1 0 0 0 0 0 0 1 0 1 1 0 1 0 0 0 0 0 1 0 1 0 0 1 0 1 1 0 0 1 1 0 0 1 1 1 1 0 1 1 1 0 0 1 1 1 0 1 0 1 0 1 1 1 0 0 1 0 0 0 1 1 0 1 0 1 1 1 1 0 0 0 1 0 1 0 0 0 0 1 1 0 0 0 1 1 1 1 0 1 1 0 0 1 0 0 0 0 1 0 1 1 0 0 1 1 0 1 1 1 1 0 1 0 1 1 0 0 1 1 1 1 1 1 0 0 0 1 0 0 1 1 0 0 0 0
W1[22]: 0 0 1 1 1 0 1 0 1 0 0 1 1 1 1 1 0 0 0 1 0 0 0 0 1 1 0 1 1 1 0 0 0 0 1 1 1 1 1 1 0 1 0 0 1 0 1 1 1 0 0 1 0 1 1 1 1 0 1 0 1 0 1 1 1 1 1 0 1 0 1 0 1 1 1 1 1 0 0 0 1 0 1 0 1 1 0 1 1 0 1 0 1 0 1 0 1 1 0 1 1 1 0 0 0 0 1 1 0 1 1 0 1 1 0 0 1 0 1 1 0 1 1 0 0 0 1 1 1 1 0 1 1 0 1 1 1 1 0 0 1 0 0 0 1 1 1 0 0 1 0 0 1 1 0 0 0 0 1 1 1 0 0 0 0 0 0 0 1 1 0 1 0 1 1 1 0 1 1 1 0 1 1 1 0 0 1 1 1 0 1 1 1 1 1 1
W1[23]: 0 1 0 1 0 0 1 0 0 0 0 0 0 0 0 1 1 0 1 0 1 1 1 1 0 1 1 0 0 1 0 0 0 1 1 1 1 0 1 0 0 0 1 0 1 1 1 0 1 0 0 0 1 1 1 0 0 1 0 1 1 1 1 1 1 0 1 1 1 0 1 0 0 0 0 0 1 1 0 1 0 1 0 0 0 1 0 0 1 0 0 0 0 0 0 1 1 1 0 0 1 0 0 0 0 0 0 0 0 1 0 1 0 0 0 0 0 0 0 0 1 0 1 0 1 0 1 1 1 1 0 0 0 0 1 1 1 1 0 0 1 0 0 0 0 0 0 1 0 0 1 1 1 0 1 0 0 1 0 0 1 1 0 1 0 0 1 0 0 1 1 1 1 0 0 0 1 0 1 0 1 0 1 1 0 0 1 1 1 1 1 0 1 1 1 1
W1[24]: 1 0 0 0 1 1 0 0 0 0 1 1 0 0 0 0 0 0 0 0 1 0 1 0 0 1 1 0 0 1 0 0 0 0 0 1 1 0 0 0 0 0 0 0 1 0 1 0 1 1 1 0 0 0 1 0 1 0 1 0 0 0 1 1 0 0 1 1 0 0 0 0 0 0 1 0 1 1 0 0 1 1 0 0 1 0 1 0 1 1 0 1 1 0 1 0 0 0 1 1 0 1 0 1 1 0 0 0 0 1 1 1 0 0 1 0 0 0 0 0 1 1 1 1 0 0 1 0 0 1 1 0 0 0 1 0 1 1 0 1 0 0 0 0 1 1 1 0 0 0 0 1 0 0 1 0 1 1 1 1 0 1 1 1 0 0 1 0 1 1 0 0 0 1 1 1 0 1 0 1 1 1 0 1 1 0 0 0 0 0 0 0 1 0 0 1
W1[25]: 0 0 1 1 0 0 1 1 0 1 0 1 0 0 1 0 0 1 0 0 0 0 0 1 0 1 1 1 1 0 1 0 1 1 0 0 0 1 1 1 1 0 0 0 0 1 0 1 1 0 1 1 0 0 0 1 1 1 0 1 1 0 0 0 0 1 1 0 1 0 0 1 0 0 1 1 1 0 0 0 1 1 0 0 1 0 1 0 1 1 0 0 1 1 1 1 1 1 0 0 1 1 1 0 0 1 0 0 1 1 1 0 1 0 1 1 1 0 0 0 1 0 1 0 0 1 1 1 0 0 0 0 1 1 1 1 1 1 0 0 1 1 1 1 1 1 1 0 1 0 0 1 1 1 1 1 0 1 1 0 1 1 1 0 1 0 1 0 1 1 0 1 0 1 0 1 0 0 1 0 1 0 1 0 0 0 1 0 1 0 1 1 0 0 0 1
W1[26]: 0 0 0 0 0 1 0 1 1 1 0 0 1 0 1 1 1 0 1 0 1 0 1 1 0 0 0 1 0 0 0 0 0 1 1 1 0 0 0 1 1 1 0 1 0 0 1 1 1 1 0 0 0 1 0 0 0 0 0 1 1 0 0 1 1 0 0 0 1 1 0 0 1 1 1 1 1 0 1 0 1 0 1 1 0 0 0 0 1 1 0 1 0 0 0 1 1 1 1 1 0 0 0 1 1 1 1 0 1 1 1 1 0 0 1 1 1 1 0 1 1 0 0 0 1 1 1 1 0 0 0 1 0 1 0 0 0 0 1 0 1 1 0 1 1 0 0 0 1 0 1 0 0 0 0 0 0 1 1 0 1 1 0 1 1 0 0 1 1 0 0 1 1 1 1 0 1 0 1 1 1 1 1 1 0 0 0 1 0 0 1 0 1 1 0 0
W1[27]: 0 0 0 1 0 0 1 0 0 0 1 0 1 1 0 1 0 1 0 0 0 0 0 1 0 1 0 0 0 1 0 1 1 0 1 1 0 0 1 1 0 0 1 1 0 0 0 1 1 1 0 1 0 1 1 1 0 0 1 1 0 0 1 1 0 0 1 0 0 1 0 1 1 0 0 0 0 1 1 1 1 0 0 0 1 1 1 0 1 0 1 1 1 1 1 1 0 0 0 1 1 1 0 0 0 0 0 1 1 1 1 0 0 0 0 1 1 0 0 1 0 0 1 1 1 1 1 1 1 0 0 1 0 0 0 1 1 1 1 0 0 1 1 1 0 0 0 1 0 0 1 0 1 1 1 0 0 0 1 1 0 0 1 0 1 1 0 1 0 1 1 1 0 1 1 0 1 1 0 1 1 0 0 0 1 0 1 0 0 1 1 0 1 1 1 1
W1[28]: 1 0 0 1 0 1 0 0 1 1 0 1 0 1 1 1 0 0 0 1 1 0 0 1 0 1 0 0 1 0 0 0 0 0 0 0 0 1 1 0 1 0 0 0 0 0 1 1 1 1 1 1 1 0 0 1 1 1 1 1 0 1 0 0 0 0 1 0 1 0 0 1 0 0 0 1 1 0 0 1 0 1 0 1 0 0 1 1 0 0 0 0 0 0 0 0 1 0 1 1 1 1 0 0 1 0 0 1 1 1 0 0 0 0 1 0 1 1 0 0 0 1 1 0 0 1 0 0 1 1 0 1 1 0 1 1 1 1 1 0 1 0 0 1 1 1 1 0 0 1 0 1 1 1 1 0 1 0 1 1 1 0 0 0 1 1 0 0 0 1 1 0 0 0 0 0 1 0 0 0 1 0 1 0 1 1 0 1 1 1 1 0 0 0 1 0
W1[29]: 0 0 0 1 1 1 0 1 0 1 0 1 0 1 1 1 1 1 0 1 1 0 1 0 0 0 1 0 1 0 0 1 0 1 0 0 0 1 0 0 1 0 1 1 0 0 1 0 1 1 0 1 0 1 1 1 1 0 0 1 0 0 1 1 0 1 1 1 1 1 0 0 0 1 0 1 0 1 1 1 0 1 0 1 1 0 1 0 0 1 0 0 1 0 1 0 1 0 0 1 0 0 1 0 0 1 1 0 1 1 1 1 0 1 0 0 1 0 0 1 0 0 0 1 0 1 0 1 1 1 1 1 0 1 0 0 0 0 1 1 1 0 0 0 0 1 0 0 0 0 1 0 1 0 0 0 1 0 1 1 1 0 0 0 1 0 0 0 1 1 1 0 0 1 0 0 1 1 1 1 1 0 0 0 1 0 1 0 1 1 1 1 0 1 1 0
W1[30]: 0 0 0 1 0 1 0 1 0 1 0 1 1 0 1 0 0 0 0 1 1 0 1 0 0 0 0 0 0 1 0 0 1 0 0 1 0 1 0 0 1 1 1 0 1 0 1 1 0 1 1 1 1 0 0 1 1 1 1 0 1 0 1 1 0 0 1 0 0 1 0 1 1 1 1 0 1 1 1 0 1 0 0 1 1 0 1 0 0 0 0 0 0 1 1 0 0 0 0 1 0 0 0 0 1 1 0 1 0 1 0 1 0 0 0 1 1 0 0 1 1 0 1 1 0 0 1 0 1 0 0 1 0 0 1 1 1 0 0 0 0 0 1 1 0 1 1 0 0 1 0 0 0 0 1 1 0 1 1 1 1 0 1 0 1 1 0 1 1 0 1 1 0 0 1 1 1 0 1 0 0 0 1 1 1 0 1 1 1 0 0 0 1 1 0 1
W1[31]: 1 1 0 0 0 0 0 0 0 0 1 1 0 1 0 1 1 0 1 0 1 0 1 1 1 0 0 0 1 1 0 1 1 1 0 0 0 1 0 0 1 1 0 1 1 0 0 0 1 1 0 0 0 0 0 0 0 1 0 1 1 0 0 1 0 1 0 1 0 1 1 0 1 0 0 0 0 1 0 1 0 1 0 0 0 0 0 0 0 1 0 1 1 1 0 1 0 0 1 1 1 0 1 1 0 1 1 0 1 1 0 0 1 0 1 1 0 1 0 1 0 0 0 0 1 0 0 1 0 1 0 0 0 1 0 1 1 0 1 0 0 0 0 1 0 0 1 0 0 1 1 0 0 0 0 1 1 0 1 1 0 0 1 0 1 0 0 1 1 0 1 1 0 1 0 0 0 1 0 1 0 0 0 0 1 1 0 1 0 0 0 1 0 0 1 0

--- Pesos finales W1 ---
W1[00]: 0 0 0 1 1 1 1 0 1 0 1 0 0 0 1 1 0 1 0 0 0 0 0 0 0 0 0 1 1 0 1 0 0 0 0 0 0 0 0 1 0 1 1 1 0 0 0 0 0 0 0 0 0 0 0 1 1 1 0 0 0 0 0 0 0 0 0 0 0 0 1 0 0 0 0 0 0 0 0 0 0 0 0 0 0 1 0 0 0 0 0 0 0 0 0 0 0 1 1 1 0 0 0 0 0 0 0 0 0 0 0 1 1 1 0 0 0 0 0 0 0 0 0 0 0 0 0 0 0 0 0 0 0 0 0 0 0 0 0 0 0 0 0 0 0 0 0 0 0 0 0 0 1 1 0 0 0 0 0 0 0 0 0 0 0 0 1 0 0 0 1 0 0 0 0 0 0 0 0 0 0 1 1 1 1 1 0 0 1 0 0 0 0 1 0 0
W1[01]: 1 0 1 0 0 0 0 1 1 1 0 0 1 1 1 0 1 1 0 1 0 0 0 0 0 1 0 1 1 1 0 1 0 0 0 1 0 1 0 1 1 1 0 0 0 0 0 0 0 1 1 0 1 0 1 1 0 0 1 1 0 0 1 1 1 0 0 0 1 0 0 0 0 0 1 0 0 0 0 1 0 1 1 1 0 0 0 1 1 1 1 0 0 1 0 0 0 1 0 1 0 0 1 0 0 0 1 1 1 1 1 0 1 0 0 0 0 1 0 1 1 0 0 0 0 1 0 0 1 1 1 0 0 0 0 0 0 0 0 0 1 1 1 0 1 1 0 0 0 1 1 1 1 1 0 0 1 0 0 1 1 1 1 1 0 1 1 1 1 1 0 1 0 1 1 0 1 0 1 1 1 1 0 1 0 1 0 0 1 1 0 0 1 1 1 1
W1[02]: 0 1 1 1 0 1 1 0 0 0 0 1 0 1 1 0 0 0 1 0 0 0 0 1 0 0 0 0 1 0 1 0 0 1 1 1 0 1 1 0 0 0 0 0 1 1 0 1 1 0 0 0 0 1 0 0 0 1 1 0 0 0 0 0 0 0 0 0 1 1 1 0 0 0 1 1 1 1 0 0 0 0 1 0 1 1 0 1 0 1 0 0 1 1 1 0 0 1 1 1 0 1 0 1 0 1 1 1 1 0 0 0 1 0 0 0 0 0 1 1 1 0 0 1 0 1 0 1 1 1 0 0 1 1 0 0 1 1 0 0 0 0 0 0 1 1 1 0 0 1 1 0 1 0 0 0 0 1 1 1 1 1 1 1 0 0 0 1 0 1 0 1 0 0 1 0 0 0 0 0 0 0 0 0 0 1 1 1 0 0 1 0 1 0 0 1
W1[03]: 1 0 0 0 0 1 1 1 1 1 1 0 0 0 0 0 0 0 1 0 1 1 0 0 1 0 0 1 0 1 1 1 1 0 1 0 1 0 1 0 1 1 1 1 1 1 0 1 1 0 1 0 1 0 0 1 0 1 1 1 1 0 1 0 0 0 0 1 1 0 0 1 1 0 0 1 1 0 0 0 1 1 0 1 0 0 1 0 0 1 1 0 1 0 1 1 0 1 0 0 1 0 1 0 0 0 1 0 0 0 1 0 1 1 1 0 0 1 0 1 1 1 1 1 0 1 1 0 1 1 1 1 1 0 0 1 1 1 0 1 1 1 0 0 0 0 1 0 1 1 0 0 0 0 0 1 1 1 1 1 0 0 0 1 1 1 1 1 0 0 1 1 0 0 0 0 1 0 1 0 1 1 0 0 1 1 0 0 1 1 1 1 0 1 0 1
W1[04]: 1 0 1 0 1 1 0 0 0 0 1 1 0 0 1 1 1 1 0 0 0 0 0 0 0 0 0 1 0 1 0 1 1 1 0 1 0 0 0 1 1 1 1 1 0 0 0 1 1 1 0 0 0 0 1 0 0 0 1 0 0 0 0 1 1 1 1 0 0 0 0 0 1 0 1 1 1 0 0 0 1 0 0 1 1 1 0 0 1 1 0 1 0 0 1 1 0 0 0 0 0 0 0 1 0 0 0 0 0 1 0 0 1 1 0 0 1 0 1 0 0 0 1 1 0 1 1 0 1 0 0 0 1 1 1 1 1 0 1 0 0 0 0 0 1 0 1 0 1 0 0 0 0 1 0 0 0 1 1 1 1 1 1 1 0 0 0 0 1 1 0 0 0 0 0 0 0 1 0 1 1 0 0 0 1 0 1 0 1 1 0 1 0 1 1 1
W1[05]: 0 0 0 0 0 1 1 0 1 0 0 0 1 0 0 1 1 0 1 0 0 1 0 1 1 0 0 0 0 1 1 1 0 1 1 1 0 1 1 0 0 0 1 0 1 0 0 1 1 0 1 1 0 1 0 1 1 0 1 1 1 0 1 0 0 0 1 0 0 0 0 0 1 1 0 1 0 1 1 1 0 0 1 0 0 0 0 0 0 1 0 0 1 0 0 0 0 1 0 1 1 0 0 1 1 0 0 1 1 0 0 1 0 1 1 0 1 0 1 0 1 1 0 0 0 1 0 1 1 1 1 0 0 1 1 0 1 1 1 1 0 0 0 1 1 1 0 1 1 1 0 1 1 0 0 0 1 1 0 0 1 0 0 0 1 0 0 0 1 0 0 0 1 0 1 1 1 0 1 0 1 1 0 1 0 0 0 1 1 0 0 1 0 1 0 0
W1[06]: 0 0 1 1 1 1 1 1 0 1 1 0 1 0 1 0 1 0 0 1 1 1 1 0 1 0 0 1 0 1 0 0 0 0 0 0 0 1 0 0 1 0 0 0 1 0 0 0 0 0 0 1 1 0 1 0 1 0 1 1 0 0 0 0 0 0 0 0 1 1 1 0 1 0 0 0 0 0 0 0 0 0 0 0 0 0 0 0 0 0 0 0 0 0 1 1 0 1 1 0 1 0 0 0 0 0 0 0 0 0 1 0 0 0 0 0 0 0 0 0 0 0 0 0 1 0 1 0 0 0 0 0 0 0 0 0 0 1 0 1 1 0 0 0 0 0 0 0 0 0 0 1 0 0 1 0 0 0 0 0 0 0 0 0 0 0 0 0 0 0 1 0 1 0 0 0 0 0 0 0 0 1 0 0 1 1 0 0 0 1 1 0 1 1 0 0
W1[07]: 0 1 0 1 1 0 0 0 0 0 1 0 0 0 1 0 0 0 1 0 1 1 1 0 1 0 1 0 0 1 0 1 1 1 1 0 0 1 0 0 1 0 1 1 0 0 1 1 0 1 1 0 1 0 1 0 1 0 0 0 0 0 0 0 0 0 0 1 1 0 1 0 1 0 0 1 0 1 0 1 1 1 0 1 0 0 1 0 0 0 0 0 1 0 1 1 0 0 1 0 1 1 1 0 0 0 1 0 1 0 0 1 1 0 0 0 0 0 0 1 1 0 1 0 0 1 1 0 0 1 1 1 1 0 1 1 1 1 1 1 0 1 0 1 1 0 1 0 0 0 0 1 1 1 0 0 0 0 0 1 1 0 0 1 0 0 1 0 1 0 0 1 1 0 0 0 0 1 0 1 1 1 1 0 0 1 0 1 1 1 0 1 0 1 1 1
W1[08]: 1 1 0 0 1 0 1 0 1 0 0 0 0 0 0 0 1 0 0 0 0 0 1 1 0 0 1 1 0 0 1 0 0 0 0 0 0 1 1 1 0 0 0 1 1 1 0 0 0 0 0 0 0 0 1 0 1 0 0 1 0 0 0 0 0 0 0 0 0 1 1 1 1 0 0 0 0 0 0 0 0 0 0 1 1 1 0 0 0 0 0 0 0 0 0 0 0 1 1 0 0 0 0 0 0 0 0 0 0 0 0 0 0 0 0 0 0 0 0 0 0 0 0 0 1 1 1 1 0 0 0 0 0 0 0 0 0 0 0 1 0 1 1 0 0 0 0 0 0 0 0 0 0 1 0 0 0 1 0 0 0 0 0 0 0 0 1 0 1 0 1 1 1 0 0 0 1 1 1 1 1 0 0 1 0 0 0 0 0 0 0 1 0 1 0 1
W1[09]: 0 0 0 0 0 0 0 1 0 1 1 0 0 1 0 0 1 1 1 1 1 1 0 0 1 0 1 0 1 0 0 0 0 0 1 0 0 0 1 1 1 1 1 0 0 0 0 0 0 0 0 1 1 0 0 1 1 0 1 1 0 0 0 0 0 0 0 0 0 1 0 0 0 0 0 0 0 0 0 0 0 0 0 0 0 0 1 0 0 0 0 0 0 1 1 0 0 0 0 0 1 0 0 0 0 0 0 0 1 0 0 0 1 0 0 0 0 0 0 0 0 0 0 0 1 0 1 1 0 0 0 0 0 0 0 0 0 1 1 0 0 0 0 0 0 0 0 0 0 0 0 1 0 0 0 1 0 0 0 1 0 0 1 0 0 0 0 0 1 1 1 1 0 0 0 1 1 0 0 0 0 1 0 1 1 0 0 0 1 1 0 1 0 1 0 0
W1[10]: 0 1 0 0 0 1 1 0 0 1 0 0 1 0 0 1 0 1 1 1 1 0 1 0 0 1 0 0 1 1 0 0 1 0 1 0 0 0 1 1 1 1 0 1 0 1 0 1 0 1 0 0 1 0 0 1 1 0 0 1 1 0 0 1 0 0 1 0 0 0 1 0 1 0 0 0 1 1 0 0 1 1 1 1 1 0 0 1 1 0 1 1 1 0 1 0 1 0 1 1 0 0 1 1 0 0 0 1 1 0 1 1 1 0 0 0 0 1 0 1 1 0 0 0 0 0 1 0 1 0 1 0 1 1 1 0 1 0 1 1 0 0 0 0 1 0 1 0 0 1 0 1 1 0 0 0 1 0 1 0 1 1 1 1 1 0 1 0 0 0 0 1 1 1 1 1 0 1 0 1 1 1 1 0 1 1 1 1 0 1 1 0 1 1 1 1
W1[11]: 0 0 1 1 0 1 0 1 0 1 1 1 0 1 1 0 1 1 0 0 0 0 0 0 0 0 1 1 0 1 0 1 1 0 0 1 0 0 0 0 0 0 1 0 0 0 0 1 0 1 0 0 1 0 0 1 1 1 1 0 0 0 1 1 1 1 1 1 1 1 0 0 1 0 1 1 1 1 1 0 1 1 1 1 0 1 0 1 1 0 0 0 0 0 0 0 0 1 0 0 1 1 1 0 0 1 1 0 1 0 0 0 1 1 0 0 0 0 0 1 0 0 1 1 0 1 1 1 1 1 0 1 0 0 0 1 0 0 1 1 0 0 0 1 1 1 1 1 0 0 0 0 0 1 1 1 1 0 1 0 1 0 1 1 0 0 0 1 0 0 0 0 0 0 0 0 0 1 1 0 0 1 1 1 1 0 0 0 1 1 1 1 0 0 1 1
W1[12]: 1 0 1 1 1 1 1 1 1 0 0 0 0 1 0 1 0 0 0 1 1 1 1 0 1 1 1 0 1 1 0 1 0 1 1 1 1 1 0 0 0 0 1 0 1 1 1 1 1 1 1 1 0 1 1 0 1 1 1 0 1 1 1 1 1 1 1 0 0 0 1 0 0 1 1 1 1 1 1 1 1 1 0 1 0 0 0 0 1 1 1 1 1 1 1 0 1 1 0 1 0 0 1 1 1 1 1 1 1 0 1 1 0 0 1 0 1 1 1 1 1 1 1 0 0 1 1 1 0 1 1 1 1 1 1 1 1 0 0 1 0 1 1 1 1 1 1 1 1 1 1 1 0 0 1 0 0 1 1 1 1 1 1 1 0 0 1 0 1 1 0 1 0 1 0 0 0 0 0 1 0 1 0 1 0 0 1 1 0 1 1 1 1 1 1 1
W1[13]: 1 1 1 0 1 0 1 1 0 1 0 1 1 1 0 1 0 1 0 1 1 1 1 1 1 1 1 1 0 0 1 1 1 1 1 1 1 1 1 1 1 0 1 0 0 1 1 1 1 1 1 1 1 1 1 0 1 0 1 1 1 1 1 1 1 1 1 1 1 1 1 1 1 1 1 1 1 1 1 1 1 1 1 0 0 1 1 1 1 1 1 1 1 1 1 1 1 1 1 1 1 1 1 1 1 1 1 1 1 1 0 1 1 0 1 1 1 1 1 1 1 1 1 1 1 1 1 1 1 1 1 1 1 1 1 1 1 1 1 1 0 1 1 1 1 1 1 1 1 1 1 1 0 0 0 0 0 1 1 1 1 1 1 1 1 1 1 1 1 1 1 1 1 1 1 1 1 0 1 1 0 1 0 0 1 0 1 1 1 0 0 0 0 1 0 1
W1[14]: 1 0 0 1 0 0 0 0 1 1 1 1 0 0 0 0 1 1 0 0 1 0 0 1 0 0 0 1 1 1 0 0 0 0 1 0 1 1 0 0 0 1 0 0 0 0 1 1 1 1 1 1 1 1 1 0 1 0 0 0 1 1 1 1 1 1 1 1 0 1 0 1 1 1 1 1 1 1 1 1 1 1 0 1 1 1 1 1 1 1 1 1 1 1 1 1 1 1 0 0 1 1 1 1 1 1 1 1 1 1 0 1 0 1 1 1 1 1 1 1 1 1 1 1 0 0 0 0 1 1 1 1 1 1 1 1 1 0 1 0 1 1 1 1 1 1 1 1 1 1 1 0 1 1 1 0 0 0 1 1 1 1 1 1 1 1 0 0 0 1 0 0 1 1 1 0 1 0 0 1 0 0 0 1 1 1 0 1 0 1 0 0 0 1 1 1
W1[15]: 1 0 0 1 0 0 0 1 1 0 0 1 0 1 1 1 1 0 1 1 1 1 1 1 1 0 0 0 0 0 0 1 1 1 1 1 1 1 1 1 1 1 0 0 1 1 1 1 1 1 1 1 1 1 1 1 1 0 1 1 1 1 1 1 1 1 1 1 1 0 1 1 1 1 1 1 1 1 1 1 1 1 1 0 0 0 1 1 1 1 1 1 1 1 1 1 1 0 1 1 1 1 1 1 1 1 1 1 1 1 1 0 1 1 1 1 1 1 1 1 1 1 1 1 1 1 0 1 1 1 1 1 1 1 1 1 1 1 1 1 0 1 1 1 1 1 1 1 1 1 1 1 1 1 1 1 1 1 1 1 1 1 1 1 1 1 1 1 1 1 0 1 1 1 1 1 1 1 1 1 0 1 0 0 1 1 1 1 1 1 1 0 0 1 0 1
W1[16]: 1 1 0 1 0 0 0 0 0 1 0 0 0 0 0 0 1 1 0 0 1 1 0 1 1 1 1 1 0 1 1 1 1 1 1 1 1 1 1 1 0 0 0 1 1 1 1 1 1 1 1 1 1 1 1 0 0 0 0 1 1 1 1 1 1 1 1 1 0 0 1 0 0 1 1 1 1 1 1 1 1 1 1 0 0 0 1 1 1 1 1 1 1 1 1 1 1 0 1 0 1 1 1 1 1 1 1 1 1 1 1 0 1 0 1 1 1 1 1 1 1 1 1 1 1 0 1 0 1 1 1 1 1 1 1 1 1 1 1 0 0 1 0 1 1 1 1 1 1 1 1 0 0 0 1 0 1 1 1 1 1 1 1 1 1 1 0 1 1 1 1 1 1 1 1 1 1 1 0 0 1 0 1 0 0 1 1 0 1 1 1 1 1 0 0 0
W1[17]: 1 1 0 1 0 0 0 0 0 0 0 0 1 1 0 0 1 1 0 0 1 1 1 1 1 1 0 1 1 1 0 0 1 1 1 1 1 1 1 1 0 1 1 0 0 0 1 1 1 1 1 1 1 1 1 1 1 0 0 1 1 1 1 1 1 1 1 1 1 0 0 1 1 1 1 1 1 1 1 1 1 1 0 0 1 0 1 1 1 1 1 1 1 1 1 1 1 1 0 0 1 1 1 1 1 1 1 1 1 1 0 1 0 1 1 1 1 1 1 1 1 1 1 1 0 1 1 1 1 1 1 1 1 1 1 1 1 1 1 0 1 1 1 1 1 1 1 1 1 1 1 1 0 0 0 0 1 1 1 1 1 1 1 1 1 1 1 0 0 0 0 1 1 1 1 1 1 0 1 1 0 1 1 0 0 1 0 1 0 1 1 1 1 1 0 0
W1[18]: 0 0 0 0 1 1 0 0 1 0 1 1 1 1 0 1 1 0 1 0 0 1 1 0 0 1 1 0 0 0 0 1 0 0 1 0 0 1 1 1 1 1 1 1 1 0 0 1 0 0 1 0 0 1 0 1 0 1 0 0 1 1 1 1 1 0 1 1 0 0 0 0 0 1 1 1 1 1 1 1 1 0 0 1 1 0 0 1 1 1 1 1 1 1 0 0 1 0 1 0 1 1 1 1 1 1 1 1 0 1 0 0 0 1 1 1 1 1 1 1 1 1 1 1 1 1 1 0 0 1 1 1 1 1 1 1 0 1 0 0 1 1 1 0 0 0 1 1 1 1 1 1 1 1 1 1 0 0 1 0 1 1 1 1 1 1 1 1 0 1 0 0 1 1 0 1 0 1 1 0 1 0 1 1 0 1 1 0 1 1 1 0 0 0 0 0
W1[19]: 1 1 1 1 1 0 0 0 0 1 1 1 0 1 0 1 0 0 1 0 1 1 1 0 0 0 0 0 0 0 0 0 1 1 1 1 1 1 1 1 1 0 0 1 1 1 1 1 1 1 1 1 1 1 0 1 0 0 1 1 1 1 1 1 1 1 1 1 1 0 1 0 0 1 1 1 1 1 1 1 1 1 1 1 1 1 1 1 1 1 1 1 1 1 1 1 1 0 1 0 1 1 1 1 1 1 1 1 1 1 1 0 0 0 1 1 1 1 1 1 1 1 1 1 0 0 0 0 1 1 1 1 1 1 1 1 1 1 1 1 1 0 1 1 1 1 1 1 1 1 1 1 1 1 0 1 1 1 1 1 1 1 1 1 1 1 1 0 1 1 1 1 1 1 1 1 1 1 1 1 1 0 0 0 1 1 1 1 0 0 0 1 1 0 0 0
W1[20]: 0 1 1 0 0 1 1 1 1 1 0 0 0 0 0 1 0 1 1 1 1 1 1 1 0 1 1 0 0 0 1 0 1 1 1 1 1 1 0 1 0 0 1 0 1 1 1 1 1 1 1 1 1 1 0 0 0 1 1 0 1 1 1 1 1 1 1 1 1 0 1 1 1 1 1 1 1 1 1 1 1 0 1 1 1 1 1 0 1 1 1 1 1 1 1 1 0 0 1 1 1 1 1 1 1 1 1 1 1 1 1 0 1 0 1 0 1 1 1 1 1 1 1 1 1 1 1 1 0 1 1 1 1 1 1 1 1 1 0 0 0 1 1 1 1 1 1 1 1 1 1 1 0 1 1 0 0 1 1 1 1 1 1 1 0 0 0 0 0 1 0 0 1 1 1 1 0 1 1 0 0 1 1 0 1 0 0 1 1 1 0 0 0 1 1 1
W1[21]: 1 0 1 1 1 1 1 1 0 0 0 1 1 0 1 1 1 0 1 1 1 0 1 1 1 0 1 0 0 0 0 1 0 1 0 0 1 1 0 0 0 0 0 1 1 0 0 1 1 1 1 0 0 1 0 0 1 0 1 0 1 1 1 1 1 0 0 1 0 1 1 0 1 0 0 1 1 1 1 0 1 0 0 1 0 1 1 0 0 1 1 1 0 1 1 1 1 0 1 1 1 0 0 1 1 1 1 1 0 1 0 1 1 1 0 0 1 0 1 0 1 1 0 1 0 1 1 1 1 0 0 0 1 0 1 1 0 0 0 1 1 0 0 0 1 1 1 1 1 1 1 0 0 1 0 0 0 0 1 0 1 1 1 0 1 1 0 1 1 1 1 0 1 0 1 1 0 0 1 1 1 1 1 1 0 0 0 1 0 0 1 1 0 0 0 0
W1[22]: 0 0 1 1 1 0 1 0 1 0 0 1 1 1 1 1 0 0 0 1 1 1 1 1 1 1 0 1 1 1 0 0 1 1 1 1 1 1 1 1 1 1 0 0 1 1 1 1 1 1 1 1 1 1 1 1 1 0 1 1 1 1 1 1 1 1 1 1 1 0 1 1 1 1 1 1 1 1 1 1 1 1 1 0 1 1 1 1 1 1 1 1 1 1 1 1 1 1 0 1 1 1 1 1 1 1 1 1 1 1 1 0 1 1 1 1 1 1 1 1 1 1 1 1 0 0 1 1 1 1 1 1 1 1 1 1 1 1 1 0 1 0 1 1 1 1 1 1 1 1 1 1 1 1 0 0 1 1 1 1 1 1 1 1 1 1 0 0 1 1 0 1 1 1 1 1 1 1 1 1 0 1 1 1 0 0 1 1 1 1 1 1 1 1 1 1
W1[23]: 0 1 0 1 0 0 1 0 0 0 0 0 0 0 0 1 1 0 1 0 1 1 1 1 1 1 1 0 0 1 0 0 1 1 1 1 1 1 1 0 0 0 1 0 1 1 1 1 1 1 1 1 1 1 1 0 0 1 1 1 1 1 1 1 1 1 1 1 1 0 1 1 1 1 1 1 1 1 1 1 1 1 0 0 0 1 1 1 1 1 1 1 1 1 1 1 1 1 0 1 1 1 1 1 1 1 1 1 1 1 0 1 0 0 1 1 1 1 1 1 1 1 1 1 1 0 1 1 1 1 1 1 1 1 1 1 1 1 1 0 1 0 1 1 1 1 1 1 1 1 1 1 1 0 1 0 0 1 1 1 1 1 1 1 1 1 1 0 0 1 1 1 1 1 1 1 1 1 1 1 1 0 1 1 0 0 1 1 1 1 1 0 1 1 1 1
W1[24]: 1 0 0 0 1 1 0 0 0 0 1 1 0 0 0 0 0 0 1 1 1 1 1 1 1 1 1 0 0 1 0 1 1 1 1 1 1 1 1 1 1 0 0 0 1 1 1 1 1 1 1 1 1 1 1 0 1 0 1 1 1 1 1 1 1 1 1 1 1 0 0 1 1 1 1 1 1 1 1 1 1 1 1 0 1 0 1 1 1 1 1 1 1 1 1 1 1 0 1 1 1 1 1 1 1 1 1 1 1 1 1 1 0 0 1 1 1 1 1 1 1 1 1 1 1 0 1 0 1 1 1 1 1 1 1 1 1 1 1 1 0 0 1 1 1 1 1 1 1 1 1 1 0 0 1 0 1 1 1 1 1 1 1 1 1 1 1 0 1 1 0 1 1 1 1 1 1 1 1 1 1 1 0 1 1 0 1 1 1 1 1 1 1 0 0 1
W1[25]: 0 0 1 1 0 0 1 1 0 1 0 1 0 0 1 0 0 1 1 1 1 1 1 1 1 1 1 1 1 0 1 1 1 1 1 1 1 1 1 1 1 0 0 0 1 1 1 1 1 1 1 1 1 1 1 1 1 1 1 1 1 1 1 1 1 1 1 1 1 0 0 1 1 1 1 1 1 1 1 1 1 1 0 0 1 0 1 1 1 1 1 1 1 1 1 1 1 1 0 1 1 1 1 1 1 1 1 1 1 1 1 0 1 0 1 1 1 1 1 1 1 1 1 1 1 1 1 1 1 1 1 1 1 1 1 1 1 1 1 1 1 1 1 1 1 1 1 1 1 1 1 1 1 1 1 1 1 1 1 1 1 1 1 1 1 1 1 0 1 1 0 1 1 1 1 1 1 1 1 0 1 0 1 0 0 0 1 0 1 1 1 1 0 0 0 1
W1[26]: 0 0 0 0 0 1 0 1 1 1 0 0 1 0 1 1 1 0 1 1 1 1 1 1 1 0 0 1 0 0 0 1 1 1 1 1 1 1 1 1 1 1 0 1 1 1 1 1 1 1 1 1 1 1 1 0 0 0 1 1 1 1 1 1 1 1 1 1 1 1 0 1 1 1 1 1 1 1 1 1 1 1 1 1 0 0 1 1 1 1 1 1 1 1 1 1 1 1 1 1 1 1 1 1 1 1 1 1 1 1 1 1 0 0 1 1 1 1 1 1 1 1 1 1 1 1 1 1 1 1 1 1 1 1 1 1 1 1 1 1 1 1 1 1 1 1 1 1 1 1 1 1 0 0 0 0 1 1 1 1 1 1 1 1 1 1 0 1 1 0 0 1 1 1 1 1 1 1 1 1 1 1 1 1 0 0 1 1 1 1 1 1 1 1 0 0
W1[27]: 0 0 0 1 0 0 1 0 0 0 1 0 1 1 0 1 0 1 1 1 1 1 1 1 1 1 0 0 0 1 0 1 1 1 1 1 1 1 1 1 0 0 1 1 1 1 1 1 1 1 1 1 1 1 1 1 0 0 1 1 1 1 1 1 1 1 1 1 1 1 0 1 1 1 1 1 1 1 1 1 1 1 0 0 1 1 1 1 1 1 1 1 1 1 1 1 0 0 0 1 1 1 1 1 1 1 1 1 1 1 1 0 0 0 1 1 1 1 1 1 1 1 1 1 1 1 1 1 1 1 1 1 1 1 1 1 1 1 1 1 0 1 1 1 1 1 1 1 1 1 1 1 1 1 1 0 1 1 1 1 1 1 1 1 1 1 0 1 0 1 1 1 1 1 1 1 1 1 0 1 1 0 0 0 1 0 1 1 1 1 1 1 1 1 1 1
W1[28]: 1 0 0 1 0 1 0 0 1 1 0 1 0 1 1 1 0 0 1 1 1 1 1 1 1 1 0 0 1 0 0 1 1 1 1 1 1 1 1 1 1 0 0 0 1 1 1 1 1 1 1 1 1 1 1 1 1 1 1 1 1 1 1 1 1 1 1 1 1 0 0 1 1 1 1 1 1 1 1 1 1 1 0 1 0 0 1 1 1 1 1 1 1 1 1 1 1 0 1 1 1 1 1 1 1 1 1 1 1 1 1 0 0 0 1 1 1 1 1 1 1 1 1 1 1 1 0 0 1 1 1 1 1 1 1 1 1 1 1 1 1 0 1 1 1 1 1 1 1 1 1 1 1 1 1 0 1 1 1 1 1 1 1 1 1 1 0 0 0 1 1 1 1 1 1 1 1 1 1 1 1 0 1 0 1 1 1 1 1 1 1 1 0 0 1 0
W1[29]: 0 0 0 1 1 1 0 1 0 1 0 1 0 1 1 1 1 1 1 1 1 0 1 1 1 0 1 0 1 0 0 1 1 1 1 1 1 1 1 1 1 0 1 1 1 1 1 1 1 1 1 1 1 1 1 1 1 0 1 1 1 1 1 1 1 1 1 1 1 1 0 1 1 1 1 1 1 1 1 1 1 1 1 1 1 0 1 1 1 1 1 1 1 1 1 1 1 0 0 1 1 1 1 1 1 1 1 1 1 1 1 1 0 1 1 1 1 1 1 1 1 1 1 1 1 1 0 1 1 1 1 1 1 1 1 1 1 1 1 1 1 0 1 1 1 1 1 1 1 1 1 0 1 0 0 0 1 1 1 1 1 1 1 1 1 1 0 0 1 1 1 1 1 1 1 1 1 1 1 1 1 0 0 0 1 0 1 1 1 1 1 1 0 1 1 0
W1[30]: 0 0 0 1 0 1 0 1 0 1 0 1 1 0 1 0 0 0 1 1 1 1 1 1 1 0 0 0 0 1 0 1 1 1 1 1 1 1 1 1 1 1 1 0 1 1 1 1 1 1 1 1 1 1 1 1 1 1 1 1 1 1 1 1 1 1 1 1 1 1 0 1 1 1 1 1 1 1 1 1 1 1 1 1 1 0 1 1 1 1 1 1 1 1 1 1 1 0 0 1 1 1 1 1 1 1 1 1 1 1 1 1 0 0 1 1 1 1 1 1 1 1 1 1 1 0 1 0 1 1 1 1 1 1 1 1 1 1 1 1 0 0 1 1 1 1 1 1 1 1 1 1 0 0 1 1 1 1 1 1 1 1 1 1 1 1 0 1 1 0 1 1 1 1 1 1 1 1 1 1 0 0 1 1 1 0 1 1 1 1 1 1 1 1 0 1
W1[31]: 1 1 0 0 0 0 0 0 0 0 1 1 0 1 0 1 1 0 1 1 1 1 1 1 1 0 0 0 1 1 0 1 1 1 1 1 1 1 1 1 1 1 0 1 1 1 1 1 1 1 1 1 1 1 1 0 0 1 1 1 1 1 1 1 1 1 1 1 1 1 1 1 1 1 1 1 1 1 1 1 1 1 0 0 0 0 1 1 1 1 1 1 1 1 1 1 1 0 1 1 1 1 1 1 1 1 1 1 1 1 1 0 1 0 1 1 1 1 1 1 1 1 1 1 1 0 0 1 1 1 1 1 1 1 1 1 1 1 1 1 0 0 1 1 1 1 1 1 1 1 1 1 0 0 0 1 1 1 1 1 1 1 1 1 1 1 0 1 1 0 1 1 1 1 1 1 1 1 1 1 0 0 0 0 1 1 0 1 1 1 1 1 0 0 1 0

--- Pesos Iniciales W2 ---
W2[00]: 0 0 1 0 0 0 0 0 1 1 0 0 1 1 1 1 1 1 1 1 1 1 1 1 0 1 1 1 1 0 0 1
W2[01]: 0 0 0 1 0 0 1 0 0 1 0 1 0 1 1 1 1 0 0 1 0 1 0 0 1 1 0 0 0 0 0 1
W2[02]: 0 0 1 1 1 0 0 1 0 1 0 0 1 1 0 1 1 0 0 1 0 1 1 0 0 0 1 1 0 0 1 0
W2[03]: 1 1 0 0 1 1 0 1 0 1 1 1 0 0 0 1 1 0 0 0 0 0 1 0 1 1 1 1 1 0 1 0
W2[04]: 1 0 1 1 0 0 0 1 0 0 0 1 1 0 1 1 0 1 1 0 1 1 1 0 1 1 0 0 0 0 0 0
W2[05]: 0 1 1 0 1 1 0 0 1 1 1 0 1 0 0 1 0 1 0 1 1 1 0 1 1 0 0 1 0 0 0 0
W2[06]: 0 1 0 0 0 1 1 1 0 0 1 1 0 0 1 1 1 0 0 1 1 0 0 0 0 1 1 1 1 0 1 1
W2[07]: 0 1 0 0 0 0 0 1 0 0 1 1 0 1 0 0 1 0 1 0 0 1 1 0 0 1 0 1 0 1 0 1
W2[08]: 1 0 1 1 1 1 0 0 1 0 1 1 1 1 0 1 0 0 1 0 1 1 0 1 1 0 1 0 0 1 1 0
W2[09]: 0 1 0 0 1 1 1 1 0 0 1 1 0 1 0 1 1 1 0 1 0 1 1 1 0 1 0 0 0 0 1 0

--- Pesos finales W2 ---
W2[00]: 0 0 1 0 0 0 0 0 1 1 0 0 1 0 0 0 0 0 1 0 1 1 0 0 0 0 0 0 0 0 0 0
W2[01]: 0 0 0 1 0 0 1 0 0 1 0 1 0 1 1 1 1 0 0 1 0 1 0 0 1 1 0 0 0 0 0 1
W2[02]: 0 0 1 1 1 0 0 1 0 1 0 0 1 1 0 1 1 0 0 1 0 1 1 0 0 0 1 1 0 0 1 0
W2[03]: 1 1 0 0 1 1 0 1 0 1 1 1 0 0 0 1 1 0 0 0 0 0 1 0 1 1 1 1 1 0 1 0
W2[04]: 1 0 1 1 0 0 0 1 0 0 0 1 1 0 1 1 0 1 1 0 1 1 1 0 1 1 0 0 0 0 0 0
W2[05]: 0 1 1 0 1 1 0 0 1 1 1 0 1 0 0 1 0 1 0 1 1 1 0 1 1 0 0 1 0 0 0 0
W2[06]: 0 1 0 0 0 1 1 1 0 0 1 1 0 0 1 1 1 0 0 1 1 0 0 0 0 1 1 1 1 0 1 1
W2[07]: 0 1 0 0 0 0 0 1 0 0 1 1 0 1 0 0 1 0 1 0 0 1 1 0 0 1 0 1 0 1 0 1
W2[08]: 1 0 1 1 1 1 0 0 1 0 1 1 1 1 0 1 0 0 1 0 1 1 0 1 1 0 1 0 0 1 1 0
W2[09]: 0 1 0 0 1 1 1 1 0 0 1 1 0 1 0 1 1 1 0 1 0 1 1 1 0 1 0 0 0 0 1 0

Simulacion terminada correctamente: Pesos actualizados!
INFO: [SIM 211-1] CSim done with 0 errors.
INFO: [SIM 211-3] *************** CSIM finish ***************
INFO: [HLS 200-112] Total CPU user time: 3 seconds. Total CPU system time: 1 seconds. Total elapsed time: 12.652 seconds; peak allocated memory: 264.676 MB.
INFO: [vitis-run 60-791] Total elapsed time: 0h 0m 18s
