  **** HLS Build v2024.2 5238294
INFO: [HLS 200-2005] Using work_dir D:/Proyectos/tfg_hardware_accelerator/hls_tfg_bnn/train_step 
INFO: [HLS 200-1505] Using default flow_target 'vivado'
Resolution: For help on HLS 200-1505 see docs.xilinx.com/access/sources/dita/topic?Doc_Version=2024.2%20English&url=ug1448-hls-guidance&resourceid=200-1505.html
INFO: [HLS 200-1465] Applying ini 'syn.file=D:/Proyectos/tfg_hardware_accelerator/src/forward_fw.cpp' from D:/Proyectos/tfg_hardware_accelerator/hls_tfg_bnn/hls_config.cfg(11)
INFO: [HLS 200-10] Adding design file 'D:/Proyectos/tfg_hardware_accelerator/src/forward_fw.cpp' to the project
INFO: [HLS 200-1465] Applying ini 'syn.file=D:/Proyectos/tfg_hardware_accelerator/src/forward_fw.hpp' from D:/Proyectos/tfg_hardware_accelerator/hls_tfg_bnn/hls_config.cfg(12)
INFO: [HLS 200-10] Adding design file 'D:/Proyectos/tfg_hardware_accelerator/src/forward_fw.hpp' to the project
INFO: [HLS 200-1465] Applying ini 'tb.file=D:/Proyectos/tfg_hardware_accelerator/tb/train_tb.cpp' from D:/Proyectos/tfg_hardware_accelerator/hls_tfg_bnn/hls_config.cfg(8)
INFO: [HLS 200-10] Adding test bench file 'D:/Proyectos/tfg_hardware_accelerator/tb/train_tb.cpp' to the project
INFO: [HLS 200-1465] Applying ini 'tb.file=D:/Proyectos/tfg_hardware_accelerator/data/mnist_test_data.hpp' from D:/Proyectos/tfg_hardware_accelerator/hls_tfg_bnn/hls_config.cfg(9)
INFO: [HLS 200-10] Adding test bench file 'D:/Proyectos/tfg_hardware_accelerator/data/mnist_test_data.hpp' to the project
INFO: [HLS 200-1465] Applying ini 'tb.file=D:/Proyectos/tfg_hardware_accelerator/data/mnist_train_data.hpp' from D:/Proyectos/tfg_hardware_accelerator/hls_tfg_bnn/hls_config.cfg(10)
INFO: [HLS 200-10] Adding test bench file 'D:/Proyectos/tfg_hardware_accelerator/data/mnist_train_data.hpp' to the project
INFO: [HLS 200-1465] Applying ini 'syn.top=train_step' from D:/Proyectos/tfg_hardware_accelerator/hls_tfg_bnn/hls_config.cfg(7)
INFO: [HLS 200-1465] Applying ini 'flow_target=vivado' from D:/Proyectos/tfg_hardware_accelerator/hls_tfg_bnn/hls_config.cfg(4)
INFO: [HLS 200-1505] Using flow_target 'vivado'
Resolution: For help on HLS 200-1505 see docs.xilinx.com/access/sources/dita/topic?Doc_Version=2024.2%20English&url=ug1448-hls-guidance&resourceid=200-1505.html
INFO: [HLS 200-1465] Applying ini 'part=xc7a100tcsg324-1' from D:/Proyectos/tfg_hardware_accelerator/hls_tfg_bnn/hls_config.cfg(1)
INFO: [HLS 200-1611] Setting target device to 'xc7a100t-csg324-1'
INFO: [HLS 200-1465] Applying ini 'package.output.format=ip_catalog' from D:/Proyectos/tfg_hardware_accelerator/hls_tfg_bnn/hls_config.cfg(5)
INFO: [SIM 211-2] *************** CSIM start ***************
INFO: [SIM 211-4] CSIM will launch CLANG as the compiler.
INFO: [HLS 200-2036] Building debug C Simulation binaries
   Compiling ../../../../../tb/train_tb.cpp in debug mode
   Generating csim.exe
In file included from ../../../../../tb/train_tb.cpp:4:
In file included from C:/Xilinx/Vitis/2024.2/include/ap_int.h:10:
In file included from C:/Xilinx/Vitis/2024.2/include/etc/ap_common.h:658:
In file included from C:/Xilinx/Vitis/2024.2/include/etc/ap_private.h:68:
In file included from C:/Xilinx/Vitis/2024.2/include/hls_half.h:26:
In file included from C:/Xilinx/Vitis/2024.2/include/etc/hls_half_fpo.h:19:
In file included from C:/Xilinx/Vitis/2024.2/include/hls_fpo.h:140:
In file included from C:/Xilinx/Vitis/2024.2/include/floating_point_v7_1_bitacc_cmodel.h:150:
C:/Xilinx/Vitis/2024.2/include/gmp.h:58:9: warning: '__GMP_LIBGMP_DLL' macro redefined [-Wmacro-redefined]
#define __GMP_LIBGMP_DLL  0
        ^
C:/Xilinx/Vitis/2024.2/include/floating_point_v7_1_bitacc_cmodel.h:142:9: note: previous definition is here
#define __GMP_LIBGMP_DLL 1
        ^
1 warning generated.
 W1[0]: -76 1 0 0 0 0 0 0 -125 1 0 -126 0 0 0 0 -1 3 0 0 0 0 0 0 112 58 15 0 0 0 0 0 116 70 93 64 0 0 0 0 -82 5 0 -85 0 0 0 0 112 58 15 0 0 0 0 0 -32 119 15 0 0 0 0 0
 W1[1]: 0 0 14 0 0 0 0 0 0 0 14 0 0 0 0 0 16 0 0 0 0 0 0 0 100 0 0 0 0 0 0 0 16 36 1 0 0 0 0 0 0 0 0 0 0 0 0 0 0 0 0 0 0 0 0 0 -82 5 0 -85 0 0 0 0
 W1[2]: 1 1 0 0 0 0 0 0 -82 5 0 -85 0 0 0 0 80 1 14 0 0 0 0 0 127 6 0 0 127 3 0 0 1 0 0 0 0 0 0 0 -82 5 0 -85 0 0 0 0 0 0 0 0 0 0 0 0 -128 0 0 0 0 0 0 0
 W1[3]: 0 0 0 0 0 0 0 0 0 0 0 0 0 0 0 0 16 0 0 0 0 0 0 0 103 0 0 0 0 0 0 0 -76 1 0 0 0 0 0 0 8 0 0 0 0 0 0 0 0 0 0 0 0 0 0 0 -82 5 0 -85 0 0 0 0
 W1[4]: 0 0 93 64 0 0 0 0 114 1 0 115 0 0 0 0 -64 -40 11 125 -6 127 0 0 108 -18 63 64 0 0 0 0 -64 -40 11 125 -6 127 0 0 35 -12 6 125 -6 127 0 0 82 0 0 0 0 0 0 0 -14 0 0 0 0 0 0 0
 W1[5]: 48 -17 63 64 0 0 0 0 1 0 0 0 0 0 0 0 32 0 0 0 0 0 0 0 -39 -13 6 125 -6 127 0 0 -64 -40 11 125 -6 127 0 0 -63 -40 11 125 -6 127 0 0 32 0 0 0 0 0 0 0 16 36 1 0 0 0 0 0
 W1[6]: 0 0 93 64 0 0 0 0 65 18 0 0 0 0 0 0 33 0 0 0 0 0 0 0 -1 -1 -1 -1 82 0 0 0 1 0 0 0 0 0 0 0 2 0 0 0 -6 127 0 0 0 0 0 0 0 0 0 0 -104 -12 63 64 0 0 0 0
 W1[7]: 0 0 0 0 0 0 0 0 64 -13 63 64 0 0 0 0 39 0 0 0 0 0 0 0 122 -45 11 125 -6 127 0 0 0 0 0 0 0 0 0 0 0 0 0 0 0 0 0 0 0 0 0 0 0 0 0 0 0 0 0 0 0 0 0 0
 W1[8]: 0 0 0 0 0 0 0 0 0 0 0 0 0 0 0 0 0 0 0 0 0 0 0 0 0 0 0 0 0 0 0 0 0 0 0 0 0 0 0 0 0 0 0 0 0 0 0 0 0 0 0 0 0 0 0 0 0 0 0 0 0 0 0 0
 W1[9]: 0 0 0 0 0 0 0 0 0 0 0 0 0 0 0 0 0 0 0 0 0 0 0 0 0 0 0 0 0 0 0 0 0 0 0 0 0 0 0 0 0 0 0 0 0 0 0 0 0 0 0 0 0 0 0 0 0 0 0 0 0 0 0 0
 W1[10]: 0 0 0 0 0 0 0 0 0 0 0 0 0 0 0 0 0 0 0 0 0 0 0 0 0 0 0 0 0 0 0 0 0 0 0 0 0 0 0 0 0 0 0 0 0 0 0 0 0 0 0 0 0 0 0 0 0 0 0 0 0 0 0 0
 W1[11]: 0 0 0 0 0 0 0 0 0 0 0 0 0 0 0 0 0 0 0 0 0 0 0 0 0 0 0 0 0 0 0 0 0 0 0 0 0 0 0 0 0 0 0 0 0 0 0 0 0 0 0 0 0 0 0 0 0 0 0 0 0 0 0 0
 W1[12]: 0 0 0 0 0 0 0 0 0 0 0 0 0 0 0 0 0 0 0 0 0 0 0 0 0 0 0 0 0 0 0 0 0 0 0 0 0 0 0 0 0 0 0 0 0 0 0 0 0 0 0 0 0 0 0 0 0 0 0 0 0 0 0 0
 W1[13]: 0 0 0 0 0 0 0 0 0 0 0 0 0 0 0 0 0 0 0 0 0 0 0 0 0 0 0 0 0 0 0 0 0 0 0 0 0 0 0 0 0 0 0 0 0 0 0 0 0 0 0 0 0 0 0 0 0 0 0 0 0 0 0 0
 W1[14]: 0 0 0 0 0 0 0 0 0 0 0 0 0 0 0 0 0 0 0 0 0 0 0 0 0 0 0 0 0 0 0 0 0 0 0 0 0 0 0 0 0 0 0 0 0 0 0 0 0 0 0 0 0 0 0 0 0 0 0 0 0 0 0 0
 W1[15]: 0 0 0 0 0 0 0 0 0 0 0 0 0 0 0 0 0 0 0 0 0 0 0 0 -89 -22 6 125 -6 127 0 0 0 0 0 0 0 0 0 0 0 0 0 0 55 52 49 99 0 0 0 0 0 0 0 0 0 0 0 0 0 0 0 0
 W1[16]: -64 -40 11 125 -6 127 0 0 92 -15 63 64 0 0 0 0 -64 -40 11 125 -6 127 0 0 35 -12 6 125 -6 127 0 0 82 0 0 0 0 0 0 0 0 0 0 0 0 0 0 0 32 -14 63 64 0 0 0 0 1 0 0 0 0 0 0 0
 W1[17]: 32 0 0 0 0 0 0 0 -39 -13 6 125 -6 127 0 0 -64 -40 11 125 -6 127 0 0 -63 -40 11 125 -6 127 0 0 32 0 0 0 0 0 0 0 0 0 0 0 39 0 0 0 -48 -13 63 64 0 0 0 0 0 0 0 0 0 0 0 0
 W1[18]: 25 0 0 0 0 0 0 0 -1 -1 -1 -1 82 0 0 0 1 0 0 0 0 0 0 0 0 0 0 0 0 0 0 0 0 0 0 0 0 0 0 0 -120 -9 63 64 0 0 0 0 0 0 0 0 0 0 0 0 48 -10 63 64 0 0 0 0
 W1[19]: 39 0 0 0 0 0 0 0 122 -45 11 125 -6 127 0 0 0 0 0 0 0 0 0 0 0 0 0 0 0 0 0 0 0 0 0 0 0 0 0 0 0 0 0 0 0 0 0 0 0 0 0 0 0 0 0 0 0 0 0 0 0 0 0 0
 W1[20]: 0 0 0 0 0 0 0 0 0 0 0 0 0 0 0 0 0 0 0 0 0 0 0 0 0 0 0 0 0 0 0 0 0 0 0 0 0 0 0 0 0 0 0 0 0 0 0 0 0 0 0 0 0 0 0 0 0 0 0 0 0 0 0 0
 W1[21]: 0 0 0 0 0 0 0 0 0 0 0 0 0 0 0 0 0 0 0 0 0 0 0 0 0 0 0 0 0 0 0 0 0 0 0 0 0 0 0 0 0 0 0 0 0 0 0 0 0 0 0 0 0 0 0 0 0 0 0 0 0 0 0 0
 W1[22]: 0 0 0 0 0 0 0 0 0 0 0 0 0 0 0 0 0 0 0 0 0 0 0 0 0 0 0 0 0 0 0 0 0 0 0 0 0 0 0 0 0 0 0 0 0 0 0 0 0 0 0 0 0 0 0 0 0 0 0 0 0 0 0 0
 W1[23]: 0 0 0 0 0 0 0 0 0 0 0 0 0 0 0 0 0 0 0 0 0 0 0 0 0 0 0 0 0 0 0 0 0 0 0 0 0 0 0 0 0 0 0 0 0 0 0 0 0 0 0 0 0 0 0 0 0 0 0 0 0 0 0 0
 W1[24]: 0 0 0 0 0 0 0 0 0 0 0 0 0 0 0 0 0 0 0 0 0 0 0 0 0 0 0 0 0 0 0 0 0 0 0 0 0 0 0 0 0 0 0 0 0 0 0 0 0 0 0 0 0 0 0 0 0 0 0 0 0 0 0 0
 W1[25]: 0 0 0 0 0 0 0 0 0 0 0 0 0 0 0 0 0 0 0 0 0 0 0 0 0 0 0 0 0 0 0 0 0 0 0 0 0 0 0 0 0 0 0 0 0 0 0 0 0 0 0 0 0 0 0 0 0 0 0 0 0 0 0 0
 W1[26]: 0 0 0 0 0 0 0 0 0 0 0 0 0 0 0 0 0 0 0 0 0 0 0 0 0 0 0 0 0 0 0 0 0 0 0 0 0 0 0 0 0 0 0 0 0 0 0 0 0 0 0 0 0 0 0 0 0 0 0 0 0 0 0 0
 W1[27]: 0 0 0 0 0 0 0 0 -89 -22 6 125 -6 127 0 0 0 0 0 0 0 0 0 0 0 0 0 0 55 52 49 99 0 0 0 0 0 0 0 0 0 0 0 0 0 0 0 0 56 -10 63 64 0 0 0 0 -107 -23 6 125 -6 127 0 0
 W1[28]: 56 -10 63 64 0 0 0 0 -8 -1 -1 -1 0 0 0 0 8 0 0 0 0 0 0 0 0 0 0 0 0 0 0 0 0 0 0 0 0 0 0 0 0 0 0 0 0 0 0 0 0 0 0 0 9 0 0 0 0 0 0 0 8 0 0 0
 W1[29]: 0 0 0 0 0 0 0 0 0 0 0 0 0 0 0 0 96 -4 63 64 0 0 0 0 0 0 0 0 39 0 0 0 -64 -10 63 64 0 0 0 0 0 0 0 0 0 0 0 0 0 0 0 0 0 0 0 0 0 0 0 0 0 0 0 0
 W1[30]: 0 0 0 0 0 0 0 0 0 0 0 0 0 0 0 0 0 0 0 0 0 0 0 0 0 0 0 0 0 0 0 0 0 0 0 0 0 0 0 0 0 0 0 0 0 0 0 0 0 0 0 0 0 0 0 0 0 0 0 0 0 0 0 0
 W1[31]: 0 0 0 0 0 0 0 0 0 0 0 0 0 0 0 0 0 0 0 0 0 0 0 0 0 0 0 0 0 0 0 0 0 0 0 0 0 0 0 0 0 0 0 0 0 0 0 0 64 43 93 64 0 0 0 0 5 0 0 0 0 0 0 0
 W2[0]: -8 -6 63 64 0 0 0 0 0 0 0 0 0 0 0 0 0 64 102 64 0 0 0 0 -1 0 0 0 0 0 0 0
 W2[1]: 0 48 1 0 0 0 0 0 80 1 93 64 0 0 0 0 80 1 93 64 0 0 0 0 -2 -6 63 64 0 0 0 0
 W2[2]: 112 0 101 64 0 0 0 0 20 0 0 0 0 0 0 0 16 36 1 0 0 0 0 0 0 36 1 0 0 0 0 0
 W2[3]: 1 0 0 0 0 0 0 0 125 71 -8 124 -6 127 0 0 0 0 93 64 0 0 0 0 0 0 16 0 0 0 0 0
 W2[4]: 0 0 93 64 0 0 0 0 0 0 93 64 0 0 0 0 -1 3 0 0 0 0 0 0 -11 19 0 0 0 0 0 0
 W2[5]: -4 -6 63 64 0 0 0 0 80 1 93 64 0 0 0 0 0 3 0 0 0 0 0 0 0 0 0 0 0 0 0 0
 W2[6]: -128 0 101 64 0 0 0 0 1 0 0 0 0 0 0 0 112 0 101 64 0 0 0 0 1 0 0 0 0 0 0 0
 W2[7]: -76 1 0 0 0 0 0 0 0 0 0 0 127 3 0 0 0 0 0 0 0 0 0 0 0 0 0 0 0 0 0 0
 W2[8]: 0 0 0 0 0 0 0 0 -76 1 0 0 0 0 0 0 0 0 0 0 0 0 0 0 0 0 0 0 0 0 0 0
 W2[9]: -76 1 0 0 0 0 0 0 80 1 93 64 0 0 0 0 0 0 0 0 0 0 0 0 2 0 0 0 0 0 0 0
== Epoca 1 ==
Hidden -> Good Pos:32, Neg:32, Margin: 4, Diff: 0 | Output -> Good Pos:10, Neg:10, Margin: 4, Diff: 0
Hidden -> Good Pos:32, Neg:32, Margin: 4, Diff: 0 | Output -> Good Pos:10, Neg:10, Margin: 4, Diff: 0
Hidden -> Good Pos:32, Neg:32, Margin: 4, Diff: 0 | Output -> Good Pos:10, Neg:10, Margin: 4, Diff: 0
Hidden -> Good Pos:32, Neg:32, Margin: 4, Diff: 0 | Output -> Good Pos:10, Neg:10, Margin: 4, Diff: 0
Hidden -> Good Pos:32, Neg:32, Margin: 4, Diff: 0 | Output -> Good Pos:10, Neg:10, Margin: 4, Diff: 0
Hidden -> Good Pos:32, Neg:32, Margin: 4, Diff: 0 | Output -> Good Pos:10, Neg:10, Margin: 4, Diff: 0
Hidden -> Good Pos:32, Neg:32, Margin: 4, Diff: 0 | Output -> Good Pos:10, Neg:10, Margin: 4, Diff: 0
Hidden -> Good Pos:32, Neg:32, Margin: 4, Diff: 0 | Output -> Good Pos:10, Neg:10, Margin: 4, Diff: 0
Hidden -> Good Pos:32, Neg:32, Margin: 4, Diff: 0 | Output -> Good Pos:10, Neg:10, Margin: 4, Diff: 0
Hidden -> Good Pos:32, Neg:32, Margin: 4, Diff: 0 | Output -> Good Pos:10, Neg:10, Margin: 4, Diff: 0
Hidden -> Good Pos:32, Neg:32, Margin: 4, Diff: 0 | Output -> Good Pos:10, Neg:10, Margin: 4, Diff: 0
Hidden -> Good Pos:32, Neg:32, Margin: 4, Diff: 0 | Output -> Good Pos:10, Neg:10, Margin: 4, Diff: 0
Hidden -> Good Pos:32, Neg:32, Margin: 4, Diff: 0 | Output -> Good Pos:10, Neg:10, Margin: 4, Diff: 0
Hidden -> Good Pos:32, Neg:32, Margin: 4, Diff: 0 | Output -> Good Pos:10, Neg:10, Margin: 4, Diff: 0
Hidden -> Good Pos:32, Neg:32, Margin: 4, Diff: 0 | Output -> Good Pos:10, Neg:10, Margin: 4, Diff: 0
Hidden -> Good Pos:32, Neg:32, Margin: 4, Diff: 0 | Output -> Good Pos:10, Neg:10, Margin: 4, Diff: 0
Hidden -> Good Pos:32, Neg:32, Margin: 4, Diff: 0 | Output -> Good Pos:10, Neg:10, Margin: 4, Diff: 0
Hidden -> Good Pos:32, Neg:32, Margin: 4, Diff: 0 | Output -> Good Pos:10, Neg:10, Margin: 4, Diff: 0
Hidden -> Good Pos:32, Neg:32, Margin: 4, Diff: 0 | Output -> Good Pos:10, Neg:10, Margin: 4, Diff: 0
Hidden -> Good Pos:32, Neg:32, Margin: 4, Diff: 0 | Output -> Good Pos:10, Neg:10, Margin: 4, Diff: 0
Hidden -> Good Pos:32, Neg:32, Margin: 4, Diff: 0 | Output -> Good Pos:10, Neg:10, Margin: 4, Diff: 0
Hidden -> Good Pos:32, Neg:32, Margin: 4, Diff: 0 | Output -> Good Pos:10, Neg:10, Margin: 4, Diff: 0
Hidden -> Good Pos:32, Neg:32, Margin: 4, Diff: 0 | Output -> Good Pos:10, Neg:10, Margin: 4, Diff: 0
Hidden -> Good Pos:32, Neg:32, Margin: 4, Diff: 0 | Output -> Good Pos:10, Neg:10, Margin: 4, Diff: 0
Hidden -> Good Pos:32, Neg:32, Margin: 4, Diff: 0 | Output -> Good Pos:10, Neg:10, Margin: 4, Diff: 0
Hidden -> Good Pos:32, Neg:32, Margin: 4, Diff: 0 | Output -> Good Pos:10, Neg:10, Margin: 4, Diff: 0
Hidden -> Good Pos:32, Neg:32, Margin: 4, Diff: 0 | Output -> Good Pos:10, Neg:10, Margin: 4, Diff: 0
Hidden -> Good Pos:32, Neg:32, Margin: 4, Diff: 0 | Output -> Good Pos:10, Neg:10, Margin: 4, Diff: 0
Hidden -> Good Pos:32, Neg:32, Margin: 4, Diff: 0 | Output -> Good Pos:10, Neg:10, Margin: 4, Diff: 0
Hidden -> Good Pos:32, Neg:32, Margin: 4, Diff: 0 | Output -> Good Pos:10, Neg:10, Margin: 4, Diff: 0
Hidden -> Good Pos:32, Neg:32, Margin: 4, Diff: 0 | Output -> Good Pos:10, Neg:10, Margin: 4, Diff: 0
Hidden -> Good Pos:32, Neg:32, Margin: 4, Diff: 0 | Output -> Good Pos:10, Neg:10, Margin: 4, Diff: 0
Hidden -> Good Pos:32, Neg:32, Margin: 4, Diff: 0 | Output -> Good Pos:10, Neg:10, Margin: 4, Diff: 0
Hidden -> Good Pos:32, Neg:32, Margin: 4, Diff: 0 | Output -> Good Pos:10, Neg:10, Margin: 4, Diff: 0
Hidden -> Good Pos:32, Neg:32, Margin: 4, Diff: 0 | Output -> Good Pos:10, Neg:10, Margin: 4, Diff: 0
Hidden -> Good Pos:32, Neg:32, Margin: 4, Diff: 0 | Output -> Good Pos:10, Neg:10, Margin: 4, Diff: 0
Hidden -> Good Pos:32, Neg:32, Margin: 4, Diff: 0 | Output -> Good Pos:10, Neg:10, Margin: 4, Diff: 0
Hidden -> Good Pos:32, Neg:32, Margin: 4, Diff: 0 | Output -> Good Pos:10, Neg:10, Margin: 4, Diff: 0
Hidden -> Good Pos:32, Neg:32, Margin: 4, Diff: 0 | Output -> Good Pos:10, Neg:10, Margin: 4, Diff: 0
Hidden -> Good Pos:32, Neg:32, Margin: 4, Diff: 0 | Output -> Good Pos:10, Neg:10, Margin: 4, Diff: 0
Hidden -> Good Pos:32, Neg:32, Margin: 4, Diff: 0 | Output -> Good Pos:10, Neg:10, Margin: 4, Diff: 0
Hidden -> Good Pos:32, Neg:32, Margin: 4, Diff: 0 | Output -> Good Pos:10, Neg:10, Margin: 4, Diff: 0
Hidden -> Good Pos:32, Neg:32, Margin: 4, Diff: 0 | Output -> Good Pos:10, Neg:10, Margin: 4, Diff: 0
Hidden -> Good Pos:32, Neg:32, Margin: 4, Diff: 0 | Output -> Good Pos:10, Neg:10, Margin: 4, Diff: 0
Hidden -> Good Pos:32, Neg:32, Margin: 4, Diff: 0 | Output -> Good Pos:10, Neg:10, Margin: 4, Diff: 0
Hidden -> Good Pos:32, Neg:32, Margin: 4, Diff: 0 | Output -> Good Pos:10, Neg:10, Margin: 4, Diff: 0
Hidden -> Good Pos:32, Neg:32, Margin: 4, Diff: 0 | Output -> Good Pos:10, Neg:10, Margin: 4, Diff: 0
Hidden -> Good Pos:32, Neg:32, Margin: 4, Diff: 0 | Output -> Good Pos:10, Neg:10, Margin: 4, Diff: 0
Hidden -> Good Pos:32, Neg:32, Margin: 4, Diff: 0 | Output -> Good Pos:10, Neg:10, Margin: 4, Diff: 0
Hidden -> Good Pos:32, Neg:32, Margin: 4, Diff: 0 | Output -> Good Pos:10, Neg:10, Margin: 4, Diff: 0
Hidden -> Good Pos:32, Neg:32, Margin: 4, Diff: 0 | Output -> Good Pos:10, Neg:10, Margin: 4, Diff: 0
Hidden -> Good Pos:32, Neg:32, Margin: 4, Diff: 0 | Output -> Good Pos:10, Neg:10, Margin: 4, Diff: 0
Hidden -> Good Pos:32, Neg:32, Margin: 4, Diff: 0 | Output -> Good Pos:10, Neg:10, Margin: 4, Diff: 0
Hidden -> Good Pos:32, Neg:32, Margin: 4, Diff: 0 | Output -> Good Pos:10, Neg:10, Margin: 4, Diff: 0
Hidden -> Good Pos:32, Neg:32, Margin: 4, Diff: 0 | Output -> Good Pos:10, Neg:10, Margin: 4, Diff: 0
Hidden -> Good Pos:32, Neg:32, Margin: 4, Diff: 0 | Output -> Good Pos:10, Neg:10, Margin: 4, Diff: 0
Hidden -> Good Pos:32, Neg:32, Margin: 4, Diff: 0 | Output -> Good Pos:10, Neg:10, Margin: 4, Diff: 0
Hidden -> Good Pos:32, Neg:32, Margin: 4, Diff: 0 | Output -> Good Pos:10, Neg:10, Margin: 4, Diff: 0
Hidden -> Good Pos:32, Neg:32, Margin: 4, Diff: 0 | Output -> Good Pos:10, Neg:10, Margin: 4, Diff: 0
Hidden -> Good Pos:32, Neg:32, Margin: 4, Diff: 0 | Output -> Good Pos:10, Neg:10, Margin: 4, Diff: 0
Hidden -> Good Pos:32, Neg:32, Margin: 4, Diff: 0 | Output -> Good Pos:10, Neg:10, Margin: 4, Diff: 0
Hidden -> Good Pos:32, Neg:32, Margin: 4, Diff: 0 | Output -> Good Pos:10, Neg:10, Margin: 4, Diff: 0
Hidden -> Good Pos:32, Neg:32, Margin: 4, Diff: 0 | Output -> Good Pos:10, Neg:10, Margin: 4, Diff: 0
Hidden -> Good Pos:32, Neg:32, Margin: 4, Diff: 0 | Output -> Good Pos:10, Neg:10, Margin: 4, Diff: 0
Hidden -> Good Pos:32, Neg:32, Margin: 4, Diff: 0 | Output -> Good Pos:10, Neg:10, Margin: 4, Diff: 0
Hidden -> Good Pos:32, Neg:32, Margin: 4, Diff: 0 | Output -> Good Pos:10, Neg:10, Margin: 4, Diff: 0
Hidden -> Good Pos:32, Neg:32, Margin: 4, Diff: 0 | Output -> Good Pos:10, Neg:10, Margin: 4, Diff: 0
Hidden -> Good Pos:32, Neg:32, Margin: 4, Diff: 0 | Output -> Good Pos:10, Neg:10, Margin: 4, Diff: 0
Hidden -> Good Pos:32, Neg:32, Margin: 4, Diff: 0 | Output -> Good Pos:10, Neg:10, Margin: 4, Diff: 0
Hidden -> Good Pos:32, Neg:32, Margin: 4, Diff: 0 | Output -> Good Pos:10, Neg:10, Margin: 4, Diff: 0
Hidden -> Good Pos:32, Neg:32, Margin: 4, Diff: 0 | Output -> Good Pos:10, Neg:10, Margin: 4, Diff: 0
Hidden -> Good Pos:32, Neg:32, Margin: 4, Diff: 0 | Output -> Good Pos:10, Neg:10, Margin: 4, Diff: 0
Hidden -> Good Pos:32, Neg:32, Margin: 4, Diff: 0 | Output -> Good Pos:10, Neg:10, Margin: 4, Diff: 0
Hidden -> Good Pos:32, Neg:32, Margin: 4, Diff: 0 | Output -> Good Pos:10, Neg:10, Margin: 4, Diff: 0
Hidden -> Good Pos:32, Neg:32, Margin: 4, Diff: 0 | Output -> Good Pos:10, Neg:10, Margin: 4, Diff: 0
Hidden -> Good Pos:32, Neg:32, Margin: 4, Diff: 0 | Output -> Good Pos:10, Neg:10, Margin: 4, Diff: 0
Hidden -> Good Pos:32, Neg:32, Margin: 4, Diff: 0 | Output -> Good Pos:10, Neg:10, Margin: 4, Diff: 0
Hidden -> Good Pos:32, Neg:32, Margin: 4, Diff: 0 | Output -> Good Pos:10, Neg:10, Margin: 4, Diff: 0
Hidden -> Good Pos:32, Neg:32, Margin: 4, Diff: 0 | Output -> Good Pos:10, Neg:10, Margin: 4, Diff: 0
Hidden -> Good Pos:32, Neg:32, Margin: 4, Diff: 0 | Output -> Good Pos:10, Neg:10, Margin: 4, Diff: 0
Hidden -> Good Pos:32, Neg:32, Margin: 4, Diff: 0 | Output -> Good Pos:10, Neg:10, Margin: 4, Diff: 0
Hidden -> Good Pos:32, Neg:32, Margin: 4, Diff: 0 | Output -> Good Pos:10, Neg:10, Margin: 4, Diff: 0
Hidden -> Good Pos:32, Neg:32, Margin: 4, Diff: 0 | Output -> Good Pos:10, Neg:10, Margin: 4, Diff: 0
Hidden -> Good Pos:32, Neg:32, Margin: 4, Diff: 0 | Output -> Good Pos:10, Neg:10, Margin: 4, Diff: 0
Hidden -> Good Pos:32, Neg:32, Margin: 4, Diff: 0 | Output -> Good Pos:10, Neg:10, Margin: 4, Diff: 0
Hidden -> Good Pos:32, Neg:32, Margin: 4, Diff: 0 | Output -> Good Pos:10, Neg:10, Margin: 4, Diff: 0
Hidden -> Good Pos:32, Neg:32, Margin: 4, Diff: 0 | Output -> Good Pos:10, Neg:10, Margin: 4, Diff: 0
Hidden -> Good Pos:32, Neg:32, Margin: 4, Diff: 0 | Output -> Good Pos:10, Neg:10, Margin: 4, Diff: 0
Hidden -> Good Pos:32, Neg:32, Margin: 4, Diff: 0 | Output -> Good Pos:10, Neg:10, Margin: 4, Diff: 0
Hidden -> Good Pos:32, Neg:32, Margin: 4, Diff: 0 | Output -> Good Pos:10, Neg:10, Margin: 4, Diff: 0
Hidden -> Good Pos:32, Neg:32, Margin: 4, Diff: 0 | Output -> Good Pos:10, Neg:10, Margin: 4, Diff: 0
Hidden -> Good Pos:32, Neg:32, Margin: 4, Diff: 0 | Output -> Good Pos:10, Neg:10, Margin: 4, Diff: 0
Hidden -> Good Pos:32, Neg:32, Margin: 4, Diff: 0 | Output -> Good Pos:10, Neg:10, Margin: 4, Diff: 0
Hidden -> Good Pos:32, Neg:32, Margin: 4, Diff: 0 | Output -> Good Pos:10, Neg:10, Margin: 4, Diff: 0
Hidden -> Good Pos:32, Neg:32, Margin: 4, Diff: 0 | Output -> Good Pos:10, Neg:10, Margin: 4, Diff: 0
Hidden -> Good Pos:32, Neg:32, Margin: 4, Diff: 0 | Output -> Good Pos:10, Neg:10, Margin: 4, Diff: 0
Hidden -> Good Pos:32, Neg:32, Margin: 4, Diff: 0 | Output -> Good Pos:10, Neg:10, Margin: 4, Diff: 0
Hidden -> Good Pos:32, Neg:32, Margin: 4, Diff: 0 | Output -> Good Pos:10, Neg:10, Margin: 4, Diff: 0
Hidden -> Good Pos:32, Neg:32, Margin: 4, Diff: 0 | Output -> Good Pos:10, Neg:10, Margin: 4, Diff: 0
Hidden -> Good Pos:32, Neg:32, Margin: 4, Diff: 0 | Output -> Good Pos:10, Neg:10, Margin: 4, Diff: 0
Hidden -> Good Pos:32, Neg:32, Margin: 4, Diff: 0 | Output -> Good Pos:10, Neg:10, Margin: 4, Diff: 0
Hidden -> Good Pos:32, Neg:32, Margin: 4, Diff: 0 | Output -> Good Pos:10, Neg:10, Margin: 4, Diff: 0
Hidden -> Good Pos:32, Neg:32, Margin: 4, Diff: 0 | Output -> Good Pos:10, Neg:10, Margin: 4, Diff: 0
Hidden -> Good Pos:32, Neg:32, Margin: 4, Diff: 0 | Output -> Good Pos:10, Neg:10, Margin: 4, Diff: 0
Hidden -> Good Pos:32, Neg:32, Margin: 4, Diff: 0 | Output -> Good Pos:10, Neg:10, Margin: 4, Diff: 0
Hidden -> Good Pos:32, Neg:32, Margin: 4, Diff: 0 | Output -> Good Pos:10, Neg:10, Margin: 4, Diff: 0
Hidden -> Good Pos:32, Neg:32, Margin: 4, Diff: 0 | Output -> Good Pos:10, Neg:10, Margin: 4, Diff: 0
Hidden -> Good Pos:32, Neg:32, Margin: 4, Diff: 0 | Output -> Good Pos:10, Neg:10, Margin: 4, Diff: 0
Hidden -> Good Pos:32, Neg:32, Margin: 4, Diff: 0 | Output -> Good Pos:10, Neg:10, Margin: 4, Diff: 0
Hidden -> Good Pos:32, Neg:32, Margin: 4, Diff: 0 | Output -> Good Pos:10, Neg:10, Margin: 4, Diff: 0
Hidden -> Good Pos:32, Neg:32, Margin: 4, Diff: 0 | Output -> Good Pos:10, Neg:10, Margin: 4, Diff: 0
Hidden -> Good Pos:32, Neg:32, Margin: 4, Diff: 0 | Output -> Good Pos:10, Neg:10, Margin: 4, Diff: 0
Hidden -> Good Pos:32, Neg:32, Margin: 4, Diff: 0 | Output -> Good Pos:10, Neg:10, Margin: 4, Diff: 0
Hidden -> Good Pos:32, Neg:32, Margin: 4, Diff: 0 | Output -> Good Pos:10, Neg:10, Margin: 4, Diff: 0
Hidden -> Good Pos:32, Neg:32, Margin: 4, Diff: 0 | Output -> Good Pos:10, Neg:10, Margin: 4, Diff: 0
Hidden -> Good Pos:32, Neg:32, Margin: 4, Diff: 0 | Output -> Good Pos:10, Neg:10, Margin: 4, Diff: 0
Hidden -> Good Pos:32, Neg:32, Margin: 4, Diff: 0 | Output -> Good Pos:10, Neg:10, Margin: 4, Diff: 0
Hidden -> Good Pos:32, Neg:32, Margin: 4, Diff: 0 | Output -> Good Pos:10, Neg:10, Margin: 4, Diff: 0
Hidden -> Good Pos:32, Neg:32, Margin: 4, Diff: 0 | Output -> Good Pos:10, Neg:10, Margin: 4, Diff: 0
Hidden -> Good Pos:32, Neg:32, Margin: 4, Diff: 0 | Output -> Good Pos:10, Neg:10, Margin: 4, Diff: 0
Hidden -> Good Pos:32, Neg:32, Margin: 4, Diff: 0 | Output -> Good Pos:10, Neg:10, Margin: 4, Diff: 0
Hidden -> Good Pos:32, Neg:32, Margin: 4, Diff: 0 | Output -> Good Pos:10, Neg:10, Margin: 4, Diff: 0
Hidden -> Good Pos:32, Neg:32, Margin: 4, Diff: 0 | Output -> Good Pos:10, Neg:10, Margin: 4, Diff: 0
Hidden -> Good Pos:32, Neg:32, Margin: 4, Diff: 0 | Output -> Good Pos:10, Neg:10, Margin: 4, Diff: 0
Hidden -> Good Pos:32, Neg:32, Margin: 4, Diff: 0 | Output -> Good Pos:10, Neg:10, Margin: 4, Diff: 0
Hidden -> Good Pos:32, Neg:32, Margin: 4, Diff: 0 | Output -> Good Pos:10, Neg:10, Margin: 4, Diff: 0
Hidden -> Good Pos:32, Neg:32, Margin: 4, Diff: 0 | Output -> Good Pos:10, Neg:10, Margin: 4, Diff: 0
Hidden -> Good Pos:32, Neg:32, Margin: 4, Diff: 0 | Output -> Good Pos:10, Neg:10, Margin: 4, Diff: 0
Hidden -> Good Pos:32, Neg:32, Margin: 4, Diff: 0 | Output -> Good Pos:10, Neg:10, Margin: 4, Diff: 0
Hidden -> Good Pos:32, Neg:32, Margin: 4, Diff: 0 | Output -> Good Pos:10, Neg:10, Margin: 4, Diff: 0
Hidden -> Good Pos:32, Neg:32, Margin: 4, Diff: 0 | Output -> Good Pos:10, Neg:10, Margin: 4, Diff: 0
Hidden -> Good Pos:32, Neg:32, Margin: 4, Diff: 0 | Output -> Good Pos:10, Neg:10, Margin: 4, Diff: 0
Hidden -> Good Pos:32, Neg:32, Margin: 4, Diff: 0 | Output -> Good Pos:10, Neg:10, Margin: 4, Diff: 0
Hidden -> Good Pos:32, Neg:32, Margin: 4, Diff: 0 | Output -> Good Pos:10, Neg:10, Margin: 4, Diff: 0
Hidden -> Good Pos:32, Neg:32, Margin: 4, Diff: 0 | Output -> Good Pos:10, Neg:10, Margin: 4, Diff: 0
Hidden -> Good Pos:32, Neg:32, Margin: 4, Diff: 0 | Output -> Good Pos:10, Neg:10, Margin: 4, Diff: 0
Hidden -> Good Pos:32, Neg:32, Margin: 4, Diff: 0 | Output -> Good Pos:10, Neg:10, Margin: 4, Diff: 0
Hidden -> Good Pos:32, Neg:32, Margin: 4, Diff: 0 | Output -> Good Pos:10, Neg:10, Margin: 4, Diff: 0
Hidden -> Good Pos:32, Neg:32, Margin: 4, Diff: 0 | Output -> Good Pos:10, Neg:10, Margin: 4, Diff: 0
Hidden -> Good Pos:32, Neg:32, Margin: 4, Diff: 0 | Output -> Good Pos:10, Neg:10, Margin: 4, Diff: 0
Hidden -> Good Pos:32, Neg:32, Margin: 4, Diff: 0 | Output -> Good Pos:10, Neg:10, Margin: 4, Diff: 0
Hidden -> Good Pos:32, Neg:32, Margin: 4, Diff: 0 | Output -> Good Pos:10, Neg:10, Margin: 4, Diff: 0
Hidden -> Good Pos:32, Neg:32, Margin: 4, Diff: 0 | Output -> Good Pos:10, Neg:10, Margin: 4, Diff: 0
Hidden -> Good Pos:32, Neg:32, Margin: 4, Diff: 0 | Output -> Good Pos:10, Neg:10, Margin: 4, Diff: 0
Hidden -> Good Pos:32, Neg:32, Margin: 4, Diff: 0 | Output -> Good Pos:10, Neg:10, Margin: 4, Diff: 0
Hidden -> Good Pos:32, Neg:32, Margin: 4, Diff: 0 | Output -> Good Pos:10, Neg:10, Margin: 4, Diff: 0
Hidden -> Good Pos:32, Neg:32, Margin: 4, Diff: 0 | Output -> Good Pos:10, Neg:10, Margin: 4, Diff: 0
Hidden -> Good Pos:32, Neg:32, Margin: 4, Diff: 0 | Output -> Good Pos:10, Neg:10, Margin: 4, Diff: 0
Hidden -> Good Pos:32, Neg:32, Margin: 4, Diff: 0 | Output -> Good Pos:10, Neg:10, Margin: 4, Diff: 0
Hidden -> Good Pos:32, Neg:32, Margin: 4, Diff: 0 | Output -> Good Pos:10, Neg:10, Margin: 4, Diff: 0
Hidden -> Good Pos:32, Neg:32, Margin: 4, Diff: 0 | Output -> Good Pos:10, Neg:10, Margin: 4, Diff: 0
Hidden -> Good Pos:32, Neg:32, Margin: 4, Diff: 0 | Output -> Good Pos:10, Neg:10, Margin: 4, Diff: 0
Hidden -> Good Pos:32, Neg:32, Margin: 4, Diff: 0 | Output -> Good Pos:10, Neg:10, Margin: 4, Diff: 0
Hidden -> Good Pos:32, Neg:32, Margin: 4, Diff: 0 | Output -> Good Pos:10, Neg:10, Margin: 4, Diff: 0
Hidden -> Good Pos:32, Neg:32, Margin: 4, Diff: 0 | Output -> Good Pos:10, Neg:10, Margin: 4, Diff: 0
Hidden -> Good Pos:32, Neg:32, Margin: 4, Diff: 0 | Output -> Good Pos:10, Neg:10, Margin: 4, Diff: 0
Hidden -> Good Pos:32, Neg:32, Margin: 4, Diff: 0 | Output -> Good Pos:10, Neg:10, Margin: 4, Diff: 0
Hidden -> Good Pos:32, Neg:32, Margin: 4, Diff: 0 | Output -> Good Pos:10, Neg:10, Margin: 4, Diff: 0
Hidden -> Good Pos:32, Neg:32, Margin: 4, Diff: 0 | Output -> Good Pos:10, Neg:10, Margin: 4, Diff: 0
Hidden -> Good Pos:32, Neg:32, Margin: 4, Diff: 0 | Output -> Good Pos:10, Neg:10, Margin: 4, Diff: 0
Hidden -> Good Pos:32, Neg:32, Margin: 4, Diff: 0 | Output -> Good Pos:10, Neg:10, Margin: 4, Diff: 0
Hidden -> Good Pos:32, Neg:32, Margin: 4, Diff: 0 | Output -> Good Pos:10, Neg:10, Margin: 4, Diff: 0
Hidden -> Good Pos:32, Neg:32, Margin: 4, Diff: 0 | Output -> Good Pos:10, Neg:10, Margin: 4, Diff: 0
Hidden -> Good Pos:32, Neg:32, Margin: 4, Diff: 0 | Output -> Good Pos:10, Neg:10, Margin: 4, Diff: 0
Hidden -> Good Pos:32, Neg:32, Margin: 4, Diff: 0 | Output -> Good Pos:10, Neg:10, Margin: 4, Diff: 0
Hidden -> Good Pos:32, Neg:32, Margin: 4, Diff: 0 | Output -> Good Pos:10, Neg:10, Margin: 4, Diff: 0
Hidden -> Good Pos:32, Neg:32, Margin: 4, Diff: 0 | Output -> Good Pos:10, Neg:10, Margin: 4, Diff: 0
Hidden -> Good Pos:32, Neg:32, Margin: 4, Diff: 0 | Output -> Good Pos:10, Neg:10, Margin: 4, Diff: 0
Hidden -> Good Pos:32, Neg:32, Margin: 4, Diff: 0 | Output -> Good Pos:10, Neg:10, Margin: 4, Diff: 0
Hidden -> Good Pos:32, Neg:32, Margin: 4, Diff: 0 | Output -> Good Pos:10, Neg:10, Margin: 4, Diff: 0
Hidden -> Good Pos:32, Neg:32, Margin: 4, Diff: 0 | Output -> Good Pos:10, Neg:10, Margin: 4, Diff: 0
Hidden -> Good Pos:32, Neg:32, Margin: 4, Diff: 0 | Output -> Good Pos:10, Neg:10, Margin: 4, Diff: 0
Hidden -> Good Pos:32, Neg:32, Margin: 4, Diff: 0 | Output -> Good Pos:10, Neg:10, Margin: 4, Diff: 0
Hidden -> Good Pos:32, Neg:32, Margin: 4, Diff: 0 | Output -> Good Pos:10, Neg:10, Margin: 4, Diff: 0
Hidden -> Good Pos:32, Neg:32, Margin: 4, Diff: 0 | Output -> Good Pos:10, Neg:10, Margin: 4, Diff: 0
Hidden -> Good Pos:32, Neg:32, Margin: 4, Diff: 0 | Output -> Good Pos:10, Neg:10, Margin: 4, Diff: 0
Hidden -> Good Pos:32, Neg:32, Margin: 4, Diff: 0 | Output -> Good Pos:10, Neg:10, Margin: 4, Diff: 0
Hidden -> Good Pos:32, Neg:32, Margin: 4, Diff: 0 | Output -> Good Pos:10, Neg:10, Margin: 4, Diff: 0
Hidden -> Good Pos:32, Neg:32, Margin: 4, Diff: 0 | Output -> Good Pos:10, Neg:10, Margin: 4, Diff: 0
Hidden -> Good Pos:32, Neg:32, Margin: 4, Diff: 0 | Output -> Good Pos:10, Neg:10, Margin: 4, Diff: 0
Hidden -> Good Pos:32, Neg:32, Margin: 4, Diff: 0 | Output -> Good Pos:10, Neg:10, Margin: 4, Diff: 0
Hidden -> Good Pos:32, Neg:32, Margin: 4, Diff: 0 | Output -> Good Pos:10, Neg:10, Margin: 4, Diff: 0
Hidden -> Good Pos:32, Neg:32, Margin: 4, Diff: 0 | Output -> Good Pos:10, Neg:10, Margin: 4, Diff: 0
Hidden -> Good Pos:32, Neg:32, Margin: 4, Diff: 0 | Output -> Good Pos:10, Neg:10, Margin: 4, Diff: 0
Hidden -> Good Pos:32, Neg:32, Margin: 4, Diff: 0 | Output -> Good Pos:10, Neg:10, Margin: 4, Diff: 0
Hidden -> Good Pos:32, Neg:32, Margin: 4, Diff: 0 | Output -> Good Pos:10, Neg:10, Margin: 4, Diff: 0
Hidden -> Good Pos:32, Neg:32, Margin: 4, Diff: 0 | Output -> Good Pos:10, Neg:10, Margin: 4, Diff: 0
Hidden -> Good Pos:32, Neg:32, Margin: 4, Diff: 0 | Output -> Good Pos:10, Neg:10, Margin: 4, Diff: 0
Hidden -> Good Pos:32, Neg:32, Margin: 4, Diff: 0 | Output -> Good Pos:10, Neg:10, Margin: 4, Diff: 0
Hidden -> Good Pos:32, Neg:32, Margin: 4, Diff: 0 | Output -> Good Pos:10, Neg:10, Margin: 4, Diff: 0
Hidden -> Good Pos:32, Neg:32, Margin: 4, Diff: 0 | Output -> Good Pos:10, Neg:10, Margin: 4, Diff: 0
Hidden -> Good Pos:32, Neg:32, Margin: 4, Diff: 0 | Output -> Good Pos:10, Neg:10, Margin: 4, Diff: 0
Hidden -> Good Pos:32, Neg:32, Margin: 4, Diff: 0 | Output -> Good Pos:10, Neg:10, Margin: 4, Diff: 0
Hidden -> Good Pos:32, Neg:32, Margin: 4, Diff: 0 | Output -> Good Pos:10, Neg:10, Margin: 4, Diff: 0
Hidden -> Good Pos:32, Neg:32, Margin: 4, Diff: 0 | Output -> Good Pos:10, Neg:10, Margin: 4, Diff: 0
Hidden -> Good Pos:32, Neg:32, Margin: 4, Diff: 0 | Output -> Good Pos:10, Neg:10, Margin: 4, Diff: 0
Hidden -> Good Pos:32, Neg:32, Margin: 4, Diff: 0 | Output -> Good Pos:10, Neg:10, Margin: 4, Diff: 0
Hidden -> Good Pos:32, Neg:32, Margin: 4, Diff: 0 | Output -> Good Pos:10, Neg:10, Margin: 4, Diff: 0
Hidden -> Good Pos:32, Neg:32, Margin: 4, Diff: 0 | Output -> Good Pos:10, Neg:10, Margin: 4, Diff: 0
Hidden -> Good Pos:32, Neg:32, Margin: 4, Diff: 0 | Output -> Good Pos:10, Neg:10, Margin: 4, Diff: 0

Pesos finales tras la epoca:
 W1[0]: -1 -1 -1 -1 -1 -1 -1 -1 -1 -1 -1 -1 -1 -1 -1 -1 -1 -1 -1 -1 1 1 -1 -1 -1 -1 -1 1 -1 1 -1 -1 -1 -1 -1 1 1 -1 -1 -1 -1 -1 -1 -1 1 -1 -1 -1 -1 -1 -1 1 -1 -1 -1 -1 -1 -1 -1 -1 -1 -1 -1 -1
 W1[1]: 1 1 1 1 1 1 1 1 1 1 1 1 1 1 1 1 1 1 1 1 -1 -1 1 1 1 1 1 -1 1 -1 1 1 1 1 1 -1 -1 1 1 1 1 1 1 1 -1 1 1 1 1 1 1 -1 1 1 1 1 1 1 1 1 1 1 1 1
 W1[2]: 1 1 1 1 1 1 1 1 1 1 1 1 1 1 1 1 1 1 1 1 -1 -1 1 1 1 1 1 -1 1 -1 1 1 1 1 1 -1 -1 1 1 1 1 1 1 1 -1 1 1 1 1 1 1 -1 1 1 1 1 1 1 1 1 1 1 1 1
 W1[3]: 1 1 1 1 1 1 1 1 1 1 1 1 1 1 1 1 1 1 1 1 -1 -1 1 1 1 1 1 -1 1 -1 1 1 1 1 1 -1 -1 1 1 1 1 1 1 1 -1 1 1 1 1 1 1 -1 1 1 1 1 1 1 1 1 1 1 1 1
 W1[4]: -1 -1 -1 -1 -1 -1 -1 -1 -1 -1 -1 -1 -1 -1 -1 -1 -1 -1 -1 -1 1 1 -1 -1 -1 -1 -1 1 -1 1 -1 -1 -1 -1 -1 1 1 -1 -1 -1 -1 -1 -1 -1 1 -1 -1 -1 -1 -1 -1 1 -1 -1 -1 -1 -1 -1 -1 -1 -1 -1 -1 -1
 W1[5]: -1 -1 -1 -1 -1 -1 -1 -1 -1 -1 -1 -1 -1 -1 -1 -1 -1 -1 -1 -1 1 1 -1 -1 -1 -1 -1 1 -1 1 -1 -1 -1 -1 -1 1 1 -1 -1 -1 -1 -1 -1 -1 1 -1 -1 -1 -1 -1 -1 1 -1 -1 -1 -1 -1 -1 -1 -1 -1 -1 -1 -1
 W1[6]: 1 1 1 1 1 1 1 1 1 1 1 1 1 1 1 1 1 1 1 1 -1 -1 1 1 1 1 1 -1 1 -1 1 1 1 1 1 -1 -1 1 1 1 1 1 1 1 -1 1 1 1 1 1 1 -1 1 1 1 1 1 1 1 1 1 1 1 1
 W1[7]: -1 -1 -1 -1 -1 -1 -1 -1 -1 -1 -1 -1 -1 -1 -1 -1 -1 -1 -1 -1 1 1 -1 -1 -1 -1 -1 1 -1 1 -1 -1 -1 -1 -1 1 1 -1 -1 -1 -1 -1 -1 -1 1 -1 -1 -1 -1 -1 -1 1 -1 -1 -1 -1 -1 -1 -1 -1 -1 -1 -1 -1
 W1[8]: -1 -1 -1 -1 -1 -1 -1 -1 -1 -1 -1 -1 -1 -1 -1 -1 -1 -1 -1 -1 1 1 -1 -1 -1 -1 -1 1 -1 1 -1 -1 -1 -1 -1 1 1 -1 -1 -1 -1 -1 -1 -1 1 -1 -1 -1 -1 -1 -1 1 -1 -1 -1 -1 -1 -1 -1 -1 -1 -1 -1 -1
 W1[9]: 1 1 1 1 1 1 1 1 1 1 1 1 1 1 1 1 1 1 1 1 -1 -1 1 1 1 1 1 -1 1 -1 1 1 1 1 1 -1 -1 1 1 1 1 1 1 1 -1 1 1 1 1 1 1 -1 1 1 1 1 1 1 1 1 1 1 1 1
 W1[10]: -1 -1 -1 -1 -1 -1 -1 -1 -1 -1 -1 -1 -1 -1 -1 -1 -1 -1 -1 -1 -1 1 -1 -1 -1 -1 1 1 1 1 -1 -1 -1 -1 -1 -1 -1 -1 -1 -1 -1 -1 -1 -1 1 -1 -1 -1 -1 -1 -1 -1 -1 -1 -1 -1 -1 -1 -1 -1 -1 -1 -1 -1
 W1[11]: -1 -1 -1 -1 -1 -1 -1 -1 -1 -1 -1 -1 -1 -1 -1 -1 -1 -1 -1 -1 -1 1 -1 -1 -1 -1 1 1 1 1 -1 -1 -1 -1 -1 -1 -1 -1 -1 -1 -1 -1 -1 -1 1 -1 -1 -1 -1 -1 -1 -1 -1 -1 -1 -1 -1 -1 -1 -1 -1 -1 -1 -1
 W1[12]: -1 1 1 -1 1 1 -1 -1 -1 -1 -1 1 1 -1 1 1 -1 -1 -1 -1 1 1 -1 1 1 1 1 1 -1 -1 1 -1 1 1 -1 1 -1 1 1 -1 1 -1 -1 -1 -1 1 1 -1 1 1 -1 -1 -1 -1 -1 1 1 1 -1 1 -1 -1 -1 -1
 W1[13]: 1 1 1 -1 -1 -1 1 1 1 1 -1 1 1 -1 1 1 -1 -1 1 -1 1 1 -1 1 1 1 1 1 -1 -1 -1 1 -1 -1 1 -1 -1 -1 1 1 -1 -1 -1 -1 1 1 1 1 -1 1 -1 -1 -1 -1 -1 1 -1 -1 -1 1 -1 1 1 -1
 W1[14]: -1 1 -1 -1 -1 -1 -1 1 1 1 1 -1 1 -1 -1 -1 -1 1 -1 1 1 1 1 1 1 1 -1 1 1 -1 1 -1 1 -1 1 -1 -1 -1 1 -1 -1 -1 -1 -1 -1 -1 1 -1 -1 1 1 1 -1 -1 1 1 -1 1 1 -1 -1 -1 -1 1
 W1[15]: -1 1 -1 -1 -1 -1 -1 1 -1 -1 -1 1 1 1 -1 1 1 -1 1 1 -1 -1 -1 -1 1 1 -1 1 -1 1 -1 1 1 -1 -1 -1 1 -1 1 1 1 -1 1 1 -1 -1 -1 1 -1 1 1 1 1 1 1 -1 1 1 1 -1 -1 1 -1 1
 W1[16]: 1 1 1 1 1 1 1 1 1 1 1 1 1 1 1 1 1 1 1 1 -1 -1 1 1 1 1 1 -1 1 -1 1 1 1 1 1 -1 -1 1 1 1 1 1 1 1 -1 1 1 1 1 1 1 -1 1 1 1 1 1 1 1 1 1 1 1 1
 W1[17]: -1 -1 -1 -1 -1 -1 -1 -1 -1 -1 -1 -1 -1 -1 -1 -1 -1 -1 -1 -1 -1 1 -1 -1 -1 -1 1 1 1 1 -1 -1 -1 -1 -1 -1 -1 -1 -1 -1 -1 -1 -1 -1 1 -1 -1 -1 -1 -1 -1 -1 -1 -1 -1 -1 -1 -1 -1 -1 -1 -1 -1 -1
 W1[18]: -1 -1 -1 -1 -1 -1 -1 -1 -1 -1 -1 -1 -1 -1 -1 -1 -1 -1 -1 -1 -1 1 -1 -1 -1 -1 1 1 1 1 -1 -1 -1 -1 -1 -1 -1 -1 -1 -1 -1 -1 -1 -1 1 -1 -1 -1 -1 -1 -1 -1 -1 -1 -1 -1 -1 -1 -1 -1 -1 -1 -1 -1
 W1[19]: -1 -1 -1 -1 -1 -1 -1 -1 -1 -1 -1 -1 -1 -1 -1 -1 -1 -1 -1 -1 -1 1 -1 -1 -1 -1 1 1 1 1 -1 -1 -1 -1 -1 -1 -1 -1 -1 -1 -1 -1 -1 -1 1 -1 -1 -1 -1 -1 -1 -1 -1 -1 -1 -1 -1 -1 -1 -1 -1 -1 -1 -1
 W1[20]: 1 1 1 1 1 1 1 1 1 1 1 1 1 1 1 1 1 1 1 1 -1 -1 1 1 1 1 1 -1 1 -1 1 1 1 1 1 -1 -1 1 1 1 1 1 1 1 -1 1 1 1 1 1 1 -1 1 1 1 1 1 1 1 1 1 1 1 1
 W1[21]: 1 1 1 1 1 1 1 1 1 1 1 1 1 1 1 1 1 1 1 1 -1 -1 1 1 1 1 1 -1 1 -1 1 1 1 1 1 -1 -1 1 1 1 1 1 1 1 -1 1 1 1 1 1 1 -1 1 1 1 1 1 1 1 1 1 1 1 1
 W1[22]: -1 -1 -1 -1 -1 -1 -1 -1 -1 -1 -1 -1 -1 -1 -1 -1 -1 -1 -1 -1 -1 1 -1 -1 -1 -1 1 1 1 1 -1 -1 -1 -1 -1 -1 -1 -1 -1 -1 -1 -1 -1 -1 1 -1 -1 -1 -1 -1 -1 -1 -1 -1 -1 -1 -1 -1 -1 -1 -1 -1 -1 -1
 W1[23]: 1 1 1 1 1 1 1 1 1 1 1 1 1 1 1 1 1 1 1 1 -1 -1 1 1 1 1 1 -1 1 -1 1 1 1 1 1 -1 -1 1 1 1 1 1 1 1 -1 1 1 1 1 1 1 -1 1 1 1 1 1 1 1 1 1 1 1 1
 W1[24]: 1 1 1 1 1 1 1 1 1 1 1 1 1 1 1 1 1 1 1 1 -1 -1 1 1 1 1 1 -1 1 -1 1 1 1 1 1 -1 -1 1 1 1 1 1 1 1 -1 1 1 1 1 1 1 -1 1 1 1 1 1 1 1 1 1 1 1 1
 W1[25]: -1 -1 -1 -1 -1 -1 -1 -1 -1 -1 -1 -1 -1 -1 -1 -1 -1 -1 -1 -1 -1 1 -1 -1 -1 -1 1 1 1 1 -1 -1 -1 -1 -1 -1 -1 -1 -1 -1 -1 -1 -1 -1 1 -1 -1 -1 -1 -1 -1 -1 -1 -1 -1 -1 -1 -1 -1 -1 -1 -1 -1 -1
 W1[26]: 1 1 1 1 1 1 1 1 1 1 1 1 1 1 1 1 1 1 1 1 1 -1 1 1 1 1 -1 -1 -1 -1 1 1 1 1 1 1 1 1 1 1 1 1 1 1 -1 1 1 1 1 1 1 1 1 1 1 1 1 1 1 1 1 1 1 1
 W1[27]: 1 1 1 1 1 1 1 1 1 1 1 1 1 1 1 1 1 1 1 1 1 -1 1 1 1 1 -1 -1 -1 -1 1 1 1 1 1 1 1 1 1 1 1 1 1 1 -1 1 1 1 1 1 1 1 1 1 1 1 1 1 1 1 1 1 1 1
 W1[28]: 1 1 1 1 1 1 1 1 1 1 1 1 1 1 1 1 1 1 1 1 1 1 1 1 1 1 1 1 1 1 1 1 1 1 1 1 1 1 1 1 1 1 1 1 1 1 1 1 1 1 1 1 1 1 1 1 1 1 1 1 1 1 1 1
 W1[29]: 1 1 1 1 1 1 1 1 1 1 1 1 1 1 1 1 1 1 1 1 1 1 1 1 1 1 1 1 1 1 1 1 1 1 1 1 1 1 1 1 1 1 1 1 1 1 1 1 1 1 1 1 1 1 1 1 1 1 1 1 1 1 1 1
 W1[30]: 1 1 1 1 1 1 1 1 1 1 1 1 1 1 1 1 1 1 1 1 1 1 1 1 1 1 1 1 1 1 1 1 1 1 1 1 1 1 1 1 1 1 1 1 1 1 1 1 1 1 1 1 1 1 1 1 1 1 1 1 1 1 1 1
 W1[31]: 1 1 1 1 1 1 1 1 1 1 1 1 1 1 1 1 1 1 1 1 1 1 1 1 1 1 1 1 1 1 1 1 1 1 1 1 1 1 1 1 1 1 1 1 1 1 1 1 1 1 1 1 1 1 1 1 1 1 1 1 1 1 1 1
 W2[0]: 1 -1 -1 -1 1 1 -1 1 1 -1 1 1 1 1 1 -1 -1 1 1 1 -1 -1 1 -1 -1 1 -1 -1 -1 -1 -1 -1
 W2[1]: -1 1 1 1 -1 -1 1 -1 -1 1 -1 -1 -1 -1 -1 1 1 -1 -1 -1 1 1 -1 1 1 -1 1 1 1 1 1 1
 W2[2]: -1 1 1 1 -1 -1 1 -1 -1 1 -1 -1 -1 -1 -1 1 1 -1 -1 -1 1 1 -1 1 1 -1 1 1 1 1 1 1
 W2[3]: -1 1 1 1 -1 -1 1 -1 -1 1 -1 -1 -1 -1 -1 1 1 -1 -1 -1 1 1 -1 1 1 -1 1 1 1 1 1 1
 W2[4]: 1 -1 -1 -1 1 1 -1 1 1 -1 1 1 1 1 1 -1 -1 1 1 1 -1 -1 1 -1 -1 1 -1 -1 -1 -1 -1 -1
 W2[5]: 1 -1 -1 -1 1 1 -1 1 1 -1 1 1 1 1 1 -1 -1 1 1 1 -1 -1 1 -1 -1 1 -1 -1 -1 -1 -1 -1
 W2[6]: -1 1 1 1 -1 -1 1 -1 -1 1 -1 -1 -1 -1 -1 1 1 -1 -1 -1 1 1 -1 1 1 -1 1 1 1 1 1 1
 W2[7]: 1 -1 -1 -1 1 1 -1 1 1 -1 1 1 1 1 1 -1 -1 1 1 1 -1 -1 1 -1 -1 1 -1 -1 -1 -1 -1 -1
 W2[8]: 1 -1 -1 -1 1 1 -1 1 1 -1 1 1 1 1 1 -1 -1 1 1 1 -1 -1 1 -1 -1 1 -1 -1 -1 -1 -1 -1
 W2[9]: -1 1 1 1 -1 -1 1 -1 -1 1 -1 -1 -1 -1 -1 1 1 -1 -1 -1 1 1 -1 1 1 -1 1 1 1 1 1 1
Simulacion finalizada OK. Pesos actualizados correctamente.
INFO: [SIM 211-1] CSim done with 0 errors.
INFO: [SIM 211-3] *************** CSIM finish ***************
INFO: [HLS 200-112] Total CPU user time: 3 seconds. Total CPU system time: 1 seconds. Total elapsed time: 14.878 seconds; peak allocated memory: 265.148 MB.
INFO: [vitis-run 60-791] Total elapsed time: 0h 0m 20s
