  **** HLS Build v2024.2 5238294
INFO: [HLS 200-2005] Using work_dir D:/Proyectos/tfg_hardware_accelerator/hls_tfg_bnn/train_step 
INFO: [HLS 200-1505] Using default flow_target 'vivado'
Resolution: For help on HLS 200-1505 see docs.xilinx.com/access/sources/dita/topic?Doc_Version=2024.2%20English&url=ug1448-hls-guidance&resourceid=200-1505.html
INFO: [HLS 200-1465] Applying ini 'syn.file=D:/Proyectos/tfg_hardware_accelerator/src/forward_fw.cpp' from D:/Proyectos/tfg_hardware_accelerator/hls_tfg_bnn/hls_config.cfg(11)
INFO: [HLS 200-10] Adding design file 'D:/Proyectos/tfg_hardware_accelerator/src/forward_fw.cpp' to the project
INFO: [HLS 200-1465] Applying ini 'syn.file=D:/Proyectos/tfg_hardware_accelerator/src/forward_fw.hpp' from D:/Proyectos/tfg_hardware_accelerator/hls_tfg_bnn/hls_config.cfg(12)
INFO: [HLS 200-10] Adding design file 'D:/Proyectos/tfg_hardware_accelerator/src/forward_fw.hpp' to the project
INFO: [HLS 200-1465] Applying ini 'tb.file=D:/Proyectos/tfg_hardware_accelerator/tb/train_tb.cpp' from D:/Proyectos/tfg_hardware_accelerator/hls_tfg_bnn/hls_config.cfg(8)
INFO: [HLS 200-10] Adding test bench file 'D:/Proyectos/tfg_hardware_accelerator/tb/train_tb.cpp' to the project
INFO: [HLS 200-1465] Applying ini 'tb.file=D:/Proyectos/tfg_hardware_accelerator/data/mnist_test_data.hpp' from D:/Proyectos/tfg_hardware_accelerator/hls_tfg_bnn/hls_config.cfg(9)
INFO: [HLS 200-10] Adding test bench file 'D:/Proyectos/tfg_hardware_accelerator/data/mnist_test_data.hpp' to the project
INFO: [HLS 200-1465] Applying ini 'tb.file=D:/Proyectos/tfg_hardware_accelerator/data/mnist_train_data.hpp' from D:/Proyectos/tfg_hardware_accelerator/hls_tfg_bnn/hls_config.cfg(10)
INFO: [HLS 200-10] Adding test bench file 'D:/Proyectos/tfg_hardware_accelerator/data/mnist_train_data.hpp' to the project
INFO: [HLS 200-1465] Applying ini 'syn.top=train_step' from D:/Proyectos/tfg_hardware_accelerator/hls_tfg_bnn/hls_config.cfg(7)
INFO: [HLS 200-1465] Applying ini 'flow_target=vivado' from D:/Proyectos/tfg_hardware_accelerator/hls_tfg_bnn/hls_config.cfg(4)
INFO: [HLS 200-1505] Using flow_target 'vivado'
Resolution: For help on HLS 200-1505 see docs.xilinx.com/access/sources/dita/topic?Doc_Version=2024.2%20English&url=ug1448-hls-guidance&resourceid=200-1505.html
INFO: [HLS 200-1465] Applying ini 'part=xc7a100tcsg324-1' from D:/Proyectos/tfg_hardware_accelerator/hls_tfg_bnn/hls_config.cfg(1)
INFO: [HLS 200-1611] Setting target device to 'xc7a100t-csg324-1'
INFO: [HLS 200-1465] Applying ini 'package.output.format=ip_catalog' from D:/Proyectos/tfg_hardware_accelerator/hls_tfg_bnn/hls_config.cfg(5)
INFO: [HLS 200-111] Finished File checks and directory preparation: CPU user time: 3 seconds. CPU system time: 1 seconds. Elapsed time: 3.402 seconds; current allocated memory: 264.203 MB.
INFO: [HLS 200-10] Analyzing design file '../src/forward_fw.cpp' ... 
WARNING: [HLS 214-111] Static scalars and arrays declared inside a dataflow region will be treated like local variables (../src/forward_fw.cpp:121:15)
Resolution: For help on HLS 214-111 see docs.xilinx.com/access/sources/dita/topic?Doc_Version=2024.2%20English&url=ug1448-hls-guidance&resourceid=214-111.html
WARNING: [HLS 214-111] Static scalars and arrays declared inside a dataflow region will be treated like local variables (../src/forward_fw.cpp:122:18)
Resolution: For help on HLS 214-111 see docs.xilinx.com/access/sources/dita/topic?Doc_Version=2024.2%20English&url=ug1448-hls-guidance&resourceid=214-111.html
WARNING: [HLS 214-113] Either use an argument of the function or declare the variable inside the dataflow loop body (../src/forward_fw.cpp:137:17)
Resolution: For help on HLS 214-113 see docs.xilinx.com/access/sources/dita/topic?Doc_Version=2024.2%20English&url=ug1448-hls-guidance&resourceid=214-113.html
WARNING: [HLS 200-471] Dataflow form checks found 3 issue(s) in file ../src/forward_fw.cpp
Resolution: For help on HLS 200-471 see docs.xilinx.com/access/sources/dita/topic?Doc_Version=2024.2%20English&url=ug1448-hls-guidance&resourceid=200-471.html
INFO: [HLS 200-111] Finished Source Code Analysis and Preprocessing: CPU user time: 0 seconds. CPU system time: 0 seconds. Elapsed time: 6.958 seconds; current allocated memory: 267.656 MB.
INFO: [HLS 200-777] Using interface defaults for 'Vivado' flow target.
INFO: [HLS 200-1995] There were 3,572 instructions in the design after the 'Compile/Link' phase of compilation. See the Design Size Report for more details: D:/Proyectos/tfg_hardware_accelerator/hls_tfg_bnn/train_step/hls/syn/report/csynth_design_size.rpt
INFO: [HLS 200-1995] There were 6,150 instructions in the design after the 'Unroll/Inline (step 1)' phase of compilation. See the Design Size Report for more details: D:/Proyectos/tfg_hardware_accelerator/hls_tfg_bnn/train_step/hls/syn/report/csynth_design_size.rpt
INFO: [HLS 200-1995] There were 1,265 instructions in the design after the 'Unroll/Inline (step 2)' phase of compilation. See the Design Size Report for more details: D:/Proyectos/tfg_hardware_accelerator/hls_tfg_bnn/train_step/hls/syn/report/csynth_design_size.rpt
INFO: [HLS 200-1995] There were 1,141 instructions in the design after the 'Unroll/Inline (step 3)' phase of compilation. See the Design Size Report for more details: D:/Proyectos/tfg_hardware_accelerator/hls_tfg_bnn/train_step/hls/syn/report/csynth_design_size.rpt
INFO: [HLS 200-1995] There were 1,107 instructions in the design after the 'Unroll/Inline (step 4)' phase of compilation. See the Design Size Report for more details: D:/Proyectos/tfg_hardware_accelerator/hls_tfg_bnn/train_step/hls/syn/report/csynth_design_size.rpt
INFO: [HLS 200-1995] There were 1,113 instructions in the design after the 'Array/Struct (step 1)' phase of compilation. See the Design Size Report for more details: D:/Proyectos/tfg_hardware_accelerator/hls_tfg_bnn/train_step/hls/syn/report/csynth_design_size.rpt
INFO: [HLS 200-1995] There were 1,113 instructions in the design after the 'Array/Struct (step 2)' phase of compilation. See the Design Size Report for more details: D:/Proyectos/tfg_hardware_accelerator/hls_tfg_bnn/train_step/hls/syn/report/csynth_design_size.rpt
INFO: [HLS 200-1995] There were 1,113 instructions in the design after the 'Array/Struct (step 3)' phase of compilation. See the Design Size Report for more details: D:/Proyectos/tfg_hardware_accelerator/hls_tfg_bnn/train_step/hls/syn/report/csynth_design_size.rpt
INFO: [HLS 200-1995] There were 1,113 instructions in the design after the 'Array/Struct (step 4)' phase of compilation. See the Design Size Report for more details: D:/Proyectos/tfg_hardware_accelerator/hls_tfg_bnn/train_step/hls/syn/report/csynth_design_size.rpt
INFO: [HLS 200-1995] There were 1,113 instructions in the design after the 'Array/Struct (step 5)' phase of compilation. See the Design Size Report for more details: D:/Proyectos/tfg_hardware_accelerator/hls_tfg_bnn/train_step/hls/syn/report/csynth_design_size.rpt
INFO: [HLS 200-1995] There were 1,113 instructions in the design after the 'Performance (step 1)' phase of compilation. See the Design Size Report for more details: D:/Proyectos/tfg_hardware_accelerator/hls_tfg_bnn/train_step/hls/syn/report/csynth_design_size.rpt
INFO: [HLS 200-1995] There were 1,105 instructions in the design after the 'Performance (step 2)' phase of compilation. See the Design Size Report for more details: D:/Proyectos/tfg_hardware_accelerator/hls_tfg_bnn/train_step/hls/syn/report/csynth_design_size.rpt
INFO: [HLS 200-1995] There were 1,081 instructions in the design after the 'Performance (step 3)' phase of compilation. See the Design Size Report for more details: D:/Proyectos/tfg_hardware_accelerator/hls_tfg_bnn/train_step/hls/syn/report/csynth_design_size.rpt
INFO: [HLS 200-1995] There were 1,081 instructions in the design after the 'Performance (step 4)' phase of compilation. See the Design Size Report for more details: D:/Proyectos/tfg_hardware_accelerator/hls_tfg_bnn/train_step/hls/syn/report/csynth_design_size.rpt
INFO: [HLS 200-1995] There were 1,118 instructions in the design after the 'HW Transforms (step 1)' phase of compilation. See the Design Size Report for more details: D:/Proyectos/tfg_hardware_accelerator/hls_tfg_bnn/train_step/hls/syn/report/csynth_design_size.rpt
INFO: [HLS 200-1995] There were 1,132 instructions in the design after the 'HW Transforms (step 2)' phase of compilation. See the Design Size Report for more details: D:/Proyectos/tfg_hardware_accelerator/hls_tfg_bnn/train_step/hls/syn/report/csynth_design_size.rpt
INFO: [HLS 214-291] Loop 'VITIS_LOOP_92_1' is marked as complete unroll implied by the pipeline pragma (../src/forward_fw.cpp:92:19)
INFO: [HLS 214-291] Loop 'VITIS_LOOP_94_2' is marked as complete unroll implied by the pipeline pragma (../src/forward_fw.cpp:94:26)
INFO: [HLS 214-291] Loop 'VITIS_LOOP_70_1' is marked as complete unroll implied by the pipeline pragma (../src/forward_fw.cpp:70:19)
INFO: [HLS 214-291] Loop 'VITIS_LOOP_52_1' is marked as complete unroll implied by the pipeline pragma (../src/forward_fw.cpp:52:19)
INFO: [HLS 214-291] Loop 'VITIS_LOOP_55_2' is marked as complete unroll implied by the pipeline pragma (../src/forward_fw.cpp:55:26)
INFO: [HLS 214-186] Unrolling loop 'VITIS_LOOP_92_1' (../src/forward_fw.cpp:92:19) in function 'updateHidden' completely with a factor of 4 (../src/forward_fw.cpp:87:0)
INFO: [HLS 214-186] Unrolling loop 'VITIS_LOOP_94_2' (../src/forward_fw.cpp:94:26) in function 'updateHidden' completely with a factor of 8 (../src/forward_fw.cpp:87:0)
INFO: [HLS 214-186] Unrolling loop 'VITIS_LOOP_70_1' (../src/forward_fw.cpp:70:19) in function 'forwardOutput' completely with a factor of 1 (../src/forward_fw.cpp:64:0)
INFO: [HLS 214-186] Unrolling loop 'VITIS_LOOP_52_1' (../src/forward_fw.cpp:52:19) in function 'forwardHidden' completely with a factor of 4 (../src/forward_fw.cpp:46:0)
INFO: [HLS 214-186] Unrolling loop 'VITIS_LOOP_55_2' (../src/forward_fw.cpp:55:26) in function 'forwardHidden' completely with a factor of 8 (../src/forward_fw.cpp:46:0)
INFO: [HLS 214-178] Inlining function 'signum(ap_fixed<12, 12, (ap_q_mode)5, (ap_o_mode)3, 0>)' into 'forwardHidden(ap_fixed<8, 8, (ap_q_mode)5, (ap_o_mode)3, 0> const*, ap_fixed<8, 8, (ap_q_mode)5, (ap_o_mode)3, 0>*)' (../src/forward_fw.cpp:46:0)
INFO: [HLS 214-248] Applying array_partition to 'W1': Complete partitioning on dimension 2. (../src/forward_fw.cpp:17:0)
INFO: [HLS 214-248] Applying array_partition to '_ZZ10train_stepPK8ap_fixedILi8ELi8EL9ap_q_mode5EL9ap_o_mode3ELi0EES4_iiRV7ap_uintILi4EEE10hidden_neg': Complete partitioning on dimension 1. (../src/forward_fw.cpp:121:0)
INFO: [HLS 214-248] Applying array_partition to '_ZZ10train_stepPK8ap_fixedILi8ELi8EL9ap_q_mode5EL9ap_o_mode3ELi0EES4_iiRV7ap_uintILi4EEE10hidden_pos': Complete partitioning on dimension 1. (../src/forward_fw.cpp:121:0)
INFO: [HLS 214-248] Applying array_partition to 'img_pos': Complete partitioning on dimension 1. (../src/forward_fw.cpp:109:0)
INFO: [HLS 214-248] Applying array_partition to 'img_neg': Complete partitioning on dimension 1. (../src/forward_fw.cpp:109:0)
INFO: [HLS 214-449] Automatically partitioning array 'W1_0' dimension 1 completely based on constant index.
INFO: [HLS 214-449] Automatically partitioning array 'W1_1' dimension 1 completely based on constant index.
INFO: [HLS 214-449] Automatically partitioning array 'W1_2' dimension 1 completely based on constant index.
INFO: [HLS 214-449] Automatically partitioning array 'W1_3' dimension 1 completely based on constant index.
INFO: [HLS 214-449] Automatically partitioning array 'W1_4' dimension 1 completely based on constant index.
INFO: [HLS 214-449] Automatically partitioning array 'W1_5' dimension 1 completely based on constant index.
INFO: [HLS 214-449] Automatically partitioning array 'W1_6' dimension 1 completely based on constant index.
INFO: [HLS 214-449] Automatically partitioning array 'W1_7' dimension 1 completely based on constant index.
INFO: [HLS 214-449] Automatically partitioning array '_ZZ10train_stepPK8ap_fixedILi8ELi8EL9ap_q_mode5EL9ap_o_mode3ELi0EES4_iiRV7ap_uintILi4EEE7out_pos' dimension 1 completely based on constant index. (../src/forward_fw.cpp:122:0)
INFO: [HLS 214-449] Automatically partitioning array '_ZZ10train_stepPK8ap_fixedILi8ELi8EL9ap_q_mode5EL9ap_o_mode3ELi0EES4_iiRV7ap_uintILi4EEE7out_neg' dimension 1 completely based on constant index. (../src/forward_fw.cpp:122:0)
INFO: [HLS 214-270] Inferring pragma 'array_partition type=complete dim=1' for array 'W1_0' due to pipeline pragma
INFO: [HLS 214-270] Inferring pragma 'array_partition type=complete dim=1' for array 'W1_1' due to pipeline pragma
INFO: [HLS 214-270] Inferring pragma 'array_partition type=complete dim=1' for array 'W1_2' due to pipeline pragma
INFO: [HLS 214-270] Inferring pragma 'array_partition type=complete dim=1' for array 'W1_3' due to pipeline pragma
INFO: [HLS 214-270] Inferring pragma 'array_partition type=complete dim=1' for array 'W1_4' due to pipeline pragma
INFO: [HLS 214-270] Inferring pragma 'array_partition type=complete dim=1' for array 'W1_5' due to pipeline pragma
INFO: [HLS 214-270] Inferring pragma 'array_partition type=complete dim=1' for array 'W1_6' due to pipeline pragma
INFO: [HLS 214-270] Inferring pragma 'array_partition type=complete dim=1' for array 'W1_7' due to pipeline pragma
INFO: [HLS 214-270] Inferring pragma 'array_partition type=complete dim=1' for array 'train_step(ap_fixed<8, 8, (ap_q_mode)5, (ap_o_mode)3, 0> const*, ap_fixed<8, 8, (ap_q_mode)5, (ap_o_mode)3, 0> const*, int, int, ap_uint<4> volatile&)::out_neg' due to pipeline pragma (../src/forward_fw.cpp:122:0)
INFO: [HLS 214-270] Inferring pragma 'array_partition type=complete dim=1' for array 'train_step(ap_fixed<8, 8, (ap_q_mode)5, (ap_o_mode)3, 0> const*, ap_fixed<8, 8, (ap_q_mode)5, (ap_o_mode)3, 0> const*, int, int, ap_uint<4> volatile&)::out_pos' due to pipeline pragma (../src/forward_fw.cpp:122:0)
INFO: [HLS 214-248] Applying array_partition to '_ZZ10train_stepPK8ap_fixedILi8ELi8EL9ap_q_mode5EL9ap_o_mode3ELi0EES4_iiRV7ap_uintILi4EEE7out_pos': Complete partitioning on dimension 1. (../src/forward_fw.cpp:122:0)
INFO: [HLS 214-248] Applying array_partition to '_ZZ10train_stepPK8ap_fixedILi8ELi8EL9ap_q_mode5EL9ap_o_mode3ELi0EES4_iiRV7ap_uintILi4EEE7out_neg': Complete partitioning on dimension 1. (../src/forward_fw.cpp:122:0)
INFO: [HLS 214-248] Applying array_partition to 'W1_7': Complete partitioning on dimension 1.
INFO: [HLS 214-248] Applying array_partition to 'W1_6': Complete partitioning on dimension 1.
INFO: [HLS 214-248] Applying array_partition to 'W1_5': Complete partitioning on dimension 1.
INFO: [HLS 214-248] Applying array_partition to 'W1_4': Complete partitioning on dimension 1.
INFO: [HLS 214-248] Applying array_partition to 'W1_3': Complete partitioning on dimension 1.
INFO: [HLS 214-248] Applying array_partition to 'W1_2': Complete partitioning on dimension 1.
INFO: [HLS 214-248] Applying array_partition to 'W1_1': Complete partitioning on dimension 1.
INFO: [HLS 214-248] Applying array_partition to 'W1_0': Complete partitioning on dimension 1.
INFO: [HLS 200-111] Finished Compiling Optimization and Transform: CPU user time: 0 seconds. CPU system time: 0 seconds. Elapsed time: 12.798 seconds; current allocated memory: 270.316 MB.
INFO: [HLS 200-111] Finished Checking Pragmas: CPU user time: 0 seconds. CPU system time: 0 seconds. Elapsed time: 0.001 seconds; current allocated memory: 270.316 MB.
INFO: [HLS 200-10] Starting code transformations ...
INFO: [HLS 200-111] Finished Standard Transforms: CPU user time: 1 seconds. CPU system time: 0 seconds. Elapsed time: 0.204 seconds; current allocated memory: 274.520 MB.
INFO: [HLS 200-10] Checking synthesizability ...
INFO: [HLS 200-111] Finished Checking Synthesizability: CPU user time: 0 seconds. CPU system time: 0 seconds. Elapsed time: 0.083 seconds; current allocated memory: 276.324 MB.
INFO: [XFORM 203-712] Applying dataflow to function 'train_step' (../src/forward_fw.cpp:105:1), detected/extracted 2 process function(s): 
	 'Block_entry_W1_0_0_rd_W1_0_0_fb_proc'
	 'Block_entry_proc'.
INFO: [XFORM 203-11] Balancing expressions in function 'forwardHidden.2' (../src/forward_fw.cpp:28:20)...20 expression(s) balanced.
INFO: [XFORM 203-11] Balancing expressions in function 'forwardHidden' (../src/forward_fw.cpp:28:20)...20 expression(s) balanced.
INFO: [HLS 200-111] Finished Loop, function and other optimizations: CPU user time: 0 seconds. CPU system time: 0 seconds. Elapsed time: 0.232 seconds; current allocated memory: 298.121 MB.
INFO: [HLS 200-111] Finished Architecture Synthesis: CPU user time: 0 seconds. CPU system time: 0 seconds. Elapsed time: 0.201 seconds; current allocated memory: 335.746 MB.
INFO: [HLS 200-10] Starting hardware synthesis ...
INFO: [HLS 200-10] Synthesizing 'train_step' ...
WARNING: [SYN 201-103] Legalizing function name 'forwardHidden.2' to 'forwardHidden_2'.
INFO: [SYN 201-201] Setting up clock 'default' with a period of 10ns.
INFO: [HLS 200-10] ----------------------------------------------------------------
INFO: [HLS 200-42] -- Implementing module 'forwardHidden' 
INFO: [HLS 200-10] ----------------------------------------------------------------
INFO: [SCHED 204-11] Starting scheduling ...
INFO: [HLS 200-486] Changing DSP latency (root=add_ln56_51) to 3 in order to utilize available DSP registers.
INFO: [HLS 200-486] Changing DSP latency (root=add_ln56_50) to 3 in order to utilize available DSP registers.
INFO: [HLS 200-486] Changing DSP latency (root=add_ln56_48) to 3 in order to utilize available DSP registers.
INFO: [HLS 200-486] Changing DSP latency (root=add_ln56_35) to 3 in order to utilize available DSP registers.
INFO: [HLS 200-486] Changing DSP latency (root=add_ln56_47) to 3 in order to utilize available DSP registers.
INFO: [HLS 200-486] Changing DSP latency (root=add_ln56_46) to 3 in order to utilize available DSP registers.
INFO: [HLS 200-486] Changing DSP latency (root=add_ln56_45) to 3 in order to utilize available DSP registers.
INFO: [HLS 200-486] Changing DSP latency (root=add_ln56_43) to 3 in order to utilize available DSP registers.
INFO: [HLS 200-486] Changing DSP latency (root=add_ln56_28) to 3 in order to utilize available DSP registers.
INFO: [HLS 200-486] Changing DSP latency (root=add_ln56_42) to 3 in order to utilize available DSP registers.
INFO: [HLS 200-486] Changing DSP latency (root=add_ln56_41) to 3 in order to utilize available DSP registers.
INFO: [HLS 200-486] Changing DSP latency (root=add_ln56_40) to 3 in order to utilize available DSP registers.
INFO: [HLS 200-486] Changing DSP latency (root=add_ln56_38) to 3 in order to utilize available DSP registers.
INFO: [HLS 200-486] Changing DSP latency (root=add_ln56_21) to 3 in order to utilize available DSP registers.
INFO: [HLS 200-486] Changing DSP latency (root=add_ln56_37) to 3 in order to utilize available DSP registers.
INFO: [HLS 200-486] Changing DSP latency (root=add_ln56_34) to 3 in order to utilize available DSP registers.
INFO: [HLS 200-486] Changing DSP latency (root=add_ln56_32) to 3 in order to utilize available DSP registers.
INFO: [HLS 200-486] Changing DSP latency (root=add_ln56_30) to 3 in order to utilize available DSP registers.
INFO: [HLS 200-486] Changing DSP latency (root=sum_2) to 3 in order to utilize available DSP registers.
INFO: [HLS 200-486] Changing DSP latency (root=add_ln56) to 3 in order to utilize available DSP registers.
INFO: [SCHED 204-61] Pipelining function 'forwardHidden'.
INFO: [HLS 200-1470] Pipelining result : Target II = 1, Final II = 1, Depth = 6, function 'forwardHidden'
INFO: [SCHED 204-11] Finished scheduling.
INFO: [HLS 200-111] Finished Scheduling: CPU user time: 0 seconds. CPU system time: 1 seconds. Elapsed time: 0.786 seconds; current allocated memory: 341.047 MB.
INFO: [BIND 205-100] Starting micro-architecture generation ...
INFO: [BIND 205-101] Performing variable lifetime analysis.
INFO: [BIND 205-101] Exploring resource sharing.
INFO: [BIND 205-101] Binding ...
INFO: [BIND 205-100] Finished micro-architecture generation.
INFO: [HLS 200-111] Finished Binding: CPU user time: 0 seconds. CPU system time: 0 seconds. Elapsed time: 0.174 seconds; current allocated memory: 342.289 MB.
INFO: [HLS 200-10] ----------------------------------------------------------------
INFO: [HLS 200-42] -- Implementing module 'forwardHidden_2' 
INFO: [HLS 200-10] ----------------------------------------------------------------
INFO: [SCHED 204-11] Starting scheduling ...
INFO: [HLS 200-486] Changing DSP latency (root=add_ln56_26) to 3 in order to utilize available DSP registers.
INFO: [HLS 200-486] Changing DSP latency (root=add_ln56_25) to 3 in order to utilize available DSP registers.
INFO: [HLS 200-486] Changing DSP latency (root=add_ln56_23) to 3 in order to utilize available DSP registers.
INFO: [HLS 200-486] Changing DSP latency (root=add_ln56_15) to 3 in order to utilize available DSP registers.
INFO: [HLS 200-486] Changing DSP latency (root=add_ln56_22) to 3 in order to utilize available DSP registers.
INFO: [HLS 200-486] Changing DSP latency (root=add_ln56_21) to 3 in order to utilize available DSP registers.
INFO: [HLS 200-486] Changing DSP latency (root=add_ln56_20) to 3 in order to utilize available DSP registers.
INFO: [HLS 200-486] Changing DSP latency (root=add_ln56_18) to 3 in order to utilize available DSP registers.
INFO: [HLS 200-486] Changing DSP latency (root=add_ln56_8) to 3 in order to utilize available DSP registers.
INFO: [HLS 200-486] Changing DSP latency (root=add_ln56_17) to 3 in order to utilize available DSP registers.
INFO: [HLS 200-486] Changing DSP latency (root=add_ln56_16) to 3 in order to utilize available DSP registers.
INFO: [HLS 200-486] Changing DSP latency (root=add_ln56_14) to 3 in order to utilize available DSP registers.
INFO: [HLS 200-486] Changing DSP latency (root=add_ln56_11) to 3 in order to utilize available DSP registers.
INFO: [HLS 200-486] Changing DSP latency (root=add_ln56_1) to 3 in order to utilize available DSP registers.
INFO: [HLS 200-486] Changing DSP latency (root=add_ln56_10) to 3 in order to utilize available DSP registers.
INFO: [HLS 200-486] Changing DSP latency (root=add_ln56_7) to 3 in order to utilize available DSP registers.
INFO: [HLS 200-486] Changing DSP latency (root=add_ln56_5) to 3 in order to utilize available DSP registers.
INFO: [HLS 200-486] Changing DSP latency (root=add_ln56_3) to 3 in order to utilize available DSP registers.
INFO: [HLS 200-486] Changing DSP latency (root=sum_1) to 3 in order to utilize available DSP registers.
INFO: [HLS 200-486] Changing DSP latency (root=add_ln56) to 3 in order to utilize available DSP registers.
INFO: [SCHED 204-61] Pipelining function 'forwardHidden.2'.
INFO: [HLS 200-1470] Pipelining result : Target II = 1, Final II = 1, Depth = 6, function 'forwardHidden.2'
INFO: [SCHED 204-11] Finished scheduling.
INFO: [HLS 200-111] Finished Scheduling: CPU user time: 0 seconds. CPU system time: 0 seconds. Elapsed time: 1.363 seconds; current allocated memory: 343.648 MB.
INFO: [BIND 205-100] Starting micro-architecture generation ...
INFO: [BIND 205-101] Performing variable lifetime analysis.
INFO: [BIND 205-101] Exploring resource sharing.
INFO: [BIND 205-101] Binding ...
INFO: [BIND 205-100] Finished micro-architecture generation.
INFO: [HLS 200-111] Finished Binding: CPU user time: 1 seconds. CPU system time: 0 seconds. Elapsed time: 0.174 seconds; current allocated memory: 343.758 MB.
INFO: [HLS 200-10] ----------------------------------------------------------------
INFO: [HLS 200-42] -- Implementing module 'updateHidden' 
INFO: [HLS 200-10] ----------------------------------------------------------------
INFO: [SCHED 204-11] Starting scheduling ...
INFO: [HLS 200-486] Changing DSP latency (root=add_ln95_30) to 3 in order to utilize available DSP registers.
INFO: [HLS 200-486] Changing DSP latency (root=add_ln95_29) to 3 in order to utilize available DSP registers.
INFO: [HLS 200-486] Changing DSP latency (root=add_ln95_28) to 3 in order to utilize available DSP registers.
INFO: [HLS 200-486] Changing DSP latency (root=add_ln95_27) to 3 in order to utilize available DSP registers.
INFO: [HLS 200-486] Changing DSP latency (root=add_ln95_26) to 3 in order to utilize available DSP registers.
INFO: [HLS 200-486] Changing DSP latency (root=add_ln95_25) to 3 in order to utilize available DSP registers.
INFO: [HLS 200-486] Changing DSP latency (root=add_ln95_24) to 3 in order to utilize available DSP registers.
INFO: [HLS 200-486] Changing DSP latency (root=add_ln95_23) to 3 in order to utilize available DSP registers.
INFO: [HLS 200-486] Changing DSP latency (root=add_ln95_22) to 3 in order to utilize available DSP registers.
INFO: [HLS 200-486] Changing DSP latency (root=add_ln95_21) to 3 in order to utilize available DSP registers.
INFO: [HLS 200-486] Changing DSP latency (root=add_ln95_20) to 3 in order to utilize available DSP registers.
INFO: [HLS 200-486] Changing DSP latency (root=add_ln95_19) to 3 in order to utilize available DSP registers.
INFO: [HLS 200-486] Changing DSP latency (root=add_ln95_18) to 3 in order to utilize available DSP registers.
INFO: [HLS 200-486] Changing DSP latency (root=add_ln95_17) to 3 in order to utilize available DSP registers.
INFO: [HLS 200-486] Changing DSP latency (root=add_ln95_16) to 3 in order to utilize available DSP registers.
INFO: [HLS 200-486] Changing DSP latency (root=add_ln95_15) to 3 in order to utilize available DSP registers.
INFO: [HLS 200-486] Changing DSP latency (root=add_ln95_14) to 3 in order to utilize available DSP registers.
INFO: [HLS 200-486] Changing DSP latency (root=add_ln95_13) to 3 in order to utilize available DSP registers.
INFO: [HLS 200-486] Changing DSP latency (root=add_ln95_12) to 3 in order to utilize available DSP registers.
INFO: [HLS 200-486] Changing DSP latency (root=add_ln95_11) to 3 in order to utilize available DSP registers.
INFO: [HLS 200-486] Changing DSP latency (root=add_ln95_10) to 3 in order to utilize available DSP registers.
INFO: [HLS 200-486] Changing DSP latency (root=add_ln95_9) to 3 in order to utilize available DSP registers.
INFO: [HLS 200-486] Changing DSP latency (root=add_ln95_8) to 3 in order to utilize available DSP registers.
INFO: [HLS 200-486] Changing DSP latency (root=add_ln95_7) to 3 in order to utilize available DSP registers.
INFO: [HLS 200-486] Changing DSP latency (root=add_ln95_6) to 3 in order to utilize available DSP registers.
INFO: [HLS 200-486] Changing DSP latency (root=add_ln95_5) to 3 in order to utilize available DSP registers.
INFO: [HLS 200-486] Changing DSP latency (root=add_ln95_4) to 3 in order to utilize available DSP registers.
INFO: [HLS 200-486] Changing DSP latency (root=add_ln95_3) to 3 in order to utilize available DSP registers.
INFO: [HLS 200-486] Changing DSP latency (root=add_ln95_2) to 3 in order to utilize available DSP registers.
INFO: [HLS 200-486] Changing DSP latency (root=add_ln95_1) to 3 in order to utilize available DSP registers.
INFO: [HLS 200-486] Changing DSP latency (root=add_ln95) to 3 in order to utilize available DSP registers.
INFO: [HLS 200-486] Changing DSP latency (root=w_new) to 3 in order to utilize available DSP registers.
INFO: [SCHED 204-61] Pipelining function 'updateHidden'.
INFO: [HLS 200-1470] Pipelining result : Target II = 1, Final II = 1, Depth = 4, function 'updateHidden'
INFO: [SCHED 204-11] Finished scheduling.
INFO: [HLS 200-111] Finished Scheduling: CPU user time: 0 seconds. CPU system time: 0 seconds. Elapsed time: 1.828 seconds; current allocated memory: 345.914 MB.
INFO: [BIND 205-100] Starting micro-architecture generation ...
INFO: [BIND 205-101] Performing variable lifetime analysis.
INFO: [BIND 205-101] Exploring resource sharing.
INFO: [BIND 205-101] Binding ...
INFO: [BIND 205-100] Finished micro-architecture generation.
INFO: [HLS 200-111] Finished Binding: CPU user time: 0 seconds. CPU system time: 0 seconds. Elapsed time: 0.161 seconds; current allocated memory: 346.477 MB.
INFO: [HLS 200-10] ----------------------------------------------------------------
INFO: [HLS 200-42] -- Implementing module 'Block_entry_W1_0_0_rd_W1_0_0_fb_proc' 
INFO: [HLS 200-10] ----------------------------------------------------------------
INFO: [SCHED 204-11] Starting scheduling ...
INFO: [SCHED 204-11] Finished scheduling.
INFO: [HLS 200-111] Finished Scheduling: CPU user time: 0 seconds. CPU system time: 0 seconds. Elapsed time: 0.167 seconds; current allocated memory: 346.672 MB.
INFO: [BIND 205-100] Starting micro-architecture generation ...
INFO: [BIND 205-101] Performing variable lifetime analysis.
INFO: [BIND 205-101] Exploring resource sharing.
INFO: [BIND 205-101] Binding ...
INFO: [BIND 205-100] Finished micro-architecture generation.
INFO: [HLS 200-111] Finished Binding: CPU user time: 0 seconds. CPU system time: 0 seconds. Elapsed time: 0.091 seconds; current allocated memory: 347.594 MB.
INFO: [HLS 200-10] ----------------------------------------------------------------
INFO: [HLS 200-42] -- Implementing module 'Block_entry_proc' 
INFO: [HLS 200-10] ----------------------------------------------------------------
INFO: [SCHED 204-11] Starting scheduling ...
INFO: [SCHED 204-11] Finished scheduling.
INFO: [HLS 200-111] Finished Scheduling: CPU user time: 0 seconds. CPU system time: 0 seconds. Elapsed time: 1.21 seconds; current allocated memory: 347.766 MB.
INFO: [BIND 205-100] Starting micro-architecture generation ...
INFO: [BIND 205-101] Performing variable lifetime analysis.
INFO: [BIND 205-101] Exploring resource sharing.
INFO: [BIND 205-101] Binding ...
INFO: [BIND 205-100] Finished micro-architecture generation.
INFO: [HLS 200-111] Finished Binding: CPU user time: 0 seconds. CPU system time: 0 seconds. Elapsed time: 0.118 seconds; current allocated memory: 347.961 MB.
INFO: [HLS 200-10] ----------------------------------------------------------------
INFO: [HLS 200-42] -- Implementing module 'train_step' 
INFO: [HLS 200-10] ----------------------------------------------------------------
INFO: [SCHED 204-11] Starting scheduling ...
INFO: [SCHED 204-11] Finished scheduling.
INFO: [HLS 200-111] Finished Scheduling: CPU user time: 0 seconds. CPU system time: 0 seconds. Elapsed time: 0.079 seconds; current allocated memory: 348.219 MB.
INFO: [BIND 205-100] Starting micro-architecture generation ...
INFO: [BIND 205-101] Performing variable lifetime analysis.
INFO: [BIND 205-101] Exploring resource sharing.
INFO: [BIND 205-101] Binding ...
INFO: [BIND 205-100] Finished micro-architecture generation.
INFO: [HLS 200-111] Finished Binding: CPU user time: 0 seconds. CPU system time: 0 seconds. Elapsed time: 0.088 seconds; current allocated memory: 348.570 MB.
INFO: [HLS 200-10] ----------------------------------------------------------------
INFO: [HLS 200-10] -- Generating RTL for module 'forwardHidden' 
INFO: [HLS 200-10] ----------------------------------------------------------------
INFO: [HLS 200-1030] Apply Unified Pipeline Control on module 'forwardHidden' pipeline 'forwardHidden' pipeline type 'function pipeline'
INFO: [RTGEN 206-100] Generating core module 'mac_muladd_8s_2s_10s_11_4_1': 12 instance(s).
INFO: [RTGEN 206-100] Generating core module 'mac_muladd_8s_2s_11s_11_4_1': 8 instance(s).
INFO: [RTGEN 206-100] Generating core module 'mul_8s_2s_10_1_1': 12 instance(s).
INFO: [RTGEN 206-100] Finished creating RTL model for 'forwardHidden'.
INFO: [HLS 200-111] Finished Creating RTL model: CPU user time: 0 seconds. CPU system time: 0 seconds. Elapsed time: 0.272 seconds; current allocated memory: 352.258 MB.
INFO: [HLS 200-10] ----------------------------------------------------------------
INFO: [HLS 200-10] -- Generating RTL for module 'forwardHidden_2' 
INFO: [HLS 200-10] ----------------------------------------------------------------
INFO: [HLS 200-1030] Apply Unified Pipeline Control on module 'forwardHidden_2' pipeline 'forwardHidden.2' pipeline type 'function pipeline'
INFO: [RTGEN 206-100] Generating core module 'mac_muladd_8s_2s_10s_11_4_1': 12 instance(s).
INFO: [RTGEN 206-100] Generating core module 'mac_muladd_8s_2s_11s_11_4_1': 8 instance(s).
INFO: [RTGEN 206-100] Generating core module 'mul_8s_2s_10_1_1': 12 instance(s).
INFO: [RTGEN 206-100] Finished creating RTL model for 'forwardHidden_2'.
INFO: [HLS 200-111] Finished Creating RTL model: CPU user time: 1 seconds. CPU system time: 0 seconds. Elapsed time: 0.358 seconds; current allocated memory: 356.949 MB.
INFO: [HLS 200-10] ----------------------------------------------------------------
INFO: [HLS 200-10] -- Generating RTL for module 'updateHidden' 
INFO: [HLS 200-10] ----------------------------------------------------------------
INFO: [HLS 200-1030] Apply Unified Pipeline Control on module 'updateHidden' pipeline 'updateHidden' pipeline type 'function pipeline'
INFO: [RTGEN 206-100] Generating core module 'mac_muladd_8s_3s_2s_10_4_1': 32 instance(s).
INFO: [RTGEN 206-100] Finished creating RTL model for 'updateHidden'.
INFO: [HLS 200-111] Finished Creating RTL model: CPU user time: 0 seconds. CPU system time: 0 seconds. Elapsed time: 0.436 seconds; current allocated memory: 362.402 MB.
INFO: [HLS 200-10] ----------------------------------------------------------------
INFO: [HLS 200-10] -- Generating RTL for module 'Block_entry_W1_0_0_rd_W1_0_0_fb_proc' 
INFO: [HLS 200-10] ----------------------------------------------------------------
WARNING: [RTGEN 206-101] Register 'W1_0_0' is power-on initialization.
WARNING: [RTGEN 206-101] Register 'W1_1_0' is power-on initialization.
WARNING: [RTGEN 206-101] Register 'W1_2_0' is power-on initialization.
WARNING: [RTGEN 206-101] Register 'W1_3_0' is power-on initialization.
WARNING: [RTGEN 206-101] Register 'W1_4_0' is power-on initialization.
WARNING: [RTGEN 206-101] Register 'W1_5_0' is power-on initialization.
WARNING: [RTGEN 206-101] Register 'W1_6_0' is power-on initialization.
WARNING: [RTGEN 206-101] Register 'W1_7_0' is power-on initialization.
WARNING: [RTGEN 206-101] Register 'W1_0_1' is power-on initialization.
WARNING: [RTGEN 206-101] Register 'W1_1_1' is power-on initialization.
WARNING: [RTGEN 206-101] Register 'W1_2_1' is power-on initialization.
WARNING: [RTGEN 206-101] Register 'W1_3_1' is power-on initialization.
WARNING: [RTGEN 206-101] Register 'W1_4_1' is power-on initialization.
WARNING: [RTGEN 206-101] Register 'W1_5_1' is power-on initialization.
WARNING: [RTGEN 206-101] Register 'W1_6_1' is power-on initialization.
WARNING: [RTGEN 206-101] Register 'W1_7_1' is power-on initialization.
WARNING: [RTGEN 206-101] Register 'W1_0_2' is power-on initialization.
WARNING: [RTGEN 206-101] Register 'W1_1_2' is power-on initialization.
WARNING: [RTGEN 206-101] Register 'W1_2_2' is power-on initialization.
WARNING: [RTGEN 206-101] Register 'W1_3_2' is power-on initialization.
WARNING: [RTGEN 206-101] Register 'W1_4_2' is power-on initialization.
WARNING: [RTGEN 206-101] Register 'W1_5_2' is power-on initialization.
WARNING: [RTGEN 206-101] Register 'W1_6_2' is power-on initialization.
WARNING: [RTGEN 206-101] Register 'W1_7_2' is power-on initialization.
WARNING: [RTGEN 206-101] Register 'W1_0_3' is power-on initialization.
WARNING: [RTGEN 206-101] Register 'W1_1_3' is power-on initialization.
WARNING: [RTGEN 206-101] Register 'W1_2_3' is power-on initialization.
WARNING: [RTGEN 206-101] Register 'W1_3_3' is power-on initialization.
WARNING: [RTGEN 206-101] Register 'W1_4_3' is power-on initialization.
WARNING: [RTGEN 206-101] Register 'W1_5_3' is power-on initialization.
WARNING: [RTGEN 206-101] Register 'W1_6_3' is power-on initialization.
WARNING: [RTGEN 206-101] Register 'W1_7_3' is power-on initialization.
WARNING: [RTGEN 206-101] Register 'train_step_ap_fixed_const_ap_fixed_const_int_int_ap_uint_volatile_hidden_pos_3' is power-on initialization.
WARNING: [RTGEN 206-101] Register 'train_step_ap_fixed_const_ap_fixed_const_int_int_ap_uint_volatile_hidden_pos_2' is power-on initialization.
WARNING: [RTGEN 206-101] Register 'train_step_ap_fixed_const_ap_fixed_const_int_int_ap_uint_volatile_hidden_pos_1' is power-on initialization.
WARNING: [RTGEN 206-101] Register 'train_step_ap_fixed_const_ap_fixed_const_int_int_ap_uint_volatile_hidden_pos' is power-on initialization.
WARNING: [RTGEN 206-101] Register 'train_step_ap_fixed_const_ap_fixed_const_int_int_ap_uint_volatile_hidden_neg_3' is power-on initialization.
WARNING: [RTGEN 206-101] Register 'train_step_ap_fixed_const_ap_fixed_const_int_int_ap_uint_volatile_hidden_neg_2' is power-on initialization.
WARNING: [RTGEN 206-101] Register 'train_step_ap_fixed_const_ap_fixed_const_int_int_ap_uint_volatile_hidden_neg_1' is power-on initialization.
WARNING: [RTGEN 206-101] Register 'train_step_ap_fixed_const_ap_fixed_const_int_int_ap_uint_volatile_hidden_neg' is power-on initialization.
INFO: [RTGEN 206-100] Finished creating RTL model for 'Block_entry_W1_0_0_rd_W1_0_0_fb_proc'.
INFO: [HLS 200-111] Finished Creating RTL model: CPU user time: 0 seconds. CPU system time: 0 seconds. Elapsed time: 1.153 seconds; current allocated memory: 367.660 MB.
INFO: [HLS 200-10] ----------------------------------------------------------------
INFO: [HLS 200-10] -- Generating RTL for module 'Block_entry_proc' 
INFO: [HLS 200-10] ----------------------------------------------------------------
INFO: [RTGEN 206-100] Generating core module 'mul_32ns_34ns_42_2_1': 1 instance(s).
INFO: [RTGEN 206-100] Finished creating RTL model for 'Block_entry_proc'.
INFO: [HLS 200-111] Finished Creating RTL model: CPU user time: 0 seconds. CPU system time: 0 seconds. Elapsed time: 0.869 seconds; current allocated memory: 369.031 MB.
INFO: [HLS 200-10] ----------------------------------------------------------------
INFO: [HLS 200-10] -- Generating RTL for module 'train_step' 
INFO: [HLS 200-10] ----------------------------------------------------------------
WARNING: [RTGEN 206-101] Design contains AXI ports. Reset is fixed to synchronous and active low.
INFO: [RTGEN 206-500] Setting interface mode on port 'train_step/img_pos_0' to 's_axilite & ap_none'.
INFO: [RTGEN 206-500] Setting interface mode on port 'train_step/img_pos_1' to 's_axilite & ap_none'.
INFO: [RTGEN 206-500] Setting interface mode on port 'train_step/img_pos_2' to 's_axilite & ap_none'.
INFO: [RTGEN 206-500] Setting interface mode on port 'train_step/img_pos_3' to 's_axilite & ap_none'.
INFO: [RTGEN 206-500] Setting interface mode on port 'train_step/img_pos_4' to 's_axilite & ap_none'.
INFO: [RTGEN 206-500] Setting interface mode on port 'train_step/img_pos_5' to 's_axilite & ap_none'.
INFO: [RTGEN 206-500] Setting interface mode on port 'train_step/img_pos_6' to 's_axilite & ap_none'.
INFO: [RTGEN 206-500] Setting interface mode on port 'train_step/img_pos_7' to 's_axilite & ap_none'.
INFO: [RTGEN 206-500] Setting interface mode on port 'train_step/img_neg_0' to 's_axilite & ap_none'.
INFO: [RTGEN 206-500] Setting interface mode on port 'train_step/img_neg_1' to 's_axilite & ap_none'.
INFO: [RTGEN 206-500] Setting interface mode on port 'train_step/img_neg_2' to 's_axilite & ap_none'.
INFO: [RTGEN 206-500] Setting interface mode on port 'train_step/img_neg_3' to 's_axilite & ap_none'.
INFO: [RTGEN 206-500] Setting interface mode on port 'train_step/img_neg_4' to 's_axilite & ap_none'.
INFO: [RTGEN 206-500] Setting interface mode on port 'train_step/img_neg_5' to 's_axilite & ap_none'.
INFO: [RTGEN 206-500] Setting interface mode on port 'train_step/img_neg_6' to 's_axilite & ap_none'.
INFO: [RTGEN 206-500] Setting interface mode on port 'train_step/img_neg_7' to 's_axilite & ap_none'.
INFO: [RTGEN 206-500] Setting interface mode on port 'train_step/last_sample' to 's_axilite & ap_none'.
INFO: [RTGEN 206-500] Setting interface mode on port 'train_step/sample_idx' to 's_axilite & ap_none'.
INFO: [RTGEN 206-500] Setting interface mode on port 'train_step/leds_port' to 'ap_none'.
WARNING: [RTGEN 206-101] Port 'leds_port' with mode 'ap_none' may require an associated data valid signal to correctly communicate with other blocks or a test bench; automatic C/RTL co-simulation may not be able to verify such a port.
INFO: [RTGEN 206-500] Setting interface mode on function 'train_step' to 's_axilite & ap_ctrl_hs'.
INFO: [RTGEN 206-100] Bundling port 'img_pos_0', 'img_pos_1', 'img_pos_2', 'img_pos_3', 'img_pos_4', 'img_pos_5', 'img_pos_6', 'img_pos_7', 'img_neg_0', 'img_neg_1', 'img_neg_2', 'img_neg_3', 'img_neg_4', 'img_neg_5', 'img_neg_6', 'img_neg_7', 'last_sample', 'sample_idx' to AXI-Lite port CTRL.
INFO: [RTGEN 206-100] Finished creating RTL model for 'train_step'.
INFO: [HLS 200-111] Finished Creating RTL model: CPU user time: 1 seconds. CPU system time: 0 seconds. Elapsed time: 0.606 seconds; current allocated memory: 369.758 MB.
INFO: [HLS 200-111] Finished Generating all RTL models: CPU user time: 0 seconds. CPU system time: 0 seconds. Elapsed time: 0.707 seconds; current allocated memory: 372.633 MB.
INFO: [HLS 200-111] Finished Updating report files: CPU user time: 1 seconds. CPU system time: 1 seconds. Elapsed time: 2.052 seconds; current allocated memory: 380.977 MB.
INFO: [VHDL 208-304] Generating VHDL RTL for train_step.
INFO: [VLOG 209-307] Generating Verilog RTL for train_step.
INFO: [HLS 200-789] **** Estimated Fmax: 145.77 MHz
INFO: [HLS 200-112] Total CPU user time: 8 seconds. Total CPU system time: 3 seconds. Total elapsed time: 38.528 seconds; peak allocated memory: 381.965 MB.
INFO: [v++ 60-791] Total elapsed time: 0h 0m 43s
