  **** HLS Build v2024.2 5238294
INFO: [HLS 200-2005] Using work_dir D:/Proyectos/tfg_hardware_accelerator/hls_tfg_bnn/train_step 
INFO: [HLS 200-1611] Setting target device to 'xc7a100t-csg324-1'
INFO: [HLS 200-1505] Using default flow_target 'vivado'
Resolution: For help on HLS 200-1505 see docs.xilinx.com/access/sources/dita/topic?Doc_Version=2024.2%20English&url=ug1448-hls-guidance&resourceid=200-1505.html
INFO: [HLS 200-1465] Applying ini 'syn.file=D:/Proyectos/tfg_hardware_accelerator/src/forward_fw.cpp' from D:/Proyectos/tfg_hardware_accelerator/hls_tfg_bnn/hls_config.cfg(11)
INFO: [HLS 200-10] Adding design file 'D:/Proyectos/tfg_hardware_accelerator/src/forward_fw.cpp' to the project
INFO: [HLS 200-1465] Applying ini 'syn.file=D:/Proyectos/tfg_hardware_accelerator/src/forward_fw.hpp' from D:/Proyectos/tfg_hardware_accelerator/hls_tfg_bnn/hls_config.cfg(12)
INFO: [HLS 200-10] Adding design file 'D:/Proyectos/tfg_hardware_accelerator/src/forward_fw.hpp' to the project
INFO: [HLS 200-1465] Applying ini 'tb.file=D:/Proyectos/tfg_hardware_accelerator/tb/train_tb.cpp' from D:/Proyectos/tfg_hardware_accelerator/hls_tfg_bnn/hls_config.cfg(8)
INFO: [HLS 200-10] Adding test bench file 'D:/Proyectos/tfg_hardware_accelerator/tb/train_tb.cpp' to the project
INFO: [HLS 200-1465] Applying ini 'tb.file=D:/Proyectos/tfg_hardware_accelerator/data/mnist_test_data.hpp' from D:/Proyectos/tfg_hardware_accelerator/hls_tfg_bnn/hls_config.cfg(9)
INFO: [HLS 200-10] Adding test bench file 'D:/Proyectos/tfg_hardware_accelerator/data/mnist_test_data.hpp' to the project
INFO: [HLS 200-1465] Applying ini 'tb.file=D:/Proyectos/tfg_hardware_accelerator/data/mnist_train_data.hpp' from D:/Proyectos/tfg_hardware_accelerator/hls_tfg_bnn/hls_config.cfg(10)
INFO: [HLS 200-10] Adding test bench file 'D:/Proyectos/tfg_hardware_accelerator/data/mnist_train_data.hpp' to the project
INFO: [HLS 200-1465] Applying ini 'syn.top=train_step' from D:/Proyectos/tfg_hardware_accelerator/hls_tfg_bnn/hls_config.cfg(7)
INFO: [HLS 200-1465] Applying ini 'flow_target=vivado' from D:/Proyectos/tfg_hardware_accelerator/hls_tfg_bnn/hls_config.cfg(4)
INFO: [HLS 200-1505] Using flow_target 'vivado'
Resolution: For help on HLS 200-1505 see docs.xilinx.com/access/sources/dita/topic?Doc_Version=2024.2%20English&url=ug1448-hls-guidance&resourceid=200-1505.html
INFO: [HLS 200-1465] Applying ini 'part=xc7a100tcsg324-1' from D:/Proyectos/tfg_hardware_accelerator/hls_tfg_bnn/hls_config.cfg(1)
INFO: [HLS 200-1465] Applying ini 'package.output.format=ip_catalog' from D:/Proyectos/tfg_hardware_accelerator/hls_tfg_bnn/hls_config.cfg(5)
INFO: [COSIM 212-47] Using XSIM for RTL simulation.
INFO: [COSIM 212-14] Instrumenting C test bench ...
   Build using "C:/Xilinx/Vitis/2024.2/vcxx/libexec/clang++"
   Compiling apatb_train_step.cpp
   Compiling train_tb.cpp_pre.cpp.tb.cpp
   Compiling forward_fw.cpp_pre.cpp.tb.cpp
   Compiling apatb_train_step_ir.ll
   Generating cosim.tv.exe
INFO: [COSIM 212-302] Starting C TB testing ... 

== Epoca 1 ==
ERROR: System received a signal named SIGSEGV and the program has to stop immediately!
This signal was generated when a program tries to read or write outside the memory that is allocated for it, or to write memory that can only be read.
Possible cause of this problem may be:
  1) Missing depth information for one or more pointers to arrays in the interface;
  2) Insufficient depth setting for array argument(s);
  3) Excessive depth setting for array argument(s), that exceeds the maximum virtual memory size for the process;
  4) Null pointer etc.
Current execution stopped during CodeState = CALL_C_DUT.
You can search CodeState variable name in apatb*.cpp file under ./sim/wrapc dir to locate the position.

ERROR: [COSIM 212-360] Aborting co-simulation: C TB simulation failed.
ERROR: [COSIM 212-320] C TB testing failed, stop generating test vectors. Please check C TB or re-run cosim.
ERROR: [COSIM 212-5] *** C/RTL co-simulation file generation failed. ***
ERROR: [COSIM 212-4] *** C/RTL co-simulation finished: FAIL ***
ERROR: 
INFO: [HLS 200-112] Total CPU user time: 7 seconds. Total CPU system time: 2 seconds. Total elapsed time: 35.418 seconds; peak allocated memory: 334.695 MB.
