  **** HLS Build v2024.2 5238294
INFO: [HLS 200-2005] Using work_dir D:/Proyectos/tfg_hardware_accelerator/hls_tfg_bnn/train_step 
INFO: [HLS 200-1611] Setting target device to 'xc7a100t-csg324-1'
INFO: [HLS 200-1505] Using default flow_target 'vivado'
Resolution: For help on HLS 200-1505 see docs.xilinx.com/access/sources/dita/topic?Doc_Version=2024.2%20English&url=ug1448-hls-guidance&resourceid=200-1505.html
INFO: [HLS 200-1465] Applying ini 'syn.file=D:/Proyectos/tfg_hardware_accelerator/src/forward_fw.cpp' from D:/Proyectos/tfg_hardware_accelerator/hls_tfg_bnn/hls_config.cfg(11)
INFO: [HLS 200-10] Adding design file 'D:/Proyectos/tfg_hardware_accelerator/src/forward_fw.cpp' to the project
INFO: [HLS 200-1465] Applying ini 'syn.file=D:/Proyectos/tfg_hardware_accelerator/src/forward_fw.hpp' from D:/Proyectos/tfg_hardware_accelerator/hls_tfg_bnn/hls_config.cfg(12)
INFO: [HLS 200-10] Adding design file 'D:/Proyectos/tfg_hardware_accelerator/src/forward_fw.hpp' to the project
INFO: [HLS 200-1465] Applying ini 'tb.file=D:/Proyectos/tfg_hardware_accelerator/tb/train_tb.cpp' from D:/Proyectos/tfg_hardware_accelerator/hls_tfg_bnn/hls_config.cfg(8)
INFO: [HLS 200-10] Adding test bench file 'D:/Proyectos/tfg_hardware_accelerator/tb/train_tb.cpp' to the project
INFO: [HLS 200-1465] Applying ini 'tb.file=D:/Proyectos/tfg_hardware_accelerator/data/mnist_test_data.hpp' from D:/Proyectos/tfg_hardware_accelerator/hls_tfg_bnn/hls_config.cfg(9)
INFO: [HLS 200-10] Adding test bench file 'D:/Proyectos/tfg_hardware_accelerator/data/mnist_test_data.hpp' to the project
INFO: [HLS 200-1465] Applying ini 'tb.file=D:/Proyectos/tfg_hardware_accelerator/data/mnist_train_data.hpp' from D:/Proyectos/tfg_hardware_accelerator/hls_tfg_bnn/hls_config.cfg(10)
INFO: [HLS 200-10] Adding test bench file 'D:/Proyectos/tfg_hardware_accelerator/data/mnist_train_data.hpp' to the project
INFO: [HLS 200-1465] Applying ini 'syn.top=train_step' from D:/Proyectos/tfg_hardware_accelerator/hls_tfg_bnn/hls_config.cfg(7)
INFO: [HLS 200-1465] Applying ini 'flow_target=vivado' from D:/Proyectos/tfg_hardware_accelerator/hls_tfg_bnn/hls_config.cfg(4)
INFO: [HLS 200-1505] Using flow_target 'vivado'
Resolution: For help on HLS 200-1505 see docs.xilinx.com/access/sources/dita/topic?Doc_Version=2024.2%20English&url=ug1448-hls-guidance&resourceid=200-1505.html
INFO: [HLS 200-1465] Applying ini 'part=xc7a100tcsg324-1' from D:/Proyectos/tfg_hardware_accelerator/hls_tfg_bnn/hls_config.cfg(1)
INFO: [HLS 200-1465] Applying ini 'package.output.format=ip_catalog' from D:/Proyectos/tfg_hardware_accelerator/hls_tfg_bnn/hls_config.cfg(5)
INFO: [COSIM 212-47] Using XSIM for RTL simulation.
INFO: [COSIM 212-14] Instrumenting C test bench ...
   Build using "C:/Xilinx/Vitis/2024.2/vcxx/libexec/clang++"
   Compiling apatb_train_step.cpp
   Compiling train_tb.cpp_pre.cpp.tb.cpp
   Compiling forward_fw.cpp_pre.cpp.tb.cpp
   Compiling apatb_train_step_ir.ll
   Generating cosim.tv.exe
INFO: [COSIM 212-302] Starting C TB testing ... 
== Epoca 1 ==

Pesos finales tras la epoca:
 W1[0]: 1 1 1 1 1 1 1 1 1 1 1 1 1 1 1 1 1 1 1 1 -1 -1 1 1 1 1 1 -1 -1 -1 1 1 1 1 1 1 -1 1 1 1 1 1 1 1 1 1 1 1 1 1 1 1 1 1 1 1 1 1 1 1 1 1 1 1
 W1[1]: 1 1 1 1 1 1 1 1 1 1 1 1 1 1 1 1 1 1 1 1 -1 -1 1 1 1 1 1 -1 -1 -1 1 1 1 1 1 1 -1 1 1 1 1 1 1 1 1 1 1 1 1 1 1 1 1 1 1 1 1 1 1 1 1 1 1 1
 W1[2]: 1 1 1 1 1 1 1 1 1 1 1 1 1 1 1 1 1 1 1 1 -1 -1 1 1 1 1 1 -1 -1 -1 1 1 1 1 1 1 -1 1 1 1 1 1 1 1 1 1 1 1 1 1 1 1 1 1 1 1 1 1 1 1 1 1 1 1
 W1[3]: 1 1 1 1 1 1 1 1 1 1 1 1 1 1 1 1 1 1 1 1 -1 -1 1 1 1 1 1 -1 -1 -1 1 1 1 1 1 1 -1 1 1 1 1 1 1 1 1 1 1 1 1 1 1 1 1 1 1 1 1 1 1 1 1 1 1 1
 W1[4]: 1 1 1 1 1 1 1 1 1 1 1 1 1 1 1 1 1 1 1 1 -1 -1 1 1 1 1 1 -1 -1 -1 1 1 1 1 1 1 -1 1 1 1 1 1 1 1 1 1 1 1 1 1 1 1 1 1 1 1 1 1 1 1 1 1 1 1
 W1[5]: 1 1 1 1 1 1 1 1 1 1 1 1 1 1 1 1 1 1 1 1 -1 -1 1 1 1 1 1 -1 -1 -1 1 1 1 1 1 1 -1 1 1 1 1 1 1 1 1 1 1 1 1 1 1 1 1 1 1 1 1 1 1 1 1 1 1 1
 W1[6]: 1 1 1 1 1 1 1 1 1 1 1 1 1 1 1 1 1 1 1 1 -1 -1 1 1 1 1 1 -1 -1 -1 1 1 1 1 1 1 -1 1 1 1 1 1 1 1 1 1 1 1 1 1 1 1 1 1 1 1 1 1 1 1 1 1 1 1
 W1[7]: 1 1 1 1 1 1 1 1 1 1 1 1 1 1 1 1 1 1 1 1 -1 -1 1 1 1 1 1 -1 -1 -1 1 1 1 1 1 1 -1 1 1 1 1 1 1 1 1 1 1 1 1 1 1 1 1 1 1 1 1 1 1 1 1 1 1 1
 W1[8]: 1 1 1 1 1 1 1 1 1 1 1 1 1 1 1 1 1 1 1 1 -1 -1 1 1 1 1 1 -1 -1 -1 1 1 1 1 1 1 -1 1 1 1 1 1 1 1 1 1 1 1 1 1 1 1 1 1 1 1 1 1 1 1 1 1 1 1
 W1[9]: 1 1 1 1 1 1 1 1 1 1 1 1 1 1 1 1 1 1 1 1 -1 -1 1 1 1 1 1 -1 -1 -1 1 1 1 1 1 1 -1 1 1 1 1 1 1 1 1 1 1 1 1 1 1 1 1 1 1 1 1 1 1 1 1 1 1 1
 W1[10]: 1 1 1 1 1 1 1 1 1 1 1 1 1 1 1 1 1 1 1 1 -1 1 1 1 1 1 1 -1 -1 1 1 1 1 1 1 1 -1 1 1 1 1 1 1 1 1 1 1 1 1 1 1 -1 1 1 1 1 1 1 1 1 1 1 1 1
 W1[11]: 1 1 1 1 1 1 1 1 1 1 1 1 1 1 1 1 1 1 1 1 1 1 1 1 1 1 1 1 1 1 1 1 1 1 1 1 1 1 1 1 1 1 1 1 1 1 1 1 1 1 1 1 1 1 1 1 1 1 1 1 1 1 1 1
 W1[12]: 1 1 1 1 1 1 1 1 1 1 1 1 1 1 1 1 1 1 1 1 1 1 1 1 1 1 1 1 1 1 1 1 1 1 1 1 1 1 1 1 1 1 1 1 1 1 1 1 1 1 1 1 1 1 1 1 1 1 1 1 1 1 1 1
 W1[13]: 1 1 1 1 1 1 1 1 1 1 1 1 1 1 1 1 1 1 1 1 1 1 1 1 1 1 1 1 1 1 1 1 1 1 1 1 1 1 1 1 1 1 1 1 1 1 1 1 1 1 1 1 1 1 1 1 1 1 1 1 1 1 1 1
 W1[14]: 1 1 1 1 1 1 1 1 1 1 1 1 1 1 1 1 1 1 1 1 1 1 1 1 1 1 1 1 1 1 1 1 1 1 1 1 1 1 1 1 1 1 1 1 1 1 1 1 1 1 1 1 1 1 1 1 1 1 1 1 1 1 1 1
 W1[15]: 1 1 1 1 1 1 1 1 1 1 1 1 1 1 1 1 1 1 1 1 1 1 1 1 1 1 1 1 1 1 1 1 1 1 1 1 1 1 1 1 1 1 1 1 1 1 1 1 1 1 1 1 1 1 1 1 1 1 1 1 1 1 1 1
 W1[16]: -1 -1 -1 -1 -1 -1 -1 -1 -1 -1 -1 -1 -1 -1 -1 -1 -1 -1 -1 -1 1 1 -1 -1 -1 -1 -1 1 1 1 -1 -1 -1 -1 -1 -1 1 -1 -1 -1 -1 -1 -1 -1 -1 -1 -1 -1 -1 -1 -1 -1 -1 -1 -1 -1 -1 -1 -1 -1 -1 -1 -1 -1
 W1[17]: -1 -1 -1 -1 -1 -1 -1 -1 -1 -1 -1 -1 -1 -1 -1 -1 -1 -1 -1 -1 1 1 -1 -1 -1 -1 -1 1 1 1 -1 -1 -1 -1 -1 -1 1 -1 -1 -1 -1 -1 -1 -1 -1 -1 -1 -1 -1 -1 -1 -1 -1 -1 -1 -1 -1 -1 -1 -1 -1 -1 -1 -1
 W1[18]: -1 -1 -1 -1 -1 -1 -1 -1 -1 -1 -1 -1 -1 -1 -1 -1 -1 -1 -1 -1 1 1 -1 -1 -1 -1 -1 1 1 1 -1 -1 -1 -1 -1 -1 1 -1 -1 -1 -1 -1 -1 -1 -1 -1 -1 -1 -1 -1 -1 -1 -1 -1 -1 -1 -1 -1 -1 -1 -1 -1 -1 -1
 W1[19]: -1 -1 -1 -1 -1 -1 -1 -1 -1 -1 -1 -1 -1 -1 -1 -1 -1 -1 -1 -1 1 1 -1 -1 -1 -1 -1 1 1 1 -1 -1 -1 -1 -1 -1 1 -1 -1 -1 -1 -1 -1 -1 -1 -1 -1 -1 -1 -1 -1 -1 -1 -1 -1 -1 -1 -1 -1 -1 -1 -1 -1 -1
 W1[20]: -1 -1 -1 -1 -1 -1 -1 -1 -1 -1 -1 -1 -1 -1 -1 -1 -1 -1 -1 -1 1 1 -1 -1 -1 -1 -1 1 1 1 -1 -1 -1 -1 -1 -1 1 -1 -1 -1 -1 -1 -1 -1 -1 -1 -1 -1 -1 -1 -1 -1 -1 -1 -1 -1 -1 -1 -1 -1 -1 -1 -1 -1
 W1[21]: -1 -1 -1 -1 -1 -1 -1 -1 -1 -1 -1 -1 -1 -1 -1 -1 -1 -1 -1 -1 1 1 -1 -1 -1 -1 -1 1 1 1 -1 -1 -1 -1 -1 -1 1 -1 -1 -1 -1 -1 -1 -1 -1 -1 -1 -1 -1 -1 -1 -1 -1 -1 -1 -1 -1 -1 -1 -1 -1 -1 -1 -1
 W1[22]: -1 -1 -1 -1 -1 -1 -1 -1 -1 -1 -1 -1 -1 -1 -1 -1 -1 -1 -1 -1 1 1 -1 -1 -1 -1 -1 1 1 1 -1 -1 -1 -1 -1 -1 1 -1 -1 -1 -1 -1 -1 -1 -1 -1 -1 -1 -1 -1 -1 -1 -1 -1 -1 -1 -1 -1 -1 -1 -1 -1 -1 -1
 W1[23]: -1 -1 -1 -1 -1 -1 -1 -1 -1 -1 -1 -1 -1 -1 -1 -1 -1 -1 -1 -1 1 1 -1 -1 -1 -1 -1 1 1 1 -1 -1 -1 -1 -1 -1 1 -1 -1 -1 -1 -1 -1 -1 -1 -1 -1 -1 -1 -1 -1 -1 -1 -1 -1 -1 -1 -1 -1 -1 -1 -1 -1 -1
 W1[24]: -1 -1 -1 -1 -1 -1 -1 -1 -1 -1 -1 -1 -1 -1 -1 -1 -1 -1 -1 -1 1 1 -1 -1 -1 -1 -1 1 1 1 -1 -1 -1 -1 -1 -1 1 -1 -1 -1 -1 -1 -1 -1 -1 -1 -1 -1 -1 -1 -1 -1 -1 -1 -1 -1 -1 -1 -1 -1 -1 -1 -1 -1
 W1[25]: -1 -1 -1 -1 -1 -1 -1 -1 -1 -1 -1 -1 -1 -1 -1 -1 -1 -1 -1 -1 1 1 -1 -1 -1 -1 -1 1 1 1 -1 -1 -1 -1 -1 -1 1 -1 -1 -1 -1 -1 -1 -1 -1 -1 -1 -1 -1 -1 -1 -1 -1 -1 -1 -1 -1 -1 -1 -1 -1 -1 -1 -1
 W1[26]: 1 1 1 1 1 1 1 1 1 1 1 1 1 1 1 1 1 1 1 1 -1 1 1 1 1 1 1 -1 -1 1 1 1 1 1 1 1 -1 1 1 1 1 1 1 1 1 1 1 1 1 1 1 -1 1 1 1 1 1 1 1 1 1 1 1 1
 W1[27]: 1 1 1 1 1 1 1 1 1 1 1 1 1 1 1 1 1 1 1 1 -1 1 1 1 1 1 1 -1 -1 1 1 1 1 1 1 1 -1 1 1 1 1 1 1 1 1 1 1 1 1 1 1 -1 1 1 1 1 1 1 1 1 1 1 1 1
 W1[28]: 1 1 1 1 1 1 1 1 1 1 1 1 1 1 1 1 1 1 1 1 -1 1 1 1 1 1 1 -1 -1 1 1 1 1 1 1 1 -1 1 1 1 1 1 1 1 1 1 1 1 1 1 1 -1 1 1 1 1 1 1 1 1 1 1 1 1
 W1[29]: 1 1 1 1 1 1 1 1 1 1 1 1 1 1 1 1 1 1 1 1 1 1 1 1 1 1 1 1 1 1 1 1 1 1 1 1 1 1 1 1 1 1 1 1 1 1 1 1 1 1 1 1 1 1 1 1 1 1 1 1 1 1 1 1
 W1[30]: 1 1 1 1 1 1 1 1 1 1 1 1 1 1 1 1 1 1 1 1 1 1 1 1 1 1 1 1 1 1 1 1 1 1 1 1 1 1 1 1 1 1 1 1 1 1 1 1 1 1 1 1 1 1 1 1 1 1 1 1 1 1 1 1
 W1[31]: 1 1 1 1 1 1 1 1 1 1 1 1 1 1 1 1 1 1 1 1 1 1 1 1 1 1 1 1 1 1 1 1 1 1 1 1 1 1 1 1 1 1 1 1 1 1 1 1 1 1 1 1 1 1 1 1 1 1 1 1 1 1 1 1
 W2[0]: 1 1 1 1 1 1 1 1 1 1 1 1 1 1 1 1 -1 -1 -1 -1 -1 -1 -1 -1 -1 -1 1 1 1 1 1 1
 W2[1]: 1 1 1 1 1 1 1 1 1 1 1 1 1 1 1 1 -1 -1 -1 -1 -1 -1 -1 -1 -1 -1 1 1 1 1 1 1
 W2[2]: 1 1 1 1 1 1 1 1 1 1 1 1 1 1 1 1 -1 -1 -1 -1 -1 -1 -1 -1 -1 -1 1 1 1 1 1 1
 W2[3]: 1 1 1 1 1 1 1 1 1 1 1 1 1 1 1 1 -1 -1 -1 -1 -1 -1 -1 -1 -1 -1 1 1 1 1 1 1
 W2[4]: 1 1 1 1 1 1 1 1 1 1 1 1 1 1 1 1 -1 -1 -1 -1 -1 -1 -1 -1 -1 -1 1 1 1 1 1 1
 W2[5]: 1 1 1 1 1 1 1 1 1 1 1 1 1 1 1 1 -1 -1 -1 -1 -1 -1 -1 -1 -1 -1 1 1 1 1 1 1
 W2[6]: 1 1 1 1 1 1 1 1 1 1 1 1 1 1 1 1 -1 -1 -1 -1 -1 -1 -1 -1 -1 -1 1 1 1 1 1 1
 W2[7]: 1 1 1 1 1 1 1 1 1 1 1 1 1 1 1 1 -1 -1 -1 -1 -1 -1 -1 -1 -1 -1 1 1 1 1 1 1
 W2[8]: 1 1 1 1 1 1 1 1 1 1 1 1 1 1 1 1 -1 -1 -1 -1 -1 -1 -1 -1 -1 -1 1 1 1 1 1 1
 W2[9]: 1 1 1 1 1 1 1 1 1 1 1 1 1 1 1 1 -1 -1 -1 -1 -1 -1 -1 -1 -1 -1 1 1 1 1 1 1
Simulacion finalizada OK. Pesos actualizados correctamente.
INFO: [COSIM 212-333] Generating C post check test bench ...
INFO: [COSIM 212-12] Generating RTL test bench ...
INFO: [COSIM 212-1] *** C/RTL co-simulation file generation completed. ***
INFO: [COSIM 212-323] Starting verilog simulation. 
INFO: [COSIM 212-15] Starting XSIM ...

D:\Proyectos\tfg_hardware_accelerator\hls_tfg_bnn\train_step\hls\sim\verilog>set PATH= 

D:\Proyectos\tfg_hardware_accelerator\hls_tfg_bnn\train_step\hls\sim\verilog>call C:/Xilinx/Vivado/2024.2/bin/xelab xil_defaultlib.apatb_train_step_top glbl -Oenable_linking_all_libraries  -prj train_step.prj -L smartconnect_v1_0 -L axi_protocol_checker_v1_1_12 -L axi_protocol_checker_v1_1_13 -L axis_protocol_checker_v1_1_11 -L axis_protocol_checker_v1_1_12 -L xil_defaultlib -L unisims_ver -L xpm  -L floating_point_v7_0_24 -L floating_point_v7_1_19 --lib "ieee_proposed=./ieee_proposed" -s train_step  
Vivado Simulator v2024.2.0
Copyright 1986-2022 Xilinx, Inc. All Rights Reserved.
Copyright 2022-2024 Advanced Micro Devices, Inc. All Rights Reserved.
Running: C:/Xilinx/Vivado/2024.2/bin/unwrapped/win64.o/xelab.exe xil_defaultlib.apatb_train_step_top glbl -Oenable_linking_all_libraries -prj train_step.prj -L smartconnect_v1_0 -L axi_protocol_checker_v1_1_12 -L axi_protocol_checker_v1_1_13 -L axis_protocol_checker_v1_1_11 -L axis_protocol_checker_v1_1_12 -L xil_defaultlib -L unisims_ver -L xpm -L floating_point_v7_0_24 -L floating_point_v7_1_19 --lib ieee_proposed=./ieee_proposed -s train_step 
Multi-threading is on. Using 10 slave threads.
INFO: [VRFC 10-2263] Analyzing SystemVerilog file "D:/Proyectos/tfg_hardware_accelerator/hls_tfg_bnn/train_step/hls/sim/verilog/glbl.v" into library work
INFO: [VRFC 10-311] analyzing module glbl
INFO: [VRFC 10-2263] Analyzing SystemVerilog file "D:/Proyectos/tfg_hardware_accelerator/hls_tfg_bnn/train_step/hls/sim/verilog/AESL_axi_slave_CTRL.v" into library xil_defaultlib
INFO: [VRFC 10-311] analyzing module AESL_axi_slave_CTRL
INFO: [VRFC 10-2263] Analyzing SystemVerilog file "D:/Proyectos/tfg_hardware_accelerator/hls_tfg_bnn/train_step/hls/sim/verilog/train_step.autotb.v" into library xil_defaultlib
INFO: [VRFC 10-311] analyzing module apatb_train_step_top
INFO: [VRFC 10-2263] Analyzing SystemVerilog file "D:/Proyectos/tfg_hardware_accelerator/hls_tfg_bnn/train_step/hls/sim/verilog/train_step.v" into library xil_defaultlib
INFO: [VRFC 10-311] analyzing module train_step
INFO: [VRFC 10-2263] Analyzing SystemVerilog file "D:/Proyectos/tfg_hardware_accelerator/hls_tfg_bnn/train_step/hls/sim/verilog/train_step_CTRL_s_axi.v" into library xil_defaultlib
INFO: [VRFC 10-311] analyzing module train_step_CTRL_s_axi
INFO: [VRFC 10-311] analyzing module train_step_CTRL_s_axi_ram
INFO: [VRFC 10-2263] Analyzing SystemVerilog file "D:/Proyectos/tfg_hardware_accelerator/hls_tfg_bnn/train_step/hls/sim/verilog/train_step_flow_control_loop_pipe_sequential_init.v" into library xil_defaultlib
INFO: [VRFC 10-311] analyzing module train_step_flow_control_loop_pipe_sequential_init
INFO: [VRFC 10-2263] Analyzing SystemVerilog file "D:/Proyectos/tfg_hardware_accelerator/hls_tfg_bnn/train_step/hls/sim/verilog/train_step_mac_muladd_8s_2s_10s_10_4_1.v" into library xil_defaultlib
INFO: [VRFC 10-311] analyzing module train_step_mac_muladd_8s_2s_10s_10_4_1_DSP48_0
INFO: [VRFC 10-311] analyzing module train_step_mac_muladd_8s_2s_10s_10_4_1
INFO: [VRFC 10-2263] Analyzing SystemVerilog file "D:/Proyectos/tfg_hardware_accelerator/hls_tfg_bnn/train_step/hls/sim/verilog/train_step_mac_muladd_8s_3s_2s_10_4_1.v" into library xil_defaultlib
INFO: [VRFC 10-311] analyzing module train_step_mac_muladd_8s_3s_2s_10_4_1_DSP48_0
INFO: [VRFC 10-311] analyzing module train_step_mac_muladd_8s_3s_2s_10_4_1
INFO: [VRFC 10-2263] Analyzing SystemVerilog file "D:/Proyectos/tfg_hardware_accelerator/hls_tfg_bnn/train_step/hls/sim/verilog/train_step_mul_2s_8s_10_1_1.v" into library xil_defaultlib
INFO: [VRFC 10-311] analyzing module train_step_mul_2s_8s_10_1_1
INFO: [VRFC 10-2263] Analyzing SystemVerilog file "D:/Proyectos/tfg_hardware_accelerator/hls_tfg_bnn/train_step/hls/sim/verilog/train_step_out_pos_RAM_AUTO_1R1W.v" into library xil_defaultlib
INFO: [VRFC 10-311] analyzing module train_step_out_pos_RAM_AUTO_1R1W
INFO: [VRFC 10-2263] Analyzing SystemVerilog file "D:/Proyectos/tfg_hardware_accelerator/hls_tfg_bnn/train_step/hls/sim/verilog/train_step_train_step_Pipeline_VITIS_LOOP_118_1.v" into library xil_defaultlib
INFO: [VRFC 10-311] analyzing module train_step_train_step_Pipeline_VITIS_LOOP_118_1
INFO: [VRFC 10-2263] Analyzing SystemVerilog file "D:/Proyectos/tfg_hardware_accelerator/hls_tfg_bnn/train_step/hls/sim/verilog/train_step_train_step_Pipeline_VITIS_LOOP_33_1.v" into library xil_defaultlib
INFO: [VRFC 10-311] analyzing module train_step_train_step_Pipeline_VITIS_LOOP_33_1
INFO: [VRFC 10-2263] Analyzing SystemVerilog file "D:/Proyectos/tfg_hardware_accelerator/hls_tfg_bnn/train_step/hls/sim/verilog/train_step_train_step_Pipeline_VITIS_LOOP_33_11.v" into library xil_defaultlib
INFO: [VRFC 10-311] analyzing module train_step_train_step_Pipeline_VITIS_LOOP_33_11
INFO: [VRFC 10-2263] Analyzing SystemVerilog file "D:/Proyectos/tfg_hardware_accelerator/hls_tfg_bnn/train_step/hls/sim/verilog/train_step_train_step_Pipeline_VITIS_LOOP_49_1.v" into library xil_defaultlib
INFO: [VRFC 10-311] analyzing module train_step_train_step_Pipeline_VITIS_LOOP_49_1
INFO: [VRFC 10-2263] Analyzing SystemVerilog file "D:/Proyectos/tfg_hardware_accelerator/hls_tfg_bnn/train_step/hls/sim/verilog/train_step_train_step_Pipeline_VITIS_LOOP_49_12.v" into library xil_defaultlib
INFO: [VRFC 10-311] analyzing module train_step_train_step_Pipeline_VITIS_LOOP_49_12
INFO: [VRFC 10-2263] Analyzing SystemVerilog file "D:/Proyectos/tfg_hardware_accelerator/hls_tfg_bnn/train_step/hls/sim/verilog/train_step_train_step_Pipeline_VITIS_LOOP_67_1.v" into library xil_defaultlib
INFO: [VRFC 10-311] analyzing module train_step_train_step_Pipeline_VITIS_LOOP_67_1
INFO: [VRFC 10-2263] Analyzing SystemVerilog file "D:/Proyectos/tfg_hardware_accelerator/hls_tfg_bnn/train_step/hls/sim/verilog/train_step_train_step_Pipeline_VITIS_LOOP_87_1.v" into library xil_defaultlib
INFO: [VRFC 10-311] analyzing module train_step_train_step_Pipeline_VITIS_LOOP_87_1
INFO: [VRFC 10-2263] Analyzing SystemVerilog file "D:/Proyectos/tfg_hardware_accelerator/hls_tfg_bnn/train_step/hls/sim/verilog/train_step_W1_0_RAM_AUTO_1R1W.v" into library xil_defaultlib
INFO: [VRFC 10-311] analyzing module train_step_W1_0_RAM_AUTO_1R1W
INFO: [VRFC 10-2263] Analyzing SystemVerilog file "D:/Proyectos/tfg_hardware_accelerator/hls_tfg_bnn/train_step/hls/sim/verilog/train_step_W2_0_RAM_AUTO_1R1W.v" into library xil_defaultlib
INFO: [VRFC 10-311] analyzing module train_step_W2_0_RAM_AUTO_1R1W
INFO: [VRFC 10-2263] Analyzing SystemVerilog file "D:/Proyectos/tfg_hardware_accelerator/hls_tfg_bnn/train_step/hls/sim/verilog/dataflow_monitor.sv" into library xil_defaultlib
INFO: [VRFC 10-311] analyzing module dataflow_monitor
Starting static elaboration
Pass Through NonSizing Optimizer
WARNING: [VRFC 10-3091] actual bit length 8 differs from formal bit length 32 for port 'd0' [D:/Proyectos/tfg_hardware_accelerator/hls_tfg_bnn/train_step/hls/sim/verilog/train_step_CTRL_s_axi.v:173]
WARNING: [VRFC 10-3091] actual bit length 8 differs from formal bit length 32 for port 'd0' [D:/Proyectos/tfg_hardware_accelerator/hls_tfg_bnn/train_step/hls/sim/verilog/train_step_CTRL_s_axi.v:193]
Completed static elaboration
Starting simulation data flow analysis
Completed simulation data flow analysis
Time Resolution for simulation is 1ps
Compiling package xil_defaultlib.$unit_dataflow_monitor_sv
Compiling module xil_defaultlib.train_step_W1_0_RAM_AUTO_1R1W
Compiling module xil_defaultlib.train_step_W2_0_RAM_AUTO_1R1W
Compiling module xil_defaultlib.train_step_out_pos_RAM_AUTO_1R1W
Compiling module xil_defaultlib.train_step_flow_control_loop_pip...
Compiling module xil_defaultlib.train_step_train_step_Pipeline_V...
Compiling module xil_defaultlib.train_step_mul_2s_8s_10_1_1(NUM_...
Compiling module xil_defaultlib.train_step_mac_muladd_8s_2s_10s_...
Compiling module xil_defaultlib.train_step_mac_muladd_8s_2s_10s_...
Compiling module xil_defaultlib.train_step_train_step_Pipeline_V...
Compiling module xil_defaultlib.train_step_train_step_Pipeline_V...
Compiling module xil_defaultlib.train_step_train_step_Pipeline_V...
Compiling module xil_defaultlib.train_step_train_step_Pipeline_V...
Compiling module xil_defaultlib.train_step_mac_muladd_8s_3s_2s_1...
Compiling module xil_defaultlib.train_step_mac_muladd_8s_3s_2s_1...
Compiling module xil_defaultlib.train_step_train_step_Pipeline_V...
Compiling module xil_defaultlib.train_step_train_step_Pipeline_V...
Compiling module xil_defaultlib.train_step_CTRL_s_axi_ram(MEM_TY...
Compiling module xil_defaultlib.train_step_CTRL_s_axi
Compiling module xil_defaultlib.train_step
Compiling module xil_defaultlib.AESL_axi_slave_CTRL
WARNING: [XSIM 43-3373] "D:/Proyectos/tfg_hardware_accelerator/hls_tfg_bnn/train_step/hls/sim/verilog/AESL_axi_slave_CTRL.v" Line 711. System function $fread is used as system task. This system function should have a LHS e.g. x=$fread().
WARNING: [XSIM 43-3373] "D:/Proyectos/tfg_hardware_accelerator/hls_tfg_bnn/train_step/hls/sim/verilog/AESL_axi_slave_CTRL.v" Line 720. System function $fread is used as system task. This system function should have a LHS e.g. x=$fread().
WARNING: [XSIM 43-3373] "D:/Proyectos/tfg_hardware_accelerator/hls_tfg_bnn/train_step/hls/sim/verilog/AESL_axi_slave_CTRL.v" Line 761. System function $fread is used as system task. This system function should have a LHS e.g. x=$fread().
WARNING: [XSIM 43-3373] "D:/Proyectos/tfg_hardware_accelerator/hls_tfg_bnn/train_step/hls/sim/verilog/AESL_axi_slave_CTRL.v" Line 828. System function $fread is used as system task. This system function should have a LHS e.g. x=$fread().
WARNING: [XSIM 43-3373] "D:/Proyectos/tfg_hardware_accelerator/hls_tfg_bnn/train_step/hls/sim/verilog/AESL_axi_slave_CTRL.v" Line 837. System function $fread is used as system task. This system function should have a LHS e.g. x=$fread().
WARNING: [XSIM 43-3373] "D:/Proyectos/tfg_hardware_accelerator/hls_tfg_bnn/train_step/hls/sim/verilog/AESL_axi_slave_CTRL.v" Line 878. System function $fread is used as system task. This system function should have a LHS e.g. x=$fread().
Compiling module xil_defaultlib.nodf_module_intf_default
Compiling module xil_defaultlib.upc_loop_intf(FSM_WIDTH=1)
Compiling module xil_defaultlib.dataflow_monitor_1
Compiling module xil_defaultlib.apatb_train_step_top
Compiling module work.glbl
Built simulation snapshot train_step

****** xsim v2024.2 (64-bit)
  **** SW Build 5239630 on Fri Nov 08 22:35:27 MST 2024
  **** IP Build 5239520 on Sun Nov 10 16:12:51 MST 2024
  **** SharedData Build 5239561 on Fri Nov 08 14:39:27 MST 2024
  **** Start of session at: Tue May 20 08:48:38 2025
    ** Copyright 1986-2022 Xilinx, Inc. All Rights Reserved.
    ** Copyright 2022-2024 Advanced Micro Devices, Inc. All Rights Reserved.

source xsim.dir/train_step/xsim_script.tcl
# xsim {train_step} -autoloadwcfg -tclbatch {train_step.tcl}
Time resolution is 1 ps
source train_step.tcl
## run all
////////////////////////////////////////////////////////////////////////////////////
// Inter-Transaction Progress: Completed Transaction / Total Transaction
// Intra-Transaction Progress: Measured Latency / Latency Estimation * 100%
//
// RTL Simulation : "Inter-Transaction Progress" ["Intra-Transaction Progress"] @ "Simulation Time"
////////////////////////////////////////////////////////////////////////////////////
// RTL Simulation : 0 / 50 [0.00%] @ "125000"
// RTL Simulation : 1 / 50 [0.00%] @ "4125000"
// RTL Simulation : 2 / 50 [0.00%] @ "7915000"
// RTL Simulation : 3 / 50 [0.00%] @ "11755000"
// RTL Simulation : 4 / 50 [0.00%] @ "15645000"
// RTL Simulation : 5 / 50 [0.00%] @ "19535000"
// RTL Simulation : 6 / 50 [0.00%] @ "23425000"
// RTL Simulation : 7 / 50 [0.00%] @ "27265000"
// RTL Simulation : 8 / 50 [0.00%] @ "31055000"
// RTL Simulation : 9 / 50 [0.00%] @ "34945000"
// RTL Simulation : 10 / 50 [0.00%] @ "38835000"
// RTL Simulation : 11 / 50 [0.00%] @ "42625000"
// RTL Simulation : 12 / 50 [0.00%] @ "46415000"
// RTL Simulation : 13 / 50 [0.00%] @ "50205000"
// RTL Simulation : 14 / 50 [0.00%] @ "54095000"
// RTL Simulation : 15 / 50 [0.00%] @ "57985000"
// RTL Simulation : 16 / 50 [0.00%] @ "61825000"
// RTL Simulation : 17 / 50 [0.00%] @ "65665000"
// RTL Simulation : 18 / 50 [0.00%] @ "69555000"
// RTL Simulation : 19 / 50 [0.00%] @ "73445000"
// RTL Simulation : 20 / 50 [0.00%] @ "77335000"
// RTL Simulation : 21 / 50 [0.00%] @ "81125000"
// RTL Simulation : 22 / 50 [0.00%] @ "84965000"
// RTL Simulation : 23 / 50 [0.00%] @ "88755000"
// RTL Simulation : 24 / 50 [0.00%] @ "92645000"
// RTL Simulation : 25 / 50 [0.00%] @ "96485000"
// RTL Simulation : 26 / 50 [0.00%] @ "100325000"
// RTL Simulation : 27 / 50 [0.00%] @ "104165000"
// RTL Simulation : 28 / 50 [0.00%] @ "107855000"
// RTL Simulation : 29 / 50 [0.00%] @ "111595000"
// RTL Simulation : 30 / 50 [0.00%] @ "115335000"
// RTL Simulation : 31 / 50 [0.00%] @ "119175000"
// RTL Simulation : 32 / 50 [0.00%] @ "123015000"
// RTL Simulation : 33 / 50 [0.00%] @ "126855000"
// RTL Simulation : 34 / 50 [0.00%] @ "130695000"
// RTL Simulation : 35 / 50 [0.00%] @ "134535000"
// RTL Simulation : 36 / 50 [0.00%] @ "138375000"
// RTL Simulation : 37 / 50 [0.00%] @ "142065000"
// RTL Simulation : 38 / 50 [0.00%] @ "145805000"
// RTL Simulation : 39 / 50 [0.00%] @ "149595000"
// RTL Simulation : 40 / 50 [0.00%] @ "153335000"
// RTL Simulation : 41 / 50 [0.00%] @ "157175000"
// RTL Simulation : 42 / 50 [0.00%] @ "161015000"
// RTL Simulation : 43 / 50 [0.00%] @ "164805000"
// RTL Simulation : 44 / 50 [0.00%] @ "168695000"
// RTL Simulation : 45 / 50 [0.00%] @ "172585000"
// RTL Simulation : 46 / 50 [0.00%] @ "176475000"
// RTL Simulation : 47 / 50 [0.00%] @ "180265000"
// RTL Simulation : 48 / 50 [0.00%] @ "184005000"
// RTL Simulation : 49 / 50 [0.00%] @ "187745000"
// RTL Simulation : 50 / 50 [100.00%] @ "191585000"
////////////////////////////////////////////////////////////////////////////////////
$finish called at time : 191645 ns : File "D:/Proyectos/tfg_hardware_accelerator/hls_tfg_bnn/train_step/hls/sim/verilog/train_step.autotb.v" Line 280
## quit
INFO: [Common 17-206] Exiting xsim at Tue May 20 08:48:41 2025...
INFO: [COSIM 212-316] Starting C post checking ...
== Epoca 1 ==

Pesos finales tras la epoca:
 W1[0]: 1 1 1 1 1 1 1 1 1 1 1 1 1 1 1 1 1 1 1 1 1 1 1 1 1 1 1 1 1 1 1 1 1 1 1 1 1 1 1 1 1 1 1 1 1 1 1 1 1 1 1 1 1 1 1 1 1 1 1 1 1 1 1 1
 W1[1]: 1 1 1 1 1 1 1 1 1 1 1 1 1 1 1 1 1 1 1 1 1 1 1 1 1 1 1 1 1 1 1 1 1 1 1 1 1 1 1 1 1 1 1 1 1 1 1 1 1 1 1 1 1 1 1 1 1 1 1 1 1 1 1 1
 W1[2]: 1 1 1 1 1 1 1 1 1 1 1 1 1 1 1 1 1 1 1 1 1 1 1 1 1 1 1 1 1 1 1 1 1 1 1 1 1 1 1 1 1 1 1 1 1 1 1 1 1 1 1 1 1 1 1 1 1 1 1 1 1 1 1 1
 W1[3]: 1 1 1 1 1 1 1 1 1 1 1 1 1 1 1 1 1 1 1 1 1 1 1 1 1 1 1 1 1 1 1 1 1 1 1 1 1 1 1 1 1 1 1 1 1 1 1 1 1 1 1 1 1 1 1 1 1 1 1 1 1 1 1 1
 W1[4]: 1 1 1 1 1 1 1 1 1 1 1 1 1 1 1 1 1 1 1 1 1 1 1 1 1 1 1 1 1 1 1 1 1 1 1 1 1 1 1 1 1 1 1 1 1 1 1 1 1 1 1 1 1 1 1 1 1 1 1 1 1 1 1 1
 W1[5]: 1 1 1 1 1 1 1 1 1 1 1 1 1 1 1 1 1 1 1 1 1 1 1 1 1 1 1 1 1 1 1 1 1 1 1 1 1 1 1 1 1 1 1 1 1 1 1 1 1 1 1 1 1 1 1 1 1 1 1 1 1 1 1 1
 W1[6]: 1 1 1 1 1 1 1 1 1 1 1 1 1 1 1 1 1 1 1 1 1 1 1 1 1 1 1 1 1 1 1 1 1 1 1 1 1 1 1 1 1 1 1 1 1 1 1 1 1 1 1 1 1 1 1 1 1 1 1 1 1 1 1 1
 W1[7]: 1 1 1 1 1 1 1 1 1 1 1 1 1 1 1 1 1 1 1 1 1 1 1 1 1 1 1 1 1 1 1 1 1 1 1 1 1 1 1 1 1 1 1 1 1 1 1 1 1 1 1 1 1 1 1 1 1 1 1 1 1 1 1 1
 W1[8]: 1 1 1 1 1 1 1 1 1 1 1 1 1 1 1 1 1 1 1 1 1 1 1 1 1 1 1 1 1 1 1 1 1 1 1 1 1 1 1 1 1 1 1 1 1 1 1 1 1 1 1 1 1 1 1 1 1 1 1 1 1 1 1 1
 W1[9]: 1 1 1 1 1 1 1 1 1 1 1 1 1 1 1 1 1 1 1 1 1 1 1 1 1 1 1 1 1 1 1 1 1 1 1 1 1 1 1 1 1 1 1 1 1 1 1 1 1 1 1 1 1 1 1 1 1 1 1 1 1 1 1 1
 W1[10]: 1 1 1 1 1 1 1 1 1 1 1 1 1 1 1 1 1 1 1 1 1 1 1 1 1 1 1 1 1 1 1 1 1 1 1 1 1 1 1 1 1 1 1 1 1 1 1 1 1 1 1 1 1 1 1 1 1 1 1 1 1 1 1 1
 W1[11]: 1 1 1 1 1 1 1 1 1 1 1 1 1 1 1 1 1 1 1 1 1 1 1 1 1 1 1 1 1 1 1 1 1 1 1 1 1 1 1 1 1 1 1 1 1 1 1 1 1 1 1 1 1 1 1 1 1 1 1 1 1 1 1 1
 W1[12]: 1 1 1 1 1 1 1 1 1 1 1 1 1 1 1 1 1 1 1 1 1 1 1 1 1 1 1 1 1 1 1 1 1 1 1 1 1 1 1 1 1 1 1 1 1 1 1 1 1 1 1 1 1 1 1 1 1 1 1 1 1 1 1 1
 W1[13]: 1 1 1 1 1 1 1 1 1 1 1 1 1 1 1 1 1 1 1 1 1 1 1 1 1 1 1 1 1 1 1 1 1 1 1 1 1 1 1 1 1 1 1 1 1 1 1 1 1 1 1 1 1 1 1 1 1 1 1 1 1 1 1 1
 W1[14]: 1 1 1 1 1 1 1 1 1 1 1 1 1 1 1 1 1 1 1 1 1 1 1 1 1 1 1 1 1 1 1 1 1 1 1 Assertion failed: changed1 && "1 1 1 1 1 1 1 1 1 1 1 1 1 1 1 1 1 1 1 1 1 1 1 1 1 1 1 1 1
 W1[15]: 1 1 1 1 1 1 1 1 1 1 1 1 1 1 1 1 1 1 1 1 1 1 1 1 1 1 1 1 1 1 1 1 1 1 1 1 1 1 1 1 1 1 1 1 1 1 1 1 1 1 1 1 1 1 1 1 1 1 1 1 1 1 1 1
 W1[16]: 1 1 1 1 1 1 1 1 1 1 1 1 1 1 1 1 1 1 1 1 1 1 1 1 1 1 1 1 1 1 1 1 1 1 1 1 1 1 1 1 1 1 1 1 1 1 1 1 1 1 1 1 1 1 1 1 1 1 1 1 1 1 1 1
 W1[17]: 1 1 1 1 1 1 1 1 1 1 1 1 1 1 1 1 1 1 1 1 1 1 1 1 1 1 1 1 1 1 1 1 1 1 1 1 1 1 1 1 1 1 1 1 1 1 1 1 1 1 1 1 1 1 1 1 1 1 1 1 1 1 1 1
 W1[18]: 1 1 1 1 1 1 1 1 1 1 1 1 1 1 1 1 1 1 1 1 1 1 1 1 1 1 1 1 1 1 1 1 1 1 1 1 1 1 1 1 1 1 1 1 1 1 1 1 1 1 1 1 1 1 1 1 1 1 1 1 1 1 1 1
 W1[19]: 1 1 1 1 1 1 1 1 1 1 1 1 1 1 1 1 1 1 1 1 1 1 1 1 1 1 1 1 1 1 1 1 1 1 1 1 1 1 1 1 1 1 1 1 1 1 1 1 1 1 1 1 1 1 1 1 1 1 1 1 1 1 1 1
 W1[20]: 1 1 1 1 1 1 1 1 1 1 1 1 1 1 1 1 1 1 1 1 1 1 1 1 1 1 1 1 1 1 1 1 1 1 1 1 1 1 1 1 1 1 1 1 1 1 1 1 1 1 1 1 1 1 1 1 1 1 1 1 1 1 1 1
 W1[21]: 1 1 1 1 1 1 1 1 1 1 1 1 1 1 1 1 1 1 1 1 1 1 1 1 1 1 1 1 1 1 1 1 1 1 1 1 1 1 1 1 1 1 1 1 1 1 1 1 1 1 1 1 1 1 1 1 1 1 1 1 1 1 1 1Ningún peso
 W1[22]: 1 1 1 1 1 1 1 1 1 1 1 1 1 1 1 1 1 1 1 1 1 1 1 1 1 1 1 1 1 1 1 1 1 1 1 1 1 1 1 1 1 1 1 1 1 1 1 1 1 1 1 1 1 1 1 1 1 1 1 1 1 1 1 1
 W1[23]: 1 1 1 1 1 1 1 1 1 1 1 1 1 1 1 1 1 1 1 1 1 1 1 1 1 1 1 1 1 1 1 1 1 1 1 1 1 1 1 1 1 1 1 1 1 1 1 1 1 1 1 1 1 1 1 1 1 1 1 1 1 1 1 1
 W1[24]: 1 1 1 1 1 1 1 1 1 1 1 1 1 1 1 1 1 1 1 1 1 1 1 1 1 1 1 1 1 1 1 1 1 1 1 1 1 1 1 1 1 1 1 1 1 1 1 1 1 1 1 1 1 1 1 1 1 1 1 1 1 1 1 1
 W1[25]: 1 1 1 1 1 1 1 1 1 1 1 1 1 1 1 1 1 1 1 1 1 1 1 1 1 1 1 1 1 1 1 1 1 1 1 1 1 1 1 1 1 1 1 1 1 1 1 1 1 1 1 1 1 1 1 1 1 1 1 1 1 1 1 1
 W1[26]: 1 1 1 1 1 1 1 1 1 1 1 1 1 1 1 1 1 1 1 1 1 1 1 1 1 1 1 1 1 1 1 1 1 1 1 1 1 1 1 1 1 1 1 1 1 1 1 1 1 1 1 1 1 1 1 1 1 1 1 1 1 1 1 1
 W1[27]: 1 1 1 1 1 1 1 1 1 1 1 1 1 1 1 1 1 1 1 1 1 1 1 1 1 1 1 1 1 1 1 1 1 1 1 1 1 1 1 1 1 1 1 1 1 1 1 1 1 1 1 1 1 1 1 1 1 1 1 1 1 1 1 1
 W1[28]: 1 1 1 1 1 1 1 1 1 1 1 1 1 1 1 1 1 1 1 1 1 1 1 1 1 1 1 1 1 1 1 1 1 1 1 1 1 1 1 1 1 1 1 1 1 1 1 1 1 1 1 1 1 1 1 1 1 1 1 1 1 1 1 1
 W1[29]: 1 1 1 1 1 1 1 1 1 1 1 1 1 1 1 1 1 1 1 1 1 1 1 1  de W1 cam1 1 1 1 1 1 1 1 1 1 1 1 1 1 1 1 bio durante el entrenamiento", file D:/Proyectos/tfg_hardware_accelerator/tb/train_tb.cpp, line 110
1 1 1 1 1 1 1 1 1 1 1 1 1 1 1 1 1 1 1 1 1 1 1 1
 W1[30]: 1 1 1 1 1 1 1 1 1 1 1 1 1 1 1 1 1 1 1 1 1 1 1 1 1 1 1 1 1 1 1 1 1 1 1 1 1 1 1 1 1 1 1 1 1 1 1 1 1 1 1 1 1 1 1 1 1 1 1 1 1 1 1 1
 W1[31]: 1 1 1 1 1 1 1 1 1 1 1 1 1 1 1 1 1 1 1 1 1 1 1 1 1 1 1 1 1 1 1 1 1 1 1 1 1 1 1 1 1 1 1 1 1 1 1 1 1 1 1 1 1 1 1 1 1 1 1 1 1 1 1 1
 W2[0]: 1 1 1 1 1 1 1 1 1 1 1 1 1 1 1 1 1 1 1 1 1 1 1 1 1 1 1 1 1 1 1 1
 W2[1]: 1 1 1 1 1 1 1 1 1 1 1 1 1 1 1 1 1 1 1 1 1 1 1 1 1 1 1 1 1 1 1 1
 W2[2]: 1 1 1 1 1 1 1 1 1 1 1 1 1 1 1 1 1 1 1 1 1 1 1 1 1 1 1 1 1 1 1 1
 W2[3]: 1 1 1 1 1 1 1 1 1 1 1 1 1 1 1 1 1 1 1 1 1 1 1 1 1 1 1 1 1 1 1 1
 W2[4]: 1 1 1 1 1 1 1 1 1 1 1 1 1 1 1 1 1 1 1 1 1 1 1 1 1 1 1 1 1 1 1 1
 W2[5]: 1 1 1 1 1 1 1 1 1 1 1 1 1 1 1 1 1 1 1 1 1 1 1 1 1 1 1 1 1 1 1 1
 W2[6]: 1 1 1 1 1 1 1 1 1 1 1 1 1 1 1 1 1 1 1 1 1 1 1 1 1 1 1 1 1 1 1 1
 W2[7]: 1 1 1 1 1 1 1 1 1 1 1 1 1 1 1 1 1 1 1 1 1 1 1 1 1 1 1 1 1 1 1 1
 W2[8]: 1 1 1 1 1 1 1 1 1 1 1 1 1 1 1 1 1 1 1 1 1 1 1 1 1 1 1 1 1 1 1 1
 W2[9]: 1 1 1 1 1 1 1 1 1 1 1 1 1 1 1 1 1 1 1 1 1 1 1 1 1 1 1 1 1 1 1 1
ERROR: [COSIM 212-361] C TB post check failed, nonzero return value '3'.
ERROR: [COSIM 212-4] *** C/RTL co-simulation finished: FAIL ***
ERROR: 
INFO: [HLS 200-112] Total CPU user time: 10 seconds. Total CPU system time: 2 seconds. Total elapsed time: 45.155 seconds; peak allocated memory: 334.867 MB.
