  **** HLS Build v2024.2 5238294
INFO: [HLS 200-2005] Using work_dir D:/Proyectos/tfg_hardware_accelerator/hls_tfg_bnn/train_step 
INFO: [HLS 200-1505] Using default flow_target 'vivado'
Resolution: For help on HLS 200-1505 see docs.xilinx.com/access/sources/dita/topic?Doc_Version=2024.2%20English&url=ug1448-hls-guidance&resourceid=200-1505.html
INFO: [HLS 200-1465] Applying ini 'syn.file=D:/Proyectos/tfg_hardware_accelerator/src/forward_fw.cpp' from D:/Proyectos/tfg_hardware_accelerator/hls_tfg_bnn/hls_config.cfg(11)
INFO: [HLS 200-10] Adding design file 'D:/Proyectos/tfg_hardware_accelerator/src/forward_fw.cpp' to the project
INFO: [HLS 200-1465] Applying ini 'syn.file=D:/Proyectos/tfg_hardware_accelerator/src/forward_fw.hpp' from D:/Proyectos/tfg_hardware_accelerator/hls_tfg_bnn/hls_config.cfg(12)
INFO: [HLS 200-10] Adding design file 'D:/Proyectos/tfg_hardware_accelerator/src/forward_fw.hpp' to the project
INFO: [HLS 200-1465] Applying ini 'tb.file=D:/Proyectos/tfg_hardware_accelerator/tb/train_tb.cpp' from D:/Proyectos/tfg_hardware_accelerator/hls_tfg_bnn/hls_config.cfg(8)
INFO: [HLS 200-10] Adding test bench file 'D:/Proyectos/tfg_hardware_accelerator/tb/train_tb.cpp' to the project
INFO: [HLS 200-1465] Applying ini 'tb.file=D:/Proyectos/tfg_hardware_accelerator/data/mnist_test_data.hpp' from D:/Proyectos/tfg_hardware_accelerator/hls_tfg_bnn/hls_config.cfg(9)
INFO: [HLS 200-10] Adding test bench file 'D:/Proyectos/tfg_hardware_accelerator/data/mnist_test_data.hpp' to the project
INFO: [HLS 200-1465] Applying ini 'tb.file=D:/Proyectos/tfg_hardware_accelerator/data/mnist_train_data.hpp' from D:/Proyectos/tfg_hardware_accelerator/hls_tfg_bnn/hls_config.cfg(10)
INFO: [HLS 200-10] Adding test bench file 'D:/Proyectos/tfg_hardware_accelerator/data/mnist_train_data.hpp' to the project
INFO: [HLS 200-1465] Applying ini 'syn.top=train_step' from D:/Proyectos/tfg_hardware_accelerator/hls_tfg_bnn/hls_config.cfg(7)
INFO: [HLS 200-1465] Applying ini 'flow_target=vivado' from D:/Proyectos/tfg_hardware_accelerator/hls_tfg_bnn/hls_config.cfg(4)
INFO: [HLS 200-1505] Using flow_target 'vivado'
Resolution: For help on HLS 200-1505 see docs.xilinx.com/access/sources/dita/topic?Doc_Version=2024.2%20English&url=ug1448-hls-guidance&resourceid=200-1505.html
INFO: [HLS 200-1465] Applying ini 'part=xc7a100tcsg324-1' from D:/Proyectos/tfg_hardware_accelerator/hls_tfg_bnn/hls_config.cfg(1)
INFO: [HLS 200-1611] Setting target device to 'xc7a100t-csg324-1'
INFO: [HLS 200-1465] Applying ini 'package.output.format=ip_catalog' from D:/Proyectos/tfg_hardware_accelerator/hls_tfg_bnn/hls_config.cfg(5)
INFO: [SIM 211-2] *************** CSIM start ***************
INFO: [SIM 211-4] CSIM will launch CLANG as the compiler.
INFO: [HLS 200-2036] Building debug C Simulation binaries
make: 'csim.exe' is up to date.
== Epoca 0 ==
pos[5] = -1
Vector pos: [-1 -1 -1 -1 -1 -1 -1 -1 -1 -1 -1 -1  1 -1 -1 -1 -1 -1 -1  1  1  1 -1 -1 -1 -1 -1  1 -1 -1 -1 -1 -1 -1  1 -1 -1 -1 -1 -1 -1 -1 -1 -1 -1 -1 -1 -1 -1 -1  1  1 -1 -1 -1 -1 -1 -1 -1 -1 -1 -1 -1 -1]
neg[5] = -1
Vector neg: [-1  1  1 -1  1 -1 -1  1 -1 -1 -1 -1 -1 -1  1 -1  1  1  1  1  1  1 -1  1  1 -1 -1  1 -1 -1 -1 -1  1 -1 -1  1 -1  1 -1  1  1 -1  1  1 -1 -1  1 -1  1  1 -1 -1  1 -1 -1  1  1  1 -1  1 -1 -1 -1 -1]
 Muestra  0:
  W1[0]: 1 1 1 1 1 1 1 1 1 1 1 1 1 1 1 1 1 1 1 1 1 1 1 1 1 1 1 1 1 1 1 1 1 1 1 1 1 1 1 1 1 1 1 1 1 1 1 1 1 1 1 1 1 1 1 1 1 1 1 1 1 1 1 1
pos[5] = -1
Vector pos: [-1 -1 -1 -1 -1 -1 -1 -1 -1 -1 -1 -1 -1  1 -1 -1 -1 -1 -1  1  1  1 -1 -1 -1 -1  1  1  1 -1 -1 -1 -1 -1 -1 -1 -1 -1 -1 -1 -1 -1  1 -1 -1  1 -1 -1 -1 -1 -1  1 -1 -1 -1 -1 -1 -1 -1 -1 -1 -1 -1 -1]
neg[5] = -1
Vector neg: [-1  1 -1 -1 -1 -1  1 -1 -1  1  1  1  1 -1 -1 -1  1  1 -1  1  1 -1 -1 -1 -1 -1 -1  1  1  1  1  1 -1 -1 -1 -1 -1  1  1 -1  1  1  1  1 -1 -1 -1  1  1  1  1 -1 -1  1  1 -1 -1 -1  1  1 -1 -1 -1  1]
pos[5] = -1
Vector pos: [-1 -1 -1 -1 -1 -1 -1 -1 -1 -1 -1 -1 -1 -1 -1 -1 -1 -1 -1 -1  1  1 -1 -1 -1 -1 -1  1 -1  1 -1 -1 -1 -1 -1  1 -1  1 -1 -1 -1 -1  1  1  1 -1 -1 -1 -1 -1 -1  1 -1 -1 -1 -1 -1 -1 -1 -1 -1 -1 -1 -1]
neg[5] = 1
Vector neg: [-1 -1 -1  1 -1  1 -1 -1 -1 -1  1  1 -1 -1 -1  1  1 -1 -1 -1 -1 -1  1 -1 -1  1  1  1  1 -1 -1  1  1  1  1  1  1  1 -1  1 -1  1 -1 -1  1 -1 -1  1 -1  1  1  1  1 -1 -1 -1  1 -1 -1 -1  1 -1  1  1]
pos[5] = -1
Vector pos: [-1 -1 -1 -1 -1 -1 -1 -1 -1 -1 -1 -1 -1 -1 -1 -1 -1 -1 -1 -1  1  1 -1 -1 -1 -1 -1  1 -1  1 -1 -1 -1 -1  1 -1 -1  1 -1 -1 -1 -1  1  1  1 -1 -1 -1 -1 -1  1  1 -1 -1 -1 -1 -1 -1 -1 -1 -1 -1 -1 -1]
neg[5] = -1
Vector neg: [ 1 -1 -1 -1 -1 -1  1 -1 -1  1 -1  1  1 -1  1 -1  1 -1  1 -1  1 -1 -1 -1 -1 -1  1 -1 -1 -1  1 -1 -1  1 -1 -1  1 -1 -1  1  1 -1 -1  1 -1 -1 -1 -1 -1 -1 -1 -1  1 -1  1  1 -1 -1 -1 -1  1 -1  1 -1]
pos[5] = -1
Vector pos: [-1 -1 -1 -1 -1 -1 -1 -1 -1 -1 -1 -1 -1 -1 -1 -1 -1 -1 -1  1  1  1 -1 -1 -1 -1  1 -1 -1  1 -1 -1 -1 -1 -1 -1 -1 -1 -1 -1 -1 -1 -1 -1 -1  1 -1 -1 -1 -1  1  1  1 -1 -1 -1 -1 -1 -1 -1 -1 -1 -1 -1]
neg[5] = 1
Vector neg: [-1 -1 -1  1  1  1  1 -1  1  1 -1 -1 -1  1  1 -1 -1 -1 -1  1 -1 -1 -1 -1 -1  1  1  1 -1  1 -1 -1 -1 -1 -1  1  1  1 -1 -1  1  1 -1 -1 -1 -1  1 -1  1 -1 -1 -1  1  1 -1 -1 -1  1  1  1  1 -1 -1  1]
pos[5] = -1
Vector pos: [-1 -1 -1 -1 -1 -1 -1 -1 -1 -1 -1 -1 -1 -1 -1 -1 -1 -1 -1 -1 -1  1 -1 -1 -1 -1 -1 -1  1 -1 -1 -1 -1 -1 -1  1 -1 -1 -1 -1 -1 -1 -1  1 -1 -1 -1 -1 -1 -1  1  1 -1 -1 -1 -1 -1 -1 -1 -1 -1 -1 -1 -1]
neg[5] = -1
Vector neg: [ 1  1  1  1  1 -1 -1 -1 -1  1  1 -1 -1 -1  1 -1  1  1 -1 -1 -1  1  1  1 -1  1 -1  1 -1  1 -1  1  1  1  1  1  1 -1 -1  1 -1  1 -1  1 -1 -1  1  1 -1 -1 -1 -1 -1 -1 -1 -1  1 -1  1  1  1  1 -1  1]
pos[5] = -1
Vector pos: [-1 -1 -1 -1 -1 -1 -1 -1 -1 -1 -1 -1 -1 -1 -1 -1 -1 -1 -1 -1 -1 -1 -1 -1 -1 -1 -1 -1  1 -1 -1 -1 -1 -1 -1 -1  1 -1 -1 -1 -1 -1 -1 -1  1 -1 -1 -1 -1 -1 -1 -1  1 -1 -1 -1 -1 -1 -1 -1 -1 -1 -1 -1]
neg[5] = -1
Vector neg: [-1 -1 -1 -1 -1 -1 -1 -1  1 -1  1 -1 -1 -1 -1 -1  1 -1 -1  1 -1  1  1 -1  1  1 -1 -1  1  1 -1 -1 -1  1 -1  1  1 -1  1  1  1  1  1 -1 -1 -1 -1  1 -1 -1  1 -1  1 -1  1  1 -1 -1 -1  1 -1  1  1  1]
pos[5] = -1
Vector pos: [-1 -1 -1 -1 -1 -1 -1 -1 -1 -1 -1 -1 -1 -1 -1 -1 -1 -1 -1 -1 -1 -1 -1 -1 -1 -1 -1 -1 -1 -1 -1 -1 -1 -1 -1 -1 -1 -1 -1 -1 -1 -1 -1 -1  1 -1 -1 -1 -1 -1 -1 -1 -1 -1 -1 -1 -1 -1 -1 -1 -1 -1 -1 -1]
neg[5] = 1
Vector neg: [-1  1  1 -1 -1  1  1 -1  1  1  1  1  1  1  1  1  1 -1 -1 -1  1  1 -1  1 -1  1  1  1 -1 -1  1  1  1 -1  1  1 -1  1  1  1  1 -1 -1 -1  1 -1  1  1 -1  1 -1  1  1  1 -1  1  1 -1 -1 -1  1  1  1 -1]
pos[5] = -1
Vector pos: [-1 -1 -1 -1 -1 -1 -1 -1 -1 -1 -1 -1 -1 -1 -1 -1 -1 -1 -1 -1 -1 -1 -1 -1 -1 -1 -1 -1 -1 -1 -1 -1 -1 -1 -1 -1 -1 -1 -1 -1 -1 -1 -1 -1 -1 -1 -1 -1 -1 -1 -1 -1 -1 -1 -1 -1 -1 -1 -1 -1 -1 -1 -1 -1]
neg[5] = 1
Vector neg: [ 1 -1  1 -1 -1  1  1  1 -1 -1  1 -1  1  1 -1 -1 -1 -1 -1  1 -1 -1 -1 -1  1 -1 -1  1  1 -1  1  1  1  1  1  1  1 -1 -1  1  1  1  1 -1 -1 -1  1  1 -1 -1 -1 -1  1  1  1 -1  1 -1 -1 -1  1  1 -1 -1]
pos[5] = -1
Vector pos: [-1 -1 -1 -1 -1 -1 -1 -1 -1 -1 -1 -1 -1 -1 -1 -1 -1 -1 -1 -1 -1  1 -1 -1 -1 -1 -1 -1  1 -1 -1 -1 -1 -1 -1  1 -1 -1 -1 -1 -1 -1 -1  1 -1 -1 -1 -1 -1 -1  1 -1 -1 -1 -1 -1 -1 -1 -1 -1 -1 -1 -1 -1]
neg[5] = 1
Vector neg: [-1 -1  1 -1 -1  1 -1 -1 -1  1 -1  1  1  1 -1 -1  1 -1 -1 -1 -1  1 -1  1  1  1 -1  1  1  1  1 -1  1 -1 -1  1 -1 -1 -1 -1  1  1 -1  1 -1 -1 -1 -1  1  1 -1 -1  1  1 -1 -1 -1  1 -1  1  1 -1  1  1]
pos[5] = -1
Vector pos: [-1 -1 -1 -1 -1 -1 -1 -1 -1 -1 -1 -1 -1 -1 -1 -1 -1 -1 -1  1 -1  1 -1 -1 -1 -1 -1 -1 -1  1 -1 -1 -1 -1 -1  1  1  1 -1 -1 -1 -1  1  1 -1 -1 -1 -1 -1 -1 -1 -1 -1 -1 -1 -1 -1 -1 -1 -1 -1 -1 -1 -1]
neg[5] = 1
Vector neg: [-1 -1 -1  1  1  1 -1 -1  1  1 -1 -1 -1  1  1  1  1  1 -1  1  1 -1  1  1 -1  1 -1 -1 -1  1  1 -1  1  1 -1 -1 -1 -1 -1  1 -1 -1  1 -1 -1 -1 -1  1  1 -1  1  1  1 -1 -1  1  1 -1  1 -1  1 -1 -1  1]
 Muestra 10:
  W1[0]: 1 1 1 1 1 1 1 1 1 1 1 1 1 1 1 1 1 1 1 1 1 1 1 1 1 1 1 1 1 1 1 1 1 1 1 1 1 1 1 1 1 1 1 1 1 1 1 1 1 1 1 1 1 1 1 1 1 1 1 1 1 1 1 1
pos[5] = -1
Vector pos: [-1 -1 -1 -1 -1 -1 -1 -1 -1 -1 -1 -1 -1 -1 -1 -1 -1 -1 -1 -1 -1 -1 -1 -1 -1 -1 -1 -1 -1  1 -1 -1 -1 -1 -1 -1  1  1 -1 -1 -1 -1  1 -1  1 -1 -1 -1 -1 -1 -1 -1 -1 -1 -1 -1 -1 -1 -1 -1 -1 -1 -1 -1]
neg[5] = -1
Vector neg: [-1 -1  1  1  1 -1  1 -1  1 -1 -1 -1 -1 -1  1 -1 -1  1 -1 -1  1  1  1  1 -1 -1 -1  1 -1  1 -1 -1 -1  1  1 -1 -1  1 -1  1 -1  1 -1 -1 -1  1  1 -1  1  1  1  1  1 -1 -1  1  1 -1 -1  1 -1  1  1 -1]
pos[5] = -1
Vector pos: [-1 -1 -1 -1 -1 -1 -1 -1 -1 -1 -1 -1  1 -1 -1 -1 -1 -1 -1 -1 -1  1 -1 -1 -1 -1 -1 -1  1  1 -1 -1 -1 -1 -1  1 -1 -1 -1 -1 -1 -1  1 -1 -1  1 -1 -1 -1 -1 -1  1 -1 -1 -1 -1 -1 -1 -1 -1 -1 -1 -1 -1]
neg[5] = -1
Vector neg: [-1 -1 -1  1 -1 -1 -1 -1 -1  1  1  1 -1 -1 -1  1  1  1 -1  1 -1 -1  1  1  1 -1  1 -1  1 -1  1  1 -1  1 -1 -1 -1  1  1  1  1  1  1 -1  1 -1  1 -1  1  1  1  1  1  1  1 -1 -1 -1 -1 -1  1  1  1 -1]
pos[5] = -1
Vector pos: [-1 -1 -1 -1 -1 -1 -1 -1 -1 -1 -1 -1 -1 -1 -1 -1 -1 -1  1  1  1  1 -1 -1 -1 -1 -1 -1 -1  1 -1 -1 -1 -1 -1 -1  1  1 -1 -1 -1 -1 -1  1  1 -1 -1 -1 -1 -1 -1  1  1  1 -1 -1 -1 -1 -1 -1 -1 -1 -1 -1]
neg[5] = -1
Vector neg: [ 1  1 -1  1 -1 -1  1  1 -1  1  1  1  1 -1 -1 -1 -1  1  1  1  1  1  1  1  1  1  1 -1 -1  1 -1  1  1  1  1  1  1  1 -1 -1 -1  1  1 -1  1  1 -1  1 -1 -1  1  1  1  1 -1 -1 -1  1  1  1  1  1  1  1]
pos[5] = -1
Vector pos: [-1 -1 -1 -1 -1 -1 -1 -1 -1 -1 -1 -1 -1 -1 -1 -1 -1 -1 -1 -1  1 -1 -1 -1 -1 -1 -1 -1  1 -1 -1 -1 -1 -1 -1  1 -1 -1 -1 -1 -1 -1 -1  1 -1 -1 -1 -1 -1 -1 -1 -1  1 -1 -1 -1 -1 -1 -1 -1 -1 -1 -1 -1]
neg[5] = 1
Vector neg: [ 1 -1  1 -1 -1  1  1  1 -1 -1  1 -1  1  1 -1 -1  1  1 -1 -1 -1 -1  1  1 -1  1 -1  1  1 -1  1  1  1  1 -1 -1  1  1  1  1  1  1  1  1  1  1  1  1  1 -1 -1 -1  1 -1 -1 -1 -1 -1 -1 -1  1  1  1 -1]
pos[5] = -1
Vector pos: [-1 -1 -1 -1 -1 -1 -1 -1 -1 -1 -1 -1 -1 -1 -1 -1 -1 -1 -1 -1 -1  1 -1 -1 -1 -1 -1 -1  1  1 -1 -1 -1 -1 -1  1  1  1 -1 -1 -1 -1 -1 -1 -1  1 -1 -1 -1 -1  1  1 -1 -1 -1 -1 -1 -1 -1 -1 -1 -1 -1 -1]
neg[5] = -1
Vector neg: [ 1 -1  1 -1  1 -1 -1 -1  1 -1  1 -1  1 -1 -1 -1 -1  1 -1 -1  1 -1 -1 -1  1 -1  1  1  1 -1 -1 -1  1  1 -1 -1  1  1  1  1 -1  1  1  1  1 -1  1  1  1  1  1  1 -1  1 -1  1  1  1  1 -1  1 -1  1  1]
pos[5] = -1
Vector pos: [-1 -1 -1 -1 -1 -1 -1 -1 -1 -1 -1 -1  1 -1 -1 -1 -1 -1 -1 -1  1 -1 -1 -1 -1 -1 -1 -1  1 -1 -1 -1 -1 -1 -1 -1  1 -1 -1 -1 -1 -1 -1 -1  1 -1 -1 -1 -1 -1 -1  1 -1 -1 -1 -1 -1 -1 -1 -1 -1 -1 -1 -1]
neg[5] = 1
Vector neg: [ 1  1 -1  1  1  1  1  1 -1  1  1 -1  1  1  1  1  1 -1 -1  1  1  1  1 -1  1 -1 -1  1  1  1  1  1  1  1 -1  1  1 -1  1  1 -1  1 -1 -1  1  1 -1  1 -1 -1  1 -1 -1 -1  1 -1  1  1  1 -1  1 -1  1  1]
pos[5] = -1
Vector pos: [-1 -1 -1 -1 -1 -1 -1 -1 -1 -1 -1 -1 -1 -1 -1 -1 -1 -1 -1 -1  1 -1 -1 -1 -1 -1 -1  1  1 -1 -1 -1 -1 -1 -1 -1 -1  1 -1 -1 -1 -1 -1 -1 -1  1 -1 -1 -1 -1  1  1  1  1 -1 -1 -1 -1 -1 -1 -1 -1 -1 -1]
neg[5] = 1
Vector neg: [ 1  1 -1  1 -1  1  1 -1 -1 -1 -1  1  1 -1  1  1 -1  1  1 -1 -1  1  1 -1 -1  1 -1  1  1  1  1  1 -1 -1  1  1 -1 -1 -1 -1  1 -1 -1  1 -1 -1  1  1  1  1  1  1 -1  1  1  1 -1  1 -1  1  1 -1 -1  1]
pos[5] = -1
Vector pos: [-1 -1 -1 -1 -1 -1 -1 -1 -1 -1 -1 -1 -1 -1 -1 -1 -1 -1  1 -1  1  1 -1 -1 -1 -1 -1 -1  1  1 -1 -1 -1 -1 -1 -1  1  1 -1 -1 -1 -1 -1 -1 -1  1 -1 -1 -1 -1  1  1  1 -1 -1 -1 -1 -1 -1 -1 -1 -1 -1 -1]
neg[5] = -1
Vector neg: [-1  1 -1 -1 -1 -1 -1  1 -1  1 -1 -1 -1 -1  1  1  1  1  1  1  1  1  1  1  1 -1 -1 -1 -1 -1  1 -1 -1 -1 -1 -1 -1 -1 -1 -1 -1  1  1 -1  1  1  1 -1  1 -1 -1 -1  1 -1 -1 -1 -1 -1 -1 -1 -1  1 -1 -1]
pos[5] = -1
Vector pos: [-1 -1 -1 -1 -1 -1 -1 -1 -1 -1 -1 -1 -1 -1 -1 -1 -1  1  1 -1  1 -1 -1 -1 -1 -1 -1 -1  1 -1 -1 -1 -1 -1 -1 -1 -1 -1 -1 -1 -1 -1 -1 -1 -1 -1 -1 -1 -1 -1 -1 -1 -1 -1 -1 -1 -1 -1 -1 -1 -1 -1 -1 -1]
neg[5] = 1
Vector neg: [ 1  1  1 -1  1  1  1  1  1 -1 -1  1  1  1 -1 -1  1 -1 -1 -1 -1  1 -1 -1  1  1  1  1 -1  1  1 -1  1  1  1 -1 -1 -1 -1 -1  1 -1 -1 -1 -1  1 -1  1  1 -1  1  1 -1 -1  1  1 -1 -1  1 -1  1  1 -1  1]
pos[5] = -1
Vector pos: [-1 -1 -1 -1 -1 -1 -1 -1 -1 -1 -1 -1 -1 -1 -1 -1 -1 -1 -1 -1 -1 -1 -1 -1 -1 -1 -1 -1 -1  1 -1 -1 -1 -1 -1 -1 -1  1 -1 -1 -1 -1 -1 -1 -1 -1 -1 -1 -1 -1 -1 -1 -1  1 -1 -1 -1 -1 -1 -1 -1 -1 -1 -1]
neg[5] = -1
Vector neg: [ 1  1 -1 -1  1 -1  1 -1 -1 -1 -1  1  1  1  1  1 -1 -1  1  1  1  1 -1 -1  1  1  1  1 -1  1 -1  1 -1  1 -1  1  1  1 -1 -1  1  1 -1 -1 -1  1 -1  1  1 -1 -1  1  1  1 -1  1 -1 -1 -1  1 -1  1 -1  1]
 Muestra 20:
  W1[0]: 1 1 1 1 1 1 1 1 1 1 1 1 1 1 1 1 1 1 1 1 1 1 1 1 1 1 1 1 1 -1 1 1 1 1 1 1 1 -1 1 1 1 1 1 1 1 1 1 1 1 1 1 1 1 -1 1 1 1 1 1 1 1 1 1 1
pos[5] = -1
Vector pos: [-1 -1 -1 -1 -1 -1 -1 -1 -1 -1 -1 -1 -1 -1 -1 -1 -1 -1 -1 -1 -1 -1 -1 -1 -1 -1 -1  1 -1  1 -1 -1 -1 -1  1  1  1 -1 -1 -1 -1 -1 -1 -1 -1 -1 -1 -1 -1 -1 -1 -1 -1 -1 -1 -1 -1 -1 -1 -1 -1 -1 -1 -1]
neg[5] = -1
Vector neg: [-1 -1  1 -1  1 -1  1  1 -1 -1  1  1  1  1 -1  1 -1 -1  1 -1 -1 -1 -1 -1 -1  1 -1 -1  1  1 -1 -1  1 -1  1 -1 -1  1  1 -1 -1  1 -1  1 -1 -1  1 -1 -1  1  1  1  1  1  1 -1  1 -1 -1  1  1 -1 -1  1]
pos[5] = -1
Vector pos: [-1 -1 -1 -1 -1 -1 -1 -1 -1 -1 -1 -1 -1 -1 -1 -1 -1  1 -1 -1 -1  1 -1 -1 -1 -1 -1 -1  1  1 -1 -1 -1 -1  1  1  1  1 -1 -1 -1 -1 -1 -1 -1  1 -1 -1 -1 -1 -1 -1 -1 -1 -1 -1 -1 -1 -1 -1 -1 -1 -1 -1]
neg[5] = 1
Vector neg: [-1 -1 -1 -1 -1  1 -1  1 -1 -1  1 -1 -1  1 -1 -1  1 -1 -1  1  1 -1 -1  1 -1  1  1  1  1  1  1 -1  1  1  1  1 -1  1  1 -1  1  1 -1 -1 -1 -1  1 -1 -1  1 -1 -1  1  1 -1 -1  1  1  1 -1  1 -1  1  1]
pos[5] = -1
Vector pos: [-1 -1 -1 -1 -1 -1 -1 -1 -1 -1 -1 -1 -1 -1 -1 -1 -1 -1 -1 -1 -1 -1 -1 -1 -1 -1 -1 -1 -1 -1 -1 -1 -1 -1 -1 -1  1 -1 -1 -1 -1 -1 -1 -1 -1 -1 -1 -1 -1 -1 -1 -1 -1 -1 -1 -1 -1 -1 -1 -1 -1 -1 -1 -1]
neg[5] = -1
Vector neg: [ 1  1  1 -1 -1 -1  1 -1  1  1 -1 -1 -1 -1 -1  1  1 -1  1  1 -1 -1  1 -1 -1 -1 -1 -1 -1  1  1 -1 -1  1 -1 -1 -1  1  1 -1  1 -1 -1  1  1 -1  1 -1  1  1 -1 -1 -1  1  1 -1 -1 -1 -1 -1 -1  1  1  1]
pos[5] = -1
Vector pos: [-1 -1 -1 -1 -1 -1 -1 -1 -1 -1 -1 -1 -1 -1 -1 -1 -1 -1 -1 -1 -1 -1 -1 -1 -1 -1 -1  1  1 -1 -1 -1 -1 -1 -1 -1  1 -1 -1 -1 -1 -1 -1 -1 -1 -1 -1 -1 -1 -1 -1 -1 -1 -1 -1 -1 -1 -1 -1 -1 -1 -1 -1 -1]
neg[5] = -1
Vector neg: [ 1 -1 -1  1 -1 -1 -1 -1  1  1 -1 -1 -1 -1  1 -1  1 -1 -1 -1  1 -1 -1  1 -1 -1  1 -1  1 -1 -1 -1 -1  1  1 -1  1 -1  1  1 -1  1 -1 -1 -1  1 -1 -1  1  1  1 -1  1 -1 -1 -1 -1  1  1  1 -1 -1  1 -1]
pos[5] = -1
Vector pos: [-1 -1 -1 -1 -1 -1 -1 -1 -1 -1 -1 -1 -1 -1 -1 -1 -1 -1 -1  1  1 -1 -1 -1 -1 -1 -1 -1 -1 -1 -1 -1 -1 -1 -1 -1  1  1 -1 -1 -1 -1 -1 -1  1  1 -1 -1 -1 -1  1  1 -1 -1 -1 -1 -1 -1 -1 -1 -1 -1 -1 -1]
neg[5] = -1
Vector neg: [-1 -1  1 -1 -1 -1  1  1  1  1  1  1  1  1 -1  1  1  1 -1 -1  1 -1  1  1 -1  1 -1  1  1  1  1 -1 -1  1 -1 -1  1 -1  1 -1 -1 -1  1  1  1 -1 -1 -1 -1 -1  1 -1 -1  1 -1 -1 -1 -1 -1 -1  1  1 -1 -1]
pos[5] = -1
Vector pos: [-1 -1 -1 -1 -1 -1 -1 -1 -1 -1 -1 -1 -1 -1 -1 -1 -1 -1 -1 -1 -1 -1  1 -1 -1 -1 -1 -1 -1 -1 -1 -1 -1 -1 -1 -1 -1 -1 -1 -1 -1 -1  1  1 -1 -1 -1 -1 -1 -1 -1 -1 -1 -1 -1 -1 -1 -1 -1 -1 -1 -1 -1 -1]
neg[5] = 1
Vector neg: [ 1  1 -1  1 -1  1 -1 -1  1 -1  1  1 -1 -1  1  1 -1 -1 -1 -1 -1 -1  1 -1  1 -1  1 -1  1  1 -1 -1 -1  1 -1  1 -1  1  1 -1  1  1  1 -1  1 -1 -1 -1  1 -1 -1  1  1 -1 -1  1 -1 -1  1 -1  1 -1  1 -1]
pos[5] = -1
Vector pos: [-1 -1 -1 -1 -1 -1 -1 -1 -1 -1 -1 -1 -1 -1 -1 -1 -1 -1 -1 -1 -1 -1 -1 -1 -1 -1 -1 -1 -1 -1 -1 -1 -1 -1 -1 -1 -1 -1 -1 -1 -1 -1 -1 -1 -1 -1 -1 -1 -1 -1 -1 -1 -1 -1 -1 -1 -1 -1 -1 -1 -1 -1 -1 -1]
neg[5] = -1
Vector neg: [-1  1  1  1 -1 -1  1 -1 -1  1 -1 -1  1  1  1  1  1  1 -1  1 -1 -1 -1  1 -1  1  1  1  1  1  1  1 -1  1  1 -1 -1 -1 -1 -1 -1 -1 -1 -1 -1  1  1 -1  1  1  1  1 -1 -1 -1  1  1 -1 -1 -1 -1 -1 -1  1]
pos[5] = -1
Vector pos: [-1 -1 -1 -1 -1 -1 -1 -1 -1 -1 -1 -1 -1 -1 -1 -1 -1 -1 -1 -1 -1  1 -1 -1 -1 -1 -1 -1 -1 -1 -1 -1 -1 -1 -1  1 -1 -1 -1 -1 -1 -1 -1 -1  1 -1 -1 -1 -1 -1  1  1 -1 -1 -1 -1 -1 -1 -1 -1 -1 -1 -1 -1]
neg[5] = 1
Vector neg: [ 1 -1 -1 -1 -1  1 -1 -1  1  1  1 -1 -1  1 -1  1 -1  1  1  1 -1  1  1  1  1  1 -1  1  1  1  1 -1 -1 -1  1  1  1 -1  1  1  1 -1 -1 -1 -1 -1  1 -1 -1  1 -1  1 -1  1 -1  1  1  1  1  1 -1  1 -1 -1]
pos[5] = -1
Vector pos: [-1 -1 -1 -1 -1 -1 -1 -1 -1 -1 -1 -1 -1 -1 -1 -1 -1 -1 -1 -1 -1 -1  1 -1 -1 -1 -1  1  1 -1 -1 -1 -1 -1 -1  1 -1 -1 -1 -1 -1 -1 -1  1 -1 -1 -1 -1 -1 -1 -1 -1 -1 -1 -1 -1 -1 -1 -1 -1 -1 -1 -1 -1]
neg[5] = -1
Vector neg: [ 1  1 -1  1  1 -1  1 -1  1  1 -1 -1 -1 -1  1 -1 -1 -1  1 -1 -1  1 -1  1  1  1 -1  1 -1 -1 -1 -1 -1 -1  1  1  1 -1  1 -1  1 -1  1  1 -1 -1 -1  1  1  1  1  1 -1 -1  1 -1  1 -1  1  1  1 -1  1  1]
pos[5] = -1
Vector pos: [-1 -1 -1 -1 -1 -1 -1 -1 -1 -1 -1 -1  1 -1 -1 -1 -1 -1 -1  1 -1 -1 -1 -1 -1 -1 -1  1 -1  1 -1 -1 -1 -1  1 -1  1  1 -1 -1 -1 -1  1  1  1 -1 -1 -1 -1 -1 -1 -1 -1 -1 -1 -1 -1 -1 -1 -1 -1 -1 -1 -1]
neg[5] = -1
Vector neg: [-1  1  1  1  1 -1 -1 -1 -1  1  1 -1 -1 -1  1 -1  1 -1 -1 -1 -1  1  1 -1  1 -1  1 -1 -1 -1 -1  1  1  1 -1 -1  1 -1  1  1 -1 -1 -1  1 -1 -1 -1 -1 -1  1 -1 -1 -1  1  1 -1 -1 -1  1  1  1 -1  1  1]
 Muestra 30:
  W1[0]: 1 1 1 1 1 1 1 1 1 1 1 1 1 1 1 1 1 1 1 1 1 1 -1 1 1 1 1 -1 -1 1 1 1 1 1 1 -1 1 1 1 1 1 1 1 -1 1 1 1 1 1 1 1 1 1 1 1 1 1 1 1 1 1 1 1 1
pos[5] = -1
Vector pos: [-1 -1 -1 -1 -1 -1 -1 -1 -1 -1 -1 -1 -1 -1 -1 -1 -1 -1 -1 -1 -1 -1 -1 -1 -1 -1 -1 -1 -1 -1 -1 -1 -1 -1 -1 -1 -1 -1 -1 -1 -1 -1 -1 -1 -1 -1 -1 -1 -1 -1 -1 -1 -1 -1 -1 -1 -1 -1 -1 -1 -1 -1 -1 -1]
neg[5] = -1
Vector neg: [-1 -1  1  1 -1 -1  1 -1  1  1  1  1 -1  1 -1 -1 -1  1 -1  1  1  1  1 -1 -1 -1  1 -1 -1 -1 -1 -1 -1  1  1 -1  1 -1  1  1 -1  1 -1  1 -1 -1 -1  1  1 -1  1  1 -1  1  1  1 -1  1  1 -1 -1  1 -1  1]
pos[5] = -1
Vector pos: [-1 -1 -1 -1 -1 -1 -1 -1 -1 -1 -1 -1 -1 -1 -1 -1 -1 -1 -1 -1 -1 -1 -1 -1 -1 -1 -1 -1 -1 -1 -1 -1 -1 -1 -1 -1 -1  1 -1 -1 -1 -1 -1  1 -1 -1 -1 -1 -1 -1 -1 -1 -1 -1 -1 -1 -1 -1 -1 -1 -1 -1 -1 -1]
neg[5] = 1
Vector neg: [ 1 -1  1  1 -1  1 -1 -1 -1  1 -1  1 -1 -1 -1 -1  1 -1  1  1 -1  1 -1 -1  1  1  1  1  1 -1  1 -1 -1 -1  1  1  1  1 -1  1  1 -1 -1  1 -1  1  1  1  1 -1  1  1  1  1  1  1  1  1 -1  1  1 -1 -1 -1]
pos[5] = -1
Vector pos: [-1 -1 -1 -1 -1 -1 -1 -1 -1 -1 -1 -1  1 -1 -1 -1 -1 -1 -1  1 -1 -1 -1 -1 -1 -1 -1  1 -1 -1 -1 -1 -1 -1 -1  1  1  1 -1 -1 -1 -1 -1  1  1  1 -1 -1 -1 -1 -1 -1 -1 -1 -1 -1 -1 -1 -1 -1 -1 -1 -1 -1]
neg[5] = 1
Vector neg: [ 1 -1  1  1 -1  1 -1  1  1  1 -1  1 -1 -1 -1 -1  1  1 -1 -1 -1  1 -1 -1 -1 -1  1  1 -1  1 -1 -1 -1 -1  1 -1 -1  1  1 -1 -1  1  1 -1 -1 -1 -1 -1  1  1  1 -1  1 -1  1 -1 -1 -1 -1 -1 -1  1 -1 -1]
pos[5] = -1
Vector pos: [-1 -1 -1 -1 -1 -1 -1 -1 -1 -1 -1 -1 -1 -1 -1 -1 -1 -1 -1  1 -1 -1 -1 -1 -1 -1 -1  1 -1  1 -1 -1 -1 -1 -1 -1  1  1 -1 -1 -1 -1 -1  1  1  1 -1 -1 -1 -1 -1 -1 -1 -1 -1 -1 -1 -1 -1 -1 -1 -1 -1 -1]
neg[5] = -1
Vector neg: [ 1  1  1 -1  1 -1  1  1 -1 -1  1 -1  1 -1  1  1 -1  1 -1 -1 -1 -1 -1 -1 -1  1  1  1  1  1  1  1 -1 -1 -1  1  1  1 -1  1 -1 -1  1  1  1 -1  1  1  1 -1 -1 -1 -1  1  1 -1 -1 -1  1  1 -1 -1  1  1]
pos[5] = -1
Vector pos: [-1 -1 -1 -1 -1 -1 -1 -1 -1 -1 -1 -1 -1 -1 -1 -1 -1 -1 -1  1  1  1 -1 -1 -1 -1  1 -1 -1  1 -1 -1 -1 -1 -1 -1  1 -1 -1 -1 -1 -1 -1 -1 -1 -1 -1 -1 -1 -1 -1  1 -1 -1 -1 -1 -1 -1 -1 -1 -1 -1 -1 -1]
neg[5] = 1
Vector neg: [-1 -1 -1  1 -1  1 -1 -1  1  1 -1 -1 -1  1  1 -1  1 -1 -1 -1 -1 -1  1 -1 -1  1  1  1 -1  1  1 -1  1 -1 -1 -1  1 -1 -1  1  1  1 -1 -1 -1  1  1 -1  1 -1 -1 -1  1 -1  1 -1  1 -1 -1  1  1 -1 -1 -1]
pos[5] = -1
Vector pos: [-1 -1 -1 -1 -1 -1 -1 -1 -1 -1 -1 -1 -1 -1 -1 -1 -1 -1 -1 -1 -1 -1 -1 -1 -1 -1 -1  1 -1  1 -1 -1 -1 -1 -1 -1  1 -1 -1 -1 -1 -1 -1  1 -1 -1 -1 -1 -1 -1 -1 -1 -1 -1 -1 -1 -1 -1 -1 -1 -1 -1 -1 -1]
neg[5] = 1
Vector neg: [ 1 -1 -1 -1  1  1 -1  1 -1 -1 -1  1  1 -1  1 -1  1  1 -1 -1  1  1 -1  1  1  1 -1 -1  1 -1  1  1  1 -1  1 -1 -1 -1  1  1  1  1  1  1 -1  1  1 -1  1 -1 -1 -1 -1 -1  1  1 -1  1 -1  1  1 -1 -1 -1]
pos[5] = -1
Vector pos: [-1 -1 -1 -1 -1 -1 -1 -1 -1 -1 -1 -1 -1 -1 -1 -1 -1 -1  1  1  1 -1 -1 -1 -1 -1 -1 -1  1 -1 -1 -1 -1 -1 -1 -1  1  1 -1 -1 -1 -1 -1 -1  1 -1 -1 -1 -1 -1 -1 -1 -1 -1 -1 -1 -1 -1 -1 -1 -1 -1 -1 -1]
neg[5] = -1
Vector neg: [-1 -1 -1 -1  1 -1  1  1 -1  1  1  1 -1  1 -1  1  1 -1 -1  1 -1 -1 -1 -1 -1 -1 -1 -1 -1 -1  1  1 -1 -1 -1  1  1 -1  1  1 -1  1 -1  1 -1  1 -1 -1 -1  1  1 -1 -1  1 -1 -1  1  1  1 -1  1  1  1  1]
pos[5] = -1
Vector pos: [-1 -1 -1 -1 -1 -1 -1 -1 -1 -1 -1 -1 -1 -1 -1 -1 -1 -1 -1 -1  1 -1 -1 -1 -1 -1 -1 -1 -1 -1 -1 -1 -1 -1 -1 -1 -1 -1 -1 -1 -1 -1 -1 -1 -1 -1 -1 -1 -1 -1 -1 -1 -1 -1 -1 -1 -1 -1 -1 -1 -1 -1 -1 -1]
neg[5] = 1
Vector neg: [ 1 -1 -1 -1  1  1 -1 -1  1  1  1 -1 -1  1  1 -1 -1  1 -1 -1  1 -1  1 -1  1  1  1 -1  1  1 -1 -1  1  1  1  1  1  1  1 -1 -1 -1  1  1  1  1  1 -1 -1 -1  1 -1  1 -1  1 -1  1  1 -1 -1 -1  1  1 -1]
pos[5] = -1
Vector pos: [-1 -1 -1 -1 -1 -1 -1 -1 -1 -1 -1 -1 -1 -1 -1 -1 -1 -1  1  1  1  1 -1 -1 -1 -1  1 -1 -1  1 -1 -1 -1 -1 -1 -1 -1  1 -1 -1 -1 -1 -1 -1  1 -1 -1 -1 -1 -1 -1 -1  1 -1 -1 -1 -1 -1 -1 -1 -1 -1 -1 -1]
neg[5] = 1
Vector neg: [-1 -1 -1  1  1  1 -1 -1 -1 -1  1 -1 -1  1  1 -1  1 -1 -1 -1  1  1 -1  1 -1 -1  1 -1  1 -1  1 -1  1  1 -1  1 -1  1  1 -1  1 -1  1 -1  1 -1  1  1 -1  1  1 -1 -1 -1 -1  1  1  1  1 -1 -1 -1 -1 -1]
pos[5] = -1
Vector pos: [-1 -1 -1 -1 -1 -1 -1 -1 -1 -1 -1 -1 -1 -1 -1 -1 -1 -1 -1  1  1  1 -1 -1 -1 -1 -1  1  1 -1 -1 -1 -1 -1 -1  1 -1 -1 -1 -1 -1 -1  1 -1 -1 -1 -1 -1 -1 -1  1  1 -1 -1 -1 -1 -1 -1 -1 -1 -1 -1 -1 -1]
neg[5] = -1
Vector neg: [ 1 -1 -1 -1  1 -1 -1 -1  1 -1 -1  1 -1  1  1  1 -1  1  1  1 -1  1 -1  1 -1 -1 -1 -1  1 -1  1  1  1 -1 -1 -1  1 -1  1  1 -1 -1 -1  1  1  1 -1 -1 -1  1 -1  1  1  1  1 -1 -1  1  1 -1 -1  1  1 -1]
 Muestra 40:
  W1[0]: 1 1 1 1 1 1 1 1 1 1 1 1 1 1 1 1 1 1 1 1 -1 1 1 1 1 1 1 1 1 1 1 1 1 1 1 1 1 1 1 1 1 1 1 1 1 1 1 1 1 1 1 1 1 1 1 1 1 1 1 1 1 1 1 1
pos[5] = -1
Vector pos: [-1 -1 -1 -1 -1 -1 -1 -1 -1 -1 -1 -1 -1 -1 -1 -1 -1 -1 -1 -1  1  1 -1 -1 -1 -1 -1 -1  1  1 -1 -1 -1 -1 -1  1 -1 -1 -1 -1 -1 -1  1  1 -1 -1 -1 -1 -1 -1  1  1 -1 -1 -1 -1 -1 -1 -1 -1 -1 -1 -1 -1]
neg[5] = 1
Vector neg: [-1  1  1  1 -1  1 -1 -1 -1  1  1 -1 -1  1  1  1 -1 -1  1  1 -1  1 -1  1  1 -1  1  1  1  1 -1  1  1 -1 -1  1  1  1 -1 -1  1  1 -1 -1  1  1  1  1  1  1 -1  1 -1 -1 -1 -1 -1  1 -1  1  1  1  1  1]
pos[5] = -1
Vector pos: [-1 -1 -1 -1 -1 -1 -1 -1 -1 -1 -1 -1 -1 -1 -1 -1 -1 -1 -1  1  1  1 -1 -1 -1 -1 -1  1  1 -1 -1 -1 -1 -1 -1  1  1 -1 -1 -1 -1 -1 -1  1  1 -1 -1 -1 -1 -1 -1  1 -1 -1 -1 -1 -1 -1 -1 -1 -1 -1 -1 -1]
neg[5] = -1
Vector neg: [ 1 -1 -1 -1 -1 -1  1  1  1 -1  1  1  1  1 -1 -1  1  1  1  1 -1 -1  1 -1  1  1 -1 -1  1  1 -1 -1  1 -1 -1  1 -1  1 -1 -1 -1 -1  1  1 -1 -1  1 -1  1 -1 -1 -1  1 -1 -1 -1 -1 -1  1 -1 -1 -1  1 -1]
pos[5] = -1
Vector pos: [-1 -1 -1 -1 -1 -1 -1 -1 -1 -1 -1 -1 -1 -1 -1 -1 -1 -1 -1 -1  1 -1 -1 -1 -1 -1 -1 -1 -1 -1 -1 -1 -1 -1 -1 -1 -1 -1 -1 -1 -1 -1 -1 -1 -1 -1 -1 -1 -1 -1 -1  1 -1 -1 -1 -1 -1 -1 -1 -1 -1 -1 -1 -1]
neg[5] = 1
Vector neg: [ 1  1 -1 -1  1  1 -1 -1  1  1  1 -1 -1 -1 -1  1 -1  1 -1 -1 -1  1 -1 -1 -1  1 -1  1 -1  1 -1 -1  1 -1 -1  1  1 -1 -1  1 -1  1  1 -1  1 -1 -1 -1  1  1 -1 -1 -1  1  1 -1 -1 -1 -1 -1  1  1  1 -1]
pos[5] = -1
Vector pos: [-1 -1 -1 -1 -1 -1 -1 -1 -1 -1 -1 -1 -1 -1 -1 -1 -1 -1 -1  1  1  1 -1 -1 -1 -1 -1  1  1  1 -1 -1 -1 -1 -1 -1  1 -1 -1 -1 -1 -1 -1  1 -1 -1 -1 -1 -1 -1  1  1 -1 -1 -1 -1 -1 -1 -1 -1 -1 -1 -1 -1]
neg[5] = -1
Vector neg: [ 1  1 -1  1  1 -1  1 -1 -1  1  1 -1 -1 -1  1 -1  1 -1  1 -1  1 -1  1  1 -1 -1 -1  1 -1  1  1  1 -1 -1  1  1  1 -1 -1  1 -1 -1 -1 -1 -1 -1 -1 -1  1  1  1  1  1 -1  1 -1 -1  1  1 -1 -1 -1  1  1]
pos[5] = -1
Vector pos: [-1 -1 -1 -1 -1 -1 -1 -1 -1 -1 -1 -1 -1 -1 -1 -1 -1 -1 -1  1  1  1 -1 -1 -1 -1  1 -1Assertion failed: W1_out[0][0] != bin_t(1) && "El primer peso nunca cambio: updateHidden podria estar mal", file ../../../../../tb/train_tb.cpp, line 142
  1 -1 -1 -1 -1 -1  1 -1  1 -1 -1 -1 -1 -1 -1 -1  1 -1 -1 -1 -1 -1 -1 -1  1 -1 -1 -1 -1 -1 -1 -1 -1 -1 -1 -1]
neg[5] = -1
Vector neg: [ 1  1  1  1  1 -1  1  1  1 -1 -1 -1  1  1  1  1 -1 -1  1  1  1 -1 -1 -1 -1  1  1  1 -1  1 -1 -1 -1 -1  1  1  1  1  1  1 -1 -1 -1 -1  1 -1 -1  1  1  1 -1  1 -1  1  1  1  1 -1  1  1  1  1 -1 -1]
pos[5] = -1
Vector pos: [-1 -1 -1 -1 -1 -1 -1 -1 -1 -1 -1 -1 -1 -1 -1 -1 -1 -1 -1 -1  1  1 -1 -1 -1 -1 -1  1 -1 -1 -1 -1 -1 -1 -1 -1  1 -1 -1 -1 -1 -1 -1 -1 -1 -1 -1 -1 -1 -1 -1  1 -1 -1 -1 -1 -1 -1 -1 -1 -1 -1 -1 -1]
neg[5] = 1
Vector neg: [ 1  1 -1  1 -1  1  1  1 -1 -1 -1  1 -1  1 -1 -1 -1  1  1 -1 -1 -1  1 -1  1 -1 -1 -1 -1  1  1 -1 -1  1  1 -1  1  1 -1 -1  1  1 -1  1 -1  1 -1  1  1  1  1  1  1  1 -1 -1 -1  1 -1  1  1 -1  1  1]
pos[5] = -1
Vector pos: [-1 -1 -1 -1 -1 -1 -1 -1 -1 -1 -1 -1 -1 -1 -1 -1 -1 -1 -1 -1 -1 -1 -1 -1 -1 -1 -1 -1 -1 -1 -1 -1 -1 -1 -1  1  1 -1 -1 -1 -1 -1 -1 -1 -1 -1 -1 -1 -1 -1 -1 -1 -1 -1 -1 -1 -1 -1 -1 -1 -1 -1 -1 -1]
neg[5] = 1
Vector neg: [ 1 -1 -1 -1 -1  1 -1  1  1 -1  1 -1 -1 -1  1 -1  1  1 -1  1  1  1 -1  1 -1  1 -1 -1  1  1  1 -1 -1  1 -1  1  1  1  1 -1  1 -1 -1  1 -1  1 -1  1 -1 -1  1 -1  1 -1  1  1 -1  1  1  1  1  1 -1  1]
pos[5] = -1
Vector pos: [-1 -1 -1 -1 -1 -1 -1 -1 -1 -1 -1 -1 -1 -1 -1 -1 -1 -1 -1 -1  1  1 -1 -1 -1 -1 -1  1  1  1 -1 -1 -1 -1 -1 -1  1 -1 -1 -1 -1 -1 -1 -1 -1 -1 -1 -1 -1 -1 -1 -1 -1 -1 -1 -1 -1 -1 -1 -1 -1 -1 -1 -1]
neg[5] = -1
Vector neg: [-1 -1 -1  1  1 -1 -1 -1 -1  1  1 -1 -1  1  1 -1 -1 -1 -1  1  1 -1  1  1  1  1  1 -1 -1  1 -1  1  1  1  1  1 -1  1  1  1  1 -1 -1  1  1  1  1  1 -1 -1 -1 -1 -1 -1  1 -1 -1  1  1 -1 -1 -1  1 -1]
pos[5] = -1
Vector pos: [-1 -1 -1 -1 -1 -1 -1 -1 -1 -1 -1 -1 -1 -1 -1 -1 -1 -1 -1 -1  1 -1 -1 -1 -1 -1 -1  1  1 -1 -1 -1 -1 -1 -1 -1  1 -1 -1 -1 -1 -1 -1 -1 -1 -1 -1 -1 -1 -1 -1  1 -1 -1 -1 -1 -1 -1 -1 -1 -1 -1 -1 -1]
neg[5] = 1
Vector neg: [-1 -1  1  1 -1  1 -1 -1  1 -1 -1  1 -1  1 -1  1  1  1 -1 -1 -1 -1 -1 -1 -1 -1 -1  1  1  1  1  1 -1  1  1  1 -1 -1  1 -1  1  1  1  1  1 -1  1  1 -1 -1 -1 -1  1  1  1 -1  1 -1 -1 -1 -1 -1 -1 -1]

Pesos finales tras la epoca:
 W1[0]: 1 1 1 1 1 1 1 1 1 1 1 1 1 1 1 1 1 1 1 1 -1 -1 1 1 1 1 1 -1 -1 -1 1 1 1 1 1 1 -1 1 1 1 1 1 1 1 1 1 1 1 1 1 1 1 1 1 1 1 1 1 1 1 1 1 1 1
 W1[1]: 1 1 1 1 1 1 1 1 1 1 1 1 1 1 1 1 1 1 1 1 1 1 1 1 1 1 1 1 1 1 1 1 1 1 1 1 1 1 1 1 1 1 1 1 1 1 1 1 1 1 1 1 1 1 1 1 1 1 1 1 1 1 1 1
 W1[2]: 1 1 1 1 1 1 1 1 1 1 1 1 1 1 1 1 1 1 1 1 -1 1 1 1 1 1 1 -1 -1 1 1 1 1 1 1 1 -1 1 1 1 1 1 1 1 1 1 1 1 1 1 1 -1 1 1 1 1 1 1 1 1 1 1 1 1
 W1[3]: 1 1 1 1 1 1 1 1 1 1 1 1 1 1 1 1 1 1 1 1 1 1 1 1 1 1 1 1 1 1 1 1 1 1 1 1 1 1 1 1 1 1 1 1 1 1 1 1 1 1 1 1 1 1 1 1 1 1 1 1 1 1 1 1
 W2[0]: 1 1 1 1
@E Simulation failed: Function 'main' returns nonzero value '3'.
ERROR: [SIM 211-100] 'csim_design' failed: nonzero return value.
INFO: [SIM 211-3] *************** CSIM finish ***************
ERROR: 4
INFO: [HLS 200-112] Total CPU user time: 4 seconds. Total CPU system time: 1 seconds. Total elapsed time: 8.126 seconds; peak allocated memory: 265.234 MB.
