22:06:08 INFO  : updated workspace path: D:\Proyectos\tfg_hardware_accelerator
22:06:08 INFO  : Marking the target connection as default Local
22:06:08 INFO  : Marking the target connection as default Linux Agent
22:06:08 INFO  : Marking the target connection as default XRTServer
22:06:08 INFO  : Marking the target connection as default LinuxEmulation
22:06:08 INFO  : Marking the target connection as default QEMU
22:06:08 INFO  : cmd.exe, /C, C:\Xilinx\Vitis\2024.2\tps\win64\lopper-1.1.0\env\Scripts\activate.bat && python C:\Xilinx\Vitis\2024.2\data\embeddedsw\scripts\pyesw\\repo.py -st   C:\Xilinx\Vitis\2024.2\data\embeddedsw && C:\Xilinx\Vitis\2024.2\tps\win64\lopper-1.1.0\env\Scripts\deactivate.bat
22:06:08 INFO  : created .gitignore file for the project D:\Proyectos\tfg_hardware_accelerator\hls_tfg_bnn
22:06:10 INFO  : Successfully created repository data at D:\Proyectos\tfg_hardware_accelerator/_ide\.wsdata
22:06:10 INFO  : cmd.exe, /C, C:\Xilinx\Vitis\2024.2\tps\win64\lopper-1.1.0\env\Scripts\activate.bat && python C:\Xilinx\Vitis\2024.2\data\embeddedsw\scripts\pyesw\\get_template_data.py -d C:\Users\yehoh\AppData\Local\Temp\rigel_lopper_yehoh15281629796978514623 -r D:\Proyectos\tfg_hardware_accelerator\_ide\.wsdata\.repo.yaml && C:\Xilinx\Vitis\2024.2\tps\win64\lopper-1.1.0\env\Scripts\deactivate.bat
22:06:11 INFO  : Embedded Template List generated successfully
22:34:53 INFO  : connection terminated
22:34:53 INFO  : connection terminated
22:34:53 INFO  : scheduling shutdown timer for 2 seconds ...
22:34:55 INFO  : Terminating Vitis C++ Server
22:34:55 INFO  : Vitis C++ Server terminated
22:35:19 INFO  : updated workspace path: D:\Proyectos\tfg_hardware_accelerator
22:35:21 INFO  : Successfully created repository data at C:\Users\yehoh\AppData\Local\Temp\rigel_lopper_yehoh14145423197837593853
22:35:21 INFO  : cmd.exe, /C, C:\Xilinx\Vitis\2024.2\tps\win64\lopper-1.1.0\env\Scripts\activate.bat && python C:\Xilinx\Vitis\2024.2\data\embeddedsw\scripts\pyesw\\get_template_data.py -d C:\Users\yehoh\AppData\Local\Temp\rigel_lopper_yehoh11697082971767300078 -r C:\Users\yehoh\AppData\Local\Temp\rigel_lopper_yehoh14145423197837593853\.repo.yaml && C:\Xilinx\Vitis\2024.2\tps\win64\lopper-1.1.0\env\Scripts\deactivate.bat
22:35:21 INFO  : Embedded Template List generated successfully
22:35:22 INFO  : cmd.exe, /C, C:\Xilinx\Vitis\2024.2\tps\win64\lopper-1.1.0\env\Scripts\activate.bat && python C:\Xilinx\Vitis\2024.2\data\embeddedsw\scripts\pyesw\\get_template_data.py -d C:\Users\yehoh\AppData\Local\Temp\rigel_lopper_yehoh15488209318835675395 -r D:\Proyectos\tfg_hardware_accelerator\_ide\.wsdata\.repo.yaml && C:\Xilinx\Vitis\2024.2\tps\win64\lopper-1.1.0\env\Scripts\deactivate.bat
22:35:22 INFO  : Embedded Template List generated successfully
23:30:19 INFO  : connection terminated
23:30:19 INFO  : connection terminated
23:30:19 INFO  : scheduling shutdown timer for 2 seconds ...
23:30:22 INFO  : Terminating Vitis C++ Server
23:30:22 INFO  : Vitis C++ Server terminated
23:31:05 INFO  : updated workspace path: D:\Proyectos\tfg_hardware_accelerator
23:31:07 INFO  : Successfully created repository data at C:\Users\yehoh\AppData\Local\Temp\rigel_lopper_yehoh6940244806573249017
23:31:07 INFO  : cmd.exe, /C, C:\Xilinx\Vitis\2024.2\tps\win64\lopper-1.1.0\env\Scripts\activate.bat && python C:\Xilinx\Vitis\2024.2\data\embeddedsw\scripts\pyesw\\get_template_data.py -d C:\Users\yehoh\AppData\Local\Temp\rigel_lopper_yehoh7430931679960990609 -r C:\Users\yehoh\AppData\Local\Temp\rigel_lopper_yehoh6940244806573249017\.repo.yaml && C:\Xilinx\Vitis\2024.2\tps\win64\lopper-1.1.0\env\Scripts\deactivate.bat
23:31:08 INFO  : Embedded Template List generated successfully
23:31:08 INFO  : cmd.exe, /C, C:\Xilinx\Vitis\2024.2\tps\win64\lopper-1.1.0\env\Scripts\activate.bat && python C:\Xilinx\Vitis\2024.2\data\embeddedsw\scripts\pyesw\\get_template_data.py -d C:\Users\yehoh\AppData\Local\Temp\rigel_lopper_yehoh13042720247681197669 -r D:\Proyectos\tfg_hardware_accelerator\_ide\.wsdata\.repo.yaml && C:\Xilinx\Vitis\2024.2\tps\win64\lopper-1.1.0\env\Scripts\deactivate.bat
23:31:08 INFO  : Embedded Template List generated successfully
08:37:02 INFO  : updated workspace path: D:\Proyectos\tfg_hardware_accelerator
08:37:02 INFO  : created .gitignore file for the project D:\Proyectos\tfg_hardware_accelerator
08:37:08 INFO  : Successfully created repository data at C:\Users\yehoh\AppData\Local\Temp\rigel_lopper_yehoh2588785687760991729
08:37:08 INFO  : cmd.exe, /C, C:\Xilinx\Vitis\2024.2\tps\win64\lopper-1.1.0\env\Scripts\activate.bat && python C:\Xilinx\Vitis\2024.2\data\embeddedsw\scripts\pyesw\\get_template_data.py -d C:\Users\yehoh\AppData\Local\Temp\rigel_lopper_yehoh8357355264745769796 -r C:\Users\yehoh\AppData\Local\Temp\rigel_lopper_yehoh2588785687760991729\.repo.yaml && C:\Xilinx\Vitis\2024.2\tps\win64\lopper-1.1.0\env\Scripts\deactivate.bat
08:37:09 INFO  : Embedded Template List generated successfully
08:37:09 INFO  : cmd.exe, /C, C:\Xilinx\Vitis\2024.2\tps\win64\lopper-1.1.0\env\Scripts\activate.bat && python C:\Xilinx\Vitis\2024.2\data\embeddedsw\scripts\pyesw\\get_template_data.py -d C:\Users\yehoh\AppData\Local\Temp\rigel_lopper_yehoh7932006338625187360 -r D:\Proyectos\tfg_hardware_accelerator\_ide\.wsdata\.repo.yaml && C:\Xilinx\Vitis\2024.2\tps\win64\lopper-1.1.0\env\Scripts\deactivate.bat
08:37:09 INFO  : Embedded Template List generated successfully
13:43:06 INFO  : updated workspace path: D:\Proyectos\tfg_hardware_accelerator
13:43:06 INFO  : created .gitignore file for the project D:\Proyectos\tfg_hardware_accelerator
13:43:06 INFO  : cmd.exe, /C, C:\Xilinx\Vitis\2024.2\tps\win64\lopper-1.1.0\env\Scripts\activate.bat && python C:\Xilinx\Vitis\2024.2\data\embeddedsw\scripts\pyesw\\get_template_data.py -d C:\Users\yehoh\AppData\Local\Temp\rigel_lopper_yehoh13454106852460046256 -r D:\Proyectos\tfg_hardware_accelerator\_ide\.wsdata\.repo.yaml && C:\Xilinx\Vitis\2024.2\tps\win64\lopper-1.1.0\env\Scripts\deactivate.bat
13:43:08 INFO  : Embedded Template List generated successfully
13:43:08 INFO  : cmd.exe, /C, C:\Xilinx\Vitis\2024.2\tps\win64\lopper-1.1.0\env\Scripts\activate.bat && python C:\Xilinx\Vitis\2024.2\data\embeddedsw\scripts\pyesw\\get_template_data.py -d C:\Users\yehoh\AppData\Local\Temp\rigel_lopper_yehoh10633160373937897204 -r D:\Proyectos\tfg_hardware_accelerator\_ide\.wsdata\.repo.yaml && C:\Xilinx\Vitis\2024.2\tps\win64\lopper-1.1.0\env\Scripts\deactivate.bat
13:43:09 INFO  : Embedded Template List generated successfully
22:25:17 INFO  : connection terminated
22:25:17 INFO  : connection terminated
22:25:17 INFO  : scheduling shutdown timer for 2 seconds ...
22:25:19 INFO  : Terminating Vitis C++ Server
22:25:19 INFO  : Vitis C++ Server terminated
09:48:17 INFO  : updated workspace path: D:\Proyectos\tfg_hardware_accelerator
09:48:19 INFO  : Successfully created repository data at C:\Users\yehoh\AppData\Local\Temp\rigel_lopper_yehoh950393746964307796
09:48:19 INFO  : cmd.exe, /C, C:\Xilinx\Vitis\2024.2\tps\win64\lopper-1.1.0\env\Scripts\activate.bat && python C:\Xilinx\Vitis\2024.2\data\embeddedsw\scripts\pyesw\\get_template_data.py -d C:\Users\yehoh\AppData\Local\Temp\rigel_lopper_yehoh11739780732964761534 -r C:\Users\yehoh\AppData\Local\Temp\rigel_lopper_yehoh950393746964307796\.repo.yaml && C:\Xilinx\Vitis\2024.2\tps\win64\lopper-1.1.0\env\Scripts\deactivate.bat
09:48:19 INFO  : Embedded Template List generated successfully
09:48:20 INFO  : cmd.exe, /C, C:\Xilinx\Vitis\2024.2\tps\win64\lopper-1.1.0\env\Scripts\activate.bat && python C:\Xilinx\Vitis\2024.2\data\embeddedsw\scripts\pyesw\\get_template_data.py -d C:\Users\yehoh\AppData\Local\Temp\rigel_lopper_yehoh12361702268779608558 -r D:\Proyectos\tfg_hardware_accelerator\_ide\.wsdata\.repo.yaml && C:\Xilinx\Vitis\2024.2\tps\win64\lopper-1.1.0\env\Scripts\deactivate.bat
09:48:20 INFO  : Embedded Template List generated successfully
16:44:01 INFO  : connection terminated
16:44:01 INFO  : connection terminated
16:44:01 INFO  : scheduling shutdown timer for 2 seconds ...
16:44:03 INFO  : Terminating Vitis C++ Server
16:44:03 INFO  : Vitis C++ Server terminated
16:45:29 INFO  : updated workspace path: D:\Proyectos\tfg_hardware_accelerator
16:45:29 INFO  : created .gitignore file for the project D:\Proyectos\tfg_hardware_accelerator
16:45:33 INFO  : Successfully created repository data at C:\Users\yehoh\AppData\Local\Temp\rigel_lopper_yehoh1706390071262059874
16:45:33 INFO  : cmd.exe, /C, C:\Xilinx\Vitis\2024.2\tps\win64\lopper-1.1.0\env\Scripts\activate.bat && python C:\Xilinx\Vitis\2024.2\data\embeddedsw\scripts\pyesw\\get_template_data.py -d C:\Users\yehoh\AppData\Local\Temp\rigel_lopper_yehoh2346903743399705338 -r C:\Users\yehoh\AppData\Local\Temp\rigel_lopper_yehoh1706390071262059874\.repo.yaml && C:\Xilinx\Vitis\2024.2\tps\win64\lopper-1.1.0\env\Scripts\deactivate.bat
16:45:33 INFO  : Embedded Template List generated successfully
16:45:33 INFO  : cmd.exe, /C, C:\Xilinx\Vitis\2024.2\tps\win64\lopper-1.1.0\env\Scripts\activate.bat && python C:\Xilinx\Vitis\2024.2\data\embeddedsw\scripts\pyesw\\get_template_data.py -d C:\Users\yehoh\AppData\Local\Temp\rigel_lopper_yehoh18325838346202052408 -r D:\Proyectos\tfg_hardware_accelerator\_ide\.wsdata\.repo.yaml && C:\Xilinx\Vitis\2024.2\tps\win64\lopper-1.1.0\env\Scripts\deactivate.bat
16:45:34 INFO  : Embedded Template List generated successfully
17:59:08 INFO  : updated workspace path: D:\Proyectos\tfg_hardware_accelerator
17:59:08 INFO  : created .gitignore file for the project D:\Proyectos\tfg_hardware_accelerator
17:59:08 INFO  : cmd.exe, /C, C:\Xilinx\Vitis\2024.2\tps\win64\lopper-1.1.0\env\Scripts\activate.bat && python C:\Xilinx\Vitis\2024.2\data\embeddedsw\scripts\pyesw\\get_template_data.py -d C:\Users\yehoh\AppData\Local\Temp\rigel_lopper_yehoh12791441927961434473 -r D:\Proyectos\tfg_hardware_accelerator\_ide\.wsdata\.repo.yaml && C:\Xilinx\Vitis\2024.2\tps\win64\lopper-1.1.0\env\Scripts\deactivate.bat
17:59:10 INFO  : Embedded Template List generated successfully
17:59:10 INFO  : cmd.exe, /C, C:\Xilinx\Vitis\2024.2\tps\win64\lopper-1.1.0\env\Scripts\activate.bat && python C:\Xilinx\Vitis\2024.2\data\embeddedsw\scripts\pyesw\\get_template_data.py -d C:\Users\yehoh\AppData\Local\Temp\rigel_lopper_yehoh6545324628301910315 -r D:\Proyectos\tfg_hardware_accelerator\_ide\.wsdata\.repo.yaml && C:\Xilinx\Vitis\2024.2\tps\win64\lopper-1.1.0\env\Scripts\deactivate.bat
17:59:11 INFO  : Embedded Template List generated successfully
09:19:34 INFO  : updated workspace path: D:\Proyectos\tfg_hardware_accelerator
09:19:34 INFO  : created .gitignore file for the project D:\Proyectos\tfg_hardware_accelerator
09:19:34 INFO  : cmd.exe, /C, C:\Xilinx\Vitis\2024.2\tps\win64\lopper-1.1.0\env\Scripts\activate.bat && python C:\Xilinx\Vitis\2024.2\data\embeddedsw\scripts\pyesw\\get_template_data.py -d C:\Users\yehoh\AppData\Local\Temp\rigel_lopper_yehoh18325957670647158571 -r D:\Proyectos\tfg_hardware_accelerator\_ide\.wsdata\.repo.yaml && C:\Xilinx\Vitis\2024.2\tps\win64\lopper-1.1.0\env\Scripts\deactivate.bat
09:19:34 INFO  : Embedded Template List generated successfully
09:19:39 INFO  : connection terminated
09:19:39 INFO  : connection terminated
09:19:39 INFO  : scheduling shutdown timer for 2 seconds ...
09:19:41 INFO  : Terminating Vitis C++ Server
09:19:41 INFO  : Vitis C++ Server terminated
09:22:12 INFO  : updated workspace path: D:\Proyectos\tfg_hardware_accelerator
09:22:13 INFO  : created .gitignore file for the project D:\Proyectos\tfg_hardware_accelerator
09:22:14 INFO  : Successfully created repository data at C:\Users\yehoh\AppData\Local\Temp\rigel_lopper_yehoh629522068868567564
09:22:14 INFO  : cmd.exe, /C, C:\Xilinx\Vitis\2024.2\tps\win64\lopper-1.1.0\env\Scripts\activate.bat && python C:\Xilinx\Vitis\2024.2\data\embeddedsw\scripts\pyesw\\get_template_data.py -d C:\Users\yehoh\AppData\Local\Temp\rigel_lopper_yehoh14962329871214846899 -r C:\Users\yehoh\AppData\Local\Temp\rigel_lopper_yehoh629522068868567564\.repo.yaml && C:\Xilinx\Vitis\2024.2\tps\win64\lopper-1.1.0\env\Scripts\deactivate.bat
09:22:15 INFO  : Embedded Template List generated successfully
09:22:15 INFO  : cmd.exe, /C, C:\Xilinx\Vitis\2024.2\tps\win64\lopper-1.1.0\env\Scripts\activate.bat && python C:\Xilinx\Vitis\2024.2\data\embeddedsw\scripts\pyesw\\get_template_data.py -d C:\Users\yehoh\AppData\Local\Temp\rigel_lopper_yehoh11668088289484362837 -r D:\Proyectos\tfg_hardware_accelerator\_ide\.wsdata\.repo.yaml && C:\Xilinx\Vitis\2024.2\tps\win64\lopper-1.1.0\env\Scripts\deactivate.bat
09:22:15 INFO  : Embedded Template List generated successfully
10:46:50 INFO  : connection terminated
10:46:50 INFO  : connection terminated
10:46:50 INFO  : scheduling shutdown timer for 2 seconds ...
10:46:53 INFO  : Terminating Vitis C++ Server
10:46:53 INFO  : Vitis C++ Server terminated
10:47:48 INFO  : updated workspace path: D:\Proyectos\tfg_hardware_accelerator
10:47:51 INFO  : Successfully created repository data at C:\Users\yehoh\AppData\Local\Temp\rigel_lopper_yehoh18013228586610319772
10:47:51 INFO  : cmd.exe, /C, C:\Xilinx\Vitis\2024.2\tps\win64\lopper-1.1.0\env\Scripts\activate.bat && python C:\Xilinx\Vitis\2024.2\data\embeddedsw\scripts\pyesw\\get_template_data.py -d C:\Users\yehoh\AppData\Local\Temp\rigel_lopper_yehoh10576205468834983637 -r C:\Users\yehoh\AppData\Local\Temp\rigel_lopper_yehoh18013228586610319772\.repo.yaml && C:\Xilinx\Vitis\2024.2\tps\win64\lopper-1.1.0\env\Scripts\deactivate.bat
10:47:52 INFO  : Embedded Template List generated successfully
10:47:52 INFO  : cmd.exe, /C, C:\Xilinx\Vitis\2024.2\tps\win64\lopper-1.1.0\env\Scripts\activate.bat && python C:\Xilinx\Vitis\2024.2\data\embeddedsw\scripts\pyesw\\get_template_data.py -d C:\Users\yehoh\AppData\Local\Temp\rigel_lopper_yehoh783485921732723135 -r D:\Proyectos\tfg_hardware_accelerator\_ide\.wsdata\.repo.yaml && C:\Xilinx\Vitis\2024.2\tps\win64\lopper-1.1.0\env\Scripts\deactivate.bat
10:47:53 INFO  : Embedded Template List generated successfully
10:48:46 INFO  : connection terminated
10:48:46 INFO  : connection terminated
10:48:46 INFO  : scheduling shutdown timer for 2 seconds ...
10:48:48 INFO  : Terminating Vitis C++ Server
10:48:48 INFO  : Vitis C++ Server terminated
10:49:14 INFO  : updated workspace path: D:\Proyectos\tfg_hardware_accelerator
10:49:18 INFO  : Successfully created repository data at C:\Users\yehoh\AppData\Local\Temp\rigel_lopper_yehoh11453355739034404377
10:49:18 INFO  : cmd.exe, /C, C:\Xilinx\Vitis\2024.2\tps\win64\lopper-1.1.0\env\Scripts\activate.bat && python C:\Xilinx\Vitis\2024.2\data\embeddedsw\scripts\pyesw\\get_template_data.py -d C:\Users\yehoh\AppData\Local\Temp\rigel_lopper_yehoh16675249763603129114 -r C:\Users\yehoh\AppData\Local\Temp\rigel_lopper_yehoh11453355739034404377\.repo.yaml && C:\Xilinx\Vitis\2024.2\tps\win64\lopper-1.1.0\env\Scripts\deactivate.bat
10:49:19 INFO  : Embedded Template List generated successfully
10:49:19 INFO  : cmd.exe, /C, C:\Xilinx\Vitis\2024.2\tps\win64\lopper-1.1.0\env\Scripts\activate.bat && python C:\Xilinx\Vitis\2024.2\data\embeddedsw\scripts\pyesw\\get_template_data.py -d C:\Users\yehoh\AppData\Local\Temp\rigel_lopper_yehoh15482960698809851255 -r D:\Proyectos\tfg_hardware_accelerator\_ide\.wsdata\.repo.yaml && C:\Xilinx\Vitis\2024.2\tps\win64\lopper-1.1.0\env\Scripts\deactivate.bat
10:49:20 INFO  : Embedded Template List generated successfully
16:54:49 INFO  : created .gitignore file for the project D:\Proyectos\tfg_hardware_accelerator
16:54:49 INFO  : updated workspace path: D:\Proyectos\tfg_hardware_accelerator
16:54:49 INFO  : cmd.exe, /C, C:\Xilinx\Vitis\2024.2\tps\win64\lopper-1.1.0\env\Scripts\activate.bat && python C:\Xilinx\Vitis\2024.2\data\embeddedsw\scripts\pyesw\\get_template_data.py -d C:\Users\yehoh\AppData\Local\Temp\rigel_lopper_yehoh5656928689273518738 -r D:\Proyectos\tfg_hardware_accelerator\_ide\.wsdata\.repo.yaml && C:\Xilinx\Vitis\2024.2\tps\win64\lopper-1.1.0\env\Scripts\deactivate.bat
16:54:54 INFO  : Embedded Template List generated successfully
16:54:54 INFO  : cmd.exe, /C, C:\Xilinx\Vitis\2024.2\tps\win64\lopper-1.1.0\env\Scripts\activate.bat && python C:\Xilinx\Vitis\2024.2\data\embeddedsw\scripts\pyesw\\get_template_data.py -d C:\Users\yehoh\AppData\Local\Temp\rigel_lopper_yehoh11397131881465617937 -r D:\Proyectos\tfg_hardware_accelerator\_ide\.wsdata\.repo.yaml && C:\Xilinx\Vitis\2024.2\tps\win64\lopper-1.1.0\env\Scripts\deactivate.bat
16:54:55 INFO  : Embedded Template List generated successfully
09:39:53 INFO  : connection terminated
09:39:53 INFO  : connection terminated
09:39:53 INFO  : scheduling shutdown timer for 2 seconds ...
09:39:55 INFO  : Terminating Vitis C++ Server
09:39:55 INFO  : Vitis C++ Server terminated
09:40:45 INFO  : updated workspace path: D:\Proyectos\tfg_hardware_accelerator
09:40:45 INFO  : created .gitignore file for the project D:\Proyectos\tfg_hardware_accelerator
09:40:46 INFO  : connection terminated
09:40:47 INFO  : Successfully created repository data at C:\Users\yehoh\AppData\Local\Temp\rigel_lopper_yehoh14743267892946769614
09:40:47 INFO  : cmd.exe, /C, C:\Xilinx\Vitis\2024.2\tps\win64\lopper-1.1.0\env\Scripts\activate.bat && python C:\Xilinx\Vitis\2024.2\data\embeddedsw\scripts\pyesw\\get_template_data.py -d C:\Users\yehoh\AppData\Local\Temp\rigel_lopper_yehoh7557703630486630750 -r C:\Users\yehoh\AppData\Local\Temp\rigel_lopper_yehoh14743267892946769614\.repo.yaml && C:\Xilinx\Vitis\2024.2\tps\win64\lopper-1.1.0\env\Scripts\deactivate.bat
09:40:48 INFO  : Embedded Template List generated successfully
09:40:48 INFO  : cmd.exe, /C, C:\Xilinx\Vitis\2024.2\tps\win64\lopper-1.1.0\env\Scripts\activate.bat && python C:\Xilinx\Vitis\2024.2\data\embeddedsw\scripts\pyesw\\get_template_data.py -d C:\Users\yehoh\AppData\Local\Temp\rigel_lopper_yehoh16317120168543018909 -r D:\Proyectos\tfg_hardware_accelerator\_ide\.wsdata\.repo.yaml && C:\Xilinx\Vitis\2024.2\tps\win64\lopper-1.1.0\env\Scripts\deactivate.bat
09:40:48 INFO  : Embedded Template List generated successfully
09:20:49 INFO  : updated workspace path: D:\Proyectos\tfg_hardware_accelerator
09:20:49 INFO  : created .gitignore file for the project D:\Proyectos\tfg_hardware_accelerator
09:20:49 INFO  : cmd.exe, /C, C:\Xilinx\Vitis\2024.2\tps\win64\lopper-1.1.0\env\Scripts\activate.bat && python C:\Xilinx\Vitis\2024.2\data\embeddedsw\scripts\pyesw\\get_template_data.py -d C:\Users\yehoh\AppData\Local\Temp\rigel_lopper_yehoh14511522101993178074 -r D:\Proyectos\tfg_hardware_accelerator\_ide\.wsdata\.repo.yaml && C:\Xilinx\Vitis\2024.2\tps\win64\lopper-1.1.0\env\Scripts\deactivate.bat
09:20:51 INFO  : Embedded Template List generated successfully
09:20:51 INFO  : cmd.exe, /C, C:\Xilinx\Vitis\2024.2\tps\win64\lopper-1.1.0\env\Scripts\activate.bat && python C:\Xilinx\Vitis\2024.2\data\embeddedsw\scripts\pyesw\\get_template_data.py -d C:\Users\yehoh\AppData\Local\Temp\rigel_lopper_yehoh3962676626572026368 -r D:\Proyectos\tfg_hardware_accelerator\_ide\.wsdata\.repo.yaml && C:\Xilinx\Vitis\2024.2\tps\win64\lopper-1.1.0\env\Scripts\deactivate.bat
09:20:53 INFO  : Embedded Template List generated successfully
20:29:19 INFO  : updated workspace path: D:\Proyectos\tfg_hardware_accelerator
20:29:19 INFO  : created .gitignore file for the project D:\Proyectos\tfg_hardware_accelerator
20:29:19 INFO  : cmd.exe, /C, C:\Xilinx\Vitis\2024.2\tps\win64\lopper-1.1.0\env\Scripts\activate.bat && python C:\Xilinx\Vitis\2024.2\data\embeddedsw\scripts\pyesw\\get_template_data.py -d C:\Users\yehoh\AppData\Local\Temp\rigel_lopper_yehoh12842475062791468360 -r D:\Proyectos\tfg_hardware_accelerator\_ide\.wsdata\.repo.yaml && C:\Xilinx\Vitis\2024.2\tps\win64\lopper-1.1.0\env\Scripts\deactivate.bat
20:29:21 INFO  : Embedded Template List generated successfully
20:29:21 INFO  : cmd.exe, /C, C:\Xilinx\Vitis\2024.2\tps\win64\lopper-1.1.0\env\Scripts\activate.bat && python C:\Xilinx\Vitis\2024.2\data\embeddedsw\scripts\pyesw\\get_template_data.py -d C:\Users\yehoh\AppData\Local\Temp\rigel_lopper_yehoh6442452387538336532 -r D:\Proyectos\tfg_hardware_accelerator\_ide\.wsdata\.repo.yaml && C:\Xilinx\Vitis\2024.2\tps\win64\lopper-1.1.0\env\Scripts\deactivate.bat
20:29:22 INFO  : Embedded Template List generated successfully
19:01:38 INFO  : updated workspace path: D:\Proyectos\tfg_hardware_accelerator
19:01:40 INFO  : Successfully created repository data at C:\Users\yehoh\AppData\Local\Temp\rigel_lopper_yehoh1369744513325876119
19:01:40 INFO  : cmd.exe, /C, C:\Xilinx\Vitis\2024.2\tps\win64\lopper-1.1.0\env\Scripts\activate.bat && python C:\Xilinx\Vitis\2024.2\data\embeddedsw\scripts\pyesw\\get_template_data.py -d C:\Users\yehoh\AppData\Local\Temp\rigel_lopper_yehoh5463781913447948085 -r C:\Users\yehoh\AppData\Local\Temp\rigel_lopper_yehoh1369744513325876119\.repo.yaml && C:\Xilinx\Vitis\2024.2\tps\win64\lopper-1.1.0\env\Scripts\deactivate.bat
19:01:40 INFO  : Embedded Template List generated successfully
19:01:40 INFO  : cmd.exe, /C, C:\Xilinx\Vitis\2024.2\tps\win64\lopper-1.1.0\env\Scripts\activate.bat && python C:\Xilinx\Vitis\2024.2\data\embeddedsw\scripts\pyesw\\get_template_data.py -d C:\Users\yehoh\AppData\Local\Temp\rigel_lopper_yehoh12359510367052210814 -r D:\Proyectos\tfg_hardware_accelerator\_ide\.wsdata\.repo.yaml && C:\Xilinx\Vitis\2024.2\tps\win64\lopper-1.1.0\env\Scripts\deactivate.bat
19:01:42 INFO  : Embedded Template List generated successfully
09:31:11 INFO  : updated workspace path: D:\Proyectos\tfg_hardware_accelerator
09:31:14 INFO  : Successfully created repository data at C:\Users\yehoh\AppData\Local\Temp\rigel_lopper_yehoh10849165387512947991
09:31:14 INFO  : cmd.exe, /C, C:\Xilinx\Vitis\2024.2\tps\win64\lopper-1.1.0\env\Scripts\activate.bat && python C:\Xilinx\Vitis\2024.2\data\embeddedsw\scripts\pyesw\\get_template_data.py -d C:\Users\yehoh\AppData\Local\Temp\rigel_lopper_yehoh7628525802237518690 -r C:\Users\yehoh\AppData\Local\Temp\rigel_lopper_yehoh10849165387512947991\.repo.yaml && C:\Xilinx\Vitis\2024.2\tps\win64\lopper-1.1.0\env\Scripts\deactivate.bat
09:31:15 INFO  : Embedded Template List generated successfully
09:31:15 INFO  : cmd.exe, /C, C:\Xilinx\Vitis\2024.2\tps\win64\lopper-1.1.0\env\Scripts\activate.bat && python C:\Xilinx\Vitis\2024.2\data\embeddedsw\scripts\pyesw\\get_template_data.py -d C:\Users\yehoh\AppData\Local\Temp\rigel_lopper_yehoh32350119037313515 -r D:\Proyectos\tfg_hardware_accelerator\_ide\.wsdata\.repo.yaml && C:\Xilinx\Vitis\2024.2\tps\win64\lopper-1.1.0\env\Scripts\deactivate.bat
09:31:16 INFO  : Embedded Template List generated successfully
04:41:30 INFO  : cmd.exe, /C, C:\Xilinx\Vitis\2024.2\tps\win64\lopper-1.1.0\env\Scripts\activate.bat && python C:\Xilinx\Vitis\2024.2\data\embeddedsw\scripts\pyesw\\get_template_data.py -d C:\Users\yehoh\AppData\Local\Temp\rigel_lopper_yehoh13834430525215234791 -r D:\Proyectos\tfg_hardware_accelerator\_ide\.wsdata\.repo.yaml && C:\Xilinx\Vitis\2024.2\tps\win64\lopper-1.1.0\env\Scripts\deactivate.bat
04:41:30 INFO  : created .gitignore file for the project D:\Proyectos\tfg_hardware_accelerator
04:41:30 INFO  : updated workspace path: D:\Proyectos\tfg_hardware_accelerator
04:41:32 INFO  : Embedded Template List generated successfully
04:41:32 INFO  : cmd.exe, /C, C:\Xilinx\Vitis\2024.2\tps\win64\lopper-1.1.0\env\Scripts\activate.bat && python C:\Xilinx\Vitis\2024.2\data\embeddedsw\scripts\pyesw\\get_template_data.py -d C:\Users\yehoh\AppData\Local\Temp\rigel_lopper_yehoh15472428329416143783 -r D:\Proyectos\tfg_hardware_accelerator\_ide\.wsdata\.repo.yaml && C:\Xilinx\Vitis\2024.2\tps\win64\lopper-1.1.0\env\Scripts\deactivate.bat
04:41:33 INFO  : Embedded Template List generated successfully
05:49:42 INFO  : connection terminated
05:49:42 INFO  : connection terminated
05:49:42 INFO  : scheduling shutdown timer for 2 seconds ...
05:49:42 INFO  : scheduling shutdown timer for 2 seconds ...
05:49:44 INFO  : Terminating Vitis C++ Server
05:49:44 INFO  : Terminating Vitis C++ Server
05:49:44 INFO  : Vitis C++ Server terminated
05:58:14 INFO  : updated workspace path: D:\Proyectos\tfg_hardware_accelerator
05:58:15 INFO  : created .gitignore file for the project D:\Proyectos\tfg_hardware_accelerator
05:58:17 INFO  : Successfully created repository data at C:\Users\yehoh\AppData\Local\Temp\rigel_lopper_yehoh17494279062383295889
05:58:17 INFO  : cmd.exe, /C, C:\Xilinx\Vitis\2024.2\tps\win64\lopper-1.1.0\env\Scripts\activate.bat && python C:\Xilinx\Vitis\2024.2\data\embeddedsw\scripts\pyesw\\get_template_data.py -d C:\Users\yehoh\AppData\Local\Temp\rigel_lopper_yehoh9533884358290205861 -r C:\Users\yehoh\AppData\Local\Temp\rigel_lopper_yehoh17494279062383295889\.repo.yaml && C:\Xilinx\Vitis\2024.2\tps\win64\lopper-1.1.0\env\Scripts\deactivate.bat
05:58:18 INFO  : Embedded Template List generated successfully
05:58:18 INFO  : cmd.exe, /C, C:\Xilinx\Vitis\2024.2\tps\win64\lopper-1.1.0\env\Scripts\activate.bat && python C:\Xilinx\Vitis\2024.2\data\embeddedsw\scripts\pyesw\\get_template_data.py -d C:\Users\yehoh\AppData\Local\Temp\rigel_lopper_yehoh8348964972941776070 -r D:\Proyectos\tfg_hardware_accelerator\_ide\.wsdata\.repo.yaml && C:\Xilinx\Vitis\2024.2\tps\win64\lopper-1.1.0\env\Scripts\deactivate.bat
05:58:18 INFO  : Embedded Template List generated successfully
08:27:56 INFO  : updated workspace path: D:\Proyectos\tfg_hardware_accelerator
08:27:56 INFO  : cmd.exe, /C, C:\Xilinx\Vitis\2024.2\tps\win64\lopper-1.1.0\env\Scripts\activate.bat && python C:\Xilinx\Vitis\2024.2\data\embeddedsw\scripts\pyesw\\get_template_data.py -d C:\Users\yehoh\AppData\Local\Temp\rigel_lopper_yehoh9687086411530697264 -r D:\Proyectos\tfg_hardware_accelerator\_ide\.wsdata\.repo.yaml && C:\Xilinx\Vitis\2024.2\tps\win64\lopper-1.1.0\env\Scripts\deactivate.bat
08:27:57 INFO  : created .gitignore file for the project D:\Proyectos\tfg_hardware_accelerator
08:27:58 INFO  : Embedded Template List generated successfully
08:27:58 INFO  : cmd.exe, /C, C:\Xilinx\Vitis\2024.2\tps\win64\lopper-1.1.0\env\Scripts\activate.bat && python C:\Xilinx\Vitis\2024.2\data\embeddedsw\scripts\pyesw\\get_template_data.py -d C:\Users\yehoh\AppData\Local\Temp\rigel_lopper_yehoh1289390452921889369 -r D:\Proyectos\tfg_hardware_accelerator\_ide\.wsdata\.repo.yaml && C:\Xilinx\Vitis\2024.2\tps\win64\lopper-1.1.0\env\Scripts\deactivate.bat
08:27:59 INFO  : Embedded Template List generated successfully
